---
title: "[AC-2506] Ti SDK 3.2.0 Fails to build Android project"
---
<table>
<tr><th>GitHub Issue</th><td>n/a</td></tr>
<tr><th>Type</th><td>Bug</td></tr>
<tr><th>Priority</th><td>n/a</td></tr>
<tr><th>Status</th><td>Closed</td></tr>
<tr><th>Resolution</th><td>Duplicate</td></tr>
<tr><th>Resolution Date</th><td>2013-12-06T16:55:18.000+0000</td></tr>
<tr><th>Affected Version/s</th><td>n/a</td></tr>
<tr><th>Fix Version/s</th><td>n/a</td></tr>
<tr><th>Components</th><td>Appcelerator CLI</td></tr>
<tr><th>Labels</th><td>n/a</td></tr>
<tr><th>Reporter</th><td>Andrew Greenstreet</td></tr>
<tr><th>Assignee</th><td>Chris Barber</td></tr>
<tr><th>Created</th><td>2013-12-04T17:52:13.000+0000</td></tr>
<tr><th>Updated</th><td>2016-03-08T07:41:33.000+0000</td></tr>
</table>

<h3>Description</h3>

Create a simple Alloy project. Build to device. Build process exits with


[INFO] :   Building Java source files: C:\Lib\jdk1.6.0_45\bin\javac.exe "-encoding" "utf8" "-classpath" "G:\Lib\android-sdk\platforms\android-19\android.jar;C:\Users\Andy\AppData\Roaming\Titanium\mobilesdk\win32\3.2.0.v20131203104847\android\kroll-v8.jar;C:\Users\Andy\AppData\Roaming\Titanium\mobilesdk\win32\3.2.0.v20131203104847\android\modules\titanium-network.jar;C:\Users\Andy\AppData\Roaming\Titanium\mobilesdk\win32\3.2.0.v20131203104847\android\thirdparty.jar;C:\Users\Andy\AppData\Roaming\Titanium\mobilesdk\win32\3.2.0.v20131203104847\android\modules\titanium-xml.jar;C:\Users\Andy\AppData\Roaming\Titanium\mobilesdk\win32\3.2.0.v20131203104847\android\jaxen-1.1.1.jar;C:\Users\Andy\AppData\Roaming\Titanium\mobilesdk\win32\3.2.0.v20131203104847\android\modules\titanium-analytics.jar;C:\Users\Andy\AppData\Roaming\Titanium\mobilesdk\win32\3.2.0.v20131203104847\android\modules\titanium-android.jar;C:\Users\Andy\AppData\Roaming\Titanium\mobilesdk\win32\3.2.0.v20131203104847\android\ti-commons-codec-1.3.jar;C:\Users\Andy\AppData\Roaming\Titanium\mobilesdk\win32\3.2.0.v20131203104847\android\kroll-common.jar;C:\Users\Andy\AppData\Roaming\Titanium\mobilesdk\win32\3.2.0.v20131203104847\android\titanium.jar;C:\Users\Andy\AppData\Roaming\Titanium\mobilesdk\win32\3.2.0.v20131203104847\android\modules\titanium-app.jar;C:\Users\Andy\AppData\Roaming\Titanium\mobilesdk\win32\3.2.0.v20131203104847\android\modules\titanium-ui.jar;C:\Users\Andy\AppData\Roaming\Titanium\mobilesdk\win32\3.2.0.v20131203104847\android\android-support-v4.jar;C:\Users\Andy\AppData\Roaming\Titanium\mobilesdk\win32\3.2.0.v20131203104847\android\nineoldandroids-appc-2.4.0.jar;C:\Users\Andy\AppData\Roaming\Titanium\mobilesdk\win32\3.2.0.v20131203104847\android\modules\titanium-filesystem.jar;C:\Users\Andy\AppData\Roaming\Titanium\mobilesdk\win32\3.2.0.v20131203104847\android\modules\titanium-media.jar;C:\Users\Andy\AppData\Roaming\Titanium\mobilesdk\win32\3.2.0.v20131203104847\android\modules\titanium-locale.jar;C:\Users\Andy\AppData\Roaming\Titanium\mobilesdk\win32\3.2.0.v20131203104847\android\modules\titanium-platform.jar;C:\Users\Andy\AppData\Roaming\Titanium\mobilesdk\win32\3.2.0.v20131203104847\android\modules\titanium-database.jar;C:\Users\Andy\AppData\Roaming\Titanium\mobilesdk\win32\3.2.0.v20131203104847\android\lib\titanium-verify.jar;ApplicationStylesheet.class;R.class;ThreetwotestActivity.class;ThreetwotestAppInfo.class;ThreetwotestApplication.class" "-d" "C:\Users\Andy\Documents\Dropbox\Titanium_Studio_Workspace\threetwotest\build\android\bin\classes" "-proc:none" "-target" "1.6" "-source" "1.6" "@C:\Users\Andy\Documents\Dropbox\Titanium_Studio_Workspace\threetwotest\build\android\java-sources.txt"
[ERROR] :  Failed to compile Java source files:
[ERROR] Application Installer abnormal process termination. Process exit value was 1


<h3>Comments</h3>

<ol>
<li>Andrew Greenstreet 2013-12-06

   Actual error, when running the above in a command prompt is
   
   cannot find symbol :
   class AssetCryptImpl
   location: class com.gstreetmedia.threetwotest.ThreetwotestApplication
               KrollAssetHelper.setAssetCrypt(new AssetCryptImpl());
                                                  ^
   1 error
   
   Again, this a vanilla alloy project as generated in Studio. No modifications, have been made.</li>
<li>Chris Barber 2013-12-06

   Dupe of TIMOB-15839</li>
</ol>


<p><a href="/AC/AC-2506.json">JSON Source</a></p>