---
title: "[AC-2032] Kitchen Sink build error"
---
<table>
<tr><th>GitHub Issue</th><td>n/a</td></tr>
<tr><th>Type</th><td>Bug</td></tr>
<tr><th>Priority</th><td>n/a</td></tr>
<tr><th>Status</th><td>Closed</td></tr>
<tr><th>Resolution</th><td>Cannot Reproduce</td></tr>
<tr><th>Resolution Date</th><td>2013-09-17T22:49:35.000+0000</td></tr>
<tr><th>Affected Version/s</th><td>n/a</td></tr>
<tr><th>Fix Version/s</th><td>n/a</td></tr>
<tr><th>Components</th><td>n/a</td></tr>
<tr><th>Labels</th><td>n/a</td></tr>
<tr><th>Reporter</th><td>Rob Rightmyer</td></tr>
<tr><th>Assignee</th><td>Mauro Parra-Miranda</td></tr>
<tr><th>Created</th><td>2013-08-26T20:56:08.000+0000</td></tr>
<tr><th>Updated</th><td>2016-03-08T07:40:59.000+0000</td></tr>
</table>

<h3>Description</h3>

Tried to build the sample and go:

[ERROR] :  TypeError: Arguments to path.join must be strings
    at path.js:360:15
    at Array.filter (native)
    at exports.join (path.js:358:36)
    at exports.detect (/Users/robrightmyer/Library/Application Support/Titanium/mobilesdk/osx/3.1.0.GA/node_modules/node-appc/lib/android.js:40:30)
    at /Users/robrightmyer/Library/Application Support/Titanium/mobilesdk/osx/3.1.0.GA/android/cli/commands/_build.js:28:11
    at /Users/robrightmyer/Library/Application Support/Titanium/mobilesdk/osx/3.1.0.GA/node_modules/titanium-sdk/lib/titanium.js:105:5
    at /Users/robrightmyer/Library/Application Support/Titanium/mobilesdk/osx/3.1.0.GA/node_modules/async/lib/async.js:454:21
    at /Users/robrightmyer/Library/Application Support/Titanium/mobilesdk/osx/3.1.0.GA/node_modules/async/lib/async.js:185:13
    at /Users/robrightmyer/Library/Application Support/Titanium/mobilesdk/osx/3.1.0.GA/node_modules/async/lib/async.js:86:13
    at Array.forEach (native)
---------------------------------------------
    at exports.execFile (child_process.js:691:9)
    at exports.exec (child_process.js:578:18)
    at detectLocale (/usr/local/lib/node_modules/titanium/lib/titanium.js:53:4)
    at setLocale (/usr/local/lib/node_modules/titanium/lib/titanium.js:60:3)
    at /usr/local/lib/node_modules/titanium/lib/titanium.js:83:3
    at Object.<anonymous> (/usr/local/lib/node_modules/titanium/lib/titanium.js:85:3)
    at Module._compile (module.js:456:26)
    at Module._extensions..js (module.js:474:10)
[ERROR] Unable to find command "build"


<h3>Comments</h3>

<ol>
<li>Mauro Parra-Miranda 2013-09-09

   Hello,
   
   Looks like your environment is broken. Can you please create a basic classic titanium project and try to run it? 
   
   Best,
   
   Mauro</li>
</ol>


<p><a href="/AC/AC-2032.json">JSON Source</a></p>