{
	"id": "125286",
	"key": "AC-2280",
	"fields": {
		"issuetype": {
			"id": "1",
			"description": "A problem which impairs or prevents the functions of the product.",
			"name": "Bug",
			"subtask": false
		},
		"project": {
			"id": "12217",
			"key": "AC",
			"name": "Appcelerator - INBOX",
			"projectCategory": {
				"id": "10000",
				"description": "",
				"name": "Customer Service"
			}
		},
		"resolution": {
			"id": "5",
			"description": "All attempts at reproducing this issue failed, or not enough information was available to reproduce the issue. Reading the code produces no clues as to why this behavior would occur. If more information appears later, please reopen the issue.",
			"name": "Cannot Reproduce"
		},
		"resolutiondate": "2014-02-09T06:41:26.000+0000",
		"created": "2014-01-23T10:24:22.000+0000",
		"labels": [],
		"versions": [],
		"issuelinks": [],
		"assignee": {
			"name": "ragrawal",
			"key": "ragrawal",
			"displayName": "Ritu Agrawal",
			"active": true,
			"timeZone": "America/Los_Angeles"
		},
		"updated": "2016-03-08T07:41:17.000+0000",
		"status": {
			"description": "The issue is considered finished, the resolution is correct. Issues which are closed can be reopened.",
			"name": "Closed",
			"id": "6",
			"statusCategory": {
				"id": 3,
				"key": "done",
				"colorName": "green",
				"name": "Done"
			}
		},
		"components": [
			{
				"id": "14551",
				"name": "Studio",
				"description": "Please enter tickets related to Titanium Studio here."
			}
		],
		"description": "Hi,\r\nI just build an application on titanium studio which got executed successfully, the I changed my system date to 3 days ahead and then back to my current date. Now it is not building my application.\r\n\r\nTitanium Studio 3.2.0\r\nMobile SDK 3.2.0\r\nAlloy 1.3.0",
		"attachment": [],
		"flagged": false,
		"summary": "Titanium build issue",
		"creator": {
			"name": "veerjain",
			"key": "veerjain",
			"displayName": "Veer Jain",
			"active": true,
			"timeZone": "America/Los_Angeles"
		},
		"subtasks": [],
		"reporter": {
			"name": "veerjain",
			"key": "veerjain",
			"displayName": "Veer Jain",
			"active": true,
			"timeZone": "America/Los_Angeles"
		},
		"environment": null,
		"comment": {
			"comments": [
				{
					"id": "289390",
					"author": {
						"name": "veerjain",
						"key": "veerjain",
						"displayName": "Veer Jain",
						"active": true,
						"timeZone": "America/Los_Angeles"
					},
					"body": "Error is as follows:\n\n[TRACE] :  CompileC build/project-name.build/Debug-iphonesimulator/project-name.build/Objects-normal/i386/TiUITableViewAction.o Classes/TiUITableViewAction.m normal i386 objective-c com.apple.compilers.llvm.clang.1_0.compiler\n[TRACE] :      cd /Users/username/Desktop/-project-name/build/iphone\n[TRACE] :      setenv LANG en_US.US-ASCII\n[TRACE] :      setenv PATH \"/Applications/Xcode.app/Contents/Developer/Platforms/iPhoneSimulator.platform/Developer/usr/bin:/Applications/Xcode.app/Contents/Developer/usr/bin:/System/Library/Java/JavaVirtualMachines/1.6.0.jdk/Contents/Home/bin:/Users/username/.rvm/gems/ruby-1.9.3-p448/bin:/Users/username/.rvm/gems/ruby-1.9.3-p448@global/bin:/Users/username/.rvm/rubies/ruby-1.9.3-p448/bin:/Users/username/.rvm/bin:/usr/bin:/bin:/usr/sbin:/sbin:/usr/local/bin\"\n[TRACE] :      /Applications/Xcode.app/Contents/Developer/Toolchains/XcodeDefault.xctoolchain/usr/bin/clang -x objective-c -arch i386 -fmessage-length=0 -fdiagnostics-show-note-include-stack -fmacro-backtrace-limit=0 -std=c99 -Wno-trigraphs -fpascal-strings -O0 -Wno-missing-field-initializers -Wno-missing-prototypes -Wno-return-type -Wno-implicit-atomic-properties -Wno-receiver-is-weak -Wno-arc-repeated-use-of-weak -Wno-missing-braces -Wno-parentheses -Wswitch -Wunused-function -Wno-unused-label -Wno-unused-parameter -Wno-unused-variable -Wno-unused-value -Wno-empty-body -Wno-uninitialized -Wno-unknown-pragmas -Wno-shadow -Wno-four-char-constants -Wno-conversion -Wno-constant-conversion -Wno-int-conversion -Wno-bool-conversion -Wno-enum-conversion -Wno-shorten-64-to-32 -Wpointer-sign -Wno-newline-eof -Wno-selector -Wno-strict-selector-match -Wno-undeclared-selector -Wno-deprecated-implementations -DDEPLOYTYPE=development -D__LOG__ID__=c09ebf39-b149-407f-99f6-544262769911 -DDEBUG=1 -DTI_VERSION=3.2.0.GA -isysroot /Applications/Xcode.app/Contents/Developer/Platforms/iPhoneSimulator.platform/Developer/SDKs/iPhoneSimulator7.0.sdk -fexceptions -fasm-blocks -fstrict-aliasing -Wprotocol -Wdeprecated-declarations -g -fvisibility=hidden -Wno-sign-conversion -fobjc-abi-version=2 -fobjc-legacy-dispatch -mios-simulator-version-min=6.0 -iquote /Users/username/Desktop/-project-name/build/iphone/build/project-name.build/Debug-iphonesimulator/project-name.build/project-name-generated-files.hmap -I/Users/username/Desktop/-project-name/build/iphone/build/project-name.build/Debug-iphonesimulator/project-name.build/project-name-own-target-headers.hmap -I/Users/username/Desktop/-project-name/build/iphone/build/project-name.build/Debug-iphonesimulator/project-name.build/project-name-all-target-headers.hmap -iquote /Users/username/Desktop/-project-name/build/iphone/build/project-name.build/Debug-iphonesimulator/project-name.build/project-name-project-headers.hmap -I/Users/username/Desktop/-project-name/build/iphone/build/Debug-iphonesimulator/include -I/Applications/Xcode.app/Contents/Developer/Platforms/iPhoneSimulator.platform/Developer/SDKs/iPhoneSimulator7.0.sdk/usr/include/libxml2 -Iheaders -I/Users/username/Desktop/-project-name/build/iphone/build/project-name.build/Debug-iphonesimulator/project-name.build/DerivedSources/i386 -I/Users/username/Desktop/-project-name/build/iphone/build/project-name.build/Debug-iphonesimulator/project-name.build/DerivedSources -F/Users/username/Desktop/-project-name/build/iphone/build/Debug-iphonesimulator -DDEBUG -DTI_POST_1_2 -include /var/folders/1q/1gz8vjvd5p998jmcj0prr63r6w5zx3/C/com.apple.DeveloperTools/5.0-5A1412/Xcode/SharedPrecompiledHeaders/project-name_Prefix-hawcqvkdcvdggyagiaaioxbcuzwz/project-name_Prefix.pch -MMD -MT dependencies -MF /Users/username/Desktop/-project-name/build/iphone/build/project-name.build/Debug-iphonesimulator/project-name.build/Objects-normal/i386/TiUITableViewAction.d --serialize-diagnostics /Users/username/Desktop/-project-name/build/iphone/build/project-name.build/Debug-iphonesimulator/project-name.build/Objects-normal/i386/TiUITableViewAction.dia -c /Users/username/Desktop/-project-name/build/iphone/Classes/TiUITableViewAction.m -o /Users/username/Desktop/-project-name/build/iphone/build/project-name.build/Debug-iphonesimulator/project-name.build/Objects-normal/i386/TiUITableViewAction.o\n[TRACE] :  fatal error: file '/Users/username/Desktop/-project-name/build/iphone/Classes/ThirdpartyNS.h' has been modified since the precompiled header '/var/folders/1q/1gz8vjvd5p998jmcj0prr63r6w5zx3/C/com.apple.DeveloperTools/5.0-5A1412/Xcode/SharedPrecompiledHeaders/project-name_Prefix-hawcqvkdcvdggyagiaaioxbcuzwz/project-name_Prefix.pch.pch' was built\n[TRACE] :  1 error generated.\n[TRACE] :  CompileC build/project-name.build/Debug-iphonesimulator/project-name.build/Objects-normal/i386/TiFile.o Classes/TiFile.m normal i386 objective-c com.apple.compilers.llvm.clang.1_0.compiler\n[TRACE] :      cd /Users/username/Desktop/-project-name/build/iphone\n[TRACE] :      setenv LANG en_US.US-ASCII\n[TRACE] :      setenv PATH \"/Applications/Xcode.app/Contents/Developer/Platforms/iPhoneSimulator.platform/Developer/usr/bin:/Applications/Xcode.app/Contents/Developer/usr/bin:/System/Library/Java/JavaVirtualMachines/1.6.0.jdk/Contents/Home/bin:/Users/username/.rvm/gems/ruby-1.9.3-p448/bin:/Users/username/.rvm/gems/ruby-1.9.3-p448@global/bin:/Users/username/.rvm/rubies/ruby-1.9.3-p448/bin:/Users/username/.rvm/bin:/usr/bin:/bin:/usr/sbin:/sbin:/usr/local/bin\"\n[TRACE] :      /Applications/Xcode.app/Contents/Developer/Toolchains/XcodeDefault.xctoolchain/usr/bin/clang -x objective-c -arch i386 -fmessage-length=0 -fdiagnostics-show-note-include-stack -fmacro-backtrace-limit=0 -std=c99 -Wno-trigraphs -fpascal-strings -O0 -Wno-missing-field-initializers -Wno-missing-prototypes -Wno-return-type -Wno-implicit-atomic-properties -Wno-receiver-is-weak -Wno-arc-repeated-use-of-weak -Wno-missing-braces -Wno-parentheses -Wswitch -Wunused-function -Wno-unused-label -Wno-unused-parameter -Wno-unused-variable -Wno-unused-value -Wno-empty-body -Wno-uninitialized -Wno-unknown-pragmas -Wno-shadow -Wno-four-char-constants -Wno-conversion -Wno-constant-conversion -Wno-int-conversion -Wno-bool-conversion -Wno-enum-conversion -Wno-shorten-64-to-32 -Wpointer-sign -Wno-newline-eof -Wno-selector -Wno-strict-selector-match -Wno-undeclared-selector -Wno-deprecated-implementations -DDEPLOYTYPE=development -D__LOG__ID__=c09ebf39-b149-407f-99f6-544262769911 -DDEBUG=1 -DTI_VERSION=3.2.0.GA -isysroot /Applications/Xcode.app/Contents/Developer/Platforms/iPhoneSimulator.platform/Developer/SDKs/iPhoneSimulator7.0.sdk -fexceptions -fasm-blocks -fstrict-aliasing -Wprotocol -Wdeprecated-declarations -g -fvisibility=hidden -Wno-sign-conversion -fobjc-abi-version=2 -fobjc-legacy-dispatch -mios-simulator-version-min=6.0 -iquote /Users/username/Desktop/-project-name/build/iphone/build/project-name.build/Debug-iphonesimulator/project-name.build/project-name-generated-files.hmap -I/Users/username/Desktop/-project-name/build/iphone/build/project-name.build/Debug-iphonesimulator/project-name.build/project-name-own-target-headers.hmap -I/Users/username/Desktop/-project-name/build/iphone/build/project-name.build/Debug-iphonesimulator/project-name.build/project-name-all-target-headers.hmap -iquote /Users/username/Desktop/-project-name/build/iphone/build/project-name.build/Debug-iphonesimulator/project-name.build/project-name-project-headers.hmap -I/Users/username/Desktop/-project-name/build/iphone/build/Debug-iphonesimulator/include -I/Applications/Xcode.app/Contents/Developer/Platforms/iPhoneSimulator.platform/Developer/SDKs/iPhoneSimulator7.0.sdk/usr/include/libxml2 -Iheaders -I/Users/username/Desktop/-project-name/build/iphone/build/project-name.build/Debug-iphonesimulator/project-name.build/DerivedSources/i386 -I/Users/username/Desktop/-project-name/build/iphone/build/project-name.build/Debug-iphonesimulator/project-name.build/DerivedSources -F/Users/username/Desktop/-project-name/build/iphone/build/Debug-iphonesimulator -DDEBUG -DTI\n[TRACE] :  _POST_1_2 -include /var/folders/1q/1gz8vjvd5p998jmcj0prr63r6w5zx3/C/com.apple.DeveloperTools/5.0-5A1412/Xcode/SharedPrecompiledHeaders/project-name_Prefix-hawcqvkdcvdggyagiaaioxbcuzwz/project-name_Prefix.pch -MMD -MT dependencies -MF /Users/username/Desktop/-project-name/build/iphone/build/project-name.build/Debug-iphonesimulator/project-name.build/Objects-normal/i386/TiFile.d --serialize-diagnostics /Users/username/Desktop/-project-name/build/iphone/build/project-name.build/Debug-iphonesimulator/project-name.build/Objects-normal/i386/TiFile.dia -c /Users/username/Desktop/-project-name/build/iphone/Classes/TiFile.m -o /Users/username/Desktop/-project-name/build/iphone/build/project-name.build/Debug-iphonesimulator/project-name.build/Objects-normal/i386/TiFile.o\n[TRACE] :  fatal error: file '/Users/username/Desktop/-project-name/build/iphone/Classes/ThirdpartyNS.h' has been modified since the precompiled header '/var/folders/1q/1gz8vjvd5p998jmcj0prr63r6w5zx3/C/com.apple.DeveloperTools/5.0-5A1412/Xcode/SharedPrecompiledHeaders/project-name_Prefix-hawcqvkdcvdggyagiaaioxbcuzwz/project-name_Prefix.pch.pch' was built\n[TRACE] :  1 error generated.\n[TRACE] :  CompileC build/project-name.build/Debug-iphonesimulator/project-name.build/Objects-normal/i386/main.o main.m normal i386 objective-c com.apple.compilers.llvm.clang.1_0.compiler\n[TRACE] :      cd /Users/username/Desktop/-project-name/build/iphone\n[TRACE] :      setenv LANG en_US.US-ASCII\n[TRACE] :      setenv PATH \"/Applications/Xcode.app/Contents/Developer/Platforms/iPhoneSimulator.platform/Developer/usr/bin:/Applications/Xcode.app/Contents/Developer/usr/bin:/System/Library/Java/JavaVirtualMachines/1.6.0.jdk/Contents/Home/bin:/Users/username/.rvm/gems/ruby-1.9.3-p448/bin:/Users/username/.rvm/gems/ruby-1.9.3-p448@global/bin:/Users/username/.rvm/rubies/ruby-1.9.3-p448/bin:/Users/username/.rvm/bin:/usr/bin:/bin:/usr/sbin:/sbin:/usr/local/bin\"\n[TRACE] :      /Applications/Xcode.app/Contents/Developer/Toolchains/XcodeDefault.xctoolchain/usr/bin/clang -x objective-c -arch i386 -fmessage-length=0 -fdiagnostics-show-note-include-stack -fmacro-backtrace-limit=0 -std=c99 -Wno-trigraphs -fpascal-strings -O0 -Wno-missing-field-initializers -Wno-missing-prototypes -Wno-return-type -Wno-implicit-atomic-properties -Wno-receiver-is-weak -Wno-arc-repeated-use-of-weak -Wno-missing-braces -Wno-parentheses -Wswitch -Wunused-function -Wno-unused-label -Wno-unused-parameter -Wno-unused-variable -Wno-unused-value -Wno-empty-body -Wno-uninitialized -Wno-unknown-pragmas -Wno-shadow -Wno-four-char-constants -Wno-conversion -Wno-constant-conversion -Wno-int-conversion -Wno-bool-conversion -Wno-enum-conversion -Wno-shorten-64-to-32 -Wpointer-sign -Wno-newline-eof -Wno-selector -Wno-strict-selector-match -Wno-undeclared-selector -Wno-deprecated-implementations -DDEPLOYTYPE=development -D__LOG__ID__=c09ebf39-b149-407f-99f6-544262769911 -DDEBUG=1 -DTI_VERSION=3.2.0.GA -isysroot /Applications/Xcode.app/Contents/Developer/Platforms/iPhoneSimulator.platform/Developer/SDKs/iPhoneSimulator7.0.sdk -fexceptions -fasm-blocks -fstrict-aliasing -Wprotocol -Wdeprecated-declarations -g -fvisibility=hidden -Wno-sign-conversion -fobjc-abi-version=2 -fobjc-legacy-dispatch -mios-simulator-version-min=6.0 -iquote /Users/username/Desktop/-project-name/build/iphone/build/project-name.build/Debug-iphonesimulator/project-name.build/project-name-generated-files.hmap -I/Users/username/Desktop/-project-name/build/iphone/build/project-name.build/Debug-iphonesimulator/project-name.build/project-name-own-target-headers.hmap -I/Users/username/Desktop/-project-name/build/iphone/build/project-name.build/Debug-iphonesimulator/project-name.build/project-name-all-target-headers.hmap -iquote /Users/username/Desktop/-project-name/build/iphone/build/project-name.build/Debug-iphonesimulator/project-name.build/project-name-project-headers.hmap -I/Users/username/Desktop/-project-name/build/iphone/build/Debug-iphonesimulator/include -I/Applications/Xcode.app/Contents/Developer/Platforms/iPhoneSimulator.platform/Developer/SDKs/iPhoneSimulator7.0.sdk/usr/include/libxml2 -Iheaders -I/Users/username/Desktop/-project-name/build/iphone/build/project-name.build/Debug-iphonesimulator/project-name.build/DerivedSources/i386 -I/Users/username/Desktop/-project-name/build/iphone/build/project-name.build/Debug-iphonesimulator/project-name.build/DerivedSources -F/Users/username/Desktop/-project-name/build/iphone/build/Debug-iphonesimulator -DDEBUG -DTI_POST_1_2 -include /var/folders/1q/1gz8vjvd5p998jmcj0prr63r6w5zx3/C/com.apple.DeveloperTools/5.0-5A1412/Xcode/SharedPrecompiledHeaders/project-name_Prefix-hawcqvkdcvdggyagiaaioxbcuzwz/project-name_Prefix.pch -MMD -MT dependencies -MF /Users/username/Desktop/-project-name/build/iphone/build/project-name.build/Debug-iphonesimulator/project-name.build/Objects-normal/i386/main.d --serialize-diagnostics /Users/username/Desktop/-project-name/build/iphone/build/project-name.build/Debug-iphonesimulator/project-name.build/Objects-normal/i386/main.dia -c /Users/username/Desktop/-project-name/build/iphone/main.m -o /Users/username/Desktop/-project-name/build/iphone/build/project-name.build/Debug-iphonesimulator/project-name.build/Objects-normal/i386/main.o\n[TRACE] :  fatal error: file '/Users/username/Desktop/-project-name/build/iphone/Classes/ThirdpartyNS.h' has been modified since the precompiled header '/var/folders/1q/1gz8vjvd5p998jmcj0prr63r6w5zx3/C/com.apple.DeveloperTools/5.0-5A1412/Xcode/SharedPrecompiledHeaders/project-name_Prefix-hawcqvkdcvdggyagiaaioxbcuzwz/project-name_Prefix.pch.pch' was built\n[TRACE] :  1 error generated.\n[TRACE] :  CompileC build/project-name.build/Debug-iphonesimulator/project-name.build/Objects-normal/i386/AFItemView.o Classes/AFOpenFlow/AFItemView.m normal i386 objective-c com.apple.compilers.llvm.clang.1_0.compiler\n[TRACE] :      cd /Users/username/Desktop/-project-name/build/iphone\n[TRACE] :      setenv LANG en_US.US-ASCII\n[TRACE] :      setenv PATH \"/Applications/Xcode.app/Contents/Developer/Platforms/iPhoneSimulator.platform/Developer/usr/bin:/Applications/Xcode.app/Contents/Developer/usr/bin:/System/Library/Java/JavaVirtualMachines/1.6.0.jdk/Contents/Home/bin:/Users/username/.rvm/gems/ruby-1.9.3-p448/bin:/Users/username/.rvm/gems/ruby-1.9.3-p448@global/bin:/Users/username/.rvm/rubies/ruby-1.9.3-p448/bin:/Users/username/.rvm/bin:/usr/bin:/bin:/usr/sbin:/sbin:/usr/local/bin\"\n[TRACE] :      /Applications/Xcode.app/Contents/Developer/Toolchains/XcodeDefault.xctoolchain/usr/bin/clang -x objective-c -arch i386 -fmessage-length=0 -fdiagnostics-show-note-include-stack -fmacro-backtrace-limit=0 -std=c99 -Wno-trigraphs -fpascal-strings -O0 -Wno-missing-field-initializers -Wno-missing-prototypes -Wno-return-type -Wno-implicit-atomic-properties -Wno-receiver-is-weak -Wno-arc-repeated-use-of-weak -Wno-missing-braces -Wno-parentheses -Wswitch -Wunused-function -Wno-unused-label -Wno-unused-parameter -Wno-unused-variable -Wno-unused-value -Wno-empty-body -Wno-uninitialized -Wno-unknown-pragmas -Wno-shadow -Wno-four-char-constants -Wno-conversion -Wno-constant-conversion -Wno-int-conversion -Wno-bool-conversion -Wno-enum-conversion -Wno-shorten-64-to-32 -Wpointer-sign -Wno-newline-eof -Wno-selector -Wno-strict-selector-match -Wno-undeclared-selector -Wno-deprecated-implementations -DDEPLOYTYPE=development -D__LOG__ID__=c09ebf39-b149-407f-99f6-544262769911 -DDEBUG=1 -DTI_VERSION=3.2.0.GA -isysroot /Applications/Xcode.app/Contents/Developer/Platforms/iPhoneSimulator.platform/Developer/SDKs/iPhoneSimulator7.0.sdk -fexceptions -fasm-blocks -fstrict-aliasing -Wprotocol -Wdeprecated-declarations -g -fvisibility=hidden -Wno-sign-conversion -fobjc-abi-version=2 -fobjc-legacy-dispatch -mios-simulator-version-min=6.0 -iquote /Users/username/Desktop/-project-name/build/iphone/build/project-name.build/Debug-iphonesimulator/project-name.build/project-name-generated-files.hmap -I/Users/username/Desktop/-project-name/build/iphone/build/project-name.build/Debug-iphonesimulator/project-name.bu\n[TRACE] :  ild/project-name-own-target-headers.hmap -I/Users/username/Desktop/-project-name/build/iphone/build/project-name.build/Debug-iphonesimulator/project-name.build/project-name-all-target-headers.hmap -iquote /Users/username/Desktop/-project-name/build/iphone/build/project-name.build/Debug-iphonesimulator/project-name.build/project-name-project-headers.hmap -I/Users/username/Desktop/-project-name/build/iphone/build/Debug-iphonesimulator/include -I/Applications/Xcode.app/Contents/Developer/Platforms/iPhoneSimulator.platform/Developer/SDKs/iPhoneSimulator7.0.sdk/usr/include/libxml2 -Iheaders -I/Users/username/Desktop/-project-name/build/iphone/build/project-name.build/Debug-iphonesimulator/project-name.build/DerivedSources/i386 -I/Users/username/Desktop/-project-name/build/iphone/build/project-name.build/Debug-iphonesimulator/project-name.build/DerivedSources -F/Users/username/Desktop/-project-name/build/iphone/build/Debug-iphonesimulator -DDEBUG -DTI_POST_1_2 -include /var/folders/1q/1gz8vjvd5p998jmcj0prr63r6w5zx3/C/com.apple.DeveloperTools/5.0-5A1412/Xcode/SharedPrecompiledHeaders/project-name_Prefix-hawcqvkdcvdggyagiaaioxbcuzwz/project-name_Prefix.pch -MMD -MT dependencies -MF /Users/username/Desktop/-project-name/build/iphone/build/project-name.build/Debug-iphonesimulator/project-name.build/Objects-normal/i386/AFItemView.d --serialize-diagnostics /Users/username/Desktop/-project-name/build/iphone/build/project-name.build/Debug-iphonesimulator/project-name.build/Objects-normal/i386/AFItemView.dia -c /Users/username/Desktop/-project-name/build/iphone/Classes/AFOpenFlow/AFItemView.m -o /Users/username/Desktop/-project-name/build/iphone/build/project-name.build/Debug-iphonesimulator/project-name.build/Objects-normal/i386/AFItemView.o\n[TRACE] :  fatal error: file '/Users/username/Desktop/-project-name/build/iphone/Classes/ThirdpartyNS.h' has been modified since the precompiled header '/var/folders/1q/1gz8vjvd5p998jmcj0prr63r6w5zx3/C/com.apple.DeveloperTools/5.0-5A1412/Xcode/SharedPrecompiledHeaders/project-name_Prefix-hawcqvkdcvdggyagiaaioxbcuzwz/project-name_Prefix.pch.pch' was built\n[TRACE] :  1 error generated.\n[TRACE] :  CompileC build/project-name.build/Debug-iphonesimulator/project-name.build/Objects-normal/i386/AFOpenFlowView.o Classes/AFOpenFlow/AFOpenFlowView.m normal i386 objective-c com.apple.compilers.llvm.clang.1_0.compiler\n[TRACE] :      cd /Users/username/Desktop/-project-name/build/iphone\n[TRACE] :      setenv LANG en_US.US-ASCII\n[TRACE] :      setenv PATH \"/Applications/Xcode.app/Contents/Developer/Platforms/iPhoneSimulator.platform/Developer/usr/bin:/Applications/Xcode.app/Contents/Developer/usr/bin:/System/Library/Java/JavaVirtualMachines/1.6.0.jdk/Contents/Home/bin:/Users/username/.rvm/gems/ruby-1.9.3-p448/bin:/Users/username/.rvm/gems/ruby-1.9.3-p448@global/bin:/Users/username/.rvm/rubies/ruby-1.9.3-p448/bin:/Users/username/.rvm/bin:/usr/bin:/bin:/usr/sbin:/sbin:/usr/local/bin\"\n[TRACE] :      /Applications/Xcode.app/Contents/Developer/Toolchains/XcodeDefault.xctoolchain/usr/bin/clang -x objective-c -arch i386 -fmessage-length=0 -fdiagnostics-show-note-include-stack -fmacro-backtrace-limit=0 -std=c99 -Wno-trigraphs -fpascal-strings -O0 -Wno-missing-field-initializers -Wno-missing-prototypes -Wno-return-type -Wno-implicit-atomic-properties -Wno-receiver-is-weak -Wno-arc-repeated-use-of-weak -Wno-missing-braces -Wno-parentheses -Wswitch -Wunused-function -Wno-unused-label -Wno-unused-parameter -Wno-unused-variable -Wno-unused-value -Wno-empty-body -Wno-uninitialized -Wno-unknown-pragmas -Wno-shadow -Wno-four-char-constants -Wno-conversion -Wno-constant-conversion -Wno-int-conversion -Wno-bool-conversion -Wno-enum-conversion -Wno-shorten-64-to-32 -Wpointer-sign -Wno-newline-eof -Wno-selector -Wno-strict-selector-match -Wno-undeclared-selector -Wno-deprecated-implementations -DDEPLOYTYPE=development -D__LOG__ID__=c09ebf39-b149-407f-99f6-544262769911 -DDEBUG=1 -DTI_VERSION=3.2.0.GA -isysroot /Applications/Xcode.app/Contents/Developer/Platforms/iPhoneSimulator.platform/Developer/SDKs/iPhoneSimulator7.0.sdk -fexceptions -fasm-blocks -fstrict-aliasing -Wprotocol -Wdeprecated-declarations -g -fvisibility=hidden -Wno-sign-conversion -fobjc-abi-version=2 -fobjc-legacy-dispatch -mios-simulator-version-min=6.0 -iquote /Users/username/Desktop/-project-name/build/iphone/build/project-name.build/Debug-iphonesimulator/project-name.build/project-name-generated-files.hmap -I/Users/username/Desktop/-project-name/build/iphone/build/project-name.build/Debug-iphonesimulator/project-name.build/project-name-own-target-headers.hmap -I/Users/username/Desktop/-project-name/build/iphone/build/project-name.build/Debug-iphonesimulator/project-name.build/project-name-all-target-headers.hmap -iquote /Users/username/Desktop/-project-name/build/iphone/build/project-name.build/Debug-iphonesimulator/project-name.build/project-name-project-headers.hmap -I/Users/username/Desktop/-project-name/build/iphone/build/Debug-iphonesimulator/include -I/Applications/Xcode.app/Contents/Developer/Platforms/iPhoneSimulator.platform/Developer/SDKs/iPhoneSimulator7.0.sdk/usr/include/libxml2 -Iheaders -I/Users/username/Desktop/-project-name/build/iphone/build/project-name.build/Debug-iphonesimulator/project-name.build/DerivedSources/i386 -I/Users/username/Desktop/-project-name/build/iphone/build/project-name.build/Debug-iphonesimulator/project-name.build/DerivedSources -F/Users/username/Desktop/-project-name/build/iphone/build/Debug-iphonesimulator -DDEBUG -DTI_POST_1_2 -include /var/folders/1q/1gz8vjvd5p998jmcj0prr63r6w5zx3/C/com.apple.DeveloperTools/5.0-5A1412/Xcode/SharedPrecompiledHeaders/project-name_Prefix-hawcqvkdcvdggyagiaaioxbcuzwz/project-name_Prefix.pch -MMD -MT dependencies -MF /Users/username/Desktop/-project-name/build/iphone/build/project-name.build/Debug-iphonesimulator/project-name.build/Objects-normal/i386/AFOpenFlowView.d --serialize-diagnostics /Users/username/Desktop/-project-name/build/iphone/build/project-name.build/Debug-iphonesimulator/project-name.build/Objects-normal/i386/AFOpenFlowView.dia -c /Users/username/Desktop/-project-name/build/iphone/Classes/AFOpenFlow/AFOpenFlowView.m -o /Users/username/Desktop/-project-name/build/iphone/build/project-name.build/Debug-iphonesimulator/project-name.build/Objects-normal/i386/AFOpenFlowView.o\n[TRACE] :  fatal error: file '/Users/username/Desktop/-project-name/build/iphone/Classes/ThirdpartyNS.h' has been modified since the precompiled header '/var/folders/1q/1gz8vjvd5p998jmcj0prr63r6w5zx3/C/com.apple.DeveloperTools/5.0-5A1412/Xcode/SharedPrecompiledHeaders/project-name_Prefix-hawcqvkdcvdggyagiaaioxbcuzwz/project-name_Prefix.pch.pch' was built\n[TRACE] :  1 error generated.\n\n\n[ERROR] :  2014-01-23 16:00:20.983 xcodebuild[41946:1c03]  DVTAssertions: Warning in /SourceCache/IDEXcode3ProjectSupport/IDEXcode3ProjectSupport-3564/Xcode3Sources/XcodeIDE/Frameworks/DevToolsBase/pbxcore/SpecificationTypes/XCGccMakefileDependencies.m:78\n[ERROR] :  Details:  Failed to load dependencies output contents from ``/Users/username/Desktop/-project-name/build/iphone/build/project-name.build/Debug-iphonesimulator/project-name.build/Objects-normal/i386/TiFile.d''. Error: Error Domain=NSCocoaErrorDomain Code=260 \"The file “TiFile.d” couldn’t be opened because there is no such file.\" UserInfo=0x7fd4af333570 {NSFilePath=/Users/username/Desktop/-project-name/build/iphone/build/project-name.build/Debug-iphonesimulator/project-name.build/Objects-normal/i386/TiFile.d, NSUnderlyingError=0x7fd4af97ff10 \"The operation couldn’t be completed. No such file or directory\"}. User info: {\n[ERROR] :      NSFilePath = \"/Users/username/Desktop/-project-name/build/iphone/build/project-name.build/Debug-iphonesimulator/project-name.build/Objects-normal/i386/TiFile.d\";\n[ERROR] :      NSUnderlyingError = \"Error Domain=NSPOSIXErrorDomain Code=2 \\\"The operation couldn\\U2019t be completed. No such file or directory\\\"\";\n[ERROR] :  }.\n[ERROR] :  Function: void XCGccMakefileDependenciesParsePathsFromRuleFile(NSString *__strong, F) [F = <lambda at /SourceCache/IDEXcode3ProjectSupport/IDEXcode3ProjectSupport-3564/Xcode3Sources/XcodeIDE/Frameworks/DevToolsBase/pbxcore/SpecificationTypes/XCGccMakefileDependencies.m:168:73>]\n[ERROR] :  Thread:   <NSThread: 0x7fd4af330f40>{name = (null), num = 10}\n[ERROR] :  Please file a bug at http://bugreport.apple.com with this warning message and any useful information you can provide.\n[ERROR] :  2014-01-23 16:00:20.983 xcodebuild[41946:1603]  DVTAssertions: Warning in /SourceCache/IDEXcode3ProjectSupport/IDEXcode3ProjectSupport-3564/Xcode3Sources/XcodeIDE/Frameworks/DevToolsBase/pbxcore/SpecificationTypes/XCGccMakefileDependencies.m:78\n[ERROR] :  Details:  Failed to load dependencies output contents from ``/Users/username/Desktop/-project-name/build/iphone/build/project-name.build/Debug-iphonesimulator/project-name.build/Objects-normal/i386/TiUITableViewAction.d''. Error: Error Domain=NSCocoaErrorDomain Code=260 \"The file “TiUITableViewAction.d” couldn’t be opened because there is no such file.\" UserInfo=0x7fd4af2a2370 {NSFilePath=/Users/username/Desktop/-project-name/build/iphone/build/project-name.build/Debug-iphonesimulator/project-name.build/Objects-normal/i386/TiUITableViewAction.d, NSUnderlyingError=0x7fd4af293360 \"The operation couldn’t be completed. No such file or directory\"}. User info: {\n[ERROR] :      NSFilePath = \"/Users/username/Desktop/-project-name/build/iphone/build/project-name.build/Debug-iphonesimulator/project-name.build/Objects-normal/i386/TiUITableViewAction.d\";\n[ERROR] :      NSUnderlyingError = \"Error Domain=NSPOSIXErrorDomain Code=2 \\\"The operation couldn\\U2019t be completed. No such file or directory\\\"\";\n[ERROR] :  }.\n[ERROR] :  Function: void XCGccMakefileDependenciesParsePathsFromRuleFile(NSString *__strong, F) [F = <lambda at /SourceCache/IDEXcode3ProjectSupport/IDEXcode3ProjectSupport-3564/Xcode3Sources/XcodeIDE/Frameworks/DevToolsBase/pbxcore/SpecificationTypes/XCGccMakefileDependencies.m:168:73>]\n[ERROR] :  Thread:   <NSThread: 0x7fd4af293320>{name = (null), num = 9}\n[ERROR] :  Please file a bug at http://bugreport.apple.com with this warning message and any useful information you can provide.\n[ERROR] :  2014-01-23 16:00:21.014 xcodebuild[41946:5903]  DVTAssertions: Warning in /SourceCache/IDEXcode3ProjectSupport/IDEXcode3ProjectSupport-3564/Xcode3Sources/XcodeIDE/Frameworks/DevToolsBase/pbxcore/SpecificationTypes/XCGccMakefileDependencies.m:78\n[ERROR] :  Details:  Failed to load dependencies output contents from ``/Users/username/Desktop/-project-name/build/iphone/build/project-name.build/Debug-iphonesimulator/project-name.build/Objects-normal/i386/AFItemView.d''. Error: Error Domain=NSCocoaErrorDomain Code=260 \"The file “AFItemView.d” couldn’t be opened because there is no such file.\" UserInfo=0x7fd4aee85070 {NSFilePath=/Users/username/Desktop/-project-name/build/iphone/build/project-name.build/Debug-iphonesimulator/project-name.build/Objects-normal/i386/AFItemView.d, NSUnderlyingError=0x7fd4af601880 \"The operation couldn’t be completed. No such file or directory\"}. User info: {\n[ERROR] :      NSFilePath = \"/Users/username/Desktop/-project-name/build/iphone/build/project-name.build/Debug-iphonesimulator/project-name.build/Objects-normal/i386/AFItemView.d\";\n[ERROR] :      NSUnderlyingError = \"Error Domain=NSPOSIXErrorDomain Code=2 \\\"The operation couldn\\U2019t be completed. No such file or directory\\\"\";\n[ERROR] :  }.\n[ERROR] :  Function: void XCGccMakefileDependenciesParsePathsFromRuleFile(NSString *__strong, F) [F = <lambda at /SourceCache/IDEXcode3ProjectSupport/IDEXcode3ProjectSupport-3564/Xcode3Sources/XcodeIDE/Frameworks/DevToolsBase/pbxcore/SpecificationTypes/XCGccMakefileDependencies.m:168:73>]\n[ERROR] :  Thread:   <NSThread: 0x7fd4af63a680>{name = (null), num = 8}\n[ERROR] :  Please file a bug at http://bugreport.apple.com with this warning message and any useful information you can provide.\n[ERROR] :  2014-01-23 16:00:21.022 xcodebuild[41946:262b]  DVTAssertions: Warning in /SourceCache/IDEXcode3ProjectSupport/IDEXcode3ProjectSupport-3564/Xcode3Sources/XcodeIDE/Frameworks/DevToolsBase/pbxcore/SpecificationTypes/XCGccMakefileDependencies.m:78\n[ERROR] :  Details:  Failed to load dependencies output contents from ``/Users/username/Desktop/-project-name/build/iphone/build/project-name.build/Debug-iphonesimulator/project-name.build/Objects-normal/i386/main.d''. Error: Error Domain=NSCocoaErrorDomain Code=260 \"The file “main.d” couldn’t be opened because there is no such file.\" UserInfo=0x7fd4aeee4a00 {NSFilePath=/Users/username/Desktop/-project-name/build/iphone/build/project-name.build/Debug-iphonesimulator/project-name.build/Objects-normal/i386/main.d, NSUnderlyingError=0x7fd4aeee4930 \"The operation couldn’t be completed. No such file or directory\"}. User info: {\n[ERROR] :      NSFilePath = \"/Users/username/Desktop/-project-name/build/iphone/build/project-name.build/Debug-iphonesimulator/project-name.build/Objects-normal/i386/main.d\";\n[ERROR] :      NSUnderlyingError = \"Error Domain=NSPOSIXErrorDomain Code=2 \\\"The operation couldn\\U2019t be completed. No such file or directory\\\"\";\n[ERROR] :  }.\n[ERROR] :  Function: void XCGccMakefileDependenciesParsePathsFromRuleFile(NSString *__strong, F) [F = <lambda at /SourceCache/IDEXcode3ProjectSupport/IDEXcode3ProjectSupport-3564/Xcode3Sources/XcodeIDE/Frameworks/DevToolsBase/pbxcore/SpecificationTypes/XCGccMakefileDependencies.m:168:73>]\n[ERROR] :  Thread:   <NSThread: 0x7fd4aeee48f0>{name = (null), num = 7}\n[ERROR] :  Please file a bug at http://bugreport.apple.com with this warning message and any useful information you can provide.\n[ERROR] :  2014-01-23 16:00:21.065 xcodebuild[41946:6503]  DVTAssertions: Warning in /SourceCache/IDEXcode3ProjectSupport/IDEXcode3ProjectSupport-3564/Xcode3Sources/XcodeIDE/Frameworks/DevToolsBase/pbxcore/SpecificationTypes/XCGccMakefileDependencies.m:78\n[ERROR] :  Details:  Failed to load dependencies output contents from ``/Users/username/Desktop/-project-name/build/iphone/build/project-name.build/Debug-iphonesimulator/project-name.build/Objects-normal/i386/AFOpenFlowView.d''. Error: Error Domain=NSCocoaErrorDomain Code=260 \"The file “AFOpenFlowView.d” couldn’t be opened because there is no such file.\" UserInfo=0x7fd4aeefb220 {NSFilePath=/Users/username/Desktop/-project-name/build/iphone/build/project-name.build/Debug-iphonesimulator/project-name.build/Objects-normal/i386/AFOpenFlowView.d, NSUnderlyingError=0x7fd4aeea41f0 \"The operation couldn’t be completed. No such file or directory\"}. User info: {\n[ERROR] :      NSFilePath = \"/Users/username/Desktop/-project-name/build/iphone/build/project-name.build/Debug-iphonesimulator/project-name.build/Objects-normal/i386/AFOpenFlowView.d\";\n[ERROR] :      NSUnderlyingError = \"Error Domain=NSPOSIXErrorDomain Code=2 \\\"The operation couldn\\U2019t be completed. No such file or directory\\\"\";\n[ERROR] :  }.\n[ERROR] :  Function: void XCGccMakefileDependenciesParsePathsFromRuleFile(NSString *__strong, F) [F = <lambda at /SourceCache/IDEXcode3ProjectSupport/IDEXcode3ProjectSupport-3564/Xcode3Sources/XcodeIDE/Frameworks/DevToolsBase/pbxcore/SpecificationTypes/XCGccMakefileDependencies.m:168:73>]\n[ERROR] :  Thread:   <NSThread: 0x7fd4aee9a510>{name = (null), num = 11}\n[ERROR] :  Please file a bug at http://bugreport.apple.com with this warning message and any useful information you can provide.\n[ERROR] :  ** BUILD FAILED **\n[ERROR] :  The following build commands failed:\n[ERROR] :  \tCompileC build/project-name.build/Debug-iphonesimulator/project-name.build/Objects-normal/i386/TiUITableViewAction.o Classes/TiUITableViewAction.m normal i386 objective-c com.apple.compilers.llvm.clang.1_0.compiler\n[ERROR] :  \tCompileC build/project-name.build/Debug-iphonesimulator/project-name.build/Objects-normal/i386/TiFile.o Classes/TiFile.m normal i386 objective-c com.apple.compilers.llvm.clang.1_0.compiler\n[ERROR] :  \tCompileC build/project-name.build/Debug-iphonesimulator/project-name.build/Objects-normal/i386/main.o main.m normal i386 objective-c com.apple.compilers.llvm.clang.1_0.compiler\n[ERROR] :  \tCompileC build/project-name.build/Debug-iphonesimulator/project-name.build/Objects-normal/i386/AFItemView.o Classes/AFOpenFlow/AFItemView.m normal i386 objective-c com.apple.compilers.llvm.clang.1_0.compiler\n[ERROR] :  \tCompileC build/project-name.build/Debug-iphonesimulator/project-name.build/Objects-normal/i386/AFOpenFlowView.o Classes/AFOpenFlow/AFOpenFlowView.m normal i386 objective-c com.apple.compilers.llvm.clang.1_0.compiler\n[ERROR] :  (5 failures)",
					"updateAuthor": {
						"name": "veerjain",
						"key": "veerjain",
						"displayName": "Veer Jain",
						"active": true,
						"timeZone": "America/Los_Angeles"
					},
					"created": "2014-01-23T10:35:13.000+0000",
					"updated": "2014-01-23T10:35:13.000+0000"
				},
				{
					"id": "289524",
					"author": {
						"name": "ragrawal",
						"key": "ragrawal",
						"displayName": "Ritu Agrawal",
						"active": true,
						"timeZone": "America/Los_Angeles"
					},
					"body": "We have not been able to reproduce this issue based on the description provided. Can you please verify your steps to make sure that we are not missing any other step? Can you also please try the same scenario with a simple Xcode project and report the findings.",
					"updateAuthor": {
						"name": "ragrawal",
						"key": "ragrawal",
						"displayName": "Ritu Agrawal",
						"active": true,
						"timeZone": "America/Los_Angeles"
					},
					"created": "2014-01-24T00:22:29.000+0000",
					"updated": "2014-01-24T00:22:29.000+0000"
				},
				{
					"id": "289546",
					"author": {
						"name": "veerjain",
						"key": "veerjain",
						"displayName": "Veer Jain",
						"active": true,
						"timeZone": "America/Los_Angeles"
					},
					"body": "I tried it with simple xCode project and it is working fine.\nBut when with Titanium studio it is not building the project.\n\nSteps:-\n1. Create sample project.\n2. Build it and will work fine.\n3. Change system date to some future date(2 or more days ahead) and build again, working fine.\n4. Change system date to current date again and build again, problem occurs.",
					"updateAuthor": {
						"name": "veerjain",
						"key": "veerjain",
						"displayName": "Veer Jain",
						"active": true,
						"timeZone": "America/Los_Angeles"
					},
					"created": "2014-01-24T04:41:51.000+0000",
					"updated": "2014-01-24T04:41:51.000+0000"
				},
				{
					"id": "289552",
					"author": {
						"name": "ragrawal",
						"key": "ragrawal",
						"displayName": "Ritu Agrawal",
						"active": true,
						"timeZone": "America/Los_Angeles"
					},
					"body": "I would suggest you to clear your project and rebuild it agains as the build log appears to indicate the pre-built header file timestamp mismatch. Let us know how it goes.",
					"updateAuthor": {
						"name": "ragrawal",
						"key": "ragrawal",
						"displayName": "Ritu Agrawal",
						"active": true,
						"timeZone": "America/Los_Angeles"
					},
					"created": "2014-01-24T06:14:17.000+0000",
					"updated": "2014-01-24T06:14:17.000+0000"
				},
				{
					"id": "289555",
					"author": {
						"name": "veerjain",
						"key": "veerjain",
						"displayName": "Veer Jain",
						"active": true,
						"timeZone": "America/Los_Angeles"
					},
					"body": "I cleared my project, deleted build folder and even done titanium studio clean from command prompt. But still the issue persist.\nExecuting my project for iPhone simulator is creating a problem.",
					"updateAuthor": {
						"name": "veerjain",
						"key": "veerjain",
						"displayName": "Veer Jain",
						"active": true,
						"timeZone": "America/Los_Angeles"
					},
					"created": "2014-01-24T06:29:01.000+0000",
					"updated": "2014-01-24T06:29:01.000+0000"
				},
				{
					"id": "289948",
					"author": {
						"name": "veerjain",
						"key": "veerjain",
						"displayName": "Veer Jain",
						"active": true,
						"timeZone": "America/Los_Angeles"
					},
					"body": "Any updates on this ticket?",
					"updateAuthor": {
						"name": "veerjain",
						"key": "veerjain",
						"displayName": "Veer Jain",
						"active": true,
						"timeZone": "America/Los_Angeles"
					},
					"created": "2014-01-28T08:49:41.000+0000",
					"updated": "2014-01-28T08:49:41.000+0000"
				},
				{
					"id": "290170",
					"author": {
						"name": "ragrawal",
						"key": "ragrawal",
						"displayName": "Ritu Agrawal",
						"active": true,
						"timeZone": "America/Los_Angeles"
					},
					"body": "We have tried to reproduce this issue with different configurations and we have had no luck. We used a simple Titanium and an Alloy project that ships with the Studio. So a couple of questions:\n\n1. Can you reproduce this issue with a sample that ships with Studio? If yes, let us know the sample name.\n2. Do you make any change to the project or source code between different builds when switch forward and back the dates?",
					"updateAuthor": {
						"name": "ragrawal",
						"key": "ragrawal",
						"displayName": "Ritu Agrawal",
						"active": true,
						"timeZone": "America/Los_Angeles"
					},
					"created": "2014-01-29T05:17:38.000+0000",
					"updated": "2014-01-29T05:17:38.000+0000"
				},
				{
					"id": "292085",
					"author": {
						"name": "ragrawal",
						"key": "ragrawal",
						"displayName": "Ritu Agrawal",
						"active": true,
						"timeZone": "America/Los_Angeles"
					},
					"body": "Resolving this issue as we cannot reproduce this issue and we do not have requested information to make further progress.",
					"updateAuthor": {
						"name": "ragrawal",
						"key": "ragrawal",
						"displayName": "Ritu Agrawal",
						"active": true,
						"timeZone": "America/Los_Angeles"
					},
					"created": "2014-02-09T06:41:26.000+0000",
					"updated": "2014-02-09T06:41:26.000+0000"
				}
			],
			"maxResults": 8,
			"total": 8,
			"startAt": 0
		}
	}
}