---
title: "[AC-2630] iOS: Cannot run the Simulator in Titanium studio "
---
<table>
<tr><th>Type</th><td>Bug</td></tr>
<tr><th>Priority</th><td>n/a</td></tr>
<tr><th>Status</th><td>Closed</td></tr>
<tr><th>Resolution</th><td>Fixed</td></tr>
<tr><th>Resolution Date</th><td>2013-06-10T10:34:37.000+0000</td></tr>
<tr><th>Affected Version/s</th><td>n/a</td></tr>
<tr><th>Fix Version/s</th><td>n/a</td></tr>
<tr><th>Components</th><td>Titanium SDK & CLI</td></tr>
<tr><th>Labels</th><td>n/a</td></tr>
<tr><th>Reporter</th><td>Naim</td></tr>
<tr><th>Assignee</th><td>Daniel Sefton</td></tr>
<tr><th>Created</th><td>2013-06-07T15:10:01.000+0000</td></tr>
<tr><th>Updated</th><td>2016-03-08T07:41:43.000+0000</td></tr>
</table>

<h3>Description</h3>

*Problem*
I am not able to run a project after creating it in Titanium studio. Once compiling it I am getting the following error:

*Error*
<code><pre>[ERROR] Invalid --ios-version value '5.0'</pre></code>

<h3>Attachments</h3>

<table>
<thead>
<tr><th>File</th><th>Date</th><th>Size</th></tr><thead>
<tbody>
<tr><td><a href="https://jira-attachments.tisdk.com/AC/AC-2630_39636/DiagnosticTest.rtf">DiagnosticTest.rtf</td></td><td>2013-06-10T06:32:01.000+0000</td><td>15582</td></tr>
<tr><td><a href="https://jira-attachments.tisdk.com/AC/AC-2630_39635/LogFile.rtf">LogFile.rtf</td></td><td>2013-06-10T06:31:31.000+0000</td><td>6313</td></tr>
</tbody>
<table>

<h3>Comments</h3>

<ol>
<li>Daniel Sefton 2013-06-07

   Hi Naim,
   
   This error usually occurs when you have either an old version of OS X or Xcode installed.
   
   So that we know what you're running, please can you attach your studio log file and diagnostic:
   - Help -> Studio -> View Log File
   - Help -> Studio -> Run Diagnostic Test...
   
   But simply upgrading OS X or Xcode should do the trick, assuming you have an old version installed.</li>
<li>Naim 2013-06-10

   Here is the LogFile </li>
<li>Naim 2013-06-10

   DiagnosticTest </li>
<li>Naim 2013-06-10

   Hi Daniel, 
   
   Thanks, the issue is fixed after changing my version of Xcode :) 
   
   
   
   Kind regards, 
   Naim </li>
<li>Daniel Sefton 2013-06-10

   You're welcome, glad you got it solved. Closing as fixed.</li>
<li>Naim 2013-06-11

   Hello Daniel again, 
   
   Sorry today I got an unexpected error and I am not able to run any project. Please see the following error below : 
   "
   [ERROR] :  TypeError: Arguments to path.join must be strings
       at path.js:360:15
       at Array.filter (native)
       at exports.join (path.js:358:36)"
   
   Thanks for your help ! 
   
   Naim </li>
<li>Daniel Sefton 2013-06-11

   Hi Naim,
   
   You probably have Node.js 10.x installed. Please install 0.8.x instead.
   
   Run the following to check your version:
   
   <code><pre>node -v</pre></code></li>
<li>Naim 2013-06-11

   Yes I have version 10, any tips how to upgrade to 0.8- not so good in linux enivironment :) 
   Regards, 
   Naim</li>
<li>Naim 2013-06-11

   hahha Daniel , got it working again :) changed the version to 0.8. Please make it as close again. 
   
   Thanks a lot for support- I just need a small tips like this and I jump right away ;)
   
   
   Regards, 
   Naim</li>
</ol>


<p><a href="/AC/AC-2630.json">JSON Source</a></p>