---
title: "[AC-2212] Exception occured while building Android project"
---
<table>
<tr><th>Type</th><td>Bug</td></tr>
<tr><th>Priority</th><td>n/a</td></tr>
<tr><th>Status</th><td>Closed</td></tr>
<tr><th>Resolution</th><td>Duplicate</td></tr>
<tr><th>Resolution Date</th><td>2013-05-26T07:25:15.000+0000</td></tr>
<tr><th>Affected Version/s</th><td>n/a</td></tr>
<tr><th>Fix Version/s</th><td>n/a</td></tr>
<tr><th>Components</th><td>Studio</td></tr>
<tr><th>Labels</th><td>android, defect, studio3</td></tr>
<tr><th>Reporter</th><td>Nedim Cholich</td></tr>
<tr><th>Assignee</th><td>Mauro Parra-Miranda</td></tr>
<tr><th>Created</th><td>2013-05-26T07:20:57.000+0000</td></tr>
<tr><th>Updated</th><td>2016-03-08T07:41:12.000+0000</td></tr>
</table>

<h3>Description</h3>

I have recently started seeing these in the console when I try to either run in the emulator or deploy to the device:

[TRACE] Writing out AndroidManifest.xml
[ERROR] Exception occured while building Android project:
[ERROR] Traceback (most recent call last):
[ERROR]   File "C:\Users\Nedim\AppData\Roaming\Titanium\mobilesdk\win32\3.0.2.GA\android\builder.py", line 2412, in <module>
[ERROR]     builder.build_and_run(True, avd_id, device_args=device_args, debugger_host=debugger_host)
[ERROR]   File "C:\Users\Nedim\AppData\Roaming\Titanium\mobilesdk\win32\3.0.2.GA\android\builder.py", line 2141, in build_and_run
[ERROR]     self.manifest_changed = self.generate_android_manifest(compiler)
[ERROR]   File "C:\Users\Nedim\AppData\Roaming\Titanium\mobilesdk\win32\3.0.2.GA\android\builder.py", line 1348, in generate_android_manifest
[ERROR]     '-I', self.android_jar], warning_regex=r'skipping')
[ERROR]   File "C:\Users\Nedim\AppData\Roaming\Titanium\mobilesdk\win32\3.0.2.GA\android\run.py", line 38, in run
[ERROR]     print "[DEBUG] %s" % subprocess.list2cmdline(args_to_log)
[ERROR]   File "C:\Dev\titanium\plugins\com.appcelerator.titanium.python.win32_1.0.0.1338515509\python\lib\subprocess.py", line 580, in list2cmdline
[ERROR]     needquote = (" " in arg) or ("\t" in arg) or not arg
[ERROR] TypeError: argument of type 'NoneType' is not iterable


<h3>Comments</h3>

<ol>
<li>Daniel Sefton 2013-05-26

   Hi Nedim,
   
   This is a known issue which we recently fixed (TIMOB-13944). It's due to some breaking changes in Google's r22 Android toolset.
   
   You can either use the latest unstable master SDK: <a href="http://builds.appcelerator.com.s3.amazonaws.com/index.html#master" rel="nofollow" target="_blank">http://builds.appcelerator.com.s3.amazonaws.com/index.html#master</a>
   
   Or modify the stable 3.1 GA SDK:
   
   Back up and then open the following file:
   	
   C:\Users\[user]\AppData\Roaming\Titanium\mobilesdk\win32\3.1.0.GA\android\androidsdk.py
   
   Replace its contents with this:
   
   <a href="https://raw.github.com/appcelerator/titanium_mobile/master/support/android/androidsdk.py" rel="nofollow" target="_blank">https://raw.github.com/appcelerator/titanium_mobile/master/support/android/androidsdk.py</a>
   
   Resolving as duplicate.</li>
<li>Mauro Parra-Miranda 2013-11-24

   Closing since it's a dup. </li>
</ol>


<p><a href="/AC/AC-2212.json">JSON Source</a></p>