{
	"id": "110098",
	"key": "AC-2104",
	"fields": {
		"issuetype": {
			"id": "1",
			"description": "A problem which impairs or prevents the functions of the product.",
			"name": "Bug",
			"subtask": false
		},
		"project": {
			"id": "12217",
			"key": "AC",
			"name": "Appcelerator - INBOX",
			"projectCategory": {
				"id": "10000",
				"description": "",
				"name": "Customer Service"
			}
		},
		"resolution": {
			"id": "11",
			"description": "Is not a bug in our product",
			"name": "Not Our Bug"
		},
		"resolutiondate": "2013-02-26T20:16:19.000+0000",
		"created": "2013-02-24T22:56:24.000+0000",
		"labels": [
			"SystemErrorwhilecompilingAndroidclasses.dex"
		],
		"versions": [],
		"issuelinks": [],
		"assignee": {
			"name": "mpmiranda",
			"key": "mpmiranda",
			"displayName": "Mauro Parra-Miranda",
			"active": true,
			"timeZone": "America/Mexico_City"
		},
		"updated": "2016-03-08T07:41:04.000+0000",
		"status": {
			"description": "The issue is considered finished, the resolution is correct. Issues which are closed can be reopened.",
			"name": "Closed",
			"id": "6",
			"statusCategory": {
				"id": 3,
				"key": "done",
				"colorName": "green",
				"name": "Done"
			}
		},
		"components": [
			{
				"id": "14551",
				"name": "Studio",
				"description": "Please enter tickets related to Titanium Studio here."
			},
			{
				"id": "14548",
				"name": "Titanium SDK & CLI",
				"description": "Please enter tickets related to the MobileSDK here."
			}
		],
		"description": "hi everyone!\r\n\r\nPlease, check it\r\n\r\nError description:\r\n\r\n[ERROR] System Error while compiling Android classes.dex\r\n[ERROR] Unable to open 'C: \\ Users \\ ludico8 \\ Desktop \\ MiBuild \\ MyTest4Me.apk' as zip archive\r\n\r\n\r\nI need help, I have several days of trying to solve this problem but can not find any solution, when I select \"Distribute - App Store\" from Titanium Studio tells me to enter the Keystore Location, ok, far everything is going well, (thanks to the following command i could create my Keystore)\r\nI understand that this key parameter must have, for example: \"alias\" is very important, \"PASSWORD\", among others. Here is the command that uses an example to guide me:\r\n\r\nkeytool-genkey-alias-keystore sector08 C: \\ Users \\ ludico8 \\. android \\ debug.keystore-keysize 2048-validity 10000\r\n\r\nThe problem comes after loading the key, throws the error I specified that the image attached to this issue.\r\n\r\nI hope you can help me, I need to fix, and I think I've tried everything: (",
		"attachment": [
			{
				"id": "35724",
				"filename": "bug1-  Android classesdex.png",
				"author": {
					"name": "ludico8",
					"key": "ludico8",
					"displayName": "diego",
					"active": true,
					"timeZone": "America/Los_Angeles"
				},
				"created": "2013-02-24T22:56:24.000+0000",
				"size": 66114,
				"mimeType": "image/png"
			}
		],
		"flagged": false,
		"summary": "Please   [ERROR] System Error while compiling Android classes.dex [ERROR] --  Unable to open 'C:\\Users\\ludico8\\Desktop\\MiBuild\\MyTest4Me.apk' as zip archive",
		"creator": {
			"name": "ludico8",
			"key": "ludico8",
			"displayName": "diego",
			"active": true,
			"timeZone": "America/Los_Angeles"
		},
		"subtasks": [],
		"reporter": {
			"name": "ludico8",
			"key": "ludico8",
			"displayName": "diego",
			"active": true,
			"timeZone": "America/Los_Angeles"
		},
		"environment": "On windows 7 x64\r\nAbout Titanium Studio:\r\nTitanium Studio, build: 3.0.2.201302191606\r\n(c) Copyright 2012-2013 by Appcelerator, Inc.  All rights reserved.\r\n\r\nBuild: jenkins-titanium-rcp-master-372 (origin/master)\r\nDate: 19 February 2013, 16:09:49\r\n\r\n",
		"comment": {
			"comments": [
				{
					"id": "239853",
					"author": {
						"name": "clathrop",
						"key": "clathrop",
						"displayName": "Carter Lathrop",
						"active": true,
						"timeZone": "America/Los_Angeles"
					},
					"body": "This does not seem like a bug, rather an issue on your end. Please search the Community QA for suggestions since other users have run into this before. \n\nhttp://developer.appcelerator.com/question/127964/error---system-error-while-compiling-android-classesdex\nhttp://developer.appcelerator.com/question/128580/error-while-compiling-android-classesdex\n\nit seems like you do not have the require Java JDK. have you reinstalled them and tried again? Please use Community QA as your outlet for such issues. ",
					"updateAuthor": {
						"name": "clathrop",
						"key": "clathrop",
						"displayName": "Carter Lathrop",
						"active": true,
						"timeZone": "America/Los_Angeles"
					},
					"created": "2013-02-26T20:15:55.000+0000",
					"updated": "2013-02-26T20:15:55.000+0000"
				}
			],
			"maxResults": 1,
			"total": 1,
			"startAt": 0
		}
	}
}