{
	"id": "119018",
	"key": "AC-2411",
	"fields": {
		"issuetype": {
			"id": "1",
			"description": "A problem which impairs or prevents the functions of the product.",
			"name": "Bug",
			"subtask": false
		},
		"project": {
			"id": "12217",
			"key": "AC",
			"name": "Appcelerator - INBOX",
			"projectCategory": {
				"id": "10000",
				"description": "",
				"name": "Customer Service"
			}
		},
		"resolution": {
			"id": "8",
			"description": "",
			"name": "Needs more info"
		},
		"resolutiondate": "2013-08-27T18:26:01.000+0000",
		"created": "2013-08-26T10:36:51.000+0000",
		"labels": [
			"android"
		],
		"versions": [],
		"issuelinks": [],
		"assignee": {
			"name": "mpmiranda",
			"key": "mpmiranda",
			"displayName": "Mauro Parra-Miranda",
			"active": true,
			"timeZone": "America/Mexico_City"
		},
		"updated": "2016-03-08T07:41:27.000+0000",
		"status": {
			"description": "The issue is considered finished, the resolution is correct. Issues which are closed can be reopened.",
			"name": "Closed",
			"id": "6",
			"statusCategory": {
				"id": 3,
				"key": "done",
				"colorName": "green",
				"name": "Done"
			}
		},
		"components": [
			{
				"id": "14551",
				"name": "Studio",
				"description": "Please enter tickets related to Titanium Studio here."
			}
		],
		"description": "When I try to run a sample program, it's showing the following error:\r\n\r\n{code}[ERROR] Exception occured while building Android project:\r\n[ERROR] Traceback (most recent call last):\r\n[ERROR]   File \"/root/.titanium/mobilesdk/linux/3.1.2.GA/android/builder.py\", line 2596, in <module>\r\n[ERROR]     builder.build_and_run(False, avd_id, debugger_host=debugger_host, profiler_host=profiler_host)\r\n[ERROR]   File \"/root/.titanium/mobilesdk/linux/3.1.2.GA/android/builder.py\", line 2400, in build_and_run\r\n[ERROR]     launched, launch_failed = self.package_and_deploy()\r\n[ERROR]   File \"/root/.titanium/mobilesdk/linux/3.1.2.GA/android/builder.py\", line 1881, in package_and_deploy\r\n[ERROR]     self.keystore_alias], protect_arg_positions=(6,))\r\n[ERROR]   File \"/root/.titanium/mobilesdk/linux/3.1.2.GA/android/run.py\", line 45, in run\r\n[ERROR]     process = subprocess.Popen(args, stderr=subprocess.PIPE, stdout=subprocess.PIPE)\r\n[ERROR]   File \"/usr/lib/python2.7/subprocess.py\", line 679, in __init__\r\n[ERROR]     errread, errwrite)\r\n[ERROR]   File \"/usr/lib/python2.7/subprocess.py\", line 1249, in _execute_child\r\n[ERROR]     raise child_exception\r\n[ERROR] OSError: [Errno 2] No such file or directory\r\n[ERROR] :  Build process exited with code 1\r\n[ERROR] :  Project failed to build after 29s 938ms\r\n[ERROR] Application Installer abnormal process termination. Process exit value was 1{code}",
		"attachment": [],
		"flagged": false,
		"summary": "Android: Error when trying to run sample on Fedora Linux",
		"creator": {
			"name": "jaddict",
			"key": "jaddict",
			"displayName": "Gowtham",
			"active": true,
			"timeZone": "Asia/Kolkata"
		},
		"subtasks": [],
		"reporter": {
			"name": "jaddict",
			"key": "jaddict",
			"displayName": "Gowtham",
			"active": true,
			"timeZone": "Asia/Kolkata"
		},
		"environment": "Titanium SDK 3.1.2.GA\r\nFedora Linux",
		"comment": {
			"comments": [
				{
					"id": "268416",
					"author": {
						"name": "dsefton",
						"key": "dsefton",
						"displayName": "Daniel Sefton",
						"active": true,
						"timeZone": "America/Los_Angeles"
					},
					"body": "Hi Gowtham,\r\n\r\nPlease attach your Studio log file and diagnostic:\r\n\r\n- Help -> Studio -> View Log File\r\n- Help -> Studio -> Run Diagnostic Test...\r\n\r\nAlso, have you made sure to install the Android SDKs through the SDK manager? (Run \"android\" in terminal) - API 8 and 10 are important\r\n\r\nFinally, which sample are you trying to run? e.g. a new Default Classic Project?\r\n\r\nThanks!",
					"updateAuthor": {
						"name": "dsefton",
						"key": "dsefton",
						"displayName": "Daniel Sefton",
						"active": true,
						"timeZone": "America/Los_Angeles"
					},
					"created": "2013-08-27T18:26:01.000+0000",
					"updated": "2013-08-27T18:26:57.000+0000"
				},
				{
					"id": "280867",
					"author": {
						"name": "jaddict",
						"key": "jaddict",
						"displayName": "Gowtham",
						"active": true,
						"timeZone": "Asia/Kolkata"
					},
					"body": "Its solved and its because of openjdk version and when I changed to oracle jdk. Problem gets solved. Thank you Daniel and Maura.",
					"updateAuthor": {
						"name": "jaddict",
						"key": "jaddict",
						"displayName": "Gowtham",
						"active": true,
						"timeZone": "Asia/Kolkata"
					},
					"created": "2013-11-23T07:55:45.000+0000",
					"updated": "2013-11-23T07:55:45.000+0000"
				}
			],
			"maxResults": 2,
			"total": 2,
			"startAt": 0
		}
	}
}