---
title: "[AC-2104] Please   [ERROR] System Error while compiling Android classes.dex [ERROR] --  Unable to open 'C:\Users\ludico8\Desktop\MiBuild\MyTest4Me.apk' as zip archive"
---
<table>
<tr><th>Type</th><td>Bug</td></tr>
<tr><th>Priority</th><td>n/a</td></tr>
<tr><th>Status</th><td>Closed</td></tr>
<tr><th>Resolution</th><td>Not Our Bug</td></tr>
<tr><th>Resolution Date</th><td>2013-02-26T20:16:19.000+0000</td></tr>
<tr><th>Affected Version/s</th><td>n/a</td></tr>
<tr><th>Fix Version/s</th><td>n/a</td></tr>
<tr><th>Components</th><td>Studio, Titanium SDK & CLI</td></tr>
<tr><th>Labels</th><td>SystemErrorwhilecompilingAndroidclasses.dex</td></tr>
<tr><th>Reporter</th><td>diego</td></tr>
<tr><th>Assignee</th><td>Mauro Parra-Miranda</td></tr>
<tr><th>Created</th><td>2013-02-24T22:56:24.000+0000</td></tr>
<tr><th>Updated</th><td>2016-03-08T07:41:04.000+0000</td></tr>
</table>

<h3>Description</h3>

hi everyone!

Please, check it

Error description:

[ERROR] System Error while compiling Android classes.dex
[ERROR] Unable to open 'C: \ Users \ ludico8 \ Desktop \ MiBuild \ MyTest4Me.apk' as zip archive


I need help, I have several days of trying to solve this problem but can not find any solution, when I select "Distribute - App Store" from Titanium Studio tells me to enter the Keystore Location, ok, far everything is going well, (thanks to the following command i could create my Keystore)
I understand that this key parameter must have, for example: "alias" is very important, "PASSWORD", among others. Here is the command that uses an example to guide me:

keytool-genkey-alias-keystore sector08 C: \ Users \ ludico8 \. android \ debug.keystore-keysize 2048-validity 10000

The problem comes after loading the key, throws the error I specified that the image attached to this issue.

I hope you can help me, I need to fix, and I think I've tried everything: (

<h3>Attachments</h3>

<table>
<thead>
<tr><th>File</th><th>Date</th><th>Size</th></tr><thead>
<tbody>
<tr><td><a href="https://jira-attachments.tisdk.com/AC/AC-2104_35724/bug1-  Android classesdex.png">bug1-  Android classesdex.png</td></td><td>2013-02-24T22:56:24.000+0000</td><td>66114</td></tr>
</tbody>
<table>

<h3>Comments</h3>

<ol>
<li>Carter Lathrop 2013-02-26

   This does not seem like a bug, rather an issue on your end. Please search the Community QA for suggestions since other users have run into this before. 
   
   <a href="http://developer.appcelerator.com/question/127964/error---system-error-while-compiling-android-classesdex" rel="nofollow" target="_blank">http://developer.appcelerator.com/question/127964/error---system-error-while-compiling-android-classesdex</a>
   <a href="http://developer.appcelerator.com/question/128580/error-while-compiling-android-classesdex" rel="nofollow" target="_blank">http://developer.appcelerator.com/question/128580/error-while-compiling-android-classesdex</a>
   
   it seems like you do not have the require Java JDK. have you reinstalled them and tried again? Please use Community QA as your outlet for such issues. </li>
</ol>


<p><a href="/AC/AC-2104.json">JSON Source</a></p>