---
title: "[AC-2660] iOS: Error: Cannot find module './analytics' when building with simulator"
---
<table>
<tr><th>Type</th><td>Bug</td></tr>
<tr><th>Priority</th><td>n/a</td></tr>
<tr><th>Status</th><td>Closed</td></tr>
<tr><th>Resolution</th><td>Needs more info</td></tr>
<tr><th>Resolution Date</th><td>2013-04-19T17:36:11.000+0000</td></tr>
<tr><th>Affected Version/s</th><td>n/a</td></tr>
<tr><th>Fix Version/s</th><td>n/a</td></tr>
<tr><th>Components</th><td>n/a</td></tr>
<tr><th>Labels</th><td>n/a</td></tr>
<tr><th>Reporter</th><td>Nilmar Castro</td></tr>
<tr><th>Assignee</th><td>Mauro Parra-Miranda</td></tr>
<tr><th>Created</th><td>2013-04-19T12:15:03.000+0000</td></tr>
<tr><th>Updated</th><td>2016-03-08T07:41:45.000+0000</td></tr>
</table>

<h3>Description</h3>

*Log*
<code><pre>[ERROR] :  Error: Cannot find module './analytics'
    at Module._resolveFilename (module.js:338:15)
    at Module._load (module.js:280:25)
    at Module.require (module.js:362:17)
    at require (module.js:378:17)
    at /Users/Usuario/Library/Application Support/Titanium/mobilesdk/osx/3.0.2.GA/node_modules/node-appc/lib/appc.js:51:34
    at Array.forEach (native)
    at Object.&lt;anonymous&gt; (/Users/Usuario/Library/Application Support/Titanium/mobilesdk/osx/3.0.2.GA/node_modules/node-appc/lib/appc.js:50:3)
    at Module._compile (module.js:449:26)
    at Module._extensions..js (module.js:467:10)
    at Module.load (module.js:356:32)
---------------------------------------------
    at exports.execFile (child_process.js:594:9)
    at exports.exec (child_process.js:481:18)
    at detectLocale (/usr/local/lib/node_modules/titanium/lib/titanium.js:53:4)
    at setLocale (/usr/local/lib/node_modules/titanium/lib/titanium.js:60:3)
    at /usr/local/lib/node_modules/titanium/lib/titanium.js:78:4
    at Object.&lt;anonymous&gt; (/usr/local/lib/node_modules/titanium/lib/titanium.js:85:3)
    at Module._compile (module.js:449:26)
    at Module._extensions..js (module.js:467:10)
[ERROR] Unable to find command "build"</pre></code>

<h3>Comments</h3>

<ol>
<li>Daniel Sefton 2013-04-19

   Hi Nilmar,
   
   A probable resolution to this is to upgrade your Studio and SDK to the latest 3.1 stable by heading to (Help -> Check for Updates) and (Help -> Check for Titanium Updates).
   
   If not, we need more information, including:
   
   > Titanium Studio log file and diagnostic (Help -> Titanium Studio -> View Log File) and (Help -> Titanium Studio -> Run Diagnostic Test...).
   > Whether this happens for all projects, including newly created ones with the project templates
   
   Thanks.</li>
<li>Nilmar Castro 2013-04-19

   Hi Daniel
   
   I'm using Titanium Studio, build: 3.1.0.201304171607
   
   The Log I have is:
   
   [Removed for size]</li>
<li>Daniel Sefton 2013-04-19

   Hi Nilmar,
   
   Sorry I had to remove the log file you posted, it's way too large for us to sift through :) Please can you go to (Help -> Titanium Studio -> Clear Log File), then try to build with the simulator again to get the error, and then attach the studio log file as studio.log (Edit -> Attachment...), and also the diagnostic.log at (Help -> Titanium Studio -> Run Diagnostic Test...)
   
   It looks like you have a CI build of studio (not stable)? And have you tried running it with 3.1 GA?
   
   Thanks!</li>
</ol>


<p><a href="/AC/AC-2660.json">JSON Source</a></p>