---
title: "[AC-2671] ERROR TO COMPILE IN TITANIUM SDK 3.1.0"
---
<table>
<tr><th>Type</th><td>Bug</td></tr>
<tr><th>Priority</th><td>n/a</td></tr>
<tr><th>Status</th><td>Closed</td></tr>
<tr><th>Resolution</th><td>Fixed</td></tr>
<tr><th>Resolution Date</th><td>2013-06-18T18:42:51.000+0000</td></tr>
<tr><th>Affected Version/s</th><td>n/a</td></tr>
<tr><th>Fix Version/s</th><td>n/a</td></tr>
<tr><th>Components</th><td>Titanium SDK & CLI</td></tr>
<tr><th>Labels</th><td>n/a</td></tr>
<tr><th>Reporter</th><td>JUAN SEGOVIA</td></tr>
<tr><th>Assignee</th><td>Mauro Parra-Miranda</td></tr>
<tr><th>Created</th><td>2013-06-14T21:01:49.000+0000</td></tr>
<tr><th>Updated</th><td>2016-03-08T07:41:46.000+0000</td></tr>
</table>

<h3>Description</h3>



<h3>Comments</h3>

<ol>
<li>Daniel Sefton 2013-06-14

   Hi,
   
   Please check your python version with the following Terminal command:
   
   <code><pre>python --version</pre></code>
   
   You should either have 2.6.x or 2.7.x installed. Other versions probably won't work.
   
   If you have a valid python version installed, then I'll need to you attach your Studio log file and diagnostic, found at Help -> Studio -> View Log File & Run Diagnostic Test...</li>
<li>JUAN SEGOVIA 2013-06-14

   Your help, Now I get the following error:
   [ERROR] Exception occured while building Android project:
   [ERROR] Traceback (most recent call last):
   [ERROR]   File "C:\Users\JC\AppData\Roaming\Titanium\mobilesdk\win32\3.1.0.GA\android\builder.py", line 2528, in <module>
   [ERROR]     builder.build_and_run(False, avd_id, debugger_host=debugger_host, profiler_host=profiler_host)
   [ERROR]   File "C:\Users\JC\AppData\Roaming\Titanium\mobilesdk\win32\3.1.0.GA\android\builder.py", line 2264, in build_and_run
   [ERROR]     self.manifest_changed = self.generate_android_manifest(compiler)
   [ERROR]   File "C:\Users\JC\AppData\Roaming\Titanium\mobilesdk\win32\3.1.0.GA\android\builder.py", line 1404, in generate_android_manifest
   [ERROR]     '-I', self.android_jar], warning_regex=r'skipping')
   [ERROR]   File "C:\Users\JC\AppData\Roaming\Titanium\mobilesdk\win32\3.1.0.GA\android\run.py", line 38, in run
   [ERROR]     print "[DEBUG] %s" % subprocess.list2cmdline(args_to_log)
   [ERROR]   File "C:\Python27\lib\subprocess.py", line 618, in list2cmdline
   [ERROR]     needquote = (" " in arg) or ("\t" in arg) or not arg
   [ERROR] TypeError: argument of type 'NoneType' is not iterable
   [ERROR] :  Build process exited with code 1
   [ERROR] :  Project failed to build after 30s 446ms</li>
<li>Daniel Sefton 2013-06-17

   Hi Juan,
   
   You're in luck because we fixed this issue for 3.1.1 which has been released today: <a href="http://developer.appcelerator.com/blog/2013/06/announcing-titanium-3-1-1-production-release.html" rel="nofollow" target="_blank">http://developer.appcelerator.com/blog/2013/06/announcing-titanium-3-1-1-production-release.html</a>
   
   So simply upgrading should fix the problem.
   
   Here's more info: TIMOB-13944
   
   And here's a workaround for pre-3.1.1 releases just encase: <a href="http://developer.appcelerator.com/question/152497/titanium-sdk-310-error-typeerror-argument-of-type-nonetype-is-not-iterable-on-building-android-app" rel="nofollow" target="_blank">http://developer.appcelerator.com/question/152497/titanium-sdk-310-error-typeerror-argument-of-type-nonetype-is-not-iterable-on-building-android-app</a></li>
</ol>


<p><a href="/AC/AC-2671.json">JSON Source</a></p>