---
title: "[AC-2411] Android: Error when trying to run sample on Fedora Linux"
---
<table>
<tr><th>Type</th><td>Bug</td></tr>
<tr><th>Priority</th><td>n/a</td></tr>
<tr><th>Status</th><td>Closed</td></tr>
<tr><th>Resolution</th><td>Needs more info</td></tr>
<tr><th>Resolution Date</th><td>2013-08-27T18:26:01.000+0000</td></tr>
<tr><th>Affected Version/s</th><td>n/a</td></tr>
<tr><th>Fix Version/s</th><td>n/a</td></tr>
<tr><th>Components</th><td>Studio</td></tr>
<tr><th>Labels</th><td>android</td></tr>
<tr><th>Reporter</th><td>Gowtham</td></tr>
<tr><th>Assignee</th><td>Mauro Parra-Miranda</td></tr>
<tr><th>Created</th><td>2013-08-26T10:36:51.000+0000</td></tr>
<tr><th>Updated</th><td>2016-03-08T07:41:27.000+0000</td></tr>
</table>

<h3>Description</h3>

When I try to run a sample program, it's showing the following error:

<code><pre>[ERROR] Exception occured while building Android project:
[ERROR] Traceback (most recent call last):
[ERROR]   File "/root/.titanium/mobilesdk/linux/3.1.2.GA/android/builder.py", line 2596, in &lt;module&gt;
[ERROR]     builder.build_and_run(False, avd_id, debugger_host=debugger_host, profiler_host=profiler_host)
[ERROR]   File "/root/.titanium/mobilesdk/linux/3.1.2.GA/android/builder.py", line 2400, in build_and_run
[ERROR]     launched, launch_failed = self.package_and_deploy()
[ERROR]   File "/root/.titanium/mobilesdk/linux/3.1.2.GA/android/builder.py", line 1881, in package_and_deploy
[ERROR]     self.keystore_alias], protect_arg_positions=(6,))
[ERROR]   File "/root/.titanium/mobilesdk/linux/3.1.2.GA/android/run.py", line 45, in run
[ERROR]     process = subprocess.Popen(args, stderr=subprocess.PIPE, stdout=subprocess.PIPE)
[ERROR]   File "/usr/lib/python2.7/subprocess.py", line 679, in __init__
[ERROR]     errread, errwrite)
[ERROR]   File "/usr/lib/python2.7/subprocess.py", line 1249, in _execute_child
[ERROR]     raise child_exception
[ERROR] OSError: [Errno 2] No such file or directory
[ERROR] :  Build process exited with code 1
[ERROR] :  Project failed to build after 29s 938ms
[ERROR] Application Installer abnormal process termination. Process exit value was 1</pre></code>

<h3>Comments</h3>

<ol>
<li>Daniel Sefton 2013-08-27

   Hi Gowtham,
   
   Please attach your Studio log file and diagnostic:
   
   - Help -> Studio -> View Log File
   - Help -> Studio -> Run Diagnostic Test...
   
   Also, have you made sure to install the Android SDKs through the SDK manager? (Run "android" in terminal) - API 8 and 10 are important
   
   Finally, which sample are you trying to run? e.g. a new Default Classic Project?
   
   Thanks!</li>
<li>Gowtham 2013-11-23

   Its solved and its because of openjdk version and when I changed to oracle jdk. Problem gets solved. Thank you Daniel and Maura.</li>
</ol>


<p><a href="/AC/AC-2411.json">JSON Source</a></p>