---
title: "[AC-2464] When I start a android emulator I got this error, can anyone help me?"
---
<table>
<tr><th>Type</th><td>Bug</td></tr>
<tr><th>Priority</th><td>n/a</td></tr>
<tr><th>Status</th><td>Closed</td></tr>
<tr><th>Resolution</th><td>Duplicate</td></tr>
<tr><th>Resolution Date</th><td>2013-04-20T16:00:53.000+0000</td></tr>
<tr><th>Affected Version/s</th><td>n/a</td></tr>
<tr><th>Fix Version/s</th><td>n/a</td></tr>
<tr><th>Components</th><td>n/a</td></tr>
<tr><th>Labels</th><td>n/a</td></tr>
<tr><th>Reporter</th><td>Nilmar Castro</td></tr>
<tr><th>Assignee</th><td>Shak Hossain</td></tr>
<tr><th>Created</th><td>2013-04-19T12:04:06.000+0000</td></tr>
<tr><th>Updated</th><td>2016-03-08T07:41:30.000+0000</td></tr>
</table>

<h3>Description</h3>

*Log*
<code><pre>
[ERROR] :  Error: Cannot find module './analytics'
    at Module._resolveFilename (module.js:338:15)
    at Module._load (module.js:280:25)
    at Module.require (module.js:362:17)
    at require (module.js:378:17)
    at /Users/Usuario/Library/Application Support/Titanium/mobilesdk/osx/3.0.2.GA/node_modules/node-appc/lib/appc.js:51:34
    at Array.forEach (native)
    at Object.&lt;anonymous&gt; (/Users/Usuario/Library/Application Support/Titanium/mobilesdk/osx/3.0.2.GA/node_modules/node-appc/lib/appc.js:50:3)
    at Module._compile (module.js:449:26)
    at Module._extensions..js (module.js:467:10)
    at Module.load (module.js:356:32)
---------------------------------------------
    at exports.execFile (child_process.js:594:9)
    at exports.exec (child_process.js:481:18)
    at detectLocale (/usr/local/lib/node_modules/titanium/lib/titanium.js:53:4)
    at setLocale (/usr/local/lib/node_modules/titanium/lib/titanium.js:60:3)
    at /usr/local/lib/node_modules/titanium/lib/titanium.js:78:4
    at Object.&lt;anonymous&gt; (/usr/local/lib/node_modules/titanium/lib/titanium.js:85:3)
    at Module._compile (module.js:449:26)
    at Module._extensions..js (module.js:467:10)

[ERROR] Unable to find command "build"

[ERROR] Application Installer abnormal process termination. Process exit value was 1
</pre></code>

<h3>Comments</h3>

<ol>
<li>Daniel Sefton 2013-04-20

   Closing as duplicate of TC-2170.</li>
</ol>


<p><a href="/AC/AC-2464.json">JSON Source</a></p>