{
	"id": "113124",
	"key": "AC-2660",
	"fields": {
		"issuetype": {
			"id": "1",
			"description": "A problem which impairs or prevents the functions of the product.",
			"name": "Bug",
			"subtask": false
		},
		"project": {
			"id": "12217",
			"key": "AC",
			"name": "Appcelerator - INBOX",
			"projectCategory": {
				"id": "10000",
				"description": "",
				"name": "Customer Service"
			}
		},
		"resolution": {
			"id": "8",
			"description": "",
			"name": "Needs more info"
		},
		"resolutiondate": "2013-04-19T17:36:11.000+0000",
		"created": "2013-04-19T12:15:03.000+0000",
		"labels": [],
		"versions": [],
		"issuelinks": [
			{
				"id": "27984",
				"type": {
					"id": "10002",
					"name": "Duplicate",
					"inward": "is duplicated by",
					"outward": "duplicates"
				},
				"outwardIssue": {
					"id": "113122",
					"key": "AC-2464",
					"fields": {
						"summary": "When I start a android emulator I got this error, can anyone help me?",
						"status": {
							"description": "The issue is considered finished, the resolution is correct. Issues which are closed can be reopened.",
							"name": "Closed",
							"id": "6",
							"statusCategory": {
								"id": 3,
								"key": "done",
								"colorName": "green",
								"name": "Done"
							}
						},
						"issuetype": {
							"id": "1",
							"description": "A problem which impairs or prevents the functions of the product.",
							"name": "Bug",
							"subtask": false
						}
					}
				}
			}
		],
		"assignee": {
			"name": "mpmiranda",
			"key": "mpmiranda",
			"displayName": "Mauro Parra-Miranda",
			"active": true,
			"timeZone": "America/Mexico_City"
		},
		"updated": "2016-03-08T07:41:45.000+0000",
		"status": {
			"description": "The issue is considered finished, the resolution is correct. Issues which are closed can be reopened.",
			"name": "Closed",
			"id": "6",
			"statusCategory": {
				"id": 3,
				"key": "done",
				"colorName": "green",
				"name": "Done"
			}
		},
		"components": [],
		"description": "*Log*\r\n{code}[ERROR] :  Error: Cannot find module './analytics'\r\n    at Module._resolveFilename (module.js:338:15)\r\n    at Module._load (module.js:280:25)\r\n    at Module.require (module.js:362:17)\r\n    at require (module.js:378:17)\r\n    at /Users/Usuario/Library/Application Support/Titanium/mobilesdk/osx/3.0.2.GA/node_modules/node-appc/lib/appc.js:51:34\r\n    at Array.forEach (native)\r\n    at Object.<anonymous> (/Users/Usuario/Library/Application Support/Titanium/mobilesdk/osx/3.0.2.GA/node_modules/node-appc/lib/appc.js:50:3)\r\n    at Module._compile (module.js:449:26)\r\n    at Module._extensions..js (module.js:467:10)\r\n    at Module.load (module.js:356:32)\r\n---------------------------------------------\r\n    at exports.execFile (child_process.js:594:9)\r\n    at exports.exec (child_process.js:481:18)\r\n    at detectLocale (/usr/local/lib/node_modules/titanium/lib/titanium.js:53:4)\r\n    at setLocale (/usr/local/lib/node_modules/titanium/lib/titanium.js:60:3)\r\n    at /usr/local/lib/node_modules/titanium/lib/titanium.js:78:4\r\n    at Object.<anonymous> (/usr/local/lib/node_modules/titanium/lib/titanium.js:85:3)\r\n    at Module._compile (module.js:449:26)\r\n    at Module._extensions..js (module.js:467:10)\r\n[ERROR] Unable to find command \"build\"{code}",
		"attachment": [],
		"flagged": false,
		"summary": "iOS: Error: Cannot find module './analytics' when building with simulator",
		"creator": {
			"name": "nilmarpublio@gmail.com",
			"key": "nilmarpublio@gmail.com",
			"displayName": "Nilmar Castro",
			"active": true,
			"timeZone": "America/Sao_Paulo"
		},
		"subtasks": [],
		"reporter": {
			"name": "nilmarpublio@gmail.com",
			"key": "nilmarpublio@gmail.com",
			"displayName": "Nilmar Castro",
			"active": true,
			"timeZone": "America/Sao_Paulo"
		},
		"environment": "OSX Mountain Lion\r\niOS simulator\r\nTi SDK 3.0.2 GA",
		"comment": {
			"comments": [
				{
					"id": "248386",
					"author": {
						"name": "dsefton",
						"key": "dsefton",
						"displayName": "Daniel Sefton",
						"active": true,
						"timeZone": "America/Los_Angeles"
					},
					"body": "Hi Nilmar,\r\n\r\nA probable resolution to this is to upgrade your Studio and SDK to the latest 3.1 stable by heading to (Help -> Check for Updates) and (Help -> Check for Titanium Updates).\r\n\r\nIf not, we need more information, including:\r\n\r\n> Titanium Studio log file and diagnostic (Help -> Titanium Studio -> View Log File) and (Help -> Titanium Studio -> Run Diagnostic Test...).\r\n> Whether this happens for all projects, including newly created ones with the project templates\r\n\r\nThanks.",
					"updateAuthor": {
						"name": "dsefton",
						"key": "dsefton",
						"displayName": "Daniel Sefton",
						"active": true,
						"timeZone": "America/Los_Angeles"
					},
					"created": "2013-04-19T17:36:11.000+0000",
					"updated": "2013-04-19T17:36:11.000+0000"
				},
				{
					"id": "248393",
					"author": {
						"name": "nilmarpublio@gmail.com",
						"key": "nilmarpublio@gmail.com",
						"displayName": "Nilmar Castro",
						"active": true,
						"timeZone": "America/Sao_Paulo"
					},
					"body": "Hi Daniel\r\n\r\nI'm using Titanium Studio, build: 3.1.0.201304171607\r\n\r\nThe Log I have is:\r\n\r\n[Removed for size]",
					"updateAuthor": {
						"name": "dsefton",
						"key": "dsefton",
						"displayName": "Daniel Sefton",
						"active": true,
						"timeZone": "America/Los_Angeles"
					},
					"created": "2013-04-19T17:54:46.000+0000",
					"updated": "2013-04-19T18:02:56.000+0000"
				},
				{
					"id": "248398",
					"author": {
						"name": "dsefton",
						"key": "dsefton",
						"displayName": "Daniel Sefton",
						"active": true,
						"timeZone": "America/Los_Angeles"
					},
					"body": "Hi Nilmar,\n\nSorry I had to remove the log file you posted, it's way too large for us to sift through :) Please can you go to (Help -> Titanium Studio -> Clear Log File), then try to build with the simulator again to get the error, and then attach the studio log file as studio.log (Edit -> Attachment...), and also the diagnostic.log at (Help -> Titanium Studio -> Run Diagnostic Test...)\n\nIt looks like you have a CI build of studio (not stable)? And have you tried running it with 3.1 GA?\n\nThanks!",
					"updateAuthor": {
						"name": "dsefton",
						"key": "dsefton",
						"displayName": "Daniel Sefton",
						"active": true,
						"timeZone": "America/Los_Angeles"
					},
					"created": "2013-04-19T18:05:45.000+0000",
					"updated": "2013-04-19T18:05:45.000+0000"
				}
			],
			"maxResults": 3,
			"total": 3,
			"startAt": 0
		}
	}
}