---
title: "[AC-2076] Titanium Mobile fails to build to iPhone Device"
---
<table>
<tr><th>Type</th><td>Bug</td></tr>
<tr><th>Priority</th><td>n/a</td></tr>
<tr><th>Status</th><td>Closed</td></tr>
<tr><th>Resolution</th><td>Needs more info</td></tr>
<tr><th>Resolution Date</th><td>2013-03-22T16:26:10.000+0000</td></tr>
<tr><th>Affected Version/s</th><td>n/a</td></tr>
<tr><th>Fix Version/s</th><td>n/a</td></tr>
<tr><th>Components</th><td>Studio, Titanium SDK & CLI</td></tr>
<tr><th>Labels</th><td>SDK, build, error, ios, mobile</td></tr>
<tr><th>Reporter</th><td>Colton Arabsky</td></tr>
<tr><th>Assignee</th><td>Davide Cassenti</td></tr>
<tr><th>Created</th><td>2013-03-21T23:58:21.000+0000</td></tr>
<tr><th>Updated</th><td>2016-03-08T07:41:02.000+0000</td></tr>
</table>

<h3>Description</h3>

Build the project for device testing, Titanium Studio errors with the following:

<code><pre>
[ERROR] :  ** BUILD FAILED **
[ERROR] :  The following build commands failed:
[ERROR] :  	CompileC Classes/ApplicationRouting.m normal armv7 objective-c com.apple.compilers.llvm.clang.1_0.compiler
[ERROR] :  (1 failure)
</pre></code>

I turned on Trace and got the following errors:
<code><pre>
[TRACE] :  /Users/coltonarabsky/Documents/App Development/Titanium Studio Workspace/MyProject/build/iphone/Classes/ApplicationRouting.m:4792:2: error: unexpected interface name 'NSNumber': expected expression
[TRACE] :          NSNumber *index = [map objectForKey:path];
[TRACE] :          ^
[TRACE] :  /Users/coltonarabsky/Documents/App Development/Titanium Studio Workspace/MyProject/build/iphone/Classes/ApplicationRouting.m:4792:21: error: use of undeclared identifier 'map'
[TRACE] :          NSNumber *index = [map objectForKey:path];
[TRACE] :                             ^
[TRACE] :  /Users/coltonarabsky/Documents/App Development/Titanium Studio Workspace/MyProject/build/iphone/Classes/ApplicationRouting.m:4797:5: error: expected ';' at end of declaration
[TRACE] :  @end
[TRACE] :      ^
[TRACE] :      ;
[TRACE] :  /Users/coltonarabsky/Documents/App Development/Titanium Studio Workspace/MyProject/build/iphone/Classes/ApplicationRouting.m:4797:5: error: expected '}'
[TRACE] :  /Users/coltonarabsky/Documents/App Development/Titanium Studio Workspace/MyProject/build/iphone/Classes/ApplicationRouting.m:18:1: note: to match this '{'
[TRACE] :  {
[TRACE] :  ^
[TRACE] :  /Users/coltonarabsky/Documents/App Development/Titanium Studio Workspace/MyProject/build/iphone/Classes/ApplicationRouting.m:4797:5: error: missing '@end'
[TRACE] :  @end
[TRACE] :      ^
[TRACE] :  /Users/coltonarabsky/Documents/App Development/Titanium Studio Workspace/MyProject/build/iphone/Classes/ApplicationRouting.m:15:1: note: implementation started here
[TRACE] :  @implementation ApplicationRouting
[TRACE] :  ^
[TRACE] :  5 errors generated.
</pre></code>

<h3>Comments</h3>

<ol>
<li>Davide Cassenti 2013-03-22

   Hello,
   
   Can you please post more information about your project? Does it happpen with an empty project as well? Are you using Studio?</li>
<li>Shak Hossain 2013-12-09

   Since We have not heard back from you in a while, we are not sure if you still get the error you reported. The associated platform bug TiMOB-13984 has been fixed. Therefore, we believe your issue might be fixed as well. If not, please send us details so that we can take next necessary step to fix. </li>
</ol>


<p><a href="/AC/AC-2076.json">JSON Source</a></p>