---
title: "[AC-2614] Error building Alloy app on OSX 10.8.5 with 3.1.3GA"
---
<table>
<tr><th>Type</th><td>Bug</td></tr>
<tr><th>Priority</th><td>n/a</td></tr>
<tr><th>Status</th><td>Closed</td></tr>
<tr><th>Resolution</th><td>Cannot Reproduce</td></tr>
<tr><th>Resolution Date</th><td>2013-12-04T05:52:56.000+0000</td></tr>
<tr><th>Affected Version/s</th><td>n/a</td></tr>
<tr><th>Fix Version/s</th><td>n/a</td></tr>
<tr><th>Components</th><td>Alloy</td></tr>
<tr><th>Labels</th><td>n/a</td></tr>
<tr><th>Reporter</th><td>Alex Bernier</td></tr>
<tr><th>Assignee</th><td>Eric Wieber</td></tr>
<tr><th>Created</th><td>2013-11-13T09:01:33.000+0000</td></tr>
<tr><th>Updated</th><td>2016-03-08T07:41:42.000+0000</td></tr>
</table>

<h3>Description</h3>

I receive the following error when trying to deploy to simulator as well as when running the Ad Hoc Distribution build.

<code><pre> 
[INFO] :   Executing Alloy compile: /usr/local/bin/node  compile /Users/blah/Documents/Titanium_Studio_Workspace/blah_mobile/app --config platform=ios,version=0,simtype=none,devicefamily=iphone,deploytype=development
[DEBUG] :  module.js:340
[DEBUG] :      throw err;
[DEBUG] :            ^
[ERROR] :  : Cannot find module '/Users/blah/Documents/Titanium_Studio_Workspace/blah_mobile/undefined'
[DEBUG] :      at Function.Module._resolveFilename (module.js:338:15)
[DEBUG] :      at Function.Module._load (module.js:280:25)
[DEBUG] :      at Function.Module.runMain (module.js:497:10)
[DEBUG] :      at startup (node.js:119:16)
[DEBUG] :      at node.js:901:3
[ERROR] :  Alloy compiler failed
</pre></code>

<h3>Comments</h3>

<ol>
<li>Alex Bernier 2013-11-13

   I asked the community a couple of days ago here, without response: <a href="http://developer.appcelerator.com/question/159358/ios-cannot-find-module-undefined-modulejs-line-340" rel="nofollow" target="_blank">http://developer.appcelerator.com/question/159358/ios-cannot-find-module-undefined-modulejs-line-340</a></li>
<li>Eric Wieber 2013-12-03

   Hello Alejandro,
   
   Unfortunately, I am unable to reproduce your issue and can run apps both with and without modules on the iOS Simulator and on iOS devices.
   I did these tests on a 10.8.5 Mac using Ti SDK 3.1.3.GA and iOS SDK 7.0 and 6.1.
   
   Could you please provide some sample code or a test case that we can use to see the error you are encountering?
   Also, does the app you are trying to run use any modules? If so, which modules and are they installed properly/fully?</li>
<li>Alex Bernier 2013-12-03

   Hi Eric, thank you for looking into it. I upgraded to Studio 3.2 and no longer see the issue, BTW.
   
   Here are the modules my project is using. They have been the same before and after the issue. For that reason I don't think they're the culprit, and something else with the build was causing the issue:
   
   <code><pre>
   	&lt;modules&gt;
   		&lt;module platform="commonjs"&gt;ti.cloud&lt;/module&gt;
   		&lt;module platform="android"&gt;ti.cloudpush&lt;/module&gt;
   		&lt;module&gt;ti.styledlabel&lt;/module&gt;
   		&lt;module&gt;analytics.google&lt;/module&gt;
   		&lt;module&gt;ti.imagefactory&lt;/module&gt;
   		&lt;module&gt;ti.newrelic&lt;/module&gt;
   		&lt;module&gt;facebook&lt;/module&gt;
   	&lt;/modules&gt;
   </pre></code>
   
   Considering Studio 3.2 is almost GA, the issue isn't present in current Studio 3.2 builds, you're unable to reproduce, and I didn't find any similar "cannot find module 'undefined'" errors on the Q&A boards, I would completely understand if this was closed as "won't fix" or "not reproducible."</li>
</ol>


<p><a href="/AC/AC-2614.json">JSON Source</a></p>