{
	"id": "167811",
	"key": "AC-4972",
	"fields": {
		"issuetype": {
			"id": "1",
			"description": "A problem which impairs or prevents the functions of the product.",
			"name": "Bug",
			"subtask": false
		},
		"project": {
			"id": "12217",
			"key": "AC",
			"name": "Appcelerator - INBOX",
			"projectCategory": {
				"id": "10000",
				"description": "",
				"name": "Customer Service"
			}
		},
		"resolution": {
			"id": "1",
			"description": "A fix for this issue is checked into the tree and tested.",
			"name": "Fixed"
		},
		"resolutiondate": "2017-05-22T18:53:52.000+0000",
		"created": "2017-05-19T14:46:53.000+0000",
		"labels": [],
		"versions": [],
		"issuelinks": [],
		"assignee": {
			"name": "shossain",
			"key": "shossain",
			"displayName": "Shak Hossain",
			"active": false,
			"timeZone": "America/Los_Angeles"
		},
		"updated": "2017-05-22T18:53:52.000+0000",
		"status": {
			"description": "The issue is considered finished, the resolution is correct. Issues which are closed can be reopened.",
			"name": "Closed",
			"id": "6",
			"statusCategory": {
				"id": 3,
				"key": "done",
				"colorName": "green",
				"name": "Done"
			}
		},
		"components": [],
		"description": "h3. Steps to Reproduce\nI'm trying to setup hyperloop inside of my alloy project. After that I can't build my project. I receive the following error:\n[ERROR] :  An error occurred during build after 48s 115ms\n[ERROR] :  Assigning to rvalue (2684:63)\n\nh3. Actual Result\n[ERROR] :  An error occurred during build after 48s 115ms\n[ERROR] :  Assigning to rvalue (2684:63)\n\nh3. Expected Result\nno error",
		"attachment": [
			{
				"id": "62253",
				"filename": ".log",
				"author": {
					"name": "dbenhenni",
					"key": "dbenhenni",
					"displayName": "dbenhenni",
					"active": true,
					"timeZone": "America/Los_Angeles"
				},
				"created": "2017-05-19T14:46:57.000+0000",
				"size": 3800319,
				"mimeType": "text/plain"
			},
			{
				"id": "62254",
				"filename": "diagnostic5320298380023530125.log",
				"author": {
					"name": "dbenhenni",
					"key": "dbenhenni",
					"displayName": "dbenhenni",
					"active": true,
					"timeZone": "America/Los_Angeles"
				},
				"created": "2017-05-19T14:47:06.000+0000",
				"size": 154547,
				"mimeType": "text/plain"
			}
		],
		"flagged": false,
		"summary": "Error: Assigning to rvalue after installing Hyperloop Module",
		"creator": {
			"name": "dbenhenni",
			"key": "dbenhenni",
			"displayName": "dbenhenni",
			"active": true,
			"timeZone": "America/Los_Angeles"
		},
		"subtasks": [],
		"reporter": {
			"name": "dbenhenni",
			"key": "dbenhenni",
			"displayName": "dbenhenni",
			"active": true,
			"timeZone": "America/Los_Angeles"
		},
		"environment": "Appcelerator Studio 4.8.1",
		"comment": {
			"comments": [
				{
					"id": "420040",
					"author": {
						"name": "sdarda",
						"key": "sdarda",
						"displayName": "Sharif AbuDarda",
						"active": false,
						"timeZone": "Asia/Dhaka"
					},
					"body": "Hello, Can you provide a sample code that you ware testing? Thanks",
					"updateAuthor": {
						"name": "sdarda",
						"key": "sdarda",
						"displayName": "Sharif AbuDarda",
						"active": false,
						"timeZone": "Asia/Dhaka"
					},
					"created": "2017-05-19T14:57:00.000+0000",
					"updated": "2017-05-19T14:57:00.000+0000"
				},
				{
					"id": "420041",
					"author": {
						"name": "dbenhenni",
						"key": "dbenhenni",
						"displayName": "dbenhenni",
						"active": true,
						"timeZone": "America/Los_Angeles"
					},
					"body": "I didn't even start doing any test. Just took my existing project, open tiapp.xml and add and enable the hyperloop module. Edit the xml file with the <property name=\"run-on-main-thread\" type=\"bool\">true</property> property and saved it. After that trying to run my projects results in the above error message. After uninstall the hyperloop module my project starts without any error.",
					"updateAuthor": {
						"name": "dbenhenni",
						"key": "dbenhenni",
						"displayName": "dbenhenni",
						"active": true,
						"timeZone": "America/Los_Angeles"
					},
					"created": "2017-05-19T15:06:15.000+0000",
					"updated": "2017-05-19T15:06:15.000+0000"
				},
				{
					"id": "420110",
					"author": {
						"name": "dbenhenni",
						"key": "dbenhenni",
						"displayName": "dbenhenni",
						"active": true,
						"timeZone": "America/Los_Angeles"
					},
					"body": "@Sharif AbuDarda I finally found the reason by try and error search. Inside of a Viewcontroller (I'm working with Alloy) I had a userdefined getValue-Function-Call and I had assigned a value to this functioncall:\r\n\r\n$.textfield.c_getValue = 0\r\n\r\nDon't know why this did not crash without Hyperloop Module. I've already corrected the code and now the error message disappears. You can close this ticket.",
					"updateAuthor": {
						"name": "dbenhenni",
						"key": "dbenhenni",
						"displayName": "dbenhenni",
						"active": true,
						"timeZone": "America/Los_Angeles"
					},
					"created": "2017-05-22T12:12:24.000+0000",
					"updated": "2017-05-22T12:12:24.000+0000"
				}
			],
			"maxResults": 4,
			"total": 4,
			"startAt": 0
		}
	}
}