---
title: "[AC-4972] Error: Assigning to rvalue after installing Hyperloop Module"
---
<table>
<tr><th>Type</th><td>Bug</td></tr>
<tr><th>Priority</th><td>n/a</td></tr>
<tr><th>Status</th><td>Closed</td></tr>
<tr><th>Resolution</th><td>Fixed</td></tr>
<tr><th>Resolution Date</th><td>2017-05-22T18:53:52.000+0000</td></tr>
<tr><th>Affected Version/s</th><td>n/a</td></tr>
<tr><th>Fix Version/s</th><td>n/a</td></tr>
<tr><th>Components</th><td>n/a</td></tr>
<tr><th>Labels</th><td>n/a</td></tr>
<tr><th>Reporter</th><td>dbenhenni</td></tr>
<tr><th>Assignee</th><td>Shak Hossain</td></tr>
<tr><th>Created</th><td>2017-05-19T14:46:53.000+0000</td></tr>
<tr><th>Updated</th><td>2017-05-22T18:53:52.000+0000</td></tr>
</table>

<h3>Description</h3>

<h4>Steps to Reproduce</h4>
I'm trying to setup hyperloop inside of my alloy project. After that I can't build my project. I receive the following error:
[ERROR] :  An error occurred during build after 48s 115ms
[ERROR] :  Assigning to rvalue (2684:63)

<h4>Actual Result</h4>
[ERROR] :  An error occurred during build after 48s 115ms
[ERROR] :  Assigning to rvalue (2684:63)

<h4>Expected Result</h4>
no error

<h3>Attachments</h3>

<table>
<thead>
<tr><th>File</th><th>Date</th><th>Size</th></tr><thead>
<tbody>
<tr><td><a href="https://jira-attachments.tisdk.com/AC/AC-4972_62253/.log">.log</td></td><td>2017-05-19T14:46:57.000+0000</td><td>3800319</td></tr>
<tr><td><a href="https://jira-attachments.tisdk.com/AC/AC-4972_62254/diagnostic5320298380023530125.log">diagnostic5320298380023530125.log</td></td><td>2017-05-19T14:47:06.000+0000</td><td>154547</td></tr>
</tbody>
<table>

<h3>Comments</h3>

<ol>
<li>Sharif AbuDarda 2017-05-19

   Hello, Can you provide a sample code that you ware testing? Thanks</li>
<li>dbenhenni 2017-05-19

   I didn't even start doing any test. Just took my existing project, open tiapp.xml and add and enable the hyperloop module. Edit the xml file with the <property name="run-on-main-thread" type="bool">true</property> property and saved it. After that trying to run my projects results in the above error message. After uninstall the hyperloop module my project starts without any error.</li>
<li>dbenhenni 2017-05-22

   @Sharif AbuDarda I finally found the reason by try and error search. Inside of a Viewcontroller (I'm working with Alloy) I had a userdefined getValue-Function-Call and I had assigned a value to this functioncall:
   
   $.textfield.c_getValue = 0
   
   Don't know why this did not crash without Hyperloop Module. I've already corrected the code and now the error message disappears. You can close this ticket.</li>
</ol>


<p><a href="/AC/AC-4972.json">JSON Source</a></p>