---
title: "[TIMOB-26840] iOS: The xcode project created upon build of titanium project gives error when run to iOS device"
---
<table>
<tr><th>Type</th><td>Bug</td></tr>
<tr><th>Priority</th><td>None</td></tr>
<tr><th>Status</th><td>Resolved</td></tr>
<tr><th>Resolution</th><td>Duplicate</td></tr>
<tr><th>Resolution Date</th><td>2019-02-28T21:07:47.000+0000</td></tr>
<tr><th>Affected Version/s</th><td>Release 8.0.0</td></tr>
<tr><th>Fix Version/s</th><td>n/a</td></tr>
<tr><th>Components</th><td>iOS</td></tr>
<tr><th>Labels</th><td>regression</td></tr>
<tr><th>Reporter</th><td>Satyam Sekhri</td></tr>
<tr><th>Assignee</th><td>Unknown</td></tr>
<tr><th>Created</th><td>2019-02-21T00:56:09.000+0000</td></tr>
<tr><th>Updated</th><td>2019-02-28T21:07:58.000+0000</td></tr>
</table>

<h3>Description</h3>

When we build a titanium mobile project using Ti SDK 8.0 the Xcode project created in the builds folder runs the project on device with errors.
This does not happen when we build project using Ti DK 7.5.0

Steps to reproduce:
1. Create a default titanium project
2. Build it for iOS
3. Open the xcode project created under /build/iphone/
4. Run that project to a iOS device

Actual Result:
An error is shown when the app is run
<code><pre>
2019-02-20 16:05:22.935497-0800 test2[2610:935904] [DYMTLInitPlatform] platform initialization successful
2019-02-20 16:05:22.959746-0800 test2[2610:935749] [DEBUG] Reading stylesheet from: /var/containers/Bundle/Application/4C59B765-EF49-4637-AED9-A58BB08C0DAA/test2.app/stylesheet.plist
2019-02-20 16:05:23.195138-0800 test2[2610:935749] [INFO] test2/1.0 (0.0.0.(null))
2019-02-20 16:05:23.245129-0800 test2[2610:935894] [INFO] Log server connections: 1
2019-02-20 16:05:23.270413-0800 test2[2610:935749] [DEBUG] Loading: /var/containers/Bundle/Application/4C59B765-EF49-4637-AED9-A58BB08C0DAA/test2.app/ti.main.js, Resource: ti_main_js
2019-02-20 16:05:23.272899-0800 test2[2610:935749] [INFO] test2 1.0 (Powered by Titanium 8.0.0.93f1b3037d)
2019-02-20 16:05:23.273464-0800 test2[2610:935749] [DEBUG] Loading: /var/containers/Bundle/Application/4C59B765-EF49-4637-AED9-A58BB08C0DAA/test2.app/_index_.json, Resource: _index__json
2019-02-20 16:05:23.276345-0800 test2[2610:935749] [DEBUG] Loading: /var/containers/Bundle/Application/4C59B765-EF49-4637-AED9-A58BB08C0DAA/test2.app/ti.internal/extensions/Error.js, Resource: ti_internal/extensions/Error_js
2019-02-20 16:05:23.280048-0800 test2[2610:935749] [ERROR] Script Error Couldn't find module: core-js/modules/es6.date.to-json for architecture: arm64
2019-02-20 16:05:23.286830-0800 test2[2610:935749] [ERROR] Script Error Module "ti.internal/extensions/Error.js" failed to leave a valid exports object
2019-02-20 16:05:23.288849-0800 test2[2610:935749] [DEBUG] Application booted in 120.198965 ms
</pre></code>

<h3>Comments</h3>

<ol>
<li>Chris Barber 2019-02-28

   Dupe of TIMOB-26807.</li>
</ol>


<p><a href="/TIMOB/TIMOB-26840.json">JSON Source</a></p>