{
	"id": "174986",
	"key": "TIMOB-27883",
	"fields": {
		"issuetype": {
			"id": "1",
			"description": "A problem which impairs or prevents the functions of the product.",
			"name": "Bug",
			"subtask": false
		},
		"project": {
			"id": "10153",
			"key": "TIMOB",
			"name": "Titanium SDK/CLI",
			"projectCategory": {
				"id": "10100",
				"description": "Titanium and related SDKs used in application development",
				"name": "Client"
			}
		},
		"fixVersions": [],
		"resolution": {
			"id": "7",
			"description": "",
			"name": "Invalid"
		},
		"resolutiondate": "2020-05-08T16:18:40.000+0000",
		"created": "2020-05-05T08:47:06.000+0000",
		"priority": {
			"name": "Critical",
			"id": "1"
		},
		"labels": [],
		"versions": [],
		"issuelinks": [],
		"assignee": null,
		"updated": "2020-05-08T16:18:40.000+0000",
		"status": {
			"description": "The issue is considered finished, the resolution is correct. Issues which are closed can be reopened.",
			"name": "Closed",
			"id": "6",
			"statusCategory": {
				"id": 3,
				"key": "done",
				"colorName": "green",
				"name": "Done"
			}
		},
		"components": [],
		"description": "When building, build fails with the below\r\n\r\n{code}\r\nTRACE] ld: warning: Could not find auto-linked framework 'TitaniumKit'\r\n[TRACE] Undefined symbols for architecture x86_64:\r\n[TRACE] \"_OBJC_CLASS_$_TiSharedConfig\", referenced from:\r\n[TRACE] objc-class-ref in libti.map.a(TiMapView.o)\r\n[TRACE] ld: symbol(s) not found for architecture x86_64\r\n[TRACE] clang: error: linker command failed with exit code 1 (use -v to see invocation)\r\n[ERROR] ** BUILD FAILED **\r\n[ERROR] The following build commands failed:\r\n[ERROR] Ld /Users/X/appcelerator-apps/Y/build/iphone/build/Products/Debug-iphonesimulator/Y.app/Ynormal x86_64\r\n[ERROR] (1 failure)\r\n{code}",
		"attachment": [],
		"flagged": false,
		"summary": "Cannot run simulators or build",
		"creator": {
			"name": "eharris",
			"key": "eharris",
			"displayName": "Ewan Harris",
			"active": true,
			"timeZone": "Europe/Dublin"
		},
		"subtasks": [],
		"reporter": {
			"name": "eharris",
			"key": "eharris",
			"displayName": "Ewan Harris",
			"active": true,
			"timeZone": "Europe/Dublin"
		},
		"environment": "SDK: 7.5.2.GA\r\n",
		"comment": {
			"comments": [
				{
					"id": "455357",
					"author": {
						"name": "eharris",
						"key": "eharris",
						"displayName": "Ewan Harris",
						"active": true,
						"timeZone": "Europe/Dublin"
					},
					"body": "this would be the error if we updated the SDK (7.5.2.GA -> 8.0.0.GA)\r\n{code}\r\n[ERROR] ** BUILD FAILED **\r\n[ERROR] The following build commands failed:\r\n[ERROR] CompileC /Users/X/appcelerator-apps/Y/build/iphone/build/Intermediates/Y.build/Debug-iphonesimulator/Y.build/Objects-normal/x86_64/foundation.o /Users/X/appcelerator-apps/y/build/hyperloop/ios/js/foundation/foundation.m normal x86_64 objective-c com.apple.compilers.llvm.clang.1_0.compiler\r\n[ERROR] (1 failure)\r\n{code}",
					"updateAuthor": {
						"name": "eharris",
						"key": "eharris",
						"displayName": "Ewan Harris",
						"active": true,
						"timeZone": "Europe/Dublin"
					},
					"created": "2020-05-05T08:48:07.000+0000",
					"updated": "2020-05-05T08:48:07.000+0000"
				}
			],
			"maxResults": 1,
			"total": 1,
			"startAt": 0
		}
	}
}