---
title: "[TIMOB-27252] Hyperloop: Implement instabug sdk in appcelerator app for android and IOS"
---
<table>
<tr><th>Type</th><td>Bug</td></tr>
<tr><th>Priority</th><td>None</td></tr>
<tr><th>Status</th><td>Closed</td></tr>
<tr><th>Resolution</th><td>Fixed</td></tr>
<tr><th>Resolution Date</th><td>2019-10-30T18:11:50.000+0000</td></tr>
<tr><th>Affected Version/s</th><td>n/a</td></tr>
<tr><th>Fix Version/s</th><td>Release 8.3.0</td></tr>
<tr><th>Components</th><td>n/a</td></tr>
<tr><th>Labels</th><td>n/a</td></tr>
<tr><th>Reporter</th><td>Rakhi Mitro</td></tr>
<tr><th>Assignee</th><td>Yordan Banev</td></tr>
<tr><th>Created</th><td>2019-07-18T04:59:38.000+0000</td></tr>
<tr><th>Updated</th><td>2019-10-30T18:11:50.000+0000</td></tr>
</table>

<h3>Description</h3>

The customer is trying to implement instabug sdk in appcelerator app for android and IOS both. They are using real device and Xcode version 10.2.1.

*iOS:* 

They followed all the steps from [here](<a href="https://instabug.com/platforms/ios)" rel="nofollow" target="_blank">https://instabug.com/platforms/ios)</a> . Inclusion of pod file didn't work correctly. They have manually downloaded the framework and placed it under the platform/ios directory and that trick worked. 
<code><pre>
var instabug = require("Instabug/Instabug"); 
</pre></code>

This statement also works as statement provided below also works.
<code><pre>

instabug.startWithTokenInvocationEvents("f7f4797d8e2a5893f2d4cf992883867a");
</pre></code>

Only thing they are not able to do is they are suppose to pass IBGInvocationEventShake. 

[Instabug startWithToken:@"YOUR-TOKEN-HERE" invocationEvents: IBGInvocationEventShake | IBGInvocationEventScreenshot];

Note: 
<code><pre>
We suggested them to use:
const Instabug = require('Instabug/Instabug');
Instabug.startWithTokenInvocationEvents('YOUR_TOKEN', Instabug.IBGInvocationEventShake | Instabug.IBGInvocationEventScreenshot)

It doesn't work for them. It initializes but still not initializing on vibrating mode that means to them parameters are not passed.
</pre></code>

*Android:*

While adding instabug on android, getting details about android sdk integration based in below [url](<a href="https://docs.instabug.com/docs/android-integration#section-maven)." rel="nofollow" target="_blank">https://docs.instabug.com/docs/android-integration#section-maven).</a> They are using SDK - 8.0.2 hyperloop - 4.0.2  android API 26. They are facing below issues:
1. *build.gradle* is not working as mentioned in <a href="https://wiki.appcelerator.org/display/guides2/Android+Hyperloop+Programming+Guide." rel="nofollow" target="_blank">https://wiki.appcelerator.org/display/guides2/Android+Hyperloop+Programming+Guide.</a> 
2.  Downloaded all the jars mentioned in gradle manually. Then  getting below error.  Attaching all the jars that they have included just for references. 
3. When they researched this is related to android snackbar but since they are not able to use gradle they can't add gradle script for snackbar as well.

<code><pre>
[INFO] : Generating i18n files 
[DEBUG] : Writing en strings =&gt; /Users/v412636/Documents/Main Folder/Appc-Bitbucket/Label_Audit/build/android/res/values/strings.xml 
[WARN] : Overwriting XML node close in file /Users/v412636/Documents/Main Folder/Appc-Bitbucket/Label_Audit/build/android/res/values/values.xml 
[INFO] : Generating /Users/v412636/Documents/Main Folder/Appc-Bitbucket/Label_Audit/build/android/res/values/theme.xml 
[INFO] : Running AAPT: /Users/v412636/Library/Android/sdk/build-tools/28.0.3/aapt "package" "-f" "-m" "-J" "/Users/v412636/Documents/Main Folder/Appc-Bitbucket/Label_Audit/build/android/gen" "-M" "/Users/v412636/Documents/Main Folder/Appc-Bitbucket/Label_Audit/build/android/AndroidManifest.xml" "-A" "/Users/v412636/Documents/Main Folder/Appc-Bitbucket/Label_Audit/build/android/bin/assets" "-S" "/Users/v412636/Documents/Main Folder/Appc-Bitbucket/Label_Audit/build/android/res" "-I" "/Users/v412636/Library/Android/sdk/platforms/android-28/android.jar" "-F" "/Users/v412636/Documents/Main Folder/Appc-Bitbucket/Label_Audit/build/android/bin/app.ap_" "--ignore-assets" "!.svn:!.git:!.ds_store:!*.scc:.*:!CVS:!thumbs.db:!picasa.ini:!*~" "--output-text-symbols" "/Users/v412636/Documents/Main Folder/Appc-Bitbucket/Label_Audit/build/android/intermediates/bundles" "--no-version-vectors" "--auto-add-overlay" "--extra-packages" "ti.modules.titanium.ui:android.support.coreui:android.support.coreutils:android.support.exifinterface:android.support.fragment:android.support.graphics.drawable.animated:android.support.graphics.drawable:android.support.mediacompat:android.support.transition:android.support.v4:android.support.v7.appcompat:android.support.v7.recyclerview:android.support.compat:android.support.design:android.support.v7.cardview"
[ERROR] Application Installer abnormal process termination. Process exit value was 1 
[ERROR] : Failed to package application: 
[ERROR] : 
[ERROR] : /Users/v412636/Documents/Main Folder/Appc-Bitbucket/Label_Audit/build/android/res/values-no/values-no.xml:96: warning: string 'ib_str_report_data' marked untranslatable but exists in locale 'no' 
[ERROR] : 
[ERROR] : /Users/v412636/Documents/Main Folder/Appc-Bitbucket/Label_Audit/build/android/res/values-no/values-no.xml:129: warning: string 'instabug_str_empty' marked untranslatable but exists in locale 'no' 
[ERROR] : 
[ERROR] : /Users/v412636/Documents/Main Folder/Appc-Bitbucket/Label_Audit/build/android/res/values-no/values-no.xml:142: warning: string 'instabug_str_next' marked untranslatable but exists in locale 'no' 
[ERROR] : 
[ERROR] : /Users/v412636/Documents/Main Folder/Appc-Bitbucket/Label_Audit/build/android/res/values-no/values-no.xml:147: warning: string 'instabug_str_plus' marked untranslatable but exists in locale 'no' 
[ERROR] : 
[ERROR] : /Users/v412636/Documents/Main Folder/Appc-Bitbucket/Label_Audit/build/android/res/values-no/values-no.xml:153: warning: string 'instabug_str_send' marked untranslatable but exists in locale 'no' 
[ERROR] : 
[ERROR] : /Users/v412636/Documents/Main Folder/Appc-Bitbucket/Label_Audit/build/android/res/values/values.xml:1576: error: Error: No resource found that matches the given name: attr 'borderWidth'. 
[ERROR] : 
[ERROR] : /Users/v412636/Documents/Main Folder/Appc-Bitbucket/Label_Audit/build/android/res/values/values.xml:1572: error: Error: No resource found that matches the given name: attr 'fabSize'. 
[ERROR] : 
[ERROR] : /Users/v412636/Documents/Main Folder/Appc-Bitbucket/Label_Audit/build/android/res/values/values.xml:1574: error: Error: No resource found that matches the given name: attr 'pressedTranslationZ'. 
[ERROR] : 
[ERROR] : /Users/v412636/Documents/Main Folder/Appc-Bitbucket/Label_Audit/build/android/res/values/values.xml:1575: error: Error: No resource found that matches the given name: attr 'rippleColor'. 

</pre></code>

<h3>Attachments</h3>

<table>
<thead>
<tr><th>File</th><th>Date</th><th>Size</th></tr><thead>
<tbody>
<tr><td><a href="https://jira-attachments.titaniumsdk.com/TIMOB/TIMOB-27252_66774/12-attached-files-20190717215836.zip">12-attached-files-20190717215836.zip</td></td><td>2019-07-18T05:00:29.000+0000</td><td>2322786</td></tr>
<tr><td><a href="https://jira-attachments.titaniumsdk.com/TIMOB/TIMOB-27252_66789/instabug-all.zip">instabug-all.zip</td></td><td>2019-07-30T14:22:33.000+0000</td><td>2845698</td></tr>
</tbody>
<table>

<h3>Comments</h3>

<ol>
<li>Yordan Banev 2019-07-30

   PR: <a href="https://github.com/appcelerator/titanium_mobile/pull/11094" rel="nofollow" target="_blank">https://github.com/appcelerator/titanium_mobile/pull/11094</a></li>
<li>Satyam Sekhri 2019-10-29

   FR Passed.
   Waiting on Jenkins build.</li>
<li>Christopher Williams 2019-10-30

   merged to master</li>
<li>Satyam Sekhri 2019-10-30

   Verified on:
   Mac OS: 10.14.5
   SDK: 8.3.0.v20191030085531
   Appc CLI: 7.1.1
   JDK: 1.8.0_162
   Node: 10.5.0
   Studio: 5.1.4.201909061933</li>
</ol>


<p><a href="/TIMOB/TIMOB-27252.json">JSON Source</a></p>