---
title: "[TIMOB-16433] Module: Can't compile project with Wikitude module included"
---
<table>
<tr><th>GitHub Issue</th><td>n/a</td></tr>
<tr><th>Type</th><td>Bug</td></tr>
<tr><th>Priority</th><td>Low</td></tr>
<tr><th>Status</th><td>Closed</td></tr>
<tr><th>Resolution</th><td>Not Our Bug</td></tr>
<tr><th>Resolution Date</th><td>2017-10-12T16:33:21.000+0000</td></tr>
<tr><th>Affected Version/s</th><td>Release 3.2.0</td></tr>
<tr><th>Fix Version/s</th><td>n/a</td></tr>
<tr><th>Components</th><td>n/a</td></tr>
<tr><th>Labels</th><td>n/a</td></tr>
<tr><th>Reporter</th><td>Ivan Skugor</td></tr>
<tr><th>Assignee</th><td>Unknown</td></tr>
<tr><th>Created</th><td>2014-01-13T10:23:03.000+0000</td></tr>
<tr><th>Updated</th><td>2018-08-06T17:52:07.000+0000</td></tr>
</table>

<h3>Description</h3>

Hello.


I can't compile empty project with just Wikitude module included. To see this issue, unzip this project: [<a href="https://drive.google.com/file/d/0B3_U6pYkC0P6VDltMERMNGlGU28/edit?usp=sharing" rel="nofollow" target="_blank">https://drive.google.com/file/d/0B3_U6pYkC0P6VDltMERMNGlGU28/edit?usp=sharing</a>], go to that directory in terminal app and type: ti build --platform iphone. Here is error log:

{quote}
[TRACE]     /Applications/Xcode.app/Contents/Developer/Toolchains/XcodeDefault.xctoolchain/usr/bin/clang++ -arch i386 -isysroot /Applications/Xcode.app/Contents/Developer/Platforms/iPhoneSimulator.platform/Developer/SDKs/iPhoneSimulator7.0.sdk -L/Users/iskugor/Documents/TipsyAndTumbler/Test/build/iphone/build/Debug-iphonesimulator -L/Users/iskugor/Documents/TipsyAndTumbler/Test/build/iphone/lib -L/Users/iskugor/Documents/TipsyAndTumbler/Test/modules/iphone/com.wikitude.ti/3.2.1 -F/Users/iskugor/Documents/TipsyAndTumbler/Test/build/iphone/build/Debug-iphonesimulator -filelist /Users/iskugor/Documents/TipsyAndTumbler/Test/build/iphone/build/Test.build/Debug-iphonesimulator/Test-universal.build/Objects-normal/i386/Test.LinkFileList -Xlinker -objc_abi_version -Xlinker 2 -ObjC -F/Users/iskugor/Documents/TipsyAndTumbler/Test/build/iphone/../../modules/iphone/com.wikitude.ti/3.2.1/platform/iphone -lc++ -lsqlite3 -lz -ObjC -framework AssetsLibrary -framework CoreMedia -framework CoreMotion -framework CoreVideo -framework Security -framework WikitudeSDK -F/Users/iskugor/Documents/TipsyAndTumbler/Test/build/iphone/../../modules/iphone/com.wikitude.ti/3.2.1/platform/iphone -lc++ -lsqlite3 -lz -ObjC -framework AssetsLibrary -framework CoreMedia -framework CoreMotion -framework CoreVideo -framework Security -framework WikitudeSDK -fobjc-link-runtime -Xlinker -no_implicit_dylibs -stdlib=libstdc++ -mios-simulator-version-min=6.0 -weak_framework CoreText -framework EventKit -framework EventKitUI -lti_ios_profiler -weak_framework Security -framework Foundation -weak_framework UIKit -framework CoreGraphics -framework AddressBook -framework AddressBookUI -framework CFNetwork -framework CoreLocation -weak_framework MapKit -framework MessageUI -framework MobileCoreServices -framework OpenGLES -framework QuartzCore -framework SystemConfiguration -lsqlite3 -lz -framework AudioToolbox -weak_framework MediaPlayer -framework AVFoundation -lxml2 -framework StoreKit -lTiCore -lcom.wikitude.ti -ltiverify -lti_ios_debugger -licucore -Xlinker -dependency_info -Xlinker /Users/iskugor/Documents/TipsyAndTumbler/Test/build/iphone/build/Test.build/Debug-iphonesimulator/Test-universal.build/Objects-normal/i386/Test_dependency_info.dat -o /Users/iskugor/Documents/TipsyAndTumbler/Test/build/iphone/build/Debug-iphonesimulator/Test.app/Test
[TRACE] Undefined symbols for architecture i386:
[TRACE]   "_ADBannerContentSizeIdentifierLandscape", referenced from:
[TRACE]       +[TiUIiOSAdViewProxy landscapeSize] in TiUIiOSAdViewProxy.o
[TRACE]   "_ADBannerContentSizeIdentifierPortrait", referenced from:
[TRACE]       +[TiUIiOSAdViewProxy portraitSize] in TiUIiOSAdViewProxy.o
[TRACE]   "_OBJC_CLASS_$_ADBannerView", referenced from:
[TRACE]       objc-class-ref in TiUIiOSAdView.o
[TRACE] ld: symbol(s) not found for architecture i386
[TRACE] clang: error: linker command failed with exit code 1 (use -v to see invocation)
[ERROR] ** BUILD FAILED **
[ERROR] The following build commands failed:
[ERROR]         Ld build/Debug-iphonesimulator/Test.app/Test normal i386
[ERROR] (1 failure)
{quote}



Now, go to "Test/build/iphone" and import that project to XCode and try to compile project in XCode by pressing "Run" button and you'll see that project can be compiled directly from XCode.



Seems this issue happens because AdBanner which Wikitude module does not use.




Thanks

<h3>Comments</h3>

<ol>
<li>Chris Barber 2014-02-01

   I confirmed this error is reproducible with the com.wikitude.ti 3.2.1 module. I have no idea why it's happening. I really don't think it's a Titanium build related issue. Without the module, the app builds fine. It's as if the module's xcconfig file is mucking up the clang arguments. I think [~vduggal] or [~srahim] should take a peek before we resolve this as not our bug.</li>
<li>Ivan Skugor 2014-02-01

   App can be compiled from XCode, that's why I think it's Titanium issue.
   
   
   I try to get someone from Wikitude to comment on this issue, they also said it's Ti issue and they know more about this subject.</li>
<li>Ingo Muschenetz 2014-02-03

   [~ivan.skugor] Do you have a contact you can forward? We're stuck without more information.</li>
<li>Ivan Skugor 2014-02-03

   Someone from Wikitude should give comment soon (we've contacted them). In a mean time, there's Wikitude Github repo: <a href="https://github.com/Wikitude/wikitude-titanium." rel="nofollow" target="_blank">https://github.com/Wikitude/wikitude-titanium.</a> Code for Ti module was removed, but you can still find in git history.</li>
<li>Unknown 2014-04-21

   This issue was previously scheduled to be worked on in more than one sprint:
   * 'Release 3.1.2' (on board '3.1.X Triage')
   * 'Release 3.0.1/TS 3.0.2' (on board '3.1.0 Triage')
   * 'Investigate' (on board '3.2.X Triage')
   
   Starting from JIRA Agile 6.3, an issue can only belong to a single future sprint. Read more about this change: <a href="http://docs.atlassian.com/agile/docs-0630/Sprint+Marker+Migration" rel="nofollow" target="_blank">http://docs.atlassian.com/agile/docs-0630/Sprint+Marker+Migration</a>
   
   This issue is now scheduled for future sprint 'Release 3.1.2' (on board '3.1.X Triage').
   
   If this is incorrect, please update the issue accordingly.
   
   This comment was automatically generated by JIRA. If it is no longer relevant, please feel free to delete it.</li>
<li>Hans Kn√∂chel 2017-10-12

   The issue was that the <code>AdSupport</code> framework was not linked correctly back then. This should not be an issue these days anymore, resolving as <code>Not Our Bug</code>.</li>
<li>Eric Merriman  2018-08-06

   Closing as "not our bug". If you disagree, please reopen.</li>
</ol>


<p><a href="/TIMOB/TIMOB-16433.json">JSON Source</a></p>