---
title: "[TIMOB-11481] CLI: Unable to build a project on Linux"
---
<table>
<tr><th>Type</th><td>Bug</td></tr>
<tr><th>Priority</th><td>High</td></tr>
<tr><th>Status</th><td>Closed</td></tr>
<tr><th>Resolution</th><td>Fixed</td></tr>
<tr><th>Resolution Date</th><td>2012-11-02T22:42:54.000+0000</td></tr>
<tr><th>Affected Version/s</th><td>Release 3.0.0</td></tr>
<tr><th>Fix Version/s</th><td>Release 3.0.0, 2012 Sprint 21 JS, 2012 Sprint 21</td></tr>
<tr><th>Components</th><td>Tooling</td></tr>
<tr><th>Labels</th><td>qe-cli</td></tr>
<tr><th>Reporter</th><td>Tamila Smolich</td></tr>
<tr><th>Assignee</th><td>Chris Barber</td></tr>
<tr><th>Created</th><td>2012-10-13T22:03:23.000+0000</td></tr>
<tr><th>Updated</th><td>2012-11-02T22:42:54.000+0000</td></tr>
</table>

<h3>Description</h3>

Description:
Unable to build a project on Linux. Path for "base" in .js files should be case sensitive, but it's not.
Getting an error:
[ERROR] Error: Cannot find module '../base'
    at Function.Module._resolveFilename [as _resolveFilename] (module.js:338:15)
    at Function.Module._load [as _load] (module.js:280:25)
    at Module.Module.require [as require] (module.js:362:17)
    at require (module.js:378:17)
    at Object.<anonymous> (/home/tester/.titanium/mobilesdk/linux/3.0.0.v20121012174449/node_modules/titanium-code-processor/lib/rules/while.js:40:9)
    at Module.Module._compile [as _compile] (module.js:449:26)
    at Object.Module._extensions..js [as .js] (module.js:467:10)
    at Module.Module.load [as load] (module.js:356:32)
    at Function.Module._load [as _load] (module.js:312:12)
    at Module.Module.require [as require] (module.js:362:17)

[ERROR] Unable to find command "build"

Steps:
1. Run "titanium build -b" command

Expected:
Should build successfully

Actual:
Getting an error

<h3>Comments</h3>

<ol>
<li>Chris Barber 2012-10-13

   Pull request: <a href="https://github.com/appcelerator/titanium-code-processor/pull/19" rel="nofollow" target="_blank">https://github.com/appcelerator/titanium-code-processor/pull/19</a></li>
<li>Tamila Smolich 2012-10-18

   Reopening the bug. Getting the same error massage while trying to build a project.
   
   Tested on:
   Linux 10.04
   SDK: 3.0.0.v20121017192538</li>
<li>Tamila Smolich 2012-10-18

   Closing as fixed.
   
   Tested on:
   Linux-Ubuntu 10.04 LTS
   SDK: 3.0.0.v20121017192538</li>
</ol>


<p><a href="/TIMOB/TIMOB-11481.json">JSON Source</a></p>