---
title: "[TIMOB-3983] Platform > passing data (windows) test fails (props not being retrieved) "
---
<table>
<tr><th>Type</th><td>Bug</td></tr>
<tr><th>Priority</th><td>High</td></tr>
<tr><th>Status</th><td>Closed</td></tr>
<tr><th>Resolution</th><td>Duplicate</td></tr>
<tr><th>Resolution Date</th><td>2011-05-21T10:37:30.000+0000</td></tr>
<tr><th>Affected Version/s</th><td>Release 1.7.0</td></tr>
<tr><th>Fix Version/s</th><td>n/a</td></tr>
<tr><th>Components</th><td>iOS</td></tr>
<tr><th>Labels</th><td>data, passing, windows</td></tr>
<tr><th>Reporter</th><td>Thomas Huelbert</td></tr>
<tr><th>Assignee</th><td>Blain Hamon</td></tr>
<tr><th>Created</th><td>2011-05-06T18:11:02.000+0000</td></tr>
<tr><th>Updated</th><td>2011-05-21T10:37:30.000+0000</td></tr>
</table>

<h3>Description</h3>

1. Platform > passing data (windows)
2. check output (in console)

Fri May  6 14:26:23 unknown UIKitApplication:com.appcelerator.pushtest[0x7980][6725] <Notice>: [ERROR] Script Error = Result of expression 'win.myFunc' [undefined] is not a function. at custom_properties_2.js (line 1).
Fri May  6 14:26:23 unknown UIKitApplication:com.appcelerator.pushtest[0x7980][6725] <Notice>: [ERROR] application received error: Result of expression 'win.myFunc' [undefined] is not a function. at custom_properties_2.js (line 1)

regression, not seen in 1.6.2


<h3>Comments</h3>

<ol>
<li>Thomas Huelbert 2011-05-21

   </li>
</ol>


<p><a href="/TIMOB/TIMOB-3983.json">JSON Source</a></p>