---
title: "[TIMOB-3351] Install Error with Titanium Mobile 1.6.1 and iPad App"
---
<table>
<tr><th>Type</th><td>Bug</td></tr>
<tr><th>Priority</th><td>Medium</td></tr>
<tr><th>Status</th><td>Closed</td></tr>
<tr><th>Resolution</th><td>Invalid</td></tr>
<tr><th>Resolution Date</th><td>2012-07-16T12:15:48.000+0000</td></tr>
<tr><th>Affected Version/s</th><td>n/a</td></tr>
<tr><th>Fix Version/s</th><td>n/a</td></tr>
<tr><th>Components</th><td>iOS</td></tr>
<tr><th>Labels</th><td>unicode</td></tr>
<tr><th>Reporter</th><td>netspy</td></tr>
<tr><th>Assignee</th><td>Neeraj Gupta</td></tr>
<tr><th>Created</th><td>2011-04-15T03:42:46.000+0000</td></tr>
<tr><th>Updated</th><td>2012-07-16T12:15:48.000+0000</td></tr>
</table>

<h3>Description</h3>

<div><p>With Titanium Mobile 1.6.1, the "Run on device" command fails.
With XCode 3 I get this error message:</p>
<pre>
<code>Install Error
 
 /Users/&#8230;/App/build/iphone/Classes/ApplicationRouting.m:14: error: no type or storage class may be specified here before 'implementation'
[ERROR] 
[ERROR] Error: Traceback (most recent call last):
  File "/Library/Application Support/Titanium/mobilesdk/osx/1.6.1/iphone/builder.py", line 1238, in main
    execute_xcode("iphoneos%s" % iphone_version,args,False)
  File "/Library/Application Support/Titanium/mobilesdk/osx/1.6.1/iphone/builder.py", line 1012, in execute_xcode
    output = run.run(args,False,False,o)
  File "/Library/Application Support/Titanium/mobilesdk/osx/1.6.1/iphone/run.py", line 39, in run
    sys.exit(rc)
SystemExit: 1</code>
</pre>
<p>And with XCode 4 this error:</p>
<pre>
<code>Install Error
 
[ERROR] Error: Traceback (most recent call last):
  File "/Library/Application Support/Titanium/mobilesdk/osx/1.6.1/iphone/builder.py", line 1238, in main
    execute_xcode("iphoneos%s" % iphone_version,args,False)
  File "/Library/Application Support/Titanium/mobilesdk/osx/1.6.1/iphone/builder.py", line 1012, in execute_xcode
    output = run.run(args,False,False,o)
  File "/Library/Application Support/Titanium/mobilesdk/osx/1.6.1/iphone/run.py", line 39, in run
    sys.exit(rc)
SystemExit: 65</code>
</pre>
<p>build.log with Xcode 4 has this error line:</p>
<pre>
<code>UnicodeDecodeError: 'ascii' codec can't decode byte 0xcc in position 96: ordinal not in range(128)
Command /bin/sh failed with exit code 1</code>
</pre></div>

<h3>Comments</h3>

<ol>
<li>netspy 2011-04-15

   <div><p>I found the problem. The UnicodeDecodeError results from some
   image files with non ascii characters in the file name. The app
   works fine in iOS simulator but could not build for the device.</p></div></li>
<li>Anton 2011-04-15

   <div><p>same problem with any other version ov SDK</p></div></li>
<li>Anton 2011-04-15

   <div><p>I've checked all the files. All my files have only ascii
   characters in names. Same problem in Xcode:<br>
   UnicodeDecodeError: 'ascii' codec can't decode byte 0xd0 in
   position 1: ordinal not in range(128)</p>
   <p>I use cirillic symbols in application, but as I understand it
   shouldn't be a problem.</p>
   <p>P.S: It works for simulator. The error appears when trying to
   build app for device...</p></div></li>
<li>druguet michael 2011-04-15

   <div><p>Hello Anton,<br>
   have you find the problem ? If yes, can you give us the solution
   please, because i have the same problem and i only use ascii
   charcaters.<br>
   Thanks a lot, Michael</p></div></li>
<li>Gerald 2011-04-15

   <div><p>Have the same problem, have only normal file names. Have also
   tried deleting the build, no success. Any help much
   appreciated.</p></div></li>
<li>Gerald 2011-04-15

   <div><p>Has anybody got a solution for this as I am getting quite
   frustrated. I want to get things going!</p></div></li>
<li>netspy 2011-04-15

   <div><p>I can't help and Appcelerator seems to be not interested in
   fixing bugs. After a month this bug is still "new" without any
   response of the Appcelerator stuff. :-(</p>
   <p>In my case, it was definitely files with non ASCII characters in
   the name but this is not the first unicode error and there could
   other sources for such errors.</p></div></li>
<li>Stephen Tramer 2012-07-16

   Invalidating due to age (Xcode 3, SDK 1.6.1)</li>
</ol>


<p><a href="/TIMOB/TIMOB-3351.json">JSON Source</a></p>