---
title: "[TIMOB-3741] iOS - Install KS to device and emulator fails with errors"
---
<table>
<tr><th>GitHub Issue</th><td>n/a</td></tr>
<tr><th>Type</th><td>Bug</td></tr>
<tr><th>Priority</th><td>Critical</td></tr>
<tr><th>Status</th><td>Closed</td></tr>
<tr><th>Resolution</th><td>Fixed</td></tr>
<tr><th>Resolution Date</th><td>2011-05-09T18:02:04.000+0000</td></tr>
<tr><th>Affected Version/s</th><td>Release 1.7.0</td></tr>
<tr><th>Fix Version/s</th><td>n/a</td></tr>
<tr><th>Components</th><td>iOS</td></tr>
<tr><th>Labels</th><td>failure, installation, ios, regression</td></tr>
<tr><th>Reporter</th><td>Thomas Huelbert</td></tr>
<tr><th>Assignee</th><td>Blain Hamon</td></tr>
<tr><th>Created</th><td>2011-04-26T10:53:47.000+0000</td></tr>
<tr><th>Updated</th><td>2011-05-09T18:02:04.000+0000</td></tr>
</table>

<h3>Description</h3>

1. use the noted CI build
2. install a simple project to device or sim

fails with errors:

[ERROR] Error: Traceback (most recent call last):
  File "/Library/Application Support/Titanium/mobilesdk/osx/1.7.0/iphone/builder.py", line 1306, in main
    execute_xcode("iphoneos%s" % iphone_version,args,False)
  File "/Library/Application Support/Titanium/mobilesdk/osx/1.7.0/iphone/builder.py", line 1066, in execute_xcode
    output = run.run(args,False,False,o)
  File "/Library/Application Support/Titanium/mobilesdk/osx/1.7.0/iphone/run.py", line 39, in run
    sys.exit(rc)
SystemExit: 65

NOtes: creating a new project works fine, seems to be about KS. injected since the pass last week

<h3>Comments</h3>

<ol>
<li>Blain Hamon 2011-04-26

   JIRA, Y U NO UPDATE STATUS? Oh. Because it's not resolved, it's fixed. My bad.</li>
<li>Natalie Huynh 2011-05-09

   Tested with 1.7.0.a0e4683 (05/09/11 17:27) on
   iPhone 4 (4.3.2)
   Simulator (4.1)</li>
</ol>


<p><a href="/TIMOB/TIMOB-3741.json">JSON Source</a></p>