{
	"id": "114690",
	"key": "TIMOB-13944",
	"fields": {
		"issuetype": {
			"id": "1",
			"description": "A problem which impairs or prevents the functions of the product.",
			"name": "Bug",
			"subtask": false
		},
		"project": {
			"id": "10153",
			"key": "TIMOB",
			"name": "Titanium SDK/CLI",
			"projectCategory": {
				"id": "10100",
				"description": "Titanium and related SDKs used in application development",
				"name": "Client"
			}
		},
		"fixVersions": [
			{
				"id": "15493",
				"description": "2013 Sprint 11 Core",
				"name": "2013 Sprint 11 Core",
				"archived": true,
				"released": true,
				"releaseDate": "2013-06-03"
			},
			{
				"id": "15109",
				"description": "2013 Sprint 11",
				"name": "2013 Sprint 11",
				"archived": true,
				"released": true,
				"releaseDate": "2013-06-03"
			},
			{
				"id": "15478",
				"description": "Release 3.1.1",
				"name": "Release 3.1.1",
				"archived": true,
				"released": true,
				"releaseDate": "2013-06-17"
			},
			{
				"id": "14982",
				"description": "Release 3.2.0",
				"name": "Release 3.2.0",
				"archived": false,
				"released": true,
				"releaseDate": "2013-12-19"
			}
		],
		"resolution": {
			"id": "1",
			"description": "A fix for this issue is checked into the tree and tested.",
			"name": "Fixed"
		},
		"resolutiondate": "2013-05-24T19:02:44.000+0000",
		"created": "2013-05-21T06:10:21.000+0000",
		"priority": {
			"name": "Critical",
			"id": "1"
		},
		"labels": [
			"qe-3.1.1",
			"qe-closed-3.1.1",
			"qe-testadded"
		],
		"versions": [
			{
				"id": "14162",
				"description": "Release 3.1.0",
				"name": "Release 3.1.0",
				"archived": true,
				"released": true,
				"releaseDate": "2013-04-16"
			}
		],
		"issuelinks": [
			{
				"id": "29001",
				"type": {
					"id": "10000",
					"name": "Blocks",
					"inward": "is blocked by",
					"outward": "blocks"
				},
				"outwardIssue": {
					"id": "114550",
					"key": "TISTUD-4688",
					"fields": {
						"summary": "Android Emulator: new process launched every time emulator is run",
						"status": {
							"description": "The issue is considered finished, the resolution is correct. Issues which are closed can be reopened.",
							"name": "Closed",
							"id": "6",
							"statusCategory": {
								"id": 3,
								"key": "done",
								"colorName": "green",
								"name": "Done"
							}
						},
						"priority": {
							"name": "High",
							"id": "2"
						},
						"issuetype": {
							"id": "1",
							"description": "A problem which impairs or prevents the functions of the product.",
							"name": "Bug",
							"subtask": false
						}
					}
				}
			},
			{
				"id": "29007",
				"type": {
					"id": "10002",
					"name": "Duplicate",
					"inward": "is duplicated by",
					"outward": "duplicates"
				},
				"outwardIssue": {
					"id": "114791",
					"key": "AC-1884",
					"fields": {
						"summary": "Can't install app to android device",
						"status": {
							"description": "The issue is considered finished, the resolution is correct. Issues which are closed can be reopened.",
							"name": "Closed",
							"id": "6",
							"statusCategory": {
								"id": 3,
								"key": "done",
								"colorName": "green",
								"name": "Done"
							}
						},
						"issuetype": {
							"id": "1",
							"description": "A problem which impairs or prevents the functions of the product.",
							"name": "Bug",
							"subtask": false
						}
					}
				}
			},
			{
				"id": "29061",
				"type": {
					"id": "10002",
					"name": "Duplicate",
					"inward": "is duplicated by",
					"outward": "duplicates"
				},
				"outwardIssue": {
					"id": "114907",
					"key": "AC-2084",
					"fields": {
						"summary": "kitchensink cant run",
						"status": {
							"description": "The issue is considered finished, the resolution is correct. Issues which are closed can be reopened.",
							"name": "Closed",
							"id": "6",
							"statusCategory": {
								"id": 3,
								"key": "done",
								"colorName": "green",
								"name": "Done"
							}
						},
						"issuetype": {
							"id": "1",
							"description": "A problem which impairs or prevents the functions of the product.",
							"name": "Bug",
							"subtask": false
						}
					}
				}
			},
			{
				"id": "29073",
				"type": {
					"id": "10002",
					"name": "Duplicate",
					"inward": "is duplicated by",
					"outward": "duplicates"
				},
				"outwardIssue": {
					"id": "114961",
					"key": "AC-2212",
					"fields": {
						"summary": "Exception occured while building Android project",
						"status": {
							"description": "The issue is considered finished, the resolution is correct. Issues which are closed can be reopened.",
							"name": "Closed",
							"id": "6",
							"statusCategory": {
								"id": 3,
								"key": "done",
								"colorName": "green",
								"name": "Done"
							}
						},
						"issuetype": {
							"id": "1",
							"description": "A problem which impairs or prevents the functions of the product.",
							"name": "Bug",
							"subtask": false
						}
					}
				}
			},
			{
				"id": "29024",
				"type": {
					"id": "10002",
					"name": "Duplicate",
					"inward": "is duplicated by",
					"outward": "duplicates"
				},
				"outwardIssue": {
					"id": "114753",
					"key": "AC-2612",
					"fields": {
						"summary": "generate_android_manifest",
						"status": {
							"description": "The issue is considered finished, the resolution is correct. Issues which are closed can be reopened.",
							"name": "Closed",
							"id": "6",
							"statusCategory": {
								"id": 3,
								"key": "done",
								"colorName": "green",
								"name": "Done"
							}
						},
						"issuetype": {
							"id": "1",
							"description": "A problem which impairs or prevents the functions of the product.",
							"name": "Bug",
							"subtask": false
						}
					}
				}
			},
			{
				"id": "29153",
				"type": {
					"id": "10002",
					"name": "Duplicate",
					"inward": "is duplicated by",
					"outward": "duplicates"
				},
				"outwardIssue": {
					"id": "115133",
					"key": "AC-2636",
					"fields": {
						"summary": "TypeError: argument of type 'NoneType' is not iterable",
						"status": {
							"description": "The issue is considered finished, the resolution is correct. Issues which are closed can be reopened.",
							"name": "Closed",
							"id": "6",
							"statusCategory": {
								"id": 3,
								"key": "done",
								"colorName": "green",
								"name": "Done"
							}
						},
						"issuetype": {
							"id": "1",
							"description": "A problem which impairs or prevents the functions of the product.",
							"name": "Bug",
							"subtask": false
						}
					}
				}
			},
			{
				"id": "28963",
				"type": {
					"id": "10003",
					"name": "Relates",
					"inward": "relates to",
					"outward": "relates to"
				},
				"outwardIssue": {
					"id": "114723",
					"key": "AC-1768",
					"fields": {
						"summary": "Error generating R.java from Manifest",
						"status": {
							"description": "The issue is considered finished, the resolution is correct. Issues which are closed can be reopened.",
							"name": "Closed",
							"id": "6",
							"statusCategory": {
								"id": 3,
								"key": "done",
								"colorName": "green",
								"name": "Done"
							}
						},
						"issuetype": {
							"id": "1",
							"description": "A problem which impairs or prevents the functions of the product.",
							"name": "Bug",
							"subtask": false
						}
					}
				}
			},
			{
				"id": "28953",
				"type": {
					"id": "10003",
					"name": "Relates",
					"inward": "relates to",
					"outward": "relates to"
				},
				"outwardIssue": {
					"id": "84580",
					"key": "AC-3060",
					"fields": {
						"summary": "TypeError: argument of type 'NoneType' is not iterable",
						"status": {
							"description": "The issue is considered finished, the resolution is correct. Issues which are closed can be reopened.",
							"name": "Closed",
							"id": "6",
							"statusCategory": {
								"id": 3,
								"key": "done",
								"colorName": "green",
								"name": "Done"
							}
						},
						"issuetype": {
							"id": "1",
							"description": "A problem which impairs or prevents the functions of the product.",
							"name": "Bug",
							"subtask": false
						}
					}
				}
			},
			{
				"id": "28955",
				"type": {
					"id": "10003",
					"name": "Relates",
					"inward": "relates to",
					"outward": "relates to"
				},
				"outwardIssue": {
					"id": "105696",
					"key": "TIMOB-11895",
					"fields": {
						"summary": "TypeError: argument of type 'NoneType' is not iterable",
						"status": {
							"description": "The issue is considered finished, the resolution is correct. Issues which are closed can be reopened.",
							"name": "Closed",
							"id": "6",
							"statusCategory": {
								"id": 3,
								"key": "done",
								"colorName": "green",
								"name": "Done"
							}
						},
						"priority": {
							"name": "High",
							"id": "2"
						},
						"issuetype": {
							"id": "1",
							"description": "A problem which impairs or prevents the functions of the product.",
							"name": "Bug",
							"subtask": false
						}
					}
				}
			},
			{
				"id": "28954",
				"type": {
					"id": "10003",
					"name": "Relates",
					"inward": "relates to",
					"outward": "relates to"
				},
				"outwardIssue": {
					"id": "84439",
					"key": "TISTUD-994",
					"fields": {
						"summary": "Studio: exception on app build",
						"status": {
							"description": "The issue is considered finished, the resolution is correct. Issues which are closed can be reopened.",
							"name": "Closed",
							"id": "6",
							"statusCategory": {
								"id": 3,
								"key": "done",
								"colorName": "green",
								"name": "Done"
							}
						},
						"priority": {
							"name": "Medium",
							"id": "3"
						},
						"issuetype": {
							"id": "1",
							"description": "A problem which impairs or prevents the functions of the product.",
							"name": "Bug",
							"subtask": false
						}
					}
				}
			},
			{
				"id": "29060",
				"type": {
					"id": "10003",
					"name": "Relates",
					"inward": "relates to",
					"outward": "relates to"
				},
				"inwardIssue": {
					"id": "114835",
					"key": "AC-1892",
					"fields": {
						"summary": "\"Missing Java SDK\" error when upgrading Titanium Studio (instead of fresh install)",
						"status": {
							"description": "The issue is considered finished, the resolution is correct. Issues which are closed can be reopened.",
							"name": "Closed",
							"id": "6",
							"statusCategory": {
								"id": 3,
								"key": "done",
								"colorName": "green",
								"name": "Done"
							}
						},
						"issuetype": {
							"id": "1",
							"description": "A problem which impairs or prevents the functions of the product.",
							"name": "Bug",
							"subtask": false
						}
					}
				}
			},
			{
				"id": "30259",
				"type": {
					"id": "10003",
					"name": "Relates",
					"inward": "relates to",
					"outward": "relates to"
				},
				"inwardIssue": {
					"id": "117285",
					"key": "TIMOB-14585",
					"fields": {
						"summary": "Android: Build fails since 3.1.1 GA update",
						"status": {
							"description": "The issue is considered finished, the resolution is correct. Issues which are closed can be reopened.",
							"name": "Closed",
							"id": "6",
							"statusCategory": {
								"id": 3,
								"key": "done",
								"colorName": "green",
								"name": "Done"
							}
						},
						"priority": {
							"name": "Low",
							"id": "4"
						},
						"issuetype": {
							"id": "1",
							"description": "A problem which impairs or prevents the functions of the product.",
							"name": "Bug",
							"subtask": false
						}
					}
				}
			}
		],
		"assignee": {
			"name": "ayeung",
			"key": "ayeung",
			"displayName": "Allen Yeung",
			"active": true,
			"timeZone": "America/Los_Angeles"
		},
		"updated": "2014-02-24T23:38:55.000+0000",
		"status": {
			"description": "The issue is considered finished, the resolution is correct. Issues which are closed can be reopened.",
			"name": "Closed",
			"id": "6",
			"statusCategory": {
				"id": 3,
				"key": "done",
				"colorName": "green",
				"name": "Done"
			}
		},
		"components": [
			{
				"id": "10202",
				"name": "Android",
				"description": "Android Platform"
			}
		],
		"description": "*Steps to Reproduce*\r\nCompiling a Simple App with Mac OS X 10.8.3 and all current updates, Latest Version of Titanium Studio SDK, Android SDK with API level 8\r\n\r\nI have also put a proper id: com.whatever.whatever\r\n\r\n*Actual Result*\r\nFirst Time Run:\r\n{code}\r\n[ERROR] Exception occured while building Android project:\r\n[ERROR] Traceback (most recent call last):\r\n[ERROR]   File '/Users/akzes/Library/Application Support/Titanium/mobilesdk/osx/3.1.0.GA/android/builder.py', line 2528, in <module>\r\n[ERROR]     builder.build_and_run(False, avd_id, debugger_host=debugger_host, profiler_host=profiler_host)\r\n[ERROR]   File '/Users/akzes/Library/Application Support/Titanium/mobilesdk/osx/3.1.0.GA/android/builder.py', line 2264, in build_and_run\r\n[ERROR]     self.manifest_changed = self.generate_android_manifest(compiler)\r\n[ERROR]   File '/Users/akzes/Library/Application Support/Titanium/mobilesdk/osx/3.1.0.GA/android/builder.py', line 1404, in generate_android_manifest\r\n[ERROR]     '-I', self.android_jar], warning_regex=r'skipping')\r\n[ERROR]   File '/Users/akzes/Library/Application Support/Titanium/mobilesdk/osx/3.1.0.GA/android/run.py', line 38, in run\r\n[ERROR]     print '[DEBUG] %s' % subprocess.list2cmdline(args_to_log)\r\n[ERROR]   File '/System/Library/Frameworks/Python.framework/Versions/2.7/lib/python2.7/subprocess.py', line 587, in list2cmdline\r\n[ERROR] TypeError: argument of type 'NoneType' is not iterable\r\n[ERROR] :  Build process exited with code 1\r\n[ERROR] :  Project failed to build after 1s 448ms\r\n\r\nSecond Time Run:\r\n[ERROR] Error generating R.java from manifest\r\n[ERROR] :  Build process exited with code 1\r\n[ERROR] :  Project failed to build after 1s 7ms\r\n{code}\r\n\r\n*Expected Result*\r\nShould Compile and Run on Android Simulator",
		"attachment": [
			{
				"id": "38796",
				"filename": ".log",
				"author": {
					"name": "akzes",
					"key": "akzes",
					"displayName": "Ariel Gelbard",
					"active": true,
					"timeZone": "America/Los_Angeles"
				},
				"created": "2013-05-21T06:10:22.000+0000",
				"size": 26027,
				"mimeType": "application/octet-stream; charset=ISO-8859-1"
			},
			{
				"id": "38865",
				"filename": "android-build-console.txt",
				"author": {
					"name": "dhyde",
					"key": "dhyde",
					"displayName": "Dustin Hyde",
					"active": true,
					"timeZone": "America/Los_Angeles"
				},
				"created": "2013-05-22T00:35:47.000+0000",
				"size": 12049,
				"mimeType": "text/plain"
			},
			{
				"id": "38866",
				"filename": "android-build-log.txt",
				"author": {
					"name": "dhyde",
					"key": "dhyde",
					"displayName": "Dustin Hyde",
					"active": true,
					"timeZone": "America/Los_Angeles"
				},
				"created": "2013-05-22T00:35:47.000+0000",
				"size": 3697,
				"mimeType": "text/plain"
			},
			{
				"id": "38797",
				"filename": "diagnostic7382522774409293807.log",
				"author": {
					"name": "akzes",
					"key": "akzes",
					"displayName": "Ariel Gelbard",
					"active": true,
					"timeZone": "America/Los_Angeles"
				},
				"created": "2013-05-21T06:10:26.000+0000",
				"size": 7978,
				"mimeType": "application/octet-stream; charset=ISO-8859-1"
			},
			{
				"id": "38867",
				"filename": "diagnostic-log.txt",
				"author": {
					"name": "dhyde",
					"key": "dhyde",
					"displayName": "Dustin Hyde",
					"active": true,
					"timeZone": "America/Los_Angeles"
				},
				"created": "2013-05-22T00:35:47.000+0000",
				"size": 10805,
				"mimeType": "text/plain"
			},
			{
				"id": "38868",
				"filename": "ti-info.txt",
				"author": {
					"name": "dhyde",
					"key": "dhyde",
					"displayName": "Dustin Hyde",
					"active": true,
					"timeZone": "America/Los_Angeles"
				},
				"created": "2013-05-22T00:35:47.000+0000",
				"size": 22423,
				"mimeType": "text/plain"
			}
		],
		"flagged": false,
		"summary": "Android: build: TypeError: argument of type 'NoneType' is not iterable",
		"creator": {
			"name": "akzes",
			"key": "akzes",
			"displayName": "Ariel Gelbard",
			"active": true,
			"timeZone": "America/Los_Angeles"
		},
		"subtasks": [],
		"reporter": {
			"name": "akzes",
			"key": "akzes",
			"displayName": "Ariel Gelbard",
			"active": true,
			"timeZone": "America/Los_Angeles"
		},
		"environment": "Titanium Studio 3.1.0",
		"comment": {
			"comments": [
				{
					"id": "253314",
					"author": {
						"name": "ingo",
						"key": "ingo",
						"displayName": "Ingo Muschenetz",
						"active": true,
						"timeZone": "America/Los_Angeles"
					},
					"body": "Chris, thoughts?",
					"updateAuthor": {
						"name": "ingo",
						"key": "ingo",
						"displayName": "Ingo Muschenetz",
						"active": true,
						"timeZone": "America/Los_Angeles"
					},
					"created": "2013-05-21T23:17:24.000+0000",
					"updated": "2013-05-21T23:17:24.000+0000"
				},
				{
					"id": "253318",
					"author": {
						"name": "cbarber",
						"key": "cbarber",
						"displayName": "Chris Barber",
						"active": true,
						"timeZone": "America/Chicago"
					},
					"body": "Unless this is a stop ship bug for 3.1.1 (which I don't believe it is), I vote for never fixing this specific issue since it's going away in 3.2.",
					"updateAuthor": {
						"name": "cbarber",
						"key": "cbarber",
						"displayName": "Chris Barber",
						"active": true,
						"timeZone": "America/Chicago"
					},
					"created": "2013-05-21T23:22:53.000+0000",
					"updated": "2013-05-21T23:22:53.000+0000"
				},
				{
					"id": "253332",
					"author": {
						"name": "ingo",
						"key": "ingo",
						"displayName": "Ingo Muschenetz",
						"active": true,
						"timeZone": "America/Los_Angeles"
					},
					"body": "[~dsefton] I don't believe we are going to be able to diagnose this issue. I would suggest having the user write out some of the parameters to the function in line 38 of run.py. That will give us more information on what's going on.",
					"updateAuthor": {
						"name": "ingo",
						"key": "ingo",
						"displayName": "Ingo Muschenetz",
						"active": true,
						"timeZone": "America/Los_Angeles"
					},
					"created": "2013-05-21T23:46:21.000+0000",
					"updated": "2013-05-21T23:46:21.000+0000"
				},
				{
					"id": "253340",
					"author": {
						"name": "dsefton",
						"key": "dsefton",
						"displayName": "Daniel Sefton",
						"active": true,
						"timeZone": "America/Los_Angeles"
					},
					"body": "Hi Ariel,\r\n\r\nDo you have an Android device that you can try running it on instead of the emulator?\r\n\r\nIf not, can you try tweaking the emulator type by heading to \"Run -> Run Configurations...\" and selecting the appropriate config under \"Titanium Android Emulator\". Let me know what Android API and Screen you have set.\r\n\r\nAnd I'm guessing this occurs for any project at all, can you let us know the project type?\r\n\r\nYou've tried a clean build (Project -> Clean...) -> build?\r\n\r\nLastly, you can try Ingo's suggestion if you understand what he's asking. Let us know if not.\r\n\r\nYou might also want to check out any potential solutions in the issues I linked.\r\n\r\nCheers.",
					"updateAuthor": {
						"name": "dsefton",
						"key": "dsefton",
						"displayName": "Daniel Sefton",
						"active": true,
						"timeZone": "America/Los_Angeles"
					},
					"created": "2013-05-22T00:11:39.000+0000",
					"updated": "2013-05-22T00:12:23.000+0000"
				},
				{
					"id": "253349",
					"author": {
						"name": "dhyde",
						"key": "dhyde",
						"displayName": "Dustin Hyde",
						"active": true,
						"timeZone": "America/Los_Angeles"
					},
					"body": "I am seeing this on a default Titanium project in Android Emulator 2.3.3.\r\n\r\nThis seems related to the r22 toolset changes.\r\n\r\nAttaching logs.",
					"updateAuthor": {
						"name": "dhyde",
						"key": "dhyde",
						"displayName": "Dustin Hyde",
						"active": true,
						"timeZone": "America/Los_Angeles"
					},
					"created": "2013-05-22T00:35:47.000+0000",
					"updated": "2013-05-22T00:36:35.000+0000"
				},
				{
					"id": "253352",
					"author": {
						"name": "akzes",
						"key": "akzes",
						"displayName": "Ariel Gelbard",
						"active": true,
						"timeZone": "America/Los_Angeles"
					},
					"body": "Hi Daniel, \r\n\r\nThanks so much for the response. \r\n\r\nHere is my configuration: \r\n-Google APIs (Android 2.2) [armeabi]\r\n-Screen: WVGA8541\r\n\r\nThe project type I use is a Mobile Project.\r\n\r\nWhen I got these errors, I actually did a fresh install of my macbook computer, performed all the current updates, then installed titanium studio and installed xcode and android sdk. I made a new project, and clicked run android emulator, and it still gave me the errors...so I confirmed that it doesn't have to do with any other programs interfering with the titanium or the sdk.\r\n\r\nIf I am provided with the command lines that you would want me to add to run.py, I would be glad to add the code to run.py to help you understand the problem further\r\n\r\nI checked out the other issues that were linked...no dice :(",
					"updateAuthor": {
						"name": "akzes",
						"key": "akzes",
						"displayName": "Ariel Gelbard",
						"active": true,
						"timeZone": "America/Los_Angeles"
					},
					"created": "2013-05-22T00:46:16.000+0000",
					"updated": "2013-05-22T00:46:16.000+0000"
				},
				{
					"id": "253387",
					"author": {
						"name": "seanmc",
						"key": "seanmc",
						"displayName": "Sean McCleary",
						"active": true,
						"timeZone": "America/Los_Angeles"
					},
					"body": "I am also effected by this issue. I experience the same error listed. I have tried multiple Android SDKs and they all fail on every project template without modifying the code. I get the error with the Android emulator or my Android phone. The code has no problems running on the iPhone simulator. I don't understand how any Android development can be done using Titanium Studio with this bug.",
					"updateAuthor": {
						"name": "seanmc",
						"key": "seanmc",
						"displayName": "Sean McCleary",
						"active": true,
						"timeZone": "America/Los_Angeles"
					},
					"created": "2013-05-22T08:14:29.000+0000",
					"updated": "2013-05-22T08:14:29.000+0000"
				},
				{
					"id": "253388",
					"author": {
						"name": "ayeung",
						"key": "ayeung",
						"displayName": "Allen Yeung",
						"active": true,
						"timeZone": "America/Los_Angeles"
					},
					"body": "It looks like in r22 tools, google moved a lot of tools to build-tools.\n\nHere are brief steps I did to reproduce the issue:\n1. Upgrade to the latest r22 sdk tools.  Also make sure you download the new build-tools as well.\n2. Create a new titanium project\n3. Run the project on simulator (I used android 2.2, but I don't think it matters)\n\nExpected Result:\nThe project should build fine.\n\nActual Result:\nYou get the NoneType error as mentioned in this ticket.\n\nNOTE: I occasionally ran into the missing appicon error, but to get around this, just do a clean rebuild.",
					"updateAuthor": {
						"name": "ayeung",
						"key": "ayeung",
						"displayName": "Allen Yeung",
						"active": true,
						"timeZone": "America/Los_Angeles"
					},
					"created": "2013-05-22T08:14:32.000+0000",
					"updated": "2013-05-22T08:14:32.000+0000"
				},
				{
					"id": "253389",
					"author": {
						"name": "ayeung",
						"key": "ayeung",
						"displayName": "Allen Yeung",
						"active": true,
						"timeZone": "America/Los_Angeles"
					},
					"body": "PR: https://github.com/appcelerator/titanium_mobile/pull/4315",
					"updateAuthor": {
						"name": "ayeung",
						"key": "ayeung",
						"displayName": "Allen Yeung",
						"active": true,
						"timeZone": "America/Los_Angeles"
					},
					"created": "2013-05-22T08:16:47.000+0000",
					"updated": "2013-05-22T08:16:47.000+0000"
				},
				{
					"id": "253393",
					"author": {
						"name": "ayeung",
						"key": "ayeung",
						"displayName": "Allen Yeung",
						"active": true,
						"timeZone": "America/Los_Angeles"
					},
					"body": "3_1_X backport: https://github.com/appcelerator/titanium_mobile/pull/4316",
					"updateAuthor": {
						"name": "ayeung",
						"key": "ayeung",
						"displayName": "Allen Yeung",
						"active": true,
						"timeZone": "America/Los_Angeles"
					},
					"created": "2013-05-22T08:37:26.000+0000",
					"updated": "2013-05-22T08:37:26.000+0000"
				},
				{
					"id": "253444",
					"author": {
						"name": "wellsayd",
						"key": "wellsayd",
						"displayName": "brian wells",
						"active": true,
						"timeZone": "America/Los_Angeles"
					},
					"body": "This fixed it for me:\r\n\r\nhttp://developer.appcelerator.com/question/152497/titanium-sdk-310-error-typeerror-argument-of-type-nonetype-is-not-iterable-on-building-android-app",
					"updateAuthor": {
						"name": "wellsayd",
						"key": "wellsayd",
						"displayName": "brian wells",
						"active": true,
						"timeZone": "America/Los_Angeles"
					},
					"created": "2013-05-22T18:13:21.000+0000",
					"updated": "2013-05-22T18:13:21.000+0000"
				},
				{
					"id": "253546",
					"author": {
						"name": "mlangston",
						"key": "mlangston",
						"displayName": "Matt Langston",
						"active": true,
						"timeZone": "America/Los_Angeles"
					},
					"body": "FR passed for https://github.com/appcelerator/titanium_mobile/pull/4315. PR merged to master.\r\n\r\nFR passed for https://github.com/appcelerator/titanium_mobile/pull/4316. PR merged to 3_1_X.",
					"updateAuthor": {
						"name": "mlangston",
						"key": "mlangston",
						"displayName": "Matt Langston",
						"active": true,
						"timeZone": "America/Los_Angeles"
					},
					"created": "2013-05-22T23:42:38.000+0000",
					"updated": "2013-05-23T00:12:01.000+0000"
				},
				{
					"id": "253812",
					"author": {
						"name": "ewing",
						"key": "ewing",
						"displayName": "Eric Wing",
						"active": true,
						"timeZone": "America/Los_Angeles"
					},
					"body": "I just tried applying the fix on my Windows 8 machine (in Virtualbox) by following the announced directions here:\r\nhttp://developer.appcelerator.com/blog/2013/05/updating-to-android-r22-tools.html\r\n(I grabbed 3.1.1.v20130523170057 and also tried against a special 3_1_X_lanica branch Matt made for us which should have incorporated this fix.)\r\n\r\nUnfortunately, this does not seem to fix the problem for me. I think Android/Windows may be using a different naming scheme based on the symlink description in the public announcement.\r\n\r\nInstead of seeing something like:\r\n/Applications/Android-sdk/build-tools/17.0.0/aapt\r\nor\r\n/Applications/Android-sdk/build-tools/17.0.0/dx\r\n\r\nmy Windows file structure is like:\r\nC:\\Android\\adt-bundle-windows-x86_64-20130514\\sdk\\build-tools\\android-4.2.2\r\nwhere there is both a aapt.exe and a dx.bat in this directory.\r\n\r\nThis is a fresh install of Windows 8 (64-bit x86) as of yesterday, and a fresh grab/install of the Android SDK (ADT bundle 64-bit) and NDK. This is also a fresh download/install of Titanium Studio.\r\n\r\n\r\n\r\nBelow is the console output I get when I create a new Single Window project from the template and try to build it.\r\n\r\n\r\n\r\nTitanium Command-Line Interface, CLI version 3.1.0, Titanium SDK version 3.1.1.v20130523170057\r\nCopyright (c) 2012-2013, Appcelerator, Inc.  All Rights Reserved.\r\n[INFO] :   Running emulator process: python \"C:\\Users\\lanica\\AppData\\Roaming\\Titanium\\mobilesdk\\win32\\3.1.1.v20130523170057\\android\\builder.py\" \"emulator\" \"SingleWindowTemplate2\" \"C:\\Android\\adt-bundle-windows-x86_64-20130514\\sdk\" \"C:\\Users\\lanica\\Documents\\Titanium_Studio_Workspace\\SingleWindowTemplate2\" \"com.test.singlewindowtemplate2\" \"3\" \"HVGA\" \"armeabi-v7a\"\r\n[INFO] :   Running build process:  python \"C:\\Users\\lanica\\AppData\\Roaming\\Titanium\\mobilesdk\\win32\\3.1.1.v20130523170057\\android\\builder.py\" \"simulator\" \"SingleWindowTemplate2\" \"C:\\Android\\adt-bundle-windows-x86_64-20130514\\sdk\" \"C:\\Users\\lanica\\Documents\\Titanium_Studio_Workspace\\SingleWindowTemplate2\" \"com.test.singlewindowtemplate2\" \"3\" \"HVGA\"\r\n[INFO] logfile = C:\\Users\\lanica\\Documents\\Titanium_Studio_Workspace\\SingleWindowTemplate2\\build.log\r\n[INFO] :   Emulator is running\r\n[INFO] Building SingleWindowTemplate2 for Android ... one moment\r\n[INFO] Titanium SDK version: 3.1.1 (05/23/13 17:00 f99319d)\r\n[INFO] Fastdev server running, deploying in Fastdev mode\r\n[INFO] Copying CommonJS modules...\r\n[INFO] Copying project resources..\r\n[INFO] Detected change in tiapp.xml, or assets deleted. Forcing full re-build...\r\n[INFO] Force including all modules...\r\n[INFO] Force including all modules...\r\n[INFO] Compiling Javascript Resources ...\r\n[INFO] Compiling localization files\r\n[ERROR] Exception occured while building Android project:\r\n[ERROR] Traceback (most recent call last):\r\n[ERROR]   File \"C:\\Users\\lanica\\AppData\\Roaming\\Titanium\\mobilesdk\\win32\\3.1.1.v20130523170057\\android\\builder.py\", line 2534, in <module>\r\n[ERROR]     builder.build_and_run(False, avd_id, debugger_host=debugger_host, profiler_host=profiler_host)\r\n[ERROR]   File \"C:\\Users\\lanica\\AppData\\Roaming\\Titanium\\mobilesdk\\win32\\3.1.1.v20130523170057\\android\\builder.py\", line 2270, in build_and_run\r\n[ERROR]     self.manifest_changed = self.generate_android_manifest(compiler)\r\n[ERROR]   File \"C:\\Users\\lanica\\AppData\\Roaming\\Titanium\\mobilesdk\\win32\\3.1.1.v20130523170057\\android\\builder.py\", line 1410, in generate_android_manifest\r\n[ERROR]     '-I', self.android_jar], warning_regex=r'skipping')\r\n[ERROR]   File \"C:\\Users\\lanica\\AppData\\Roaming\\Titanium\\mobilesdk\\win32\\3.1.1.v20130523170057\\android\\run.py\", line 38, in run\r\n[ERROR]     print \"[DEBUG] %s\" % subprocess.list2cmdline(args_to_log)\r\n[ERROR]   File \"C:\\TitaniumStudio\\plugins\\com.appcelerator.titanium.python.win32_1.0.0.1338515509\\python\\lib\\subprocess.py\", line 580, in list2cmdline\r\n[ERROR]     needquote = (\" \" in arg) or (\"\\t\" in arg) or not arg\r\n[ERROR] TypeError: argument of type 'NoneType' is not iterable\r\n[ERROR] :  Build process exited with code 1\r\n[ERROR] :  Project failed to build after 11s 605ms\r\n",
					"updateAuthor": {
						"name": "ewing",
						"key": "ewing",
						"displayName": "Eric Wing",
						"active": true,
						"timeZone": "America/Los_Angeles"
					},
					"created": "2013-05-24T03:34:32.000+0000",
					"updated": "2013-05-24T03:34:32.000+0000"
				},
				{
					"id": "253831",
					"author": {
						"name": "ayeung",
						"key": "ayeung",
						"displayName": "Allen Yeung",
						"active": true,
						"timeZone": "America/Los_Angeles"
					},
					"body": "Second PR to fix this for windows:\r\n\r\nMaster: https://github.com/appcelerator/titanium_mobile/pull/4329\r\n3_1_X: https://github.com/appcelerator/titanium_mobile/pull/4330\r\n\r\nWhen testing, please make sure this works on linux, windows, and osx.\r\n\r\nNote: You can build the sdk for multiple platforms by doing 'scons package_all=1'",
					"updateAuthor": {
						"name": "ayeung",
						"key": "ayeung",
						"displayName": "Allen Yeung",
						"active": true,
						"timeZone": "America/Los_Angeles"
					},
					"created": "2013-05-24T10:51:58.000+0000",
					"updated": "2013-05-24T11:07:08.000+0000"
				},
				{
					"id": "253838",
					"author": {
						"name": "akzes",
						"key": "akzes",
						"displayName": "Ariel Gelbard",
						"active": true,
						"timeZone": "America/Los_Angeles"
					},
					"body": "I copied and pasted the master code from github into androidsdk.py and is now working for me! thanks so much for your help :)",
					"updateAuthor": {
						"name": "akzes",
						"key": "akzes",
						"displayName": "Ariel Gelbard",
						"active": true,
						"timeZone": "America/Los_Angeles"
					},
					"created": "2013-05-24T13:59:25.000+0000",
					"updated": "2013-05-24T13:59:25.000+0000"
				},
				{
					"id": "253902",
					"author": {
						"name": "mlangston",
						"key": "mlangston",
						"displayName": "Matt Langston",
						"active": true,
						"timeZone": "America/Los_Angeles"
					},
					"body": "FR passed for https://github.com/appcelerator/titanium_mobile/pull/4329 for all platforms: Mac OSX, Linux and Windows 8 (Windows 7 not tested).\n\nFR passed for https://github.com/appcelerator/titanium_mobile/pull/4330 for all platforms: Mac OSX, Linux and Windows 8 (Windows 7 not tested).",
					"updateAuthor": {
						"name": "mlangston",
						"key": "mlangston",
						"displayName": "Matt Langston",
						"active": true,
						"timeZone": "America/Los_Angeles"
					},
					"created": "2013-05-24T19:01:05.000+0000",
					"updated": "2013-05-24T19:01:05.000+0000"
				},
				{
					"id": "254997",
					"author": {
						"name": "emerriman",
						"key": "emerriman",
						"displayName": "Eric Merriman ",
						"active": true,
						"timeZone": "America/Los_Angeles"
					},
					"body": "Verified fixed with r22 and r22.01 with:\nMac OS 10.8.3\nSafari: 6.0.4\nXcode 4.6.2\nCLI: 3.1.1-alpha\ntitanium-code-processor: 1.0.1-alpha\nAlloy: 1.1.3-alpha\nAppcelerator Studio, build: 3.1.1.201305292130\nTitanium SDK version  3.1.1.v20130529114554",
					"updateAuthor": {
						"name": "emerriman",
						"key": "emerriman",
						"displayName": "Eric Merriman ",
						"active": true,
						"timeZone": "America/Los_Angeles"
					},
					"created": "2013-05-30T22:34:31.000+0000",
					"updated": "2013-05-30T22:34:31.000+0000"
				},
				{
					"id": "261897",
					"author": {
						"name": "fred",
						"key": "fred",
						"displayName": "Fred App",
						"active": true,
						"timeZone": "America/Los_Angeles"
					},
					"updateAuthor": {
						"name": "fred",
						"key": "fred",
						"displayName": "Fred App",
						"active": true,
						"timeZone": "America/Los_Angeles"
					},
					"created": "2013-07-15T22:30:40.000+0000",
					"updated": "2013-07-15T22:30:40.000+0000"
				},
				{
					"id": "262133",
					"author": {
						"name": "a.suchariya",
						"key": "a.suchariya",
						"displayName": "AvtarSingh Suchariya",
						"active": true,
						"timeZone": "Asia/Kolkata"
					},
					"updateAuthor": {
						"name": "a.suchariya",
						"key": "a.suchariya",
						"displayName": "AvtarSingh Suchariya",
						"active": true,
						"timeZone": "Asia/Kolkata"
					},
					"created": "2013-07-17T01:38:39.000+0000",
					"updated": "2013-07-17T01:38:39.000+0000"
				},
				{
					"id": "262190",
					"author": {
						"name": "ayeung",
						"key": "ayeung",
						"displayName": "Allen Yeung",
						"active": true,
						"timeZone": "America/Los_Angeles"
					},
					"body": "Hi [~fred] and [~a.suchariya],\n\nThese errors are different from the one mentioned in the ticket.  If you could file a separate jira ticket for these issues with all the relevant information (repro steps, environment info, and logs), we would be happy to take a look at it then.\n\nThanks",
					"updateAuthor": {
						"name": "ayeung",
						"key": "ayeung",
						"displayName": "Allen Yeung",
						"active": true,
						"timeZone": "America/Los_Angeles"
					},
					"created": "2013-07-17T18:29:37.000+0000",
					"updated": "2013-07-17T18:29:37.000+0000"
				}
			],
			"maxResults": 29,
			"total": 29,
			"startAt": 0
		}
	}
}