---
title: "[TIMOB-4043] javascript files that contain a dash do not get compiled correctly when distributed and result in a error when loading within app."
---
<table>
<tr><th>GitHub Issue</th><td>n/a</td></tr>
<tr><th>Type</th><td>Bug</td></tr>
<tr><th>Priority</th><td>Low</td></tr>
<tr><th>Status</th><td>Closed</td></tr>
<tr><th>Resolution</th><td>Fixed</td></tr>
<tr><th>Resolution Date</th><td>2011-05-19T00:13:22.000+0000</td></tr>
<tr><th>Affected Version/s</th><td>Release 1.7.0, Sprint 2011-19</td></tr>
<tr><th>Fix Version/s</th><td>Release 1.7.0, Sprint 2011-20, Release 1.8.0</td></tr>
<tr><th>Components</th><td>Android</td></tr>
<tr><th>Labels</th><td>n/a</td></tr>
<tr><th>Reporter</th><td>Opie Cyrus</td></tr>
<tr><th>Assignee</th><td>Bill Dawson</td></tr>
<tr><th>Created</th><td>2011-05-11T16:31:13.000+0000</td></tr>
<tr><th>Updated</th><td>2011-05-19T17:16:23.000+0000</td></tr>
</table>

<h3>Description</h3>

Reported by Jonathon Alter.  When loading window from separate js file (IE:  win-test.js) error is encountered due to not being able to find associated compiled JS.  If dash is replace with underscore, error goes away.

TRACE:
"D/KrollContext( 6199): (kroll$2: app://win-test.js) [1688,3277] Running pre-compiled script: win-test.js
E/KrollContext( 6199): (kroll$2: app://win-test.js) [1,3278] Couldn't find pre-compiled class for script: win-test.js
E/KrollContext( 6199): java.lang.ClassNotFoundException: com.appcelerator.pushtest.js.win-test
E/KrollContext( 6199): 	at java.lang.Class.classForName(Native Method)
E/KrollContext( 6199): 	at java.lang.Class.forName(Class.java:234)
E/KrollContext( 6199): 	at java.lang.Class.forName(Class.java:181)
E/KrollContext( 6199): 	at org.appcelerator.titanium.TiScriptRunner.runScript(TiScriptRunner.java:91)
E/KrollContext( 6199): 	at "

Not sure exactly who this should belong to.  Assigning to Don for reallocation.

<h3>Comments</h3>

<ol>
<li>Natalie Huynh 2011-05-18

   Tested with Titanium SDK version: 1.7.0 (05/17/11 15:00 631e153) on 
   Emulator 2.1
   Nexus S 2.3.2</li>
<li>Natalie Huynh 2011-05-18

   Still encounter the error when doing distribution error:
   [ERROR] js: File "win-test" is not a valid class file name.</li>
<li>Natalie Huynh 2011-05-18

   Retested with Titanium SDK version: 1.7.0 (05/18/11 17:17 187fe3f), no error</li>
</ol>


<p><a href="/TIMOB/TIMOB-4043.json">JSON Source</a></p>