---
title: "[TIMOB-23765] Windows: Direct API Access not working "
---
<table>
<tr><th>GitHub Issue</th><td>n/a</td></tr>
<tr><th>Type</th><td>Epic</td></tr>
<tr><th>Priority</th><td>High</td></tr>
<tr><th>Status</th><td>Closed</td></tr>
<tr><th>Resolution</th><td>Fixed</td></tr>
<tr><th>Resolution Date</th><td>2017-05-02T02:15:37.000+0000</td></tr>
<tr><th>Affected Version/s</th><td>Release 5.4.0</td></tr>
<tr><th>Fix Version/s</th><td>n/a</td></tr>
<tr><th>Components</th><td>Windows</td></tr>
<tr><th>Labels</th><td>qe-5.4.0</td></tr>
<tr><th>Reporter</th><td>Josh Longton</td></tr>
<tr><th>Assignee</th><td>Kota Iguchi</td></tr>
<tr><th>Created</th><td>2016-08-11T21:04:51.000+0000</td></tr>
<tr><th>Updated</th><td>2017-05-02T02:15:37.000+0000</td></tr>
</table>

<h3>Description</h3>

<h4>Steps to reproduce:</h4>
<h4>Use the GA environment above.</h4>
<h4>Create a new project <code>appc new</code></h4>
<h4>In the app.js add the line below or follow the docs tutorial.</h4>

<h4>Docs</h4>
<a href="http://docs.appcelerator.com/platform/latest/#" rel="nofollow" target="_blank">http://docs.appcelerator.com/platform/latest/#</a>!/guide/Windows_Runtime_Direct_API_Access


<h4>App.js</h4>

{noformat}
var win = require('Windows.UI.Xaml.Window');
{noformat}

<h4>Actual</h4>


{noformat}
[WARN] :   C:\Users\Tester\.titanium\vsbuild\windowsHyperloop\Native\src\Windows.ApplicationModel.DataTransfer.DataPackage.cpp(224): warning C4973: 'Windows::ApplicationModel::DataTransfer::IDataPackage::SetUri': marked as deprecated [C:\Users\Tester\.titanium\vsbuild\windowsHyperloop\win10.x86\Native\TitaniumWindows_Native.vcxproj]
[WARN] :   C:\Users\Tester\.titanium\vsbuild\windowsHyperloop\Native\src\Windows.ApplicationModel.DataTransfer.DataPackageView.cpp(254): warning C4973: 'Windows::ApplicationModel::DataTransfer::IDataPackageView::GetUriAsync': marked as deprecated [C:\Users\Tester\.titanium\vsbuild\windowsHyperloop\win10.x86\Native\TitaniumWindows_Native.vcxproj]
[ERROR] :  C:\Users\Tester\.titanium\vsbuild\windowsHyperloop\Native\src\Windows.Storage.StorageFile.cpp(195): error C2039: 'StorageProvider': is not a member of 'Titanium::Windows::Storage' [C:\Users\Tester\.titanium\vsbuild\windowsHyperloop\win10.x86\Native\TitaniumWindows_Native.vcxproj]
[ERROR] :  C:\Users\Tester\.titanium\vsbuild\windowsHyperloop\Native\src\Windows.Storage.StorageFile.cpp(195): error C2065: 'StorageProvider': undeclared identifier [C:\Users\Tester\.titanium\vsbuild\windowsHyperloop\win10.x86\Native\TitaniumWindows_Native.vcxproj]
[ERROR] :  C:\Users\Tester\.titanium\vsbuild\windowsHyperloop\Native\src\Windows.Storage.StorageFile.cpp(195): error C2923: 'HAL::JSExport': 'StorageProvider' is not a valid template type argument for parameter 'T' [C:\Users\Tester\.titanium\vsbuild\windowsHyperloop\win10.x86\Native\TitaniumWindows_Native.vcxproj]
[ERROR] :  C:\Users\Tester\.titanium\vsbuild\windowsHyperloop\Native\src\Windows.Storage.StorageFile.cpp(196): error C2039: 'StorageProvider': is not a member of 'Titanium::Windows::Storage' [C:\Users\Tester\.titanium\vsbuild\windowsHyperloop\win10.x86\Native\TitaniumWindows_Native.vcxproj]
[ERROR] :  C:\Users\Tester\.titanium\vsbuild\windowsHyperloop\Native\src\Windows.Storage.StorageFile.cpp(196): error C2065: 'StorageProvider': undeclared identifier [C:\Users\Tester\.titanium\vsbuild\windowsHyperloop\win10.x86\Native\TitaniumWindows_Native.vcxproj]
[ERROR] :  C:\Users\Tester\.titanium\vsbuild\windowsHyperloop\Native\src\Windows.Storage.StorageFile.cpp(196): error C2672: 'HAL::JSObject::GetPrivate': no matching overloaded function found [C:\Users\Tester\.titanium\vsbuild\windowsHyperloop\win10.x86\Native\TitaniumWindows_Native.vcxproj]
[ERROR] :  C:\Users\Tester\.titanium\vsbuild\windowsHyperloop\Native\src\Windows.Storage.StorageFile.cpp(196): error C2974: 'HAL::JSObject::GetPrivate': invalid template argument for 'T', type expected [C:\Users\Tester\.titanium\vsbuild\windowsHyperloop\win10.x86\Native\TitaniumWindows_Native.vcxproj]
[ERROR] :  C:\Users\Tester\.titanium\vsbuild\windowsHyperloop\Native\src\Windows.Storage.StorageFile.cpp(197): error C3536: 'result_wrapper': cannot be used before it is initialized [C:\Users\Tester\.titanium\vsbuild\windowsHyperloop\win10.x86\Native\TitaniumWindows_Native.vcxproj]
[ERROR] :  C:\Users\Tester\.titanium\vsbuild\windowsHyperloop\Native\src\Windows.Storage.StorageFile.cpp(197): error C2227: left of '->wrap' must point to class/struct/union/generic type [C:\Users\Tester\.titanium\vsbuild\windowsHyperloop\win10.x86\Native\TitaniumWindows_Native.vcxproj]
[ERROR] :  C:\Users\Tester\.titanium\vsbuild\windowsHyperloop\Native\src\Windows.Storage.StorageFolder.cpp(174): error C2039: 'StorageProvider': is not a member of 'Titanium::Windows::Storage' [C:\Users\Tester\.titanium\vsbuild\windowsHyperloop\win10.x86\Native\TitaniumWindows_Native.vcxproj]
[ERROR] :  C:\Users\Tester\.titanium\vsbuild\windowsHyperloop\Native\src\Windows.Storage.StorageFolder.cpp(174): error C2065: 'StorageProvider': undeclared identifier [C:\Users\Tester\.titanium\vsbuild\windowsHyperloop\win10.x86\Native\TitaniumWindows_Native.vcxproj]
[ERROR] :  C:\Users\Tester\.titanium\vsbuild\windowsHyperloop\Native\src\Windows.Storage.StorageFolder.cpp(174): error C2923: 'HAL::JSExport': 'StorageProvider' is not a valid template type argument for parameter 'T' [C:\Users\Tester\.titanium\vsbuild\windowsHyperloop\win10.x86\Native\TitaniumWindows_Native.vcxproj]
[ERROR] :  C:\Users\Tester\.titanium\vsbuild\windowsHyperloop\Native\src\Windows.Storage.StorageFolder.cpp(175): error C2039: 'StorageProvider': is not a member of 'Titanium::Windows::Storage' [C:\Users\Tester\.titanium\vsbuild\windowsHyperloop\win10.x86\Native\TitaniumWindows_Native.vcxproj]
[ERROR] :  C:\Users\Tester\.titanium\vsbuild\windowsHyperloop\Native\src\Windows.Storage.StorageFolder.cpp(175): error C2065: 'StorageProvider': undeclared identifier [C:\Users\Tester\.titanium\vsbuild\windowsHyperloop\win10.x86\Native\TitaniumWindows_Native.vcxproj]
[ERROR] :  C:\Users\Tester\.titanium\vsbuild\windowsHyperloop\Native\src\Windows.Storage.StorageFolder.cpp(175): error C2672: 'HAL::JSObject::GetPrivate': no matching overloaded function found [C:\Users\Tester\.titanium\vsbuild\windowsHyperloop\win10.x86\Native\TitaniumWindows_Native.vcxproj]
[ERROR] :  C:\Users\Tester\.titanium\vsbuild\windowsHyperloop\Native\src\Windows.Storage.StorageFolder.cpp(175): error C2974: 'HAL::JSObject::GetPrivate': invalid template argument for 'T', type expected [C:\Users\Tester\.titanium\vsbuild\windowsHyperloop\win10.x86\Native\TitaniumWindows_Native.vcxproj]
[ERROR] :  C:\Users\Tester\.titanium\vsbuild\windowsHyperloop\Native\src\Windows.Storage.StorageFolder.cpp(176): error C3536: 'result_wrapper': cannot be used before it is initialized [C:\Users\Tester\.titanium\vsbuild\windowsHyperloop\win10.x86\Native\TitaniumWindows_Native.vcxproj]
[ERROR] :  C:\Users\Tester\.titanium\vsbuild\windowsHyperloop\Native\src\Windows.Storage.StorageFolder.cpp(176): error C2227: left of '->wrap' must point to class/struct/union/generic type [C:\Users\Tester\.titanium\vsbuild\windowsHyperloop\win10.x86\Native\TitaniumWindows_Native.vcxproj]
[WARN] :   "C:\Users\Tester\.titanium\vsbuild\windowsHyperloop\win10.x86\WindowsHyperloop.sln" (default target) (1) ->
"C:\Users\Tester\.titanium\vsbuild\windowsHyperloop\win10.x86\Native\TitaniumWindows_Native.vcxproj.metaproj" (default target) (2) ->
"C:\Users\Tester\.titanium\vsbuild\windowsHyperloop\win10.x86\Native\TitaniumWindows_Native.vcxproj" (default target) (4) ->
(ClCompile target) -> 
  C:\Users\Tester\.titanium\vsbuild\windowsHyperloop\Native\src\Windows.ApplicationModel.DataTransfer.DataPackage.cpp(224): warning C4973: 'Windows::ApplicationModel::DataTransfer::IDataPackage::SetUri': marked as deprecated [C:\Users\Tester\.titanium\vsbuild\windowsHyperloop\win10.x86\Native\TitaniumWindows_Native.vcxproj]
  C:\Users\Tester\.titanium\vsbuild\windowsHyperloop\Native\src\Windows.ApplicationModel.DataTransfer.DataPackageView.cpp(254): warning C4973: 'Windows::ApplicationModel::DataTransfer::IDataPackageView::GetUriAsync': marked as deprecated [C:\Users\Tester\.titanium\vsbuild\windowsHyperloop\win10.x86\Native\TitaniumWindows_Native.vcxproj]
[ERROR] :  "C:\Users\Tester\.titanium\vsbuild\windowsHyperloop\win10.x86\WindowsHyperloop.sln" (default target) (1) ->
"C:\Users\Tester\.titanium\vsbuild\windowsHyperloop\win10.x86\Native\TitaniumWindows_Native.vcxproj.metaproj" (default target) (2) ->
"C:\Users\Tester\.titanium\vsbuild\windowsHyperloop\win10.x86\Native\TitaniumWindows_Native.vcxproj" (default target) (4) ->
(ClCompile target) -> 
  C:\Users\Tester\.titanium\vsbuild\windowsHyperloop\Native\src\Windows.Storage.StorageFile.cpp(195): error C2039: 'StorageProvider': is not a member of 'Titanium::Windows::Storage' [C:\Users\Tester\.titanium\vsbuild\windowsHyperloop\win10.x86\Native\TitaniumWindows_Native.vcxproj]
  C:\Users\Tester\.titanium\vsbuild\windowsHyperloop\Native\src\Windows.Storage.StorageFile.cpp(195): error C2065: 'StorageProvider': undeclared identifier [C:\Users\Tester\.titanium\vsbuild\windowsHyperloop\win10.x86\Native\TitaniumWindows_Native.vcxproj]
  C:\Users\Tester\.titanium\vsbuild\windowsHyperloop\Native\src\Windows.Storage.StorageFile.cpp(195): error C2923: 'HAL::JSExport': 'StorageProvider' is not a valid template type argument for parameter 'T' [C:\Users\Tester\.titanium\vsbuild\windowsHyperloop\win10.x86\Native\TitaniumWindows_Native.vcxproj]
[ERROR] :  C:\Users\Tester\.titanium\vsbuild\windowsHyperloop\Native\src\Windows.Storage.StorageFile.cpp(196): error C2039: 'StorageProvider': is not a member of 'Titanium::Windows::Storage' [C:\Users\Tester\.titanium\vsbuild\windowsHyperloop\win10.x86\Native\TitaniumWindows_Native.vcxproj]
  C:\Users\Tester\.titanium\vsbuild\windowsHyperloop\Native\src\Windows.Storage.StorageFile.cpp(196): error C2065: 'StorageProvider': undeclared identifier [C:\Users\Tester\.titanium\vsbuild\windowsHyperloop\win10.x86\Native\TitaniumWindows_Native.vcxproj]
  C:\Users\Tester\.titanium\vsbuild\windowsHyperloop\Native\src\Windows.Storage.StorageFile.cpp(196): error C2672: 'HAL::JSObject::GetPrivate': no matching overloaded function found [C:\Users\Tester\.titanium\vsbuild\windowsHyperloop\win10.x86\Native\TitaniumWindows_Native.vcxproj]
  C:\Users\Tester\.titanium\vsbuild\windowsHyperloop\Native\src\Windows.Storage.StorageFile.cpp(196): error C2974: 'HAL::JSObject::GetPrivate': invalid template argument for 'T', type expected [C:\Users\Tester\.titanium\vsbuild\windowsHyperloop\win10.x86\Native\TitaniumWindows_Native.vcxproj]
  C:\Users\Tester\.titanium\vsbuild\windowsHyperloop\Native\src\Windows.Storage.StorageFile.cpp(197): error C3536: 'result_wrapper': cannot be used before it is initialized [C:\Users\Tester\.titanium\vsbuild\windowsHyperloop\win10.x86\Native\TitaniumWindows_Native.vcxproj]
  C:\Users\Tester\.titanium\vsbuild\windowsHyperloop\Native\src\Windows.Storage.StorageFile.cpp(197): error C2227: left of '->wrap' must point to class/struct/union/generic type [C:\Users\Tester\.titanium\vsbuild\windowsHyperloop\win10.x86\Native\TitaniumWindows_Native.vcxproj]
  C:\Users\Tester\.titanium\vsbuild\windowsHyperloop\Native\src\Windows.Storage.StorageFolder.cpp(174): error C2039: 'StorageProvider': is not a member of 'Titanium::Windows::Storage' [C:\Users\Tester\.titanium\vsbuild\windowsHyperloop\win10.x86\Native\TitaniumWindows_Native.vcxproj]
  C:\Users\Tester\.titanium\vsbuild\windowsHyperloop\Native\src\Windows.Storage.StorageFolder.cpp(174): error C2065: 'StorageProvider': undeclared identifier [C:\Users\Tester\.titanium\vsbuild\windowsHyperloop\win10.x86\Native\TitaniumWindows_Native.vcxproj]
  C:\Users\Tester\.titanium\vsbuild\windowsHyperloop\Native\src\Windows.Storage.StorageFolder.cpp(174): error C2923: 'HAL::JSExport': 'StorageProvider' is not a valid template type argument for parameter 'T' [C:\Users\Tester\.titanium\vsbuild\windowsHyperloop\win10.x86\Native\TitaniumWindows_Native.vcxproj]
  C:\Users\Tester\.titanium\vsbuild\windowsHyperloop\Native\src\Windows.Storage.StorageFolder.cpp(175): error C2039: 'StorageProvider': is not a member of 'Titanium::Windows::Storage' [C:\Users\Tester\.titanium\vsbuild\windowsHyperloop\win10.x86\Native\TitaniumWindows_Native.vcxproj]
  C:\Users\Tester\.titanium\vsbuild\windowsHyperloop\Native\src\Windows.Storage.StorageFolder.cpp(175): error C2065: 'StorageProvider': undeclared identifier [C:\Users\Tester\.titanium\vsbuild\windowsHyperloop\win10.x86\Native\TitaniumWindows_Native.vcxproj]
  C:\Users\Tester\.titanium\vsbuild\windowsHyperloop\Native\src\Windows.Storage.StorageFolder.cpp(175): error C2672: 'HAL::JSObject::GetPrivate': no matching overloaded function found [C:\Users\Tester\.titanium\vsbuild\windowsHyperloop\win10.x86\Native\TitaniumWindows_Native.vcxproj]
  C:\Users\Tester\.titanium\vsbuild\windowsHyperloop\Native\src\Windows.Storage.StorageFolder.cpp(175): error C2974: 'HAL::JSObject::GetPrivate': invalid template argument for 'T', type expected [C:\Users\Tester\.titanium\vsbuild\windowsHyperloop\win10.x86\Native\TitaniumWindows_Native.vcxproj]
  C:\Users\Tester\.titanium\vsbuild\windowsHyperloop\Native\src\Windows.Storage.StorageFolder.cpp(176): error C3536: 'result_wrapper': cannot be used before it is initialized [C:\Users\Tester\.titanium\vsbuild\windowsHyperloop\win10.x86\Native\TitaniumWindows_Native.vcxproj]
  C:\Users\Tester\.titanium\vsbuild\windowsHyperloop\Native\src\Windows.Storage.StorageFolder.cpp(176): error C2227: left of '->wrap' must point to class/struct/union/generic type [C:\Users\Tester\.titanium\vsbuild\windowsHyperloop\win10.x86\Native\TitaniumWindows_Native.vcxproj]
    2 Warning(s)
    18 Error(s)
Time Elapsed 00:05:20.49
{noformat}

<h4>Expected</h4>
No error is shown and the application builds successfully.

<h3>Comments</h3>

<ol>
<li>Kota Iguchi 2016-11-02

   Pushed first working version which uses C# reflection. <a href="https://github.com/appcelerator/titanium_mobile_windows/pull/888" rel="nofollow" target="_blank">https://github.com/appcelerator/titanium_mobile_windows/pull/888</a></li>
<li>Kota Iguchi 2016-11-03

   Changed this ticket to "Epic" because this ticket is too big to tackle in one sprint. I will split some tasks related to this so we can keep track on it.</li>
<li>Javier Perez 2017-04-07

   [~kota] [~emerriman]  how much product documentation do we need here  <a href="https://docs.appcelerator.com/platform/latest/#" rel="nofollow" target="_blank">https://docs.appcelerator.com/platform/latest/#</a>!/guide/Enabling_Hyperloop
   
   can you get that going with our documentations team?
   
   Thanks</li>
<li>Kota Iguchi 2017-04-10

   I guess we don't need much changes in [Enabling Hyperloop](<a href="https://docs.appcelerator.com/platform/latest/#" rel="nofollow" target="_blank">https://docs.appcelerator.com/platform/latest/#</a>!/guide/Enabling_Hyperloop) even when we have Windows support. I will update it by myself wherever necessary. FYI I am adding Windows-specific documentations under [Hyperloop_Guides](<a href="https://docs.appcelerator.com/platform/latest/#" rel="nofollow" target="_blank">https://docs.appcelerator.com/platform/latest/#</a>!/guide/Hyperloop_Guides).</li>
<li>Javier Perez 2017-04-10

   Great,  thanks [~kota]</li>
<li>Kota Iguchi 2017-05-02

   Closing this as "Fixed", we have finished all sub-tasks, and then finally we released Hyperloop 2.1.0! (y) </li>
</ol>


<p><a href="/TIMOB/TIMOB-23765.json">JSON Source</a></p>