{
	"id": "124518",
	"key": "AC-1853",
	"fields": {
		"issuetype": {
			"id": "1",
			"description": "A problem which impairs or prevents the functions of the product.",
			"name": "Bug",
			"subtask": false
		},
		"project": {
			"id": "12217",
			"key": "AC",
			"name": "Appcelerator - INBOX",
			"projectCategory": {
				"id": "10000",
				"description": "",
				"name": "Customer Service"
			}
		},
		"resolution": {
			"id": "5",
			"description": "All attempts at reproducing this issue failed, or not enough information was available to reproduce the issue. Reading the code produces no clues as to why this behavior would occur. If more information appears later, please reopen the issue.",
			"name": "Cannot Reproduce"
		},
		"resolutiondate": "2014-01-12T19:09:57.000+0000",
		"created": "2014-01-08T11:21:27.000+0000",
		"labels": [],
		"versions": [],
		"issuelinks": [],
		"assignee": {
			"name": "ragrawal",
			"key": "ragrawal",
			"displayName": "Ritu Agrawal",
			"active": true,
			"timeZone": "America/Los_Angeles"
		},
		"updated": "2016-03-08T07:40:45.000+0000",
		"status": {
			"description": "The issue is considered finished, the resolution is correct. Issues which are closed can be reopened.",
			"name": "Closed",
			"id": "6",
			"statusCategory": {
				"id": 3,
				"key": "done",
				"colorName": "green",
				"name": "Done"
			}
		},
		"components": [
			{
				"id": "14551",
				"name": "Studio",
				"description": "Please enter tickets related to Titanium Studio here."
			},
			{
				"id": "14548",
				"name": "Titanium SDK & CLI",
				"description": "Please enter tickets related to the MobileSDK here."
			}
		],
		"description": "1) Build an iOS app\r\n2) Change the system date on OSX System settings (while the app is still running) by unticking the 'Set date and time automatically' checkbox and changing the current year to +1 (e.g. 2015)\r\n3) Terminate the iOS simulator and try to build again.\r\n4) It should work fine, but now if you switch the sysdate back to the current date the project will not build again unless you change the sysdate back to the future date!\r\n\r\nThe error is:\r\n[ERROR] :  2014-01-08 12:41:38.924 xcodebuild[4444:1a03]  DVTAssertions: Warning in /SourceCache/IDEXcode3ProjectSupport/IDEXcode3ProjectSupport-3564.1/Xcode3Sources/XcodeIDE/Frameworks/DevToolsBase/pbxcore/SpecificationTypes/XCGccMakefileDependencies.m:78\r\n[ERROR] :  Details:  Failed to load dependencies output contents from ``/Users/jace/Documents/Titanium Studio Workspace/dogsquare/build/iphone/build/dogsquare.build/Debug-iphonesimulator/dogsquare.build/Objects-normal/i386/TiMapPinAnnotationView.d''. Error: Error Domain=NSCocoaErrorDomain Code=260 \"The file “TiMapPinAnnotationView.d” couldn’t be opened because there is no such file.\" UserInfo=0x7fc5456874d0 {NSFilePath=/Users/jace/Documents/Titanium Studio Workspace/dogsquare/build/iphone/build/dogsquare.build/Debug-iphonesimulator/dogsquare.build/Objects-normal/i386/TiMapPinAnnotationView.d, NSUnderlyingError=0x7fc545654300 \"The operation couldn’t be completed. No such file or directory\"}. User info: {\r\n[ERROR] :      NSFilePath = \"/Users/jace/Documents/Titanium Studio Workspace/dogsquare/build/iphone/build/dogsquare.build/Debug-iphonesimulator/dogsquare.build/Objects-normal/i386/TiMapPinAnnotationView.d\";\r\n[ERROR] :      NSUnderlyingError = \"Error Domain=NSPOSIXErrorDomain Code=2 \\\"The operation couldn\\U2019t be completed. No such file or directory\\\"\";\r\n[ERROR] :  }.\r\n[ERROR] :  Function: void XCGccMakefileDependenciesParsePathsFromRuleFile(NSString *__strong, F) [F = <lambda at /SourceCache/IDEXcode3ProjectSupport/IDEXcode3ProjectSupport-3564.1/Xcode3Sources/XcodeIDE/Frameworks/DevToolsBase/pbxcore/SpecificationTypes/XCGccMakefileDependencies.m:168:73>]\r\n[ERROR] :  Thread:   <NSThread: 0x7fc5456542c0>{name = (null), num = 7}\r\n[ERROR] :  Please file a bug at http://bugreport.apple.com with this warning message and any useful information you can provide.\r\n[ERROR] :  2014-01-08 12:41:38.927 xcodebuild[4444:1603]  DVTAssertions: Warning in /SourceCache/IDEXcode3ProjectSupport/IDEXcode3ProjectSupport-3564.1/Xcode3Sources/XcodeIDE/Frameworks/DevToolsBase/pbxcore/SpecificationTypes/XCGccMakefileDependencies.m:78\r\n[ERROR] :  Details:  Failed to load dependencies output contents from ``/Users/jace/Documents/Titanium Studio Workspace/dogsquare/build/iphone/build/dogsquare.build/Debug-iphonesimulator/dogsquare.build/Objects-normal/i386/TiUITableViewAction.d''. Error: Error Domain=NSCocoaErrorDomain Code=260 \"The file “TiUITableViewAction.d” couldn’t be opened because there is no such file.\" UserInfo=0x7fc545356350 {NSFilePath=/Users/jace/Documents/Titanium Studio Workspace/dogsquare/build/iphone/build/dogsquare.build/Debug-iphonesimulator/dogsquare.build/Objects-normal/i386/TiUITableViewAction.d, NSUnderlyingError=0x7fc5453562a0 \"The operation couldn’t be completed. No such file or directory\"}. User info: {\r\n[ERROR] :      NSFilePath = \"/Users/jace/Documents/Titanium Studio Workspace/dogsquare/build/iphone/build/dogsquare.build/Debug-iphonesimulator/dogsquare.build/Objects-normal/i386/TiUITableViewAction.d\";\r\n[ERROR] :      NSUnderlyingError = \"Error Domain=NSPOSIXErrorDomain Code=2 \\\"The operation couldn\\U2019t be completed. No such file or directory\\\"\";\r\n[ERROR] :  }.\r\n[ERROR] :  Function: void XCGccMakefileDependenciesParsePathsFromRuleFile(NSString *__strong, F) [F = <lambda at /SourceCache/IDEXcode3ProjectSupport/IDEXcode3ProjectSupport-3564.1/Xcode3Sources/XcodeIDE/Frameworks/DevToolsBase/pbxcore/SpecificationTypes/XCGccMakefileDependencies.m:168:73>]\r\n[ERROR] :  Thread:   <NSThread: 0x7fc545356260>{name = (null), num = 10}\r\n[ERROR] :  Please file a bug at http://bugreport.apple.com with this warning message and any useful information you can provide.\r\n[ERROR] :  2014-01-08 12:41:38.923 xcodebuild[4444:5e07]  DVTAssertions: Warning in /SourceCache/IDEXcode3ProjectSupport/IDEXcode3ProjectSupport-3564.1/Xcode3Sources/XcodeIDE/Frameworks/DevToolsBase/pbxcore/SpecificationTypes/XCGccMakefileDependencies.m:78\r\n[ERROR] :  Details:  Failed to load dependencies output contents from ``/Users/jace/Documents/Titanium Studio Workspace/dogsquare/build/iphone/build/dogsquare.build/Debug-iphonesimulator/dogsquare.build/Objects-normal/i386/TiFile.d''. Error: Error Domain=NSCocoaErrorDomain Code=260 \"The file “TiFile.d” couldn’t be opened because there is no such file.\" UserInfo=0x7fc544dfad30 {NSFilePath=/Users/jace/Documents/Titanium Studio Workspace/dogsquare/build/iphone/build/dogsquare.build/Debug-iphonesimulator/dogsquare.build/Objects-normal/i386/TiFile.d, NSUnderlyingError=0x7fc544dfab70 \"The operation couldn’t be completed. No such file or directory\"}. User info: {\r\n[ERROR] :      NSFilePath = \"/Users/jace/Documents/Titanium Studio Workspace/dogsquare/build/iphone/build/dogsquare.build/Debug-iphonesimulator/dogsquare.build/Objects-normal/i386/TiFile.d\";\r\n[ERROR] :      NSUnderlyingError = \"Error Domain=NSPOSIXErrorDomain Code=2 \\\"The operation couldn\\U2019t be completed. No such file or directory\\\"\";\r\n[ERROR] :  }.\r\n[ERROR] :  Function: void XCGccMakefileDependenciesParsePathsFromRuleFile(NSString *__strong, F) [F = <lambda at /SourceCache/IDEXcode3ProjectSupport/IDEXcode3ProjectSupport-3564.1/Xcode3Sources/XcodeIDE/Frameworks/DevToolsBase/pbxcore/SpecificationTypes/XCGccMakefileDependencies.m:168:73>]\r\n[ERROR] :  Thread:   <NSThread: 0x7fc544dfab30>{name = (null), num = 8}\r\n[ERROR] :  Please file a bug at http://bugreport.apple.com with this warning message and any useful information you can provide.\r\n[ERROR] :  2014-01-08 12:41:38.928 xcodebuild[4444:3603]  DVTAssertions: Warning in /SourceCache/IDEXcode3ProjectSupport/IDEXcode3ProjectSupport-3564.1/Xcode3Sources/XcodeIDE/Frameworks/DevToolsBase/pbxcore/SpecificationTypes/XCGccMakefileDependencies.m:78\r\n[ERROR] :  Details:  Failed to load dependencies output contents from ``/Users/jace/Documents/Titanium Studio Workspace/dogsquare/build/iphone/build/dogsquare.build/Debug-iphonesimulator/dogsquare.build/Objects-normal/i386/main.d''. Error: Error Domain=NSCocoaErrorDomain Code=260 \"The file “main.d” couldn’t be opened because there is no such file.\" UserInfo=0x7fc544f4d8f0 {NSFilePath=/Users/jace/Documents/Titanium Studio Workspace/dogsquare/build/iphone/build/dogsquare.build/Debug-iphonesimulator/dogsquare.build/Objects-normal/i386/main.d, NSUnderlyingError=0x7fc544f4f430 \"The operation couldn’t be completed. No such file or directory\"}. User info: {\r\n[ERROR] :      NSFilePath = \"/Users/jace/Documents/Titanium Studio Workspace/dogsquare/build/iphone/build/dogsquare.build/Debug-iphonesimulator/dogsquare.build/Objects-normal/i386/main.d\";\r\n[ERROR] :      NSUnderlyingError = \"Error Domain=NSPOSIXErrorDomain Code=2 \\\"The operation couldn\\U2019t be completed. No such file or directory\\\"\";\r\n[ERROR] :  }.\r\n[ERROR] :  Function: void XCGccMakefileDependenciesParsePathsFromRuleFile(NSString *__strong, F) [F = <lambda at /SourceCache/IDEXcode3ProjectSupport/IDEXcode3ProjectSupport-3564.1/Xcode3Sources/XcodeIDE/Frameworks/DevToolsBase/pbxcore/SpecificationTypes/XCGccMakefileDependencies.m:168:73>]\r\n[ERROR] :  Thread:   <NSThread: 0x7fc544f4a9f0>{name = (null), num = 9}\r\n[ERROR] :  Please file a bug at http://bugreport.apple.com with this warning message and any useful information you can provide.\r\n[ERROR] :  2014-01-08 12:41:38.969 xcodebuild[4444:1a03]  DVTAssertions: Warning in /SourceCache/IDEXcode3ProjectSupport/IDEXcode3ProjectSupport-3564.1/Xcode3Sources/XcodeIDE/Frameworks/DevToolsBase/pbxcore/SpecificationTypes/XCGccMakefileDependencies.m:78\r\n[ERROR] :  Details:  Failed to load dependencies output contents from ``/Users/jace/Documents/Titanium Studio Workspace/dogsquare/build/iphone/build/dogsquare.build/Debug-iphonesimulator/dogsquare.build/Objects-normal/i386/AFItemView.d''. Error: Error Domain=NSCocoaErrorDomain Code=260 \"The file “AFItemView.d” couldn’t be opened because there is no such file.\" UserInfo=0x7fc544f5bcc0 {NSFilePath=/Users/jace/Documents/Titanium Studio Workspace/dogsquare/build/iphone/build/dogsquare.build/Debug-iphonesimulator/dogsquare.build/Objects-normal/i386/AFItemView.d, NSUnderlyingError=0x7fc544f4dad0 \"The operation couldn’t be completed. No such file or directory\"}. User info: {\r\n[ERROR] :      NSFilePath = \"/Users/jace/Documents/Titanium Studio Workspace/dogsquare/build/iphone/build/dogsquare.build/Debug-iphonesimulator/dogsquare.build/Objects-normal/i386/AFItemView.d\";\r\n[ERROR] :      NSUnderlyingError = \"Error Domain=NSPOSIXErrorDomain Code=2 \\\"The operation couldn\\U2019t be completed. No such file or directory\\\"\";\r\n[ERROR] :  }.\r\n[ERROR] :  Function: void XCGccMakefileDependenciesParsePathsFromRuleFile(NSString *__strong, F) [F = <lambda at /SourceCache/IDEXcode3ProjectSupport/IDEXcode3ProjectSupport-3564.1/Xcode3Sources/XcodeIDE/Frameworks/DevToolsBase/pbxcore/SpecificationTypes/XCGccMakefileDependencies.m:168:73>]\r\n[ERROR] :  Thread:   <NSThread: 0x7fc5456542c0>{name = (null), num = 7}\r\n[ERROR] :  Please file a bug at http://bugreport.apple.com with this warning message and any useful information you can provide.\r\n[ERROR] :  ** BUILD FAILED **\r\n[ERROR] :  The following build commands failed:\r\n[ERROR] :  \tCompileC build/dogsquare.build/Debug-iphonesimulator/dogsquare.build/Objects-normal/i386/TiUITableViewAction.o Classes/TiUITableViewAction.m normal i386 objective-c com.apple.compilers.llvm.clang.1_0.compiler\r\n[ERROR] :  \tCompileC build/dogsquare.build/Debug-iphonesimulator/dogsquare.build/Objects-normal/i386/TiFile.o Classes/TiFile.m normal i386 objective-c com.apple.compilers.llvm.clang.1_0.compiler\r\n[ERROR] :  \tCompileC build/dogsquare.build/Debug-iphonesimulator/dogsquare.build/Objects-normal/i386/TiMapPinAnnotationView.o Classes/TiMapPinAnnotationView.m normal i386 objective-c com.apple.compilers.llvm.clang.1_0.compiler\r\n[ERROR] :  \tCompileC build/dogsquare.build/Debug-iphonesimulator/dogsquare.build/Objects-normal/i386/main.o main.m normal i386 objective-c com.apple.compilers.llvm.clang.1_0.compiler\r\n[ERROR] :  \tCompileC build/dogsquare.build/Debug-iphonesimulator/dogsquare.build/Objects-normal/i386/AFItemView.o Classes/AFOpenFlow/AFItemView.m normal i386 objective-c com.apple.compilers.llvm.clang.1_0.compiler\r\n[ERROR] :  (5 failures)\r\n",
		"attachment": [],
		"flagged": false,
		"summary": "iOS build fails if computer's date is moved forward",
		"creator": {
			"name": "sanosai",
			"key": "sanosai",
			"displayName": "Jason Kritikos",
			"active": true,
			"timeZone": "America/Los_Angeles"
		},
		"subtasks": [],
		"reporter": {
			"name": "sanosai",
			"key": "sanosai",
			"displayName": "Jason Kritikos",
			"active": true,
			"timeZone": "America/Los_Angeles"
		},
		"environment": "OSX 10.8.5\r\nXcode 5.0",
		"comment": {
			"comments": [
				{
					"id": "287594",
					"author": {
						"name": "ragrawal",
						"key": "ragrawal",
						"displayName": "Ritu Agrawal",
						"active": true,
						"timeZone": "America/Los_Angeles"
					},
					"body": "We have not been able to reproduce this issue based on the steps provided. Can you please verify your steps to make sure that we are not missing any other step? I would also suggest you to try the same scenario with a simple Xcode project and report the findings. ",
					"updateAuthor": {
						"name": "ragrawal",
						"key": "ragrawal",
						"displayName": "Ritu Agrawal",
						"active": true,
						"timeZone": "America/Los_Angeles"
					},
					"created": "2014-01-10T05:50:39.000+0000",
					"updated": "2014-01-12T04:15:00.000+0000"
				}
			],
			"maxResults": 2,
			"total": 2,
			"startAt": 0
		}
	}
}