---
title: "[AC-1884] Can't install app to android device"
---
<table>
<tr><th>GitHub Issue</th><td>n/a</td></tr>
<tr><th>Type</th><td>Bug</td></tr>
<tr><th>Priority</th><td>n/a</td></tr>
<tr><th>Status</th><td>Closed</td></tr>
<tr><th>Resolution</th><td>Duplicate</td></tr>
<tr><th>Resolution Date</th><td>2013-05-22T21:18:25.000+0000</td></tr>
<tr><th>Affected Version/s</th><td>n/a</td></tr>
<tr><th>Fix Version/s</th><td>n/a</td></tr>
<tr><th>Components</th><td>Titanium SDK & CLI</td></tr>
<tr><th>Labels</th><td>android-installation</td></tr>
<tr><th>Reporter</th><td>Uno Engborg</td></tr>
<tr><th>Assignee</th><td>Shak Hossain</td></tr>
<tr><th>Created</th><td>2013-05-22T20:26:49.000+0000</td></tr>
<tr><th>Updated</th><td>2016-03-08T07:40:48.000+0000</td></tr>
</table>

<h3>Description</h3>

When I select an Android project from the project tree to the left,  and then right click and select "Install to Android Device" the installation fails with the following error:

...
[INFO] Compiling localization files
[ERROR] Exception occured while building Android project:
[ERROR] Traceback (most recent call last):
[ERROR]   File "/Users/uno/Library/Application Support/Titanium/mobilesdk/osx/3.1.0.GA/android/builder.py", line 2553, in <module>
[ERROR]     builder.build_and_run(True, avd_id, device_args=device_args, debugger_host=debugger_host, profiler_host=profiler_host)
[ERROR]   File "/Users/uno/Library/Application Support/Titanium/mobilesdk/osx/3.1.0.GA/android/builder.py", line 2264, in build_and_run
[ERROR]     self.manifest_changed = self.generate_android_manifest(compiler)
[ERROR]   File "/Users/uno/Library/Application Support/Titanium/mobilesdk/osx/3.1.0.GA/android/builder.py", line 1404, in generate_android_manifest
[ERROR]     '-I', self.android_jar], warning_regex=r'skipping')
[ERROR]   File "/Users/uno/Library/Application Support/Titanium/mobilesdk/osx/3.1.0.GA/android/run.py", line 38, in run
[ERROR]     print "[DEBUG] %s" % subprocess.list2cmdline(args_to_log)
[ERROR]   File "/System/Library/Frameworks/Python.framework/Versions/2.7/lib/python2.7/subprocess.py", line 587, in list2cmdline
[ERROR] TypeError: argument of type 'NoneType' is not iterable
[ERROR] :  Build process exited with code 1
[ERROR] :  Project failed to build after 1s 809ms




----
The project runs OK in the iPhone Simulator



<h3>Comments</h3>

<ol>
<li>Daniel Sefton 2013-05-22

   Hi Uno,
   
   We're currently looking into this and the fix will make it into 3.1.1.
   
   In the meantime you can use the workaround here: <a href="http://developer.appcelerator.com/question/152497/titanium-sdk-310-error-typeerror-argument-of-type-nonetype-is-not-iterable-on-building-android-app" rel="nofollow" target="_blank">http://developer.appcelerator.com/question/152497/titanium-sdk-310-error-typeerror-argument-of-type-nonetype-is-not-iterable-on-building-android-app</a>
   
   Closing as duplicate of TIMOB-13944.</li>
</ol>


<p><a href="/AC/AC-1884.json">JSON Source</a></p>