---
title: "[AC-1231] [ERROR] Application Installer abnormal process termination. Process exit value was 8"
---
<table>
<tr><th>GitHub Issue</th><td>n/a</td></tr>
<tr><th>Type</th><td>Bug</td></tr>
<tr><th>Priority</th><td>n/a</td></tr>
<tr><th>Status</th><td>Resolved</td></tr>
<tr><th>Resolution</th><td>Cannot Reproduce</td></tr>
<tr><th>Resolution Date</th><td>2015-09-30T03:36:35.000+0000</td></tr>
<tr><th>Affected Version/s</th><td>n/a</td></tr>
<tr><th>Fix Version/s</th><td>n/a</td></tr>
<tr><th>Components</th><td>Titanium SDK & CLI</td></tr>
<tr><th>Labels</th><td>android, studio3</td></tr>
<tr><th>Reporter</th><td>Josip Matić</td></tr>
<tr><th>Assignee</th><td>Shak Hossain</td></tr>
<tr><th>Created</th><td>2015-06-08T13:26:51.000+0000</td></tr>
<tr><th>Updated</th><td>2016-03-08T07:37:36.000+0000</td></tr>
</table>

<h3>Description</h3>

TypeError: Arguments to path.join must be strings
    at f (path.js:204:15)
    at filter (native)
    at exports.join (path.js:209:40)
    at C:\Users\Webbite_Laptop08\Documents\Titanium_Studio_Workspace_1\Linde gas\plugins\ti.alloy\hooks\alloy.js:105:15
    at exithandler (child_process.js:641:7)
    at EventEmitter.emit (events.js:98:17)
    at maybeClose (child_process.js:735:16)
    at ChildProcess._handle.onexit (child_process.js:802:5)
---------------------------------------------
    at exports.execFile (child_process.js:691:9)
    at exports.exec (child_process.js:578:18)
    at C:\Users\Webbite_Laptop08\Documents\Titanium_Studio_Workspace_1\Linde gas\plugins\ti.alloy\hooks\alloy.js:97:7
    at C:\Users\Webbite_Laptop08\AppData\Roaming\npm\node_modules\titanium\node_modules\node-appc\node_modules\async\lib\async.js:567:21
    at C:\Users\Webbite_Laptop08\AppData\Roaming\npm\node_modules\titanium\node_modules\node-appc\node_modules\async\lib\async.js:246:17
    at C:\Users\Webbite_Laptop08\AppData\Roaming\npm\node_modules\titanium\node_modules\node-appc\node_modules\async\lib\async.js:122:13
    at _each (C:\Users\Webbite_Laptop08\AppData\Roaming\npm\node_modules\titanium\node_modules\node-appc\node_modules\async\lib\async.js:46:13)
    at async.each (C:\Users\Webbite_Laptop08\AppData\Roaming\npm\node_modules\titanium\node_modules\node-appc\node_modules\async\lib\async.js:121:9)
*[ERROR] Application Installer abnormal process termination. Process exit value was 8*

<h3>Comments</h3>

<ol>
<li>Radamantis Torres-Lechuga 2015-06-08

   [~josmatic] can you please attach a test case and steps to reproduce this issue?
   </li>
<li>Josip Matić 2015-06-08

   I only create New project, File->New->Mobile App Project->Alloy->Two-tabed Alloy Aplication->Next Add "Project Name", "App Id", titanium SDK 3.5.1.GA, Deploment targets: Android and FINISH. Then I go on "Run As"...start emulator external (genymotion) or internal oracle virtual box result is same.
   
   I read something that this error can be issued with permissions over folders and files.</li>
<li>Harish Mridha 2015-08-13

   Hi [~josmatic] ,
   Can please try this with the latest [Appcelerator Studio](<a href="https://web.appcelerator.com/product/studio)" rel="nofollow" target="_blank">https://web.appcelerator.com/product/studio)</a> and  SDK?
   
   Thanks</li>
</ol>


<p><a href="/AC/AC-1231.json">JSON Source</a></p>