{
	"id": "152317",
	"key": "AC-1483",
	"fields": {
		"issuetype": {
			"id": "1",
			"description": "A problem which impairs or prevents the functions of the product.",
			"name": "Bug",
			"subtask": false
		},
		"project": {
			"id": "12217",
			"key": "AC",
			"name": "Appcelerator - INBOX",
			"projectCategory": {
				"id": "10000",
				"description": "",
				"name": "Customer Service"
			}
		},
		"resolution": {
			"id": "5",
			"description": "All attempts at reproducing this issue failed, or not enough information was available to reproduce the issue. Reading the code produces no clues as to why this behavior would occur. If more information appears later, please reopen the issue.",
			"name": "Cannot Reproduce"
		},
		"resolutiondate": "2015-10-28T01:31:05.000+0000",
		"created": "2015-10-25T20:42:16.000+0000",
		"labels": [],
		"versions": [
			{
				"id": "17032",
				"name": "Appcelerator Studio 4.3.0",
				"archived": false,
				"released": false
			}
		],
		"issuelinks": [],
		"assignee": {
			"name": "rtlechuga",
			"key": "rtlechuga",
			"displayName": "Radamantis Torres-Lechuga",
			"active": false,
			"timeZone": "Asia/Dubai"
		},
		"updated": "2016-03-08T07:37:55.000+0000",
		"status": {
			"description": "A resolution has been taken, and it is awaiting verification by reporter. From here issues are either reopened, or are closed.",
			"name": "Resolved",
			"id": "5",
			"statusCategory": {
				"id": 3,
				"key": "done",
				"colorName": "green",
				"name": "Done"
			}
		},
		"components": [],
		"description": "h3. Steps to Reproduce\n[ERROR] :  Project failed to build after 1m 2s 105ms\n[ERROR] :  An error occurred running the iOS Simulator (ios-sim exit code 1)\nTRACE  | titanium exited with exit code 1\nERROR  | Error: ti run exited with error code 1\n    at ChildProcess.<anonymous> (/Users/utveckling/.appcelerator/install/5.0.3/package/node_modules/appc-cli-titanium/plugins/run.js:89:66)\n    at ChildProcess.EventEmitter.emit (events.js:98:17)\n    at Process.ChildProcess._handle.onexit (child_process.js:789:12)\n\nh3. Actual Result\nError\n\nh3. Expected Result\nCompiled and run on ios sim",
		"attachment": [
			{
				"id": "57131",
				"filename": ".log",
				"author": {
					"name": "Luddskalle",
					"key": "luddskalle",
					"displayName": "Thomas Lund",
					"active": true,
					"timeZone": "America/Los_Angeles"
				},
				"created": "2015-10-25T20:42:38.000+0000",
				"size": 4000842,
				"mimeType": "text/plain"
			},
			{
				"id": "57132",
				"filename": "diagnostic7797438262801311065.log",
				"author": {
					"name": "Luddskalle",
					"key": "luddskalle",
					"displayName": "Thomas Lund",
					"active": true,
					"timeZone": "America/Los_Angeles"
				},
				"created": "2015-10-25T20:42:48.000+0000",
				"size": 60913,
				"mimeType": "text/plain"
			}
		],
		"flagged": false,
		"summary": "App will not compile",
		"creator": {
			"name": "Luddskalle",
			"key": "luddskalle",
			"displayName": "Thomas Lund",
			"active": true,
			"timeZone": "America/Los_Angeles"
		},
		"subtasks": [],
		"reporter": {
			"name": "Luddskalle",
			"key": "luddskalle",
			"displayName": "Thomas Lund",
			"active": true,
			"timeZone": "America/Los_Angeles"
		},
		"environment": null,
		"comment": {
			"comments": [],
			"maxResults": 1,
			"total": 1,
			"startAt": 0
		}
	}
}