---
title: "[AC-1525] [ERROR] :  Failed to run dexer: [ERROR] Application Installer abnormal process termination. Process exit value was 1"
---
<table>
<tr><th>GitHub Issue</th><td>n/a</td></tr>
<tr><th>Type</th><td>Bug</td></tr>
<tr><th>Priority</th><td>n/a</td></tr>
<tr><th>Status</th><td>Closed</td></tr>
<tr><th>Resolution</th><td>Cannot Reproduce</td></tr>
<tr><th>Resolution Date</th><td>2014-07-09T22:25:19.000+0000</td></tr>
<tr><th>Affected Version/s</th><td>n/a</td></tr>
<tr><th>Fix Version/s</th><td>n/a</td></tr>
<tr><th>Components</th><td>Appcelerator Modules</td></tr>
<tr><th>Labels</th><td>android, api</td></tr>
<tr><th>Reporter</th><td>sayali pimple</td></tr>
<tr><th>Assignee</th><td>Mauro Parra-Miranda</td></tr>
<tr><th>Created</th><td>2014-06-04T07:12:17.000+0000</td></tr>
<tr><th>Updated</th><td>2016-03-08T07:37:58.000+0000</td></tr>
</table>

<h3>Description</h3>

[ERROR] :  Failed to run dexer:
[ERROR] Application Installer abnormal process termination. Process exit value was 1




<h3>Attachments</h3>

<table>
<thead>
<tr><th>File</th><th>Date</th><th>Size</th></tr><thead>
<tbody>
<tr><td><a href="https://jira-attachments.titaniumsdk.com/AC/AC-1525_48597/paypaltest.zip">paypaltest.zip</td></td><td>2014-06-04T07:12:17.000+0000</td><td>2486730</td></tr>
</tbody>
<table>

<h3>Comments</h3>

<ol>
<li>Mauro Parra-Miranda 2014-06-30

   Hello [~sayali.pimple]!
   
   Please read the prerequisites guide: <a href="http://docs.appcelerator.com/titanium/3.0/#" rel="nofollow" target="_blank">http://docs.appcelerator.com/titanium/3.0/#</a>!/guide/Prerequisites Looks like you are using an unsupported version of the JDK. 
   
   Once you have a supported JDK, please try again and let us know your results. 
   
   Best Regards, </li>
<li>Mauro Parra-Miranda 2014-07-09

   Customer hasn't replied yet. </li>
</ol>


<p><a href="/AC/AC-1525.json">JSON Source</a></p>