---
title: "[AC-1854] Compiling for iOS5.1"
---
<table>
<tr><th>GitHub Issue</th><td>n/a</td></tr>
<tr><th>Type</th><td>Bug</td></tr>
<tr><th>Priority</th><td>n/a</td></tr>
<tr><th>Status</th><td>Closed</td></tr>
<tr><th>Resolution</th><td>Fixed</td></tr>
<tr><th>Resolution Date</th><td>2012-09-27T16:38:08.000+0000</td></tr>
<tr><th>Affected Version/s</th><td>n/a</td></tr>
<tr><th>Fix Version/s</th><td>n/a</td></tr>
<tr><th>Components</th><td>Titanium SDK & CLI</td></tr>
<tr><th>Labels</th><td>ios, xcode</td></tr>
<tr><th>Reporter</th><td>Nikhil N</td></tr>
<tr><th>Assignee</th><td>Mauro Parra-Miranda</td></tr>
<tr><th>Created</th><td>2012-09-25T13:06:02.000+0000</td></tr>
<tr><th>Updated</th><td>2016-03-08T07:40:46.000+0000</td></tr>
</table>

<h3>Description</h3>

When doing a clean build, an error is encountered at line 627 of TiApp.mm for iOS 5.1

This works fine for iOS6 however. 

Issue can be fixed for iOS 5.1 by changing 
- (NSUInteger)application:(UIApplication *).... 
to 
- (NSObject*)application:(UIApplication *)....

on line 625

Once changed, it doesn't compile for iOS6.

So one has to switch when switching between iOS versions.

<h3>Comments</h3>

<ol>
<li>Daniel Sefton 2012-09-26

   Hmm, need some more info... What error is it? Can you post your build log? I doubt I'd be able to reproduce this, so could you try compiling against the latest 2.1.3 and 3.0.0 (master) builds? <a href="http://builds.appcelerator.com.s3.amazonaws.com/index.html" rel="nofollow" target="_blank">http://builds.appcelerator.com.s3.amazonaws.com/index.html</a>
   
   You can drop them into ~/Library/Application Support/Titanium/mobilesdk/osx
   
   Thanks.</li>
<li>Nikhil N 2012-09-27

   This is the error from the build log:   
   
   [ERROR] /Users/dezinezync/Sites/Timesense/build/iphone/Classes/TiApp.mm:627:12: error: cannot initialize return object of type 'NSUInteger' (aka 'unsigned int') with an rvalue of type 'id'
   [ERROR] 
   [ERROR] Error: Traceback (most recent call last):
     File "/Users/dezinezync/Library/Application Support/Titanium/mobilesdk/osx/2.1.3.v20120921190208/iphone/builder.py"  line 1467  in main
       execute_xcode("iphoneos%s" % iphone_version args False)
     File "/Users/dezinezync/Library/Application Support/Titanium/mobilesdk/osx/2.1.3.v20120921190208/iphone/builder.py"  line 1221  in execute_xcode
       output = run.run(args False False o)
     File "/Users/dezinezync/Library/Application Support/Titanium/mobilesdk/osx/2.1.3.v20120921190208/iphone/run.py"  line 41  in run
       sys.exit(rc)
   SystemExit: 65</li>
<li>Daniel Sefton 2012-09-27

   I've reproduced the bug using your TiSDK: 2.1.3.v20120921190208. I tested it with the latest 2.1.3 build (v20120926141610) and the error no longer occurs.</li>
<li>Mauro Parra-Miranda 2013-11-22

   Closing per Daniel's comment. </li>
</ol>


<p><a href="/AC/AC-1854.json">JSON Source</a></p>