{
	"id": "173438",
	"key": "AC-6196",
	"fields": {
		"issuetype": {
			"id": "1",
			"description": "A problem which impairs or prevents the functions of the product.",
			"name": "Bug",
			"subtask": false
		},
		"project": {
			"id": "12217",
			"key": "AC",
			"name": "Appcelerator - INBOX",
			"projectCategory": {
				"id": "10000",
				"description": "",
				"name": "Customer Service"
			}
		},
		"resolution": {
			"id": "11",
			"description": "Is not a bug in our product",
			"name": "Not Our Bug"
		},
		"resolutiondate": "2019-04-20T04:19:00.000+0000",
		"created": "2019-04-04T15:24:02.000+0000",
		"labels": [],
		"versions": [],
		"issuelinks": [],
		"assignee": {
			"name": "shossain",
			"key": "shossain",
			"displayName": "Shak Hossain",
			"active": false,
			"timeZone": "America/Los_Angeles"
		},
		"updated": "2019-04-20T04:19:00.000+0000",
		"status": {
			"description": "The issue is considered finished, the resolution is correct. Issues which are closed can be reopened.",
			"name": "Closed",
			"id": "6",
			"statusCategory": {
				"id": 3,
				"key": "done",
				"colorName": "green",
				"name": "Done"
			}
		},
		"components": [],
		"description": "When trying to compile my app for simulator or to run on iOS with SDK 8.0.0, I get the following message.\r\nThis app runs fine on the same machine when using SDK 7.5.1\r\n\r\n...\r\n[DEBUG] :  Writing /Users/hb/Ventes/build/iphone/Ventes_Prefix.pch\r\n[DEBUG] :  Writing /Users/hb/Ventes/build/iphone/Ventes.xcodeproj/xcshareddata/xcschemes/Ventes.xcscheme\r\n[INFO] :   Cleaning Xcode derived data\r\n[DEBUG] :  Invoking: DEVELOPER_DIR=/Applications/Xcode.app/Contents/Developer /Applications/Xcode.app/Contents/Developer/usr/bin/xcodebuild clean -UseNewBuildSystem=YES -scheme Ventes\r\n[DEBUG] :  Retrying to clean project (code 74)\r\n[DEBUG] :  Retrying to clean project (code 74)\r\n[DEBUG] :  Retrying to clean project (code 74)\r\n[ERROR] :  User defaults from command line:\r\n[ERROR] :  UseNewBuildSystem = YES\r\n[ERROR] :  2019-04-04 17:05:50.781 xcodebuild[89096:918569] -[__NSDictionaryM buildPhase]: unrecognized selector sent to instance 0x7f83e774cd60\r\n[ERROR] :  2019-04-04 17:05:50.782 xcodebuild[89096:918569] -[__NSDictionaryM buildPhase]: unrecognized selector sent to instance 0x7f83e774cd60\r\n[ERROR] :  xcodebuild: error: Unable to read project 'Ventes.xcodeproj'.\r\n[ERROR] :  Reason: The project ‘Ventes’ is damaged and cannot be opened. Examine the project file for invalid edits or unresolved source control conflicts.\r\n[ERROR] :  Path: /Users/hb/Ventes/build/iphone/Ventes.xcodeproj\r\n[ERROR] :  Exception: -[__NSDictionaryM buildPhase]: unrecognized selector sent to instance 0x7f83e774cd60",
		"attachment": [],
		"flagged": false,
		"summary": "Cannot build with SDK 8.0.0 CLI 5.1.2 OSX 10.14 xcode project damaged",
		"creator": {
			"name": "hbannwarth",
			"key": "hbannwarth",
			"displayName": "Hubert Bannwarth",
			"active": true,
			"timeZone": "Europe/Paris"
		},
		"subtasks": [],
		"reporter": {
			"name": "hbannwarth",
			"key": "hbannwarth",
			"displayName": "Hubert Bannwarth",
			"active": true,
			"timeZone": "Europe/Paris"
		},
		"environment": "SDK 8.0.0 GA\r\nStudio 5.1.2\r\nMojave 10.14.4\r\nXcode 10.2\r\nSimulator 12.2",
		"comment": {
			"comments": [
				{
					"id": "447492",
					"author": {
						"name": "jnaher",
						"key": "jnaher",
						"displayName": "Jebun Naher",
						"active": false,
						"timeZone": "Asia/Dhaka"
					},
					"body": "Hi [~hbannwarth], Do you have a test case to demonstrate the issue? Can you create & build a demo app in studio? Let us know if you experience the same with the demo project.",
					"updateAuthor": {
						"name": "jnaher",
						"key": "jnaher",
						"displayName": "Jebun Naher",
						"active": false,
						"timeZone": "Asia/Dhaka"
					},
					"created": "2019-04-05T10:57:02.000+0000",
					"updated": "2019-04-05T10:57:02.000+0000"
				},
				{
					"id": "447555",
					"author": {
						"name": "sdarda",
						"key": "sdarda",
						"displayName": "Sharif AbuDarda",
						"active": false,
						"timeZone": "Asia/Dhaka"
					},
					"body": "Hello, can you get back to us with the current status of the issue? were you able to generate the sample code for us? please share. Thanks.",
					"updateAuthor": {
						"name": "sdarda",
						"key": "sdarda",
						"displayName": "Sharif AbuDarda",
						"active": false,
						"timeZone": "Asia/Dhaka"
					},
					"created": "2019-04-09T17:59:02.000+0000",
					"updated": "2019-04-09T17:59:02.000+0000"
				},
				{
					"id": "447565",
					"author": {
						"name": "hbannwarth",
						"key": "hbannwarth",
						"displayName": "Hubert Bannwarth",
						"active": true,
						"timeZone": "Europe/Paris"
					},
					"body": "Hi, the problme was related to a module (PSPDFKit) for which I did not follow the install procedure\r\n\r\nSorry, Thanks for your time, the ticket can be closed",
					"updateAuthor": {
						"name": "hbannwarth",
						"key": "hbannwarth",
						"displayName": "Hubert Bannwarth",
						"active": true,
						"timeZone": "Europe/Paris"
					},
					"created": "2019-04-09T18:53:06.000+0000",
					"updated": "2019-04-09T18:53:06.000+0000"
				}
			],
			"maxResults": 4,
			"total": 4,
			"startAt": 0
		}
	}
}