{
	"id": "174190",
	"key": "AC-6383",
	"fields": {
		"issuetype": {
			"id": "1",
			"description": "A problem which impairs or prevents the functions of the product.",
			"name": "Bug",
			"subtask": false
		},
		"project": {
			"id": "12217",
			"key": "AC",
			"name": "Appcelerator - INBOX",
			"projectCategory": {
				"id": "10000",
				"description": "",
				"name": "Customer Service"
			}
		},
		"resolution": {
			"id": "7",
			"description": "",
			"name": "Invalid"
		},
		"resolutiondate": "2019-09-28T08:30:51.000+0000",
		"created": "2019-09-27T22:39:41.000+0000",
		"labels": [],
		"versions": [],
		"issuelinks": [],
		"assignee": {
			"name": "shossain",
			"key": "shossain",
			"displayName": "Shak Hossain",
			"active": false,
			"timeZone": "America/Los_Angeles"
		},
		"updated": "2019-09-28T08:30:51.000+0000",
		"status": {
			"description": "The issue is considered finished, the resolution is correct. Issues which are closed can be reopened.",
			"name": "Closed",
			"id": "6",
			"statusCategory": {
				"id": 3,
				"key": "done",
				"colorName": "green",
				"name": "Done"
			}
		},
		"components": [],
		"description": "h3. Steps to Reproduce\nRunning a mobile app project on simulator is throwing an error that I cannot resolve. \n\nh3. Actual Result\n[TRACE] :  fatal error: error in backend: Unexpected end of file\n[TRACE] :  clang: error: clang frontend command failed with exit code 70 (use -v to see invocation)\n[TRACE] :  Apple clang version 11.0.0 (clang-1100.0.33.8)\n[TRACE] :  Target: x86_64-apple-ios9.0-simulator\n[TRACE] :  Thread model: posix\n[TRACE] :  InstalledDir: /Applications/Xcode.app/Contents/Developer/Toolchains/XcodeDefault.xctoolchain/usr/bin\n[TRACE] :  clang: note: diagnostic msg: PLEASE submit a bug report to http://developer.apple.com/bugreporter/ and include the crash backtrace, preprocessed source, and associated run script.\n[TRACE] :  clang: note: diagnostic msg: \n[TRACE] :  ********************\n[TRACE] :  PLEASE ATTACH THE FOLLOWING FILES TO THE BUG REPORT:\n[TRACE] :  Preprocessed source(s) and associated run script(s) are located at:\n[TRACE] :  clang: \n[TRACE] :  note: diagnostic msg: /var/folders/fx/5rryr82x093ckjp13rvds9wm0000gn/T/TiDynamicItemBehavior-5e6397.m\n[TRACE] :  clang: note: diagnostic msg: /var/folders/fx/5rryr82x093ckjp13rvds9wm0000gn/T/TiDynamicItemBehavior-5e6397.cache\n[TRACE] :  clang: note: diagnostic msg: /var/folders/fx/5rryr82x093ckjp13rvds9wm0000gn/T/TiDynamicItemBehavior-5e6397.sh\n[TRACE] :  clang: note: diagnostic msg: Crash backtrace is located in\n[TRACE] :  clang: note\n[TRACE] :  : diagnostic msg: /Users/joe.corriere/Library/Logs/DiagnosticReports/clang_<YYYY-MM-DD-HHMMSS>_<hostname>.crash\n[TRACE] :  clang: \n[TRACE] :  note: diagnostic msg: (choose the .crash file that corresponds to your crash)\n[TRACE] :  clang: note: diagnostic msg: \n[TRACE] :  ********************\n\nh3. Expected Result\nProject should build without issues",
		"attachment": [],
		"flagged": false,
		"summary": "Unable to build - fatal error: error in backend: Unexpected end of file",
		"creator": {
			"name": "NewportSolutions",
			"key": "newportsolutions",
			"displayName": "Joe",
			"active": true,
			"timeZone": "America/Los_Angeles"
		},
		"subtasks": [],
		"reporter": {
			"name": "NewportSolutions",
			"key": "newportsolutions",
			"displayName": "Joe",
			"active": true,
			"timeZone": "America/Los_Angeles"
		},
		"environment": "Appcelerator Studio 5.1.4",
		"comment": {
			"comments": [
				{
					"id": "451674",
					"author": {
						"name": "NewportSolutions",
						"key": "newportsolutions",
						"displayName": "Joe",
						"active": true,
						"timeZone": "America/Los_Angeles"
					},
					"body": "I was prompted to install 8.2.0GA although I already have it installed. \r\nNow Studio is showing this error:\r\n\r\n-\r\n{code:java}\r\n-----\r\nSTATUS\r\n------\r\npluginId            com.appcelerator.titanium.core\r\npluginVersion       3.1.2.201909031729\r\ncode                0\r\nseverity            4\r\nmessage             (Build 5.1.4.201909061933) [ERROR]  Unable to determine the Titanium SDK content assist metadata path when connecting metadata to project 'Courier'\r\nfingerprint         91847c9f\r\nstacktrace          \r\n\r\nException:org.eclipse.core.runtime.CoreException: Titanium SDK not found\r\n\t at com.appcelerator.titanium.core.mobile.TitaniumMobileSDKTools.getSDKEntity(TitaniumMobileSDKTools.java:76)\r\n\t at com.appcelerator.titanium.core.mobile.TitaniumMobileSDKTools.getProjectSDK(TitaniumMobileSDKTools.java:49)\r\n\t at com.appcelerator.titanium.core.util.ContentAssistMetadataUtils.getProjectMetadataBuildPath(ContentAssistMetadataUtils.java:135)\r\n\t at com.appcelerator.titanium.core.internal.mobile.SDKBuildPathContributor.getBuildPathEntries(SDKBuildPathContributor.java:93)\r\n\t at com.aptana.buildpath.core.BuildPathManager.getBuildPaths(BuildPathManager.java:321)\r\n\t at com.aptana.js.core.index.JSIndexQueryHelper.getIndices(JSIndexQueryHelper.java:123)\r\n\t at com.aptana.js.core.index.JSIndexQueryHelper.<init>(JSIndexQueryHelper.java:98)\r\n\t at com.aptana.editor.js.internal.JSModelUtil.createQueryHelper(JSModelUtil.java:90)\r\n\t at com.aptana.editor.js.internal.JSModelUtil.getProperties(JSModelUtil.java:36)\r\n\t at com.aptana.editor.js.text.JSTextHover.getHoverInfo2(JSTextHover.java:71)\r\n\t at com.aptana.editor.common.CommonSourceViewerConfiguration$TextHover.getHoverInfo2(CommonSourceViewerConfiguration.java:687)\r\n\t at org.eclipse.jface.text.TextViewerHoverManager$4.run(TextViewerHoverManager.java:169)\r\n\r\n------\r\nSTATUS\r\n------\r\npluginId            com.appcelerator.titanium.core\r\npluginVersion       3.1.2.201909031729\r\ncode                0\r\nseverity            4\r\nmessage             Titanium SDK not found [detached from CoreException of Status '(Build 5.1.4.201909061933) [ERROR]  Unable to determine the Titanium SDK content assist metadata path when connecting metadata to project 'Courier'' by Error Reporting]\r\nfingerprint         00000000\r\nstacktrace          \r\n\r\n\r\n------\r\nREPORT\r\n------\r\ncomment             \r\nproductVersion      5.1.4.201909061933\r\nproductName         Appcelerator Studio\r\njavaRuntimeVersion  1.8.0_162-b12\r\nosgiWs              cocoa\r\nosgiOs              MacOSX\r\nosgiOsVersion       10.14.6\r\nosgiArch            x86_64\r\n{code}\r\n",
					"updateAuthor": {
						"name": "NewportSolutions",
						"key": "newportsolutions",
						"displayName": "Joe",
						"active": true,
						"timeZone": "America/Los_Angeles"
					},
					"created": "2019-09-27T22:59:34.000+0000",
					"updated": "2019-09-27T22:59:34.000+0000"
				},
				{
					"id": "451675",
					"author": {
						"name": "NewportSolutions",
						"key": "newportsolutions",
						"displayName": "Joe",
						"active": true,
						"timeZone": "America/Los_Angeles"
					},
					"body": "Close this ticket.\r\nI restarted Mac. Created and ran a Classic mobile app using SDK 8.2 successfully. Switched over to the classic app that had the error and was able to build and run in the simulator successfully.",
					"updateAuthor": {
						"name": "NewportSolutions",
						"key": "newportsolutions",
						"displayName": "Joe",
						"active": true,
						"timeZone": "America/Los_Angeles"
					},
					"created": "2019-09-27T23:45:37.000+0000",
					"updated": "2019-09-27T23:45:37.000+0000"
				}
			],
			"maxResults": 3,
			"total": 3,
			"startAt": 0
		}
	}
}