---
title: "[TIMOB-19685] Android: Build fails with SDK 5.1.0.v2015100622295 if android 6.0(API 23) is not installed"
---
<table>
<tr><th>GitHub Issue</th><td>n/a</td></tr>
<tr><th>Type</th><td>Bug</td></tr>
<tr><th>Priority</th><td>Medium</td></tr>
<tr><th>Status</th><td>Closed</td></tr>
<tr><th>Resolution</th><td>Fixed</td></tr>
<tr><th>Resolution Date</th><td>2015-10-07T22:41:45.000+0000</td></tr>
<tr><th>Affected Version/s</th><td>Release 5.1.0</td></tr>
<tr><th>Fix Version/s</th><td>Release 5.1.0</td></tr>
<tr><th>Components</th><td>Android</td></tr>
<tr><th>Labels</th><td>n/a</td></tr>
<tr><th>Reporter</th><td>Lokesh Choudhary</td></tr>
<tr><th>Assignee</th><td>Chris Barber</td></tr>
<tr><th>Created</th><td>2015-10-07T18:16:22.000+0000</td></tr>
<tr><th>Updated</th><td>2015-10-14T18:06:59.000+0000</td></tr>
</table>

<h3>Description</h3>

<h4>Description:</h4>
1. Create & build an android app from CLI/Studio using 5.1.0.v2015100622295.

<h4>Actual Results:</h4>
1. The build fails with error:
<code><pre>
[ERROR] Unable to find a suitable installed Android SDK that is &gt;=14 and &lt;=23
</pre></code>
2. Looking at the package.json in the SDK we see <code><pre>"android sdk": "23"</pre></code>, which is high limiting the required android SDK to 23.

<h4>Expected Results:</h4>
1. The android build should be successful even with no android 6.0 (API 23) SDK installed.


<h3>Comments</h3>

<ol>
<li>Chris Barber 2015-10-07

   Android SDK API 23 is required to build Android apps. The error message is not clear and I have fixed it.
   
   PR: <a href="https://github.com/appcelerator/titanium_mobile/pull/7277" rel="nofollow" target="_blank">https://github.com/appcelerator/titanium_mobile/pull/7277</a></li>
<li>Lokesh Choudhary 2015-10-14

   Verified the fix.
   We see the below error messsage if android API 23 is not installed with better message:
   <code><pre>
   [ERROR] :  No valid Android SDK targets found.
   [ERROR] :  Please download an Android SDK target API level 23 or newer from the Android SDK Manager and try again.
   TRACE  | titanium exited with exit code 1
   ERROR  | Error: ti run exited with error code 1
       at ChildProcess.&lt;anonymous&gt; (/Users/lokeshchoudhary/.appcelerator/install/5.1.0-38/package/node_modules/appc-cli-titanium/plugins/run.js:92:66)
       at ChildProcess.emit (events.js:98:17)
       at Process.ChildProcess._handle.onexit (child_process.js:820:12)
   [ERROR] Application Installer abnormal process termination. Process exit value was 1
   </pre></code>
   
   Closing.
   
   Environment:
   Appc Studio : 4.3.1.201509302304
   Ti SDK :   5.1.0.v20151014101225
   Ti CLI : 5.0.5
   Alloy : 1.7.16
   MAC Yosemite : 10.10.5
   Appc NPM : 4.2.1-1
   Appc CLI : 5.1.0-38
   Node: v0.10.37
   Nexus 5 - Android 6.0</li>
</ol>


<p><a href="/TIMOB/TIMOB-19685.json">JSON Source</a></p>