---
title: "[TIMOB-19147] Windows: Building a project for ws-local with the --build-only flag errors out"
---
<table>
<tr><th>Type</th><td>Bug</td></tr>
<tr><th>Priority</th><td>Medium</td></tr>
<tr><th>Status</th><td>Closed</td></tr>
<tr><th>Resolution</th><td>Fixed</td></tr>
<tr><th>Resolution Date</th><td>2015-07-28T00:11:16.000+0000</td></tr>
<tr><th>Affected Version/s</th><td>Release 4.1.0</td></tr>
<tr><th>Fix Version/s</th><td>Release 5.0.0</td></tr>
<tr><th>Components</th><td>CLI, Windows</td></tr>
<tr><th>Labels</th><td>qe-4.1.0</td></tr>
<tr><th>Reporter</th><td>Ewan Harris</td></tr>
<tr><th>Assignee</th><td>Christopher Williams</td></tr>
<tr><th>Created</th><td>2015-07-02T20:13:06.000+0000</td></tr>
<tr><th>Updated</th><td>2015-09-03T20:43:06.000+0000</td></tr>
</table>

<h3>Description</h3>

<h4>Description</h4>

When building a project for ws-local the build fails during the MSBuild phase with errors relating to the certificate files.

<code><pre>
[WARN]  "C:\Users\Windo_000\AppData\Local\Temp\classicProject\store.x86\ClassicProject.vcxproj" (Rebuild target) (6) -&gt;
       (_CreateMainPackage target) -&gt;
         C:\Program Files (x86)\MSBuild\Microsoft\VisualStudio\v12.0\AppxPackage\Microsoft.AppXPackage.Targets(2247,9): error APPX0104: Certificate fi
le 'undefined' not found. [C:\Users\Windo_000\AppData\Local\Temp\classicProject\store.x86\ClassicProject.vcxproj]
         C:\Program Files (x86)\MSBuild\Microsoft\VisualStudio\v12.0\AppxPackage\Microsoft.AppXPackage.Targets(2247,9): error APPX0102: A certificate
with thumbprint 'undefined' that is specified in the project cannot be found in the certificate store. Please specify a valid thumbprint in the projec
t file. [C:\Users\Windo_000\AppData\Local\Temp\classicProject\store.x86\ClassicProject.vcxproj]
         C:\Program Files (x86)\MSBuild\Microsoft\VisualStudio\v12.0\AppxPackage\Microsoft.AppXPackage.Targets(2247,9): error APPX0107: The certificat
e specified is not valid for signing. For more information about valid certificates, see <a href="http://go.microsoft.com/fwlink/?LinkID=241478." rel="nofollow" target="_blank">http://go.microsoft.com/fwlink/?LinkID=241478.</a> [C:\Users\Wind
o_000\AppData\Local\Temp\classicProject\store.x86\ClassicProject.vcxproj]
</pre></code>

The issue still persists when passing the cert in using the --ws-cert flag

<h4>Steps to reproduce</h4>

1. Build a project using <code>appc run -p windows -T ws-local --build-only</code>
2. Either provide a cert of generate one

<h4>Actual result</h4>

The build will error out

<h4>Expected result</h4>

The build should not error out

<h3>Comments</h3>

<ol>
<li>Christopher Williams 2015-07-27

   <a href="https://github.com/appcelerator/titanium_mobile_windows/pull/391" rel="nofollow" target="_blank">https://github.com/appcelerator/titanium_mobile_windows/pull/391</a></li>
<li>Ewan Harris 2015-09-03

   Verified using:
   
   Windows 8.1
   Appc CLI Core: 5.0.0-33
   Appc CLI NPM: 4.2.0-1
   Titanium SDK: 5.0.0.v20150902095518
   
   When building a project using the following command, <code>appc run -p windows -T ws-local --build-only</code>, the project build successfully
   
   Closing ticket </li>
</ol>


<p><a href="/TIMOB/TIMOB-19147.json">JSON Source</a></p>