---
title: "[TIMOB-15608] CLI: Passing empty values in to iOS build options returns an error"
---
<table>
<tr><th>Type</th><td>Bug</td></tr>
<tr><th>Priority</th><td>High</td></tr>
<tr><th>Status</th><td>Closed</td></tr>
<tr><th>Resolution</th><td>Fixed</td></tr>
<tr><th>Resolution Date</th><td>2014-08-15T07:47:11.000+0000</td></tr>
<tr><th>Affected Version/s</th><td>Release 3.2.0</td></tr>
<tr><th>Fix Version/s</th><td>2013 Sprint 23, 2013 Sprint 23 Core, Release 3.2.0</td></tr>
<tr><th>Components</th><td>CLI, iOS</td></tr>
<tr><th>Labels</th><td>qe-3.2.0, qe-cli, qe-closed-3.2.0, qe-manualtest</td></tr>
<tr><th>Reporter</th><td>Olga Romero</td></tr>
<tr><th>Assignee</th><td>Chris Barber</td></tr>
<tr><th>Created</th><td>2013-10-29T18:29:21.000+0000</td></tr>
<tr><th>Updated</th><td>2014-08-15T07:47:11.000+0000</td></tr>
</table>

<h3>Description</h3>

When building for iOS device and not using the provisioning profile uuid and the iOS Developer Certificate  (e.g. ti build -p iOS -T device), the error is
<code><pre>
[ERROR] Missing required option "--developer-name"

[ERROR] Missing required option "--pp-uuid"
</pre></code> 

Passing empty values (ti build -p ios -T device --developer-name --pp-uuid)
results in a different error. See the attached log.

<h4>Expected result</h4>
Same error message?

<h3>Attachments</h3>

<table>
<thead>
<tr><th>File</th><th>Date</th><th>Size</th></tr><thead>
<tbody>
<tr><td><a href="https://jira-attachments.tisdk.com/TIMOB/TIMOB-15608_43702/log.txt">log.txt</td></td><td>2013-11-06T00:04:27.000+0000</td><td>3378</td></tr>
</tbody>
<table>

<h3>Comments</h3>

<ol>
<li>Chris Barber 2013-10-29

   Pull request: <a href="https://github.com/appcelerator/titanium/pull/64" rel="nofollow" target="_blank">https://github.com/appcelerator/titanium/pull/64</a></li>
<li>Chris Barber 2013-10-29

   To test, run a command that has a required option with prompting disabled:
   
   <code><pre>
   ti build -p ios -T device --no-prompt
   </pre></code></li>
<li>Olga Romero 2013-11-06

   [~cbarber] 
   
   <code><pre>
   cli.prompt                 = true
   </pre></code>
   
   <code><pre>
    ti build -p ios -T device --no-prompt
   
   
   [ERROR] Missing required option: --developer-name <name>
   
   [ERROR] Missing required option: --pp-uuid <uuid>
   
   For help, run: titanium help build
   
   </pre></code>
   
   
   <code><pre>
    ti build -p ios -T device --developer-name --pp-uuid
   
   /usr/local/lib/node_modules/titanium/node_modules/longjohn/dist/longjohn.js:184
           throw e;
                 ^
   TypeError: Object true has no method 'toLowerCase'
       at callback.options.developer-name.validate (/Users/oromero/Library/Application Support/Titanium/mobilesdk/osx/3.2.0.v20131105094044/iphone/cli/commands/_build.js:417:43)
       at CLI.<anonymous> (/usr/local/lib/node_modules/titanium/lib/cli.js:608:14)
       at /usr/local/lib/node_modules/titanium/node_modules/async/lib/async.js:548:21
       at /usr/local/lib/node_modules/titanium/node_modules/async/lib/async.js:224:13
       at iterate (/usr/local/lib/node_modules/titanium/node_modules/async/lib/async.js:131:13)
       at /usr/local/lib/node_modules/titanium/node_modules/async/lib/async.js:142:25
       at /usr/local/lib/node_modules/titanium/node_modules/async/lib/async.js:226:17
       at /usr/local/lib/node_modules/titanium/node_modules/async/lib/async.js:553:34
       at CLI.<anonymous> (/usr/local/lib/node_modules/titanium/lib/cli.js:636:9)
       at /usr/local/lib/node_modules/titanium/node_modules/async/lib/async.js:548:21
   ---------------------------------------------
       at run (/Users/oromero/Library/Application Support/Titanium/mobilesdk/osx/3.2.0.v20131105094044/node_modules/node-appc/lib/subprocess.js:57:8)
       at /Users/oromero/Library/Application Support/Titanium/mobilesdk/osx/3.2.0.v20131105094044/iphone/cli/lib/detect.js:369:9
       at /Users/oromero/Library/Application Support/Titanium/mobilesdk/osx/3.2.0.v20131105094044/node_modules/async/lib/async.js:508:21
       at /Users/oromero/Library/Application Support/Titanium/mobilesdk/osx/3.2.0.v20131105094044/node_modules/async/lib/async.js:224:13
       at /Users/oromero/Library/Application Support/Titanium/mobilesdk/osx/3.2.0.v20131105094044/node_modules/async/lib/async.js:108:13
       at Array.forEach (native)
       at _each (/Users/oromero/Library/Application Support/Titanium/mobilesdk/osx/3.2.0.v20131105094044/node_modules/async/lib/async.js:32:24)
       at async.each (/Users/oromero/Library/Application Support/Titanium/mobilesdk/osx/3.2.0.v20131105094044/node_modules/async/lib/async.js:107:9) 
   
   </pre></code></li>
<li>Chris Barber 2013-11-06

   Pull request: <a href="https://github.com/appcelerator/titanium/pull/70" rel="nofollow" target="_blank">https://github.com/appcelerator/titanium/pull/70</a></li>
<li>Olga Romero 2013-11-07

   Tested and verified fixed with:
   CLI 3.2.0 git://github.com/appcelerator/titanium
   Titanium SDK, build: 3.2.0.v20131107143248
   
   
   </li>
</ol>


<p><a href="/TIMOB/TIMOB-15608.json">JSON Source</a></p>