---
title: "[TIMOB-15050] Android: "invalid mode ('wb') or filename"  Build error on windows 8"
---
<table>
<tr><th>Type</th><td>Bug</td></tr>
<tr><th>Priority</th><td>Low</td></tr>
<tr><th>Status</th><td>Closed</td></tr>
<tr><th>Resolution</th><td>Invalid</td></tr>
<tr><th>Resolution Date</th><td>2016-08-30T21:07:49.000+0000</td></tr>
<tr><th>Affected Version/s</th><td>Release 3.1.1, Release 3.1.2</td></tr>
<tr><th>Fix Version/s</th><td>n/a</td></tr>
<tr><th>Components</th><td>Android</td></tr>
<tr><th>Labels</th><td>android, crash, windows8</td></tr>
<tr><th>Reporter</th><td>Meenakshi Pathak</td></tr>
<tr><th>Assignee</th><td>Eric Merriman </td></tr>
<tr><th>Created</th><td>2013-09-05T11:15:56.000+0000</td></tr>
<tr><th>Updated</th><td>2017-03-20T21:49:54.000+0000</td></tr>
</table>

<h3>Description</h3>

Build error comes when try to build it in Titanium Studio in Windows 8.

Here are the error logs :
<code><pre>
[ERROR] Exception occured while building Android project: 
[ERROR] Traceback (most recent call last): 
[ERROR] File "C:\Users\username\AppData\Roaming\Titanium\mobilesdk\win32\3.1.1.GA\android\builder.py", line 2604, in <module> 
[ERROR] builder.build_and_run(True, avd_id, device_args=device_args, debugger_host=debugger_host, profiler_host=profiler_host) 
[ERROR] File "C:\Users\username\AppData\Roaming\Titanium\mobilesdk\win32\3.1.1.GA\android\builder.py", line 2294, in build_and_run 
[ERROR] self.merge_internal_module_resources() 
[ERROR] File "C:\Users\username\AppData\Roaming\Titanium\mobilesdk\win32\3.1.1.GA\android\builder.py", line 2045, in merge_internal_module_resources [ERROR] zip_extractall(res_zip_file, self.project_dir) 
[ERROR] File "C:\Users\username\AppData\Roaming\Titanium\mobilesdk\win32\3.1.1.GA\android\builder.py", line 207, in zip_extractall 
[ERROR] out_file = open(file_path, "wb") 
[ERROR] IOError: [Errno 22] invalid mode ('wb') or filename: u'C:\Users\username\Documents\102030app\build\android\res\values\strings.xml' 
[ERROR] : Build process exited with code 1 [ERROR] : Project failed to build after 9s 167ms
</pre></code>

Steps to reproduce :

1. Create a project.
2. Compile it.
3. Do some code and compile again.Now it starts happening.

Note : This build error happens 80% of the time. Sometimes Titanium Studio compiles and works fine.
       This behavior is with all his apps.

<h3>Comments</h3>

<ol>
<li>Ingo Muschenetz 2013-09-09

   [~mpathak]. Is it also Studio 3.1.2? Are you able to see this error?</li>
<li>Meenakshi Pathak 2013-09-11

   Yes, they have updated Studio 3.1.2 and found same issue and I am not able to see the error.</li>
<li>Chris Barber 2016-08-30

   This ticket is no longer valid. The old Python-based Android build has been replaced with a Node.js version in Titanium SDK 3.2.0.
   
   Furthermore, I tested building an Android app on Windows 10 with i18n strings and it compiled just fine.</li>
<li>Lee Morris 2017-03-20

   Closing ticket as invalid.</li>
</ol>


<p><a href="/TIMOB/TIMOB-15050.json">JSON Source</a></p>