---
title: "[TIMOB-15362] Cannot compile 3.2.0.v20130912165206"
---
<table>
<tr><th>GitHub Issue</th><td>n/a</td></tr>
<tr><th>Type</th><td>Bug</td></tr>
<tr><th>Priority</th><td>Low</td></tr>
<tr><th>Status</th><td>Closed</td></tr>
<tr><th>Resolution</th><td>Fixed</td></tr>
<tr><th>Resolution Date</th><td>2014-09-04T09:00:10.000+0000</td></tr>
<tr><th>Affected Version/s</th><td>Release 3.2.0</td></tr>
<tr><th>Fix Version/s</th><td>n/a</td></tr>
<tr><th>Components</th><td>iOS</td></tr>
<tr><th>Labels</th><td>n/a</td></tr>
<tr><th>Reporter</th><td>Mostafizur Rahman</td></tr>
<tr><th>Assignee</th><td>Ingo Muschenetz</td></tr>
<tr><th>Created</th><td>2013-09-13T09:26:09.000+0000</td></tr>
<tr><th>Updated</th><td>2014-09-04T09:00:11.000+0000</td></tr>
</table>

<h3>Description</h3>

This error ist thrown

[ERROR] :  TypeError: Object #<Object> has no method 'get'
    at async.parallel.xcodeSelect (/Volumes/Data/Users/sebastian/Library/Application Support/Titanium/mobilesdk/osx/3.2.0.v20130912165206/iphone/cli/lib/detect.js:46:27)
    at /Volumes/Data/Users/sebastian/Library/Application Support/Titanium/mobilesdk/osx/3.2.0.v20130912165206/node_modules/async/lib/async.js:521:25
    at /Volumes/Data/Users/sebastian/Library/Application Support/Titanium/mobilesdk/osx/3.2.0.v20130912165206/node_modules/async/lib/async.js:108:13
    at Array.forEach (native)
    at _each (/Volumes/Data/Users/sebastian/Library/Application Support/Titanium/mobilesdk/osx/3.2.0.v20130912165206/node_modules/async/lib/async.js:32:24)
    at async.each (/Volumes/Data/Users/sebastian/Library/Application Support/Titanium/mobilesdk/osx/3.2.0.v20130912165206/node_modules/async/lib/async.js:107:9)
    at _parallel (/Volumes/Data/Users/sebastian/Library/Application Support/Titanium/mobilesdk/osx/3.2.0.v20130912165206/node_modules/async/lib/async.js:520:20)
    at async.parallel (/Volumes/Data/Users/sebastian/Library/Application Support/Titanium/mobilesdk/osx/3.2.0.v20130912165206/node_modules/async/lib/async.js:536:9)
    at detect (/Volumes/Data/Users/sebastian/Library/Application Support/Titanium/mobilesdk/osx/3.2.0.v20130912165206/iphone/cli/lib/detect.js:44:8)
    at /Volumes/Data/Users/sebastian/Library/Application Support/Titanium/mobilesdk/osx/3.2.0.v20130912165206/iphone/cli/commands/_build.js:110:3

[ERROR] Unable to find command "build"

<h3>Comments</h3>

<ol>
<li>Mostafizur Rahman 2013-09-13

   Hello [~mpmiranda]
   
   I tested this issue. It’s not working.  It’s showing error look likes bellow. But its working good in older version like 3.1.3, 3.1.2 etc..
   
   <code><pre>
   [ERROR] :  TypeError: Object #&lt;Object&gt; has no method 'get'
       at async.parallel.xcodeSelect (/Users/mrahman/Library/Application Support/Titanium/mobilesdk/osx/3.2.0.v20130912165206/iphone/cli/lib/detect.js:46:27)
       at /Users/mrahman/Library/Application Support/Titanium/mobilesdk/osx/3.2.0.v20130912165206/node_modules/async/lib/async.js:521:25
       at /Users/mrahman/Library/Application Support/Titanium/mobilesdk/osx/3.2.0.v20130912165206/node_modules/async/lib/async.js:108:13
       at Array.forEach (native)
       at _each (/Users/mrahman/Library/Application Support/Titanium/mobilesdk/osx/3.2.0.v20130912165206/node_modules/async/lib/async.js:32:24)
       at async.each (/Users/mrahman/Library/Application Support/Titanium/mobilesdk/osx/3.2.0.v20130912165206/node_modules/async/lib/async.js:107:9)
       at _parallel (/Users/mrahman/Library/Application Support/Titanium/mobilesdk/osx/3.2.0.v20130912165206/node_modules/async/lib/async.js:520:20)
       at async.parallel (/Users/mrahman/Library/Application Support/Titanium/mobilesdk/osx/3.2.0.v20130912165206/node_modules/async/lib/async.js:536:9)
       at detect (/Users/mrahman/Library/Application Support/Titanium/mobilesdk/osx/3.2.0.v20130912165206/iphone/cli/lib/detect.js:44:8)
       at /Users/mrahman/Library/Application Support/Titanium/mobilesdk/osx/3.2.0.v20130912165206/iphone/cli/commands/_build.js:110:3
   [ERROR] Unable to find command "build"
   </pre></code>
    
   My testing environment:
   
   OS: OS X Version 10.8.4
   Ti SDK: 3.2.0.v20130912165206
   iOS Simulator: Version 6.0 (369.2)
   
   Testing Code:
   
   <code><pre>
   var w = Ti.UI.createWindow({
   	backgroundColor : 'red'
   });
   var v = Ti.UI.createView({
   	width : 300,
   	height : 200,
   	backgroundColor : 'blue'
   });
   
   v.addEventListener('click', openWin);
   
   function openWin(e){
   alert('dd');
   }
   w.add(v);
   w.open();
   
   
   </pre></code> 
   
    
   
   Thanks 
   </li>
<li>Mostafizur Rahman 2013-09-16

   Please check this with my test case.</li>
<li>Shameer Jan 2014-09-04

   Need more info.
   Test case is wrong , There is no function named "openWin".
   Please clear the test case.
   
   Thanks</li>
<li>Mauro Parra-Miranda 2014-09-04

   Fixed in 3.3.0.GA</li>
</ol>


<p><a href="/TIMOB/TIMOB-15362.json">JSON Source</a></p>