---
title: "[AC-814] Build fails when using native API call (Windows.UI.Xaml.Controls.WebView)"
---
<table>
<tr><th>GitHub Issue</th><td>n/a</td></tr>
<tr><th>Type</th><td>Bug</td></tr>
<tr><th>Priority</th><td>n/a</td></tr>
<tr><th>Status</th><td>Resolved</td></tr>
<tr><th>Resolution</th><td>Needs more info</td></tr>
<tr><th>Resolution Date</th><td>2015-12-22T08:54:02.000+0000</td></tr>
<tr><th>Affected Version/s</th><td>n/a</td></tr>
<tr><th>Fix Version/s</th><td>n/a</td></tr>
<tr><th>Components</th><td>Titanium SDK & CLI</td></tr>
<tr><th>Labels</th><td>Hyperloop, Windows</td></tr>
<tr><th>Reporter</th><td>Toshiro Yagi</td></tr>
<tr><th>Assignee</th><td>Radamantis Torres-Lechuga</td></tr>
<tr><th>Created</th><td>2015-12-17T19:46:59.000+0000</td></tr>
<tr><th>Updated</th><td>2016-03-08T07:37:05.000+0000</td></tr>
</table>

<h3>Description</h3>

Build fails with this simple line:
<code><pre>
var webView = require('Windows.UI.Xaml.Controls.WebView');
</pre></code>

Same result with -T wp-emulator and ws-local.

Error log:
{noformat}
[INFO]  Alloy compiled in 11.81509s
[INFO]  Alloy compiler completed successfully
[INFO]  Launching emulator: 8-1-1
[INFO]  Missing 3 app icons, generating missing icons
[INFO]    Square44x44Logo.png - Used for logo - size: 44x44
[INFO]    Square71x71Logo.png - Used for logo - size: 71x71
[INFO]    Square150x150Logo.png - Used for logo - size: 150x150
[INFO]  Processing JavaScript files
[INFO]  Detected native API reference: Windows.UI.Xaml.Controls.WebView
[INFO]  Generating i18n files
[INFO]  Generating Native Type Wrappers
[WARN]  Unable to find metadata for: Platform.Object
[WARN]  Unable to find metadata for: Platform.Object
[WARN]  Something went wrong. No metadata for type: Platform.Object
[WARN]  Unable to find metadata for: Platform.Object
[WARN]  Something went wrong. No metadata for type: Windows.Foundation.IAsyncOperationWithProgress<code>2&lt;K,V&gt;
No metadata found for: Windows.Foundation.Collections.IKeyValuePair</code>2<string,class Windows.Storage.Streams.RandomAccessStreamReference>
[WARN]  Unable to find metadata for: Platform.Object
[WARN]  Unable to find metadata for: Platform.Object
[WARN]  Unable to find metadata for: Platform.Object
[WARN]  Unable to find metadata for: Platform.Object
No metadata found for: Windows.Foundation.Collections.IKeyValuePair<code>2&lt;string,object&gt;
[WARN]  Unable to find metadata for: Platform.Object
[WARN]  Unable to find metadata for: Platform.Object
[WARN]  Something went wrong. No metadata for type: Windows.Foundation.IAsyncOperation</code>1<T>
[WARN]  Something went wrong. No metadata for type: [mscorlib]System.Guid
[WARN]  Unable to find metadata for: [mscorlib]System.Guid
No metadata found for: Windows.Foundation.Collections.IKeyValuePair<code>2&lt;string,class Windows.Storage.Streams.RandomAccessStreamReference&gt;
No metadata found for: [mscorlib]System.Guid
No metadata found for: [mscorlib]System.Guid
No metadata found for: [mscorlib]System.Guid
No metadata found for: uint8[]
No metadata found for: uint8[]
No metadata found for: uint8[]
No metadata found for: Windows.Foundation.Collections.IKeyValuePair</code>2<string,object>
No metadata found for: Windows.Foundation.Collections.IKeyValuePair<code>2&lt;string,object&gt;
No metadata found for: Windows.Foundation.Collections.IKeyValuePair</code>2<string,object>
No metadata found for: Windows.Foundation.Collections.IKeyValuePair<code>2&lt;string,object&gt;
No metadata found for: Windows.Foundation.Collections.IKeyValuePair</code>2<string,object>
No metadata found for: Windows.Foundation.Collections.IKeyValuePair<code>2&lt;string,object&gt;
No metadata found for: Windows.Foundation.Collections.IVector</code>1<class Windows.Foundation.Uri>
No metadata found for: string[]
No metadata found for: Windows.Foundation.Collections.IKeyValuePair<code>2&lt;object,object&gt;
No metadata found for: Windows.Foundation.Collections.IKeyValuePair</code>2<object,object>
No metadata found for: Windows.Foundation.Collections.IKeyValuePair`2<string,string>
[ERROR]
An error occurred during build after 29s 815ms
[ERROR] Something went wrong. No metadata for type: [mscorlib]System.Guid
{noformat}

<h3>Comments</h3>

<ol>
<li>Sharif AbuDarda 2015-12-20

   Hello [~toshiro], Please provide a complete test case that we can use to regenerate the issue. Also please specify your complete environment information. Thanks.</li>
<li>Toshiro Yagi 2016-01-08

   Uh oh, I somehow failed to give you needed information. Reproducing this problem is rather simple. Create a project, open app/controllers/index.js and just add one line.
   
   <code><pre>
   function doClick(e) {
       alert($.label.text);
   }
   
   //var view = require('Windows.UI.Xaml.Window');
   var view = require("Windows.UI.Xaml.Controls.WebView");
   $.index.open();
   </pre></code>
   
   And build command is:
   
   <code><pre>
   appc ti build -p windows -T wp-emurator -P MY_PASSWORD -R generated.pfx
   </pre></code>
   
   or
   
   <code><pre>
   appc ti build -p windows -T ws-local -P MY_PASSWORD -R generated.pfx
   </pre></code>
   
   I've already provided my environment info above, and I do admit "Windows 10 *61bit*" was weird typo that has been fixed so now you can reproduce this error with serious face ;-)
   
   And one more thing, if you uncomment "Windows.UI.Xaml.Window" line and comment out "Windows.UI.Xaml.Controls.WebView", build ends successfully (only when your build target is wp-emulator or wp-device).</li>
</ol>


<p><a href="/AC/AC-814.json">JSON Source</a></p>