{
	"id": "165193",
	"key": "TIMOB-24297",
	"fields": {
		"issuetype": {
			"id": "1",
			"description": "A problem which impairs or prevents the functions of the product.",
			"name": "Bug",
			"subtask": false
		},
		"project": {
			"id": "10153",
			"key": "TIMOB",
			"name": "Titanium SDK/CLI",
			"projectCategory": {
				"id": "10100",
				"description": "Titanium and related SDKs used in application development",
				"name": "Client"
			}
		},
		"fixVersions": [
			{
				"id": "17609",
				"description": "",
				"name": "Release 7.0.0",
				"archived": false,
				"released": true,
				"releaseDate": "2017-12-07"
			}
		],
		"resolution": {
			"id": "1",
			"description": "A fix for this issue is checked into the tree and tested.",
			"name": "Fixed"
		},
		"resolutiondate": "2017-05-23T19:02:15.000+0000",
		"created": "2017-01-05T16:49:34.000+0000",
		"priority": {
			"name": "Critical",
			"id": "1"
		},
		"labels": [
			"android",
			"module"
		],
		"versions": [],
		"issuelinks": [
			{
				"id": "55835",
				"type": {
					"id": "10003",
					"name": "Relates",
					"inward": "relates to",
					"outward": "relates to"
				},
				"inwardIssue": {
					"id": "163794",
					"key": "TIMOB-23996",
					"fields": {
						"summary": "Android: Can't package android modules with NDK r13 & r14",
						"status": {
							"description": "The issue is considered finished, the resolution is correct. Issues which are closed can be reopened.",
							"name": "Closed",
							"id": "6",
							"statusCategory": {
								"id": 3,
								"key": "done",
								"colorName": "green",
								"name": "Done"
							}
						},
						"priority": {
							"name": "High",
							"id": "2"
						},
						"issuetype": {
							"id": "1",
							"description": "A problem which impairs or prevents the functions of the product.",
							"name": "Bug",
							"subtask": false
						}
					}
				}
			}
		],
		"assignee": {
			"name": "gmathews",
			"key": "gmathews",
			"displayName": "Gary Mathews",
			"active": true,
			"timeZone": "America/Los_Angeles"
		},
		"updated": "2017-11-16T19:31:28.000+0000",
		"status": {
			"description": "The issue is considered finished, the resolution is correct. Issues which are closed can be reopened.",
			"name": "Closed",
			"id": "6",
			"statusCategory": {
				"id": 3,
				"key": "done",
				"colorName": "green",
				"name": "Done"
			}
		},
		"components": [
			{
				"id": "10202",
				"name": "Android",
				"description": "Android Platform"
			}
		],
		"description": "Cannot build an Android module with a blank, unedited template. Log below:\r\n\r\n{code}\r\n1/5/2017, 1:47:29 AM\r\n\r\nOperating System\r\n  Name                        = Mac OS X\r\n  Version                     = 10.11.4\r\n  Architecture                = 64bit\r\n  # CPUs                      = 4\r\n  Memory                      = 17179869184\r\n\r\nNode.js\r\n  Node.js Version             = 6.9.1\r\n  npm Version                 = 3.10.8\r\n\r\nTitanium CLI\r\n  CLI Version                 = 5.0.11\r\n\r\nTitanium SDK\r\n  SDK Version                 = 6.0.1.GA\r\n  SDK Path                    = /Users/devtest/Library/Application Support/Titanium/mobilesdk/osx/6.0.1.GA\r\n  Target Platform             = android\r\n\r\nCommand\r\n  /usr/local/bin/node /Users/devtest/.appcelerator/install/6.1.0/package/node_modules/titanium/lib/titanium.js build run --platform android --project-dir /Users/devtest/Documents/Appcelerator_Studio_Workspace/unedited-test-module/android --build-only --no-colors --no-progress-bars --no-prompt --no-banner --prompt-type socket-bundle --prompt-port 64782 --config-file /var/folders/mh/dqh1sgn122j964t0c3f364mm0000gn/T/build-1483598843862.json --log-level info --no-banner --project-dir /Users/devtest/Documents/Appcelerator_Studio_Workspace/unedited-test-module/android\r\n\r\n[INFO] : \b\b \b javac Max Memory: 256M\r\n[INFO] : \b\b \b javac Source: 1.6\r\n[INFO] : \b\b \b javac Target: 1.6\r\n[INFO] : \b\b \b dx Max Memory: 1024M\r\n[INFO] : \b\b \b buildBinClassesDir: /Users/devtest/Documents/Appcelerator_Studio_Workspace/unedited-test-module/android/build/classes\r\n[INFO] : \b\b \b Assets Dir: /Users/devtest/Documents/Appcelerator_Studio_Workspace/unedited-test-module/assets\r\n[INFO] : \b\b \b Documentation Dir: /Users/devtest/Documents/Appcelerator_Studio_Workspace/unedited-test-module/documentation\r\n[INFO] : \b\b \b Example Dir: /Users/devtest/Documents/Appcelerator_Studio_Workspace/unedited-test-module/example\r\n[INFO] : \b\b \b Platform Dir: /Users/devtest/Documents/Appcelerator_Studio_Workspace/unedited-test-module/android/platform\r\n[INFO] : \b\b \b Resources Dir: /Users/devtest/Documents/Appcelerator_Studio_Workspace/unedited-test-module/android/Resources\r\nGenerating java files from the .aidl files\r\n[INFO] : \b\b \b No aidl files to compile\r\nCompiling Module Java source files\r\n[INFO] : \b\b \b Building Java source files: /Library/Java/JavaVirtualMachines/jdk1.7.0_80.jdk/Contents/Home/bin/javac \"-J-Xmx256M\" \"-encoding\" \"utf8\" \"-classpath\" \"/Users/devtest/Documents/Android SDK/platforms/android-23/android.jar:/Users/devtest/Library/Application Support/Titanium/mobilesdk/osx/6.0.1.GA/android/lib/closure-compiler.jar:/Users/devtest/Library/Application Support/Titanium/mobilesdk/osx/6.0.1.GA/android/lib/titanium-debug.jar:/Users/devtest/Library/Application Support/Titanium/mobilesdk/osx/6.0.1.GA/android/lib/titanium-profiler.jar:/Users/devtest/Library/Application Support/Titanium/mobilesdk/osx/6.0.1.GA/android/lib/titanium-verify.jar:/Users/devtest/Library/Application Support/Titanium/mobilesdk/osx/6.0.1.GA/android/modules/titanium-accelerometer.jar:/Users/devtest/Library/Application Support/Titanium/mobilesdk/osx/6.0.1.GA/android/modules/titanium-analytics.jar:/Users/devtest/Library/Application Support/Titanium/mobilesdk/osx/6.0.1.GA/android/modules/titanium-android.jar:/Users/devtest/Library/Application Support/Titanium/mobilesdk/osx/6.0.1.GA/android/modules/titanium-app.jar:/Users/devtest/Library/Application Support/Titanium/mobilesdk/osx/6.0.1.GA/android/modules/titanium-appcompat.jar:/Users/devtest/Library/Application Support/Titanium/mobilesdk/osx/6.0.1.GA/android/modules/titanium-calendar.jar:/Users/devtest/Library/Application Support/Titanium/mobilesdk/osx/6.0.1.GA/android/modules/titanium-cardview.jar:/Users/devtest/Library/Application Support/Titanium/mobilesdk/osx/6.0.1.GA/android/modules/titanium-contacts.jar:/Users/devtest/Library/Application Support/Titanium/mobilesdk/osx/6.0.1.GA/android/modules/titanium-database.jar:/Users/devtest/Library/Application Support/Titanium/mobilesdk/osx/6.0.1.GA/android/modules/titanium-filesystem.jar:/Users/devtest/Library/Application Support/Titanium/mobilesdk/osx/6.0.1.GA/android/modules/titanium-geolocation.jar:/Users/devtest/Library/Application Support/Titanium/mobilesdk/osx/6.0.1.GA/android/modules/titanium-gesture.jar:/Users/devtest/Library/Application Support/Titanium/mobilesdk/osx/6.0.1.GA/android/modules/titanium-locale.jar:/Users/devtest/Library/Application Support/Titanium/mobilesdk/osx/6.0.1.GA/android/modules/titanium-map.jar:/Users/devtest/Library/Application Support/Titanium/mobilesdk/osx/6.0.1.GA/android/modules/titanium-media.jar:/Users/devtest/Library/Application Support/Titanium/mobilesdk/osx/6.0.1.GA/android/modules/titanium-network.jar:/Users/devtest/Library/Application Support/Titanium/mobilesdk/osx/6.0.1.GA/android/modules/titanium-platform.jar:/Users/devtest/Library/Application Support/Titanium/mobilesdk/osx/6.0.1.GA/android/modules/titanium-ui.jar:/Users/devtest/Library/Application Support/Titanium/mobilesdk/osx/6.0.1.GA/android/modules/titanium-utils.jar:/Users/devtest/Library/Application Support/Titanium/mobilesdk/osx/6.0.1.GA/android/modules/titanium-xml.jar:/Users/devtest/Library/Application Support/Titanium/mobilesdk/osx/6.0.1.GA/android/android-support-multidex.jar:/Users/devtest/Library/Application Support/Titanium/mobilesdk/osx/6.0.1.GA/android/android-support-v4.jar:/Users/devtest/Library/Application Support/Titanium/mobilesdk/osx/6.0.1.GA/android/android-support-v7-appcompat.jar:/Users/devtest/Library/Application Support/Titanium/mobilesdk/osx/6.0.1.GA/android/aps-analytics.jar:/Users/devtest/Library/Application Support/Titanium/mobilesdk/osx/6.0.1.GA/android/cardview-v7-23.0.1.jar:/Users/devtest/Library/Application Support/Titanium/mobilesdk/osx/6.0.1.GA/android/freemarker.jar:/Users/devtest/Library/Application Support/Titanium/mobilesdk/osx/6.0.1.GA/android/jaxen-1.1.1.jar:/Users/devtest/Library/Application Support/Titanium/mobilesdk/osx/6.0.1.GA/android/json_simple-1.1.jar:/Users/devtest/Library/Application Support/Titanium/mobilesdk/osx/6.0.1.GA/android/kroll-apt.jar:/Users/devtest/Library/Application Support/Titanium/mobilesdk/osx/6.0.1.GA/android/kroll-common.jar:/Users/devtest/Library/Application Support/Titanium/mobilesdk/osx/6.0.1.GA/android/kroll-v8.jar:/Users/devtest/Library/Application Support/Titanium/mobilesdk/osx/6.0.1.GA/android/nineoldandroids-appc-2.4.0.jar:/Users/devtest/Library/Application Support/Titanium/mobilesdk/osx/6.0.1.GA/android/ti-commons-codec-1.3.jar:/Users/devtest/Library/Application Support/Titanium/mobilesdk/osx/6.0.1.GA/android/titanium.jar\" \"-d\" \"/Users/devtest/Documents/Appcelerator_Studio_Workspace/unedited-test-module/android/build/classes\" \"-target\" \"1.6\" \"-g\" \"-source\" \"1.6\" \"@/Users/devtest/Documents/Appcelerator_Studio_Workspace/unedited-test-module/android/java-sources.txt\" \"-processor\" \"org.appcelerator.kroll.annotations.generator.KrollJSONGenerator\" \"-s\" \"/Users/devtest/Documents/Appcelerator_Studio_Workspace/unedited-test-module/android/build/generated/json\" \"-Akroll.jsonFile=unedited-test-module.json\" \"-Akroll.jsonPackage=org.appcelerator.titanium.bindings\"\r\nGenerating runtime bindings\r\n[INFO] : \b\b \b Generate v8 bindings: /Library/Java/JavaVirtualMachines/jdk1.7.0_80.jdk/Contents/Home/bin/java \"-classpath\" \"/Users/devtest/Documents/Android SDK/platforms/android-23/android.jar:/Users/devtest/Library/Application Support/Titanium/mobilesdk/osx/6.0.1.GA/android/lib/closure-compiler.jar:/Users/devtest/Library/Application Support/Titanium/mobilesdk/osx/6.0.1.GA/android/lib/titanium-debug.jar:/Users/devtest/Library/Application Support/Titanium/mobilesdk/osx/6.0.1.GA/android/lib/titanium-profiler.jar:/Users/devtest/Library/Application Support/Titanium/mobilesdk/osx/6.0.1.GA/android/lib/titanium-verify.jar:/Users/devtest/Library/Application Support/Titanium/mobilesdk/osx/6.0.1.GA/android/modules/titanium-accelerometer.jar:/Users/devtest/Library/Application Support/Titanium/mobilesdk/osx/6.0.1.GA/android/modules/titanium-analytics.jar:/Users/devtest/Library/Application Support/Titanium/mobilesdk/osx/6.0.1.GA/android/modules/titanium-android.jar:/Users/devtest/Library/Application Support/Titanium/mobilesdk/osx/6.0.1.GA/android/modules/titanium-app.jar:/Users/devtest/Library/Application Support/Titanium/mobilesdk/osx/6.0.1.GA/android/modules/titanium-appcompat.jar:/Users/devtest/Library/Application Support/Titanium/mobilesdk/osx/6.0.1.GA/android/modules/titanium-calendar.jar:/Users/devtest/Library/Application Support/Titanium/mobilesdk/osx/6.0.1.GA/android/modules/titanium-cardview.jar:/Users/devtest/Library/Application Support/Titanium/mobilesdk/osx/6.0.1.GA/android/modules/titanium-contacts.jar:/Users/devtest/Library/Application Support/Titanium/mobilesdk/osx/6.0.1.GA/android/modules/titanium-database.jar:/Users/devtest/Library/Application Support/Titanium/mobilesdk/osx/6.0.1.GA/android/modules/titanium-filesystem.jar:/Users/devtest/Library/Application Support/Titanium/mobilesdk/osx/6.0.1.GA/android/modules/titanium-geolocation.jar:/Users/devtest/Library/Application Support/Titanium/mobilesdk/osx/6.0.1.GA/android/modules/titanium-gesture.jar:/Users/devtest/Library/Application Support/Titanium/mobilesdk/osx/6.0.1.GA/android/modules/titanium-locale.jar:/Users/devtest/Library/Application Support/Titanium/mobilesdk/osx/6.0.1.GA/android/modules/titanium-map.jar:/Users/devtest/Library/Application Support/Titanium/mobilesdk/osx/6.0.1.GA/android/modules/titanium-media.jar:/Users/devtest/Library/Application Support/Titanium/mobilesdk/osx/6.0.1.GA/android/modules/titanium-network.jar:/Users/devtest/Library/Application Support/Titanium/mobilesdk/osx/6.0.1.GA/android/modules/titanium-platform.jar:/Users/devtest/Library/Application Support/Titanium/mobilesdk/osx/6.0.1.GA/android/modules/titanium-ui.jar:/Users/devtest/Library/Application Support/Titanium/mobilesdk/osx/6.0.1.GA/android/modules/titanium-utils.jar:/Users/devtest/Library/Application Support/Titanium/mobilesdk/osx/6.0.1.GA/android/modules/titanium-xml.jar:/Users/devtest/Library/Application Support/Titanium/mobilesdk/osx/6.0.1.GA/android/android-support-multidex.jar:/Users/devtest/Library/Application Support/Titanium/mobilesdk/osx/6.0.1.GA/android/android-support-v4.jar:/Users/devtest/Library/Application Support/Titanium/mobilesdk/osx/6.0.1.GA/android/android-support-v7-appcompat.jar:/Users/devtest/Library/Application Support/Titanium/mobilesdk/osx/6.0.1.GA/android/aps-analytics.jar:/Users/devtest/Library/Application Support/Titanium/mobilesdk/osx/6.0.1.GA/android/cardview-v7-23.0.1.jar:/Users/devtest/Library/Application Support/Titanium/mobilesdk/osx/6.0.1.GA/android/freemarker.jar:/Users/devtest/Library/Application Support/Titanium/mobilesdk/osx/6.0.1.GA/android/jaxen-1.1.1.jar:/Users/devtest/Library/Application Support/Titanium/mobilesdk/osx/6.0.1.GA/android/json_simple-1.1.jar:/Users/devtest/Library/Application Support/Titanium/mobilesdk/osx/6.0.1.GA/android/kroll-apt.jar:/Users/devtest/Library/Application Support/Titanium/mobilesdk/osx/6.0.1.GA/android/kroll-common.jar:/Users/devtest/Library/Application Support/Titanium/mobilesdk/osx/6.0.1.GA/android/kroll-v8.jar:/Users/devtest/Library/Application Support/Titanium/mobilesdk/osx/6.0.1.GA/android/nineoldandroids-appc-2.4.0.jar:/Users/devtest/Library/Application Support/Titanium/mobilesdk/osx/6.0.1.GA/android/ti-commons-codec-1.3.jar:/Users/devtest/Library/Application Support/Titanium/mobilesdk/osx/6.0.1.GA/android/titanium.jar\" \"org.appcelerator.kroll.annotations.generator.KrollBindingGenerator\" \"/Users/devtest/Documents/Appcelerator_Studio_Workspace/unedited-test-module/android/build/generated/jni\" \"true\" \"com.ironstrong.bt.android\" \"/Users/devtest/Documents/Appcelerator_Studio_Workspace/unedited-test-module/android/build/generated/json/org/appcelerator/titanium/bindings/unedited-test-module.json\"\r\n[INFO] : \b\b \b Producing [ModuleName]Bootstrap files using /Users/devtest/Documents/Appcelerator_Studio_Workspace/unedited-test-module/android/build/generated/json/org/appcelerator/titanium/bindings/unedited-test-module.json\r\nGenerating BootstrapJS.cpp from bootstrap.js\r\n[INFO] : \b\b \b Running the Android NDK ndk-build\r\n[ERROR] : \b\b \bFailed to run ndk-build\r\n[ERROR] : \b\b \b\r\n[ERROR] : \b\b \bjni/Android.mk:35: warning: overriding commands for target `/Users/devtest/Documents/Appcelerator_Studio_Workspace/unedited-test-module/android/build/generated/KrollGeneratedBindings.cpp'\r\n[ERROR] : \b\b \bjni/Android.mk:35: warning: ignoring old commands for target `/Users/devtest/Documents/Appcelerator_Studio_Workspace/unedited-test-module/android/build/generated/KrollGeneratedBindings.cpp'\r\n[ERROR] : \b\b \bwarning: unknown warning option '-Wno-psabi' [-Wunknown-warning-option]\r\n[ERROR] : \b\b \bIn file included from jni/com.ironstrong.bt.android.AndroidBluetoothIronstrongModule.cpp:12:\r\n[ERROR] : \b\b \b/Users/devtest/Library/Application Support/Titanium/mobilesdk/osx/6.0.1.GA/android/native/include/AndroidUtil.h:57:49: warning: format specifies type 'int' but the argument has type 'long' [-Wformat]\r\n2017-01-05T06:47:33.950Z | ERROR  | An uncaught exception was thrown!\r\n[sprintf] %ld,/Users/devtest/Library/Application Support/Titanium/mobilesdk/osx/6.0.1.GA/android/native/include/AndroidUtil.h:34:40: note: expanded from macro 'LOGE',#define LOGE(tag, ...) LOG(ERROR, tag, __VA_ARGS__),                                       ^~~~~~~~~~~,/Users/devtest/Library/Application Support/Titanium/mobilesdk/osx/6.0.1.GA/android/native/include/AndroidUtil.h:14:74: note: expanded from macro 'LOG',#define LOG(level, tag, ...) __android_log_print(_LOG_LEVEL(level), tag, __VA_ARGS__),                                                                         ^~~~~~~~~~~,jni/com.ironstrong.bt.android.AndroidBluetoothIronstrongModule.cpp:131:14: warning: format string is not a string literal (potentially insecure) [-Wformat-security],                        LOGE(TAG, error);,                                  ^~~~~,/Users/devtest/Library/Application Support/Titanium/mobilesdk/osx/6.0.1.GA/android/native/include/AndroidUtil.h:34:40: note: expanded from macro 'LOGE',#define LOGE(tag, ...) LOG(ERROR, tag, __VA_ARGS__),                                       ^~~~~~~~~~~,/Users/devtest/Library/Application Support/Titanium/mobilesdk/osx/6.0.1.GA/android/native/include/AndroidUtil.h:14:74: note: expanded from macro 'LOG',#define LOG(level, tag, ...) __android_log_print(_LOG_LEVEL(level), tag, __VA_ARGS__),                                                                         ^~~~~~~~~~~,jni/com.ironstrong.bt.android.AndroidBluetoothIronstrongModule.cpp:195:14: warning: format string is not a string literal (potentially insecure) [-Wformat-security],                        LOGE(TAG, error);,                                  ^~~~~,/Users/devtest/Library/Application Support/Titanium/mobilesdk/osx/6.0.1.GA/android/native/include/AndroidUtil.h:34:40: note: expanded from macro 'LOGE',#define LOGE(tag, ...) LOG(ERROR, tag, __VA_ARGS__),                                       ^~~~~~~~~~~,/Users/devtest/Library/Application Support/Titanium/mobilesdk/osx/6.0.1.GA/android/native/include/AndroidUtil.h:14:74: note: expanded from macro 'LOG',#define LOG(level, tag, ...) __android_log_print(_LOG_LEVEL(level), tag, __VA_ARGS__),                                                                         ^~~~~~~~~~~,jni/com.ironstrong.bt.android.AndroidBluetoothIronstrongModule.cpp:257:14: warning: format string is not a string literal (potentially insecure) [-Wformat-security],                        LOGE(TAG, error);,                                  ^~~~~,/Users/devtest/Library/Application Support/Titanium/mobilesdk/osx/6.0.1.GA/android/native/include/AndroidUtil.h:34:40: note: expanded from macro 'LOGE',#define LOGE(tag, ...) LOG(ERROR, tag, __VA_ARGS__),                                       ^~~~~~~~~~~,/Users/devtest/Library/Application Support/Titanium/mobilesdk/osx/6.0.1.GA/android/native/include/AndroidUtil.h:14:74: note: expanded from macro 'LOG',#define LOG(level, tag, ...) __android_log_print(_LOG_LEVEL(level), tag, __VA_ARGS__),                                                                         ^~~~~~~~~~~,5 warnings generated.,warning: unknown warning option '-Wno-psabi' [-Wunknown-warning-option],In file included from jni/com.ironstrong.bt.android.ExampleProxy.cpp:12:,/Users/devtest/Library/Application Support/Titanium/mobilesdk/osx/6.0.1.GA/android/native/include/AndroidUtil.h:57:49: warning: format specifies type 'int' but the argument has type 'long' [-Wformat],                LOGE(tag, \"Finished %s (%d ms)\", description, AndroidUtil::getCurrentMillis() - start);,                                        ~~                    ^~~~~~~~~~~~~~~~~~~~~~~~~~~~~~~~~~~~~~~,                                        %ld,/Users/devtest/Library/Application Support/Titanium/mobilesdk/osx/6.0.1.GA/android/native/include/AndroidUtil.h:34:40: note: expanded from macro 'LOGE',#define LOGE(tag, ...) LOG(ERROR, tag, __VA_ARGS__),                                       ^~~~~~~~~~~,/Users/devtest/Library/Application Support/Titanium/mobilesdk/osx/6.0.1.GA/android/native/include/AndroidUtil.h:14:74: note: expanded from macro 'LOG',#define LOG(level, tag, ...) __android_log_print(_LOG_LEVEL(level), tag, __VA_ARGS__),                                                                         ^~~~~~~~~~~,jni/com.ironstrong.bt.android.ExampleProxy.cpp:130:14: warning: format string is not a string literal (potentially insecure) [-Wformat-security],                        LOGE(TAG, error);,                                  ^~~~~,/Users/devtest/Library/Application Support/Titanium/mobilesdk/osx/6.0.1.GA/android/native/include/AndroidUtil.h:34:40: note: expanded from macro 'LOGE',#define LOGE(tag, ...) LOG(ERROR, tag, __VA_ARGS__),                                       ^~~~~~~~~~~,/Users/devtest/Library/Application Support/Titanium/mobilesdk/osx/6.0.1.GA/android/native/include/AndroidUtil.h:14:74: note: expanded from macro 'LOG',#define LOG(level, tag, ...) __android_log_print(_LOG_LEVEL(level), tag, __VA_ARGS__),                                                                         ^~~~~~~~~~~,jni/com.ironstrong.bt.android.ExampleProxy.cpp:192:14: warning: format string is not a string literal (potentially insecure) [-Wformat-security],                        LOGE(TAG, error);,                                  ^~~~~,/Users/devtest/Library/Application Support/Titanium/mobilesdk/osx/6.0.1.GA/android/native/include/AndroidUtil.h:34:40: note: expanded from macro 'LOGE',#define LOGE(tag, ...) LOG(ERROR, tag, __VA_ARGS__),                                       ^~~~~~~~~~~,/Users/devtest/Library/Application Support/Titanium/mobilesdk/osx/6.0.1.GA/android/native/include/AndroidUtil.h:14:74: note: expanded from macro 'LOG',#define LOG(level, tag, ...) __android_log_print(_LOG_LEVEL(level), tag, __VA_ARGS__),                                                                         ^~~~~~~~~~~,jni/com.ironstrong.bt.android.ExampleProxy.cpp:269:14: warning: format string is not a string literal (potentially insecure) [-Wformat-security],                        LOGE(TAG, error);,                                  ^~~~~,/Users/devtest/Library/Application Support/Titanium/mobilesdk/osx/6.0.1.GA/android/native/include/AndroidUtil.h:34:40: note: expanded from macro 'LOGE',#define LOGE(tag, ...) LOG(ERROR, tag, __VA_ARGS__),                                       ^~~~~~~~~~~,/Users/devtest/Library/Application Support/Titanium/mobilesdk/osx/6.0.1.GA/android/native/include/AndroidUtil.h:14:74: note: expanded from macro 'LOG',#define LOG(level, tag, ...) __android_log_print(_LOG_LEVEL(level), tag, __VA_ARGS__),                                                                         ^~~~~~~~~~~,jni/com.ironstrong.bt.android.ExampleProxy.cpp:348:14: warning: format string is not a string literal (potentially insecure) [-Wformat-security],                        LOGE(TAG, error);,                                  ^~~~~,/Users/devtest/Library/Application Support/Titanium/mobilesdk/osx/6.0.1.GA/android/native/include/AndroidUtil.h:34:40: note: expanded from macro 'LOGE',#define LOGE(tag, ...) LOG(ERROR, tag, __VA_ARGS__),                                       ^~~~~~~~~~~,/Users/devtest/Library/Application Support/Titanium/mobilesdk/osx/6.0.1.GA/android/native/include/AndroidUtil.h:14:74: note: expanded from macro 'LOG',#define LOG(level, tag, ...) __android_log_print(_LOG_LEVEL(level), tag, __VA_ARGS__),                                                                         ^~~~~~~~~~~,jni/com.ironstrong.bt.android.ExampleProxy.cpp:410:14: warning: format string is not a string literal (potentially insecure) [-Wformat-security],                        LOGE(TAG, error);,                                  ^~~~~,/Users/devtest/Library/Application Support/Titanium/mobilesdk/osx/6.0.1.GA/android/native/include/AndroidUtil.h:34:40: note: expanded from macro 'LOGE',#define LOGE(tag, ...) LOG(ERROR, tag, __VA_ARGS__),                                       ^~~~~~~~~~~,/Users/devtest/Library/Application Support/Titanium/mobilesdk/osx/6.0.1.GA/android/native/include/AndroidUtil.h:14:74: note: expanded from macro 'LOG',#define LOG(level, tag, ...) __android_log_print(_LOG_LEVEL(level), tag, __VA_ARGS__),                                                                         ^~~~~~~~~~~,7 warnings generated.,warning: unknown warning option '-Wno-psabi' [-Wunknown-warning-option],In file included from jni/../AndroidBluetoothIronstrongBootstrap.cpp:12:,/Users/devtest/Library/Application Support/Titanium/mobilesdk/osx/6.0.1.GA/android/native/include/AndroidUtil.h:57:49: warning: format specifies type 'int' but the argument has type 'long' [-Wformat],                LOGE(tag, \"Finished %s (%d ms)\", description, AndroidUtil::getCurrentMillis() - start);,                                        ~~                    ^~~~~~~~~~~~~~~~~~~~~~~~~~~~~~~~~~~~~~~,                                        %ld,/Users/devtest/Library/Application Support/Titanium/mobilesdk/osx/6.0.1.GA/android/native/include/AndroidUtil.h:34:40: note: expanded from macro 'LOGE',#define LOGE(tag, ...) LOG(ERROR, tag, __VA_ARGS__),                                       ^~~~~~~~~~~,/Users/devtest/Library/Application Support/Titanium/mobilesdk/osx/6.0.1.GA/android/native/include/AndroidUtil.h:14:74: note: expanded from macro 'LOG',#define LOG(level, tag, ...) __android_log_print(_LOG_LEVEL(level), tag, __VA_ARGS__),                                                                         ^~~~~~~~~~~,In file included from jni/../AndroidBluetoothIronstrongBootstrap.cpp:19:,/Users/devtest/Documents/Appcelerator_Studio_Workspace/unedited-test-module/android/build/generated/KrollGeneratedBindings.gperf:14:8: error: forward declaration of struct cannot have a nested name specifier,struct titanium::bindings::BindEntry;,       ^~~~~~~~~~~~~~~~~~~~,/Users/devtest/Documents/Appcelerator_Studio_Workspace/unedited-test-module/android/build/generated/KrollGeneratedBindings.gperf:25:11: warning: 'register' storage class specifier is deprecated and incompatible with C++1z [-Wdeprecated-register],          register const char *s = wordlist[key].name;,          ^~~~~~~~~,3 warnings and 1 error generated.,make: *** [/Users/devtest/Documents/Appcelerator_Studio_Workspace/unedited-test-module/android/build/generated/obj/local/armeabi-v7a/objs/com.ironstrong.bt.android/__/AndroidBluetoothIronstrongBootstrap.o] Error 1\"\r\n2017-01-05T06:47:33.951Z | ERROR  | [sprintf] %ld,/Users/devtest/Library/Application Support/Titanium/mobilesdk/osx/6.0.1.GA/android/native/include/AndroidUtil.h:34:40: note: expanded from macro 'LOGE',#define LOGE(tag, ...) LOG(ERROR, tag, __VA_ARGS__),                                       ^~~~~~~~~~~,/Users/devtest/Library/Application Support/Titanium/mobilesdk/osx/6.0.1.GA/android/native/include/AndroidUtil.h:14:74: note: expanded from macro 'LOG',#define LOG(level, tag, ...) __android_log_print(_LOG_LEVEL(level), tag, __VA_ARGS__),                                                                         ^~~~~~~~~~~,jni/com.ironstrong.bt.android.AndroidBluetoothIronstrongModule.cpp:131:14: warning: format string is not a string literal (potentially insecure) [-Wformat-security],                        LOGE(TAG, error);,                                  ^~~~~,/Users/devtest/Library/Application Support/Titanium/mobilesdk/osx/6.0.1.GA/android/native/include/AndroidUtil.h:34:40: note: expanded from macro 'LOGE',#define LOGE(tag, ...) LOG(ERROR, tag, __VA_ARGS__),                                       ^~~~~~~~~~~,/Users/devtest/Library/Application Support/Titanium/mobilesdk/osx/6.0.1.GA/android/native/include/AndroidUtil.h:14:74: note: expanded from macro 'LOG',#define LOG(level, tag, ...) __android_log_print(_LOG_LEVEL(level), tag, __VA_ARGS__),                                                                         ^~~~~~~~~~~,jni/com.ironstrong.bt.android.AndroidBluetoothIronstrongModule.cpp:195:14: warning: format string is not a string literal (potentially insecure) [-Wformat-security],                        LOGE(TAG, error);,                                  ^~~~~,/Users/devtest/Library/Application Support/Titanium/mobilesdk/osx/6.0.1.GA/android/native/include/AndroidUtil.h:34:40: note: expanded from macro 'LOGE',#define LOGE(tag, ...) LOG(ERROR, tag, __VA_ARGS__),                                       ^~~~~~~~~~~,/Users/devtest/Library/Application Support/Titanium/mobilesdk/osx/6.0.1.GA/android/native/include/AndroidUtil.h:14:74: note: expanded from macro 'LOG',#define LOG(level, tag, ...) __android_log_print(_LOG_LEVEL(level), tag, __VA_ARGS__),                                                                         ^~~~~~~~~~~,jni/com.ironstrong.bt.android.AndroidBluetoothIronstrongModule.cpp:257:14: warning: format string is not a string literal (potentially insecure) [-Wformat-security],                        LOGE(TAG, error);,                                  ^~~~~,/Users/devtest/Library/Application Support/Titanium/mobilesdk/osx/6.0.1.GA/android/native/include/AndroidUtil.h:34:40: note: expanded from macro 'LOGE',#define LOGE(tag, ...) LOG(ERROR, tag, __VA_ARGS__),                                       ^~~~~~~~~~~,/Users/devtest/Library/Application Support/Titanium/mobilesdk/osx/6.0.1.GA/android/native/include/AndroidUtil.h:14:74: note: expanded from macro 'LOG',#define LOG(level, tag, ...) __android_log_print(_LOG_LEVEL(level), tag, __VA_ARGS__),                                                                         ^~~~~~~~~~~,5 warnings generated.,warning: unknown warning option '-Wno-psabi' [-Wunknown-warning-option],In file included from jni/com.ironstrong.bt.android.ExampleProxy.cpp:12:,/Users/devtest/Library/Application Support/Titanium/mobilesdk/osx/6.0.1.GA/android/native/include/AndroidUtil.h:57:49: warning: format specifies type 'int' but the argument has type 'long' [-Wformat],                LOGE(tag, \"Finished %s (%d ms)\", description, AndroidUtil::getCurrentMillis() - start);,                                        ~~                    ^~~~~~~~~~~~~~~~~~~~~~~~~~~~~~~~~~~~~~~,                                        %ld,/Users/devtest/Library/Application Support/Titanium/mobilesdk/osx/6.0.1.GA/android/native/include/AndroidUtil.h:34:40: note: expanded from macro 'LOGE',#define LOGE(tag, ...) LOG(ERROR, tag, __VA_ARGS__),                                       ^~~~~~~~~~~,/Users/devtest/Library/Application Support/Titanium/mobilesdk/osx/6.0.1.GA/android/native/include/AndroidUtil.h:14:74: note: expanded from macro 'LOG',#define LOG(level, tag, ...) __android_log_print(_LOG_LEVEL(level), tag, __VA_ARGS__),                                                                         ^~~~~~~~~~~,jni/com.ironstrong.bt.android.ExampleProxy.cpp:130:14: warning: format string is not a string literal (potentially insecure) [-Wformat-security],                        LOGE(TAG, error);,                                  ^~~~~,/Users/devtest/Library/Application Support/Titanium/mobilesdk/osx/6.0.1.GA/android/native/include/AndroidUtil.h:34:40: note: expanded from macro 'LOGE',#define LOGE(tag, ...) LOG(ERROR, tag, __VA_ARGS__),                                       ^~~~~~~~~~~,/Users/devtest/Library/Application Support/Titanium/mobilesdk/osx/6.0.1.GA/android/native/include/AndroidUtil.h:14:74: note: expanded from macro 'LOG',#define LOG(level, tag, ...) __android_log_print(_LOG_LEVEL(level), tag, __VA_ARGS__),                                                                         ^~~~~~~~~~~,jni/com.ironstrong.bt.android.ExampleProxy.cpp:192:14: warning: format string is not a string literal (potentially insecure) [-Wformat-security],                        LOGE(TAG, error);,                                  ^~~~~,/Users/devtest/Library/Application Support/Titanium/mobilesdk/osx/6.0.1.GA/android/native/include/AndroidUtil.h:34:40: note: expanded from macro 'LOGE',#define LOGE(tag, ...) LOG(ERROR, tag, __VA_ARGS__),                                       ^~~~~~~~~~~,/Users/devtest/Library/Application Support/Titanium/mobilesdk/osx/6.0.1.GA/android/native/include/AndroidUtil.h:14:74: note: expanded from macro 'LOG',#define LOG(level, tag, ...) __android_log_print(_LOG_LEVEL(level), tag, __VA_ARGS__),                                                                         ^~~~~~~~~~~,jni/com.ironstrong.bt.android.ExampleProxy.cpp:269:14: warning: format string is not a string literal (potentially insecure) [-Wformat-security],                        LOGE(TAG, error);,                                  ^~~~~,/Users/devtest/Library/Application Support/Titanium/mobilesdk/osx/6.0.1.GA/android/native/include/AndroidUtil.h:34:40: note: expanded from macro 'LOGE',#define LOGE(tag, ...) LOG(ERROR, tag, __VA_ARGS__),                                       ^~~~~~~~~~~,/Users/devtest/Library/Application Support/Titanium/mobilesdk/osx/6.0.1.GA/android/native/include/AndroidUtil.h:14:74: note: expanded from macro 'LOG',#define LOG(level, tag, ...) __android_log_print(_LOG_LEVEL(level), tag, __VA_ARGS__),                                                                         ^~~~~~~~~~~,jni/com.ironstrong.bt.android.ExampleProxy.cpp:348:14: warning: format string is not a string literal (potentially insecure) [-Wformat-security],                        LOGE(TAG, error);,                                  ^~~~~,/Users/devtest/Library/Application Support/Titanium/mobilesdk/osx/6.0.1.GA/android/native/include/AndroidUtil.h:34:40: note: expanded from macro 'LOGE',#define LOGE(tag, ...) LOG(ERROR, tag, __VA_ARGS__),                                       ^~~~~~~~~~~,/Users/devtest/Library/Application Support/Titanium/mobilesdk/osx/6.0.1.GA/android/native/include/AndroidUtil.h:14:74: note: expanded from macro 'LOG',#define LOG(level, tag, ...) __android_log_print(_LOG_LEVEL(level), tag, __VA_ARGS__),                                                                         ^~~~~~~~~~~,jni/com.ironstrong.bt.android.ExampleProxy.cpp:410:14: warning: format string is not a string literal (potentially insecure) [-Wformat-security],                        LOGE(TAG, error);,                                  ^~~~~,/Users/devtest/Library/Application Support/Titanium/mobilesdk/osx/6.0.1.GA/android/native/include/AndroidUtil.h:34:40: note: expanded from macro 'LOGE',#define LOGE(tag, ...) LOG(ERROR, tag, __VA_ARGS__),                                       ^~~~~~~~~~~,/Users/devtest/Library/Application Support/Titanium/mobilesdk/osx/6.0.1.GA/android/native/include/AndroidUtil.h:14:74: note: expanded from macro 'LOG',#define LOG(level, tag, ...) __android_log_print(_LOG_LEVEL(level), tag, __VA_ARGS__),                                                                         ^~~~~~~~~~~,7 warnings generated.,warning: unknown warning option '-Wno-psabi' [-Wunknown-warning-option],In file included from jni/../AndroidBluetoothIronstrongBootstrap.cpp:12:,/Users/devtest/Library/Application Support/Titanium/mobilesdk/osx/6.0.1.GA/android/native/include/AndroidUtil.h:57:49: warning: format specifies type 'int' but the argument has type 'long' [-Wformat],                LOGE(tag, \"Finished %s (%d ms)\", description, AndroidUtil::getCurrentMillis() - start);,                                        ~~                    ^~~~~~~~~~~~~~~~~~~~~~~~~~~~~~~~~~~~~~~,                                        %ld,/Users/devtest/Library/Application Support/Titanium/mobilesdk/osx/6.0.1.GA/android/native/include/AndroidUtil.h:34:40: note: expanded from macro 'LOGE',#define LOGE(tag, ...) LOG(ERROR, tag, __VA_ARGS__),                                       ^~~~~~~~~~~,/Users/devtest/Library/Application Support/Titanium/mobilesdk/osx/6.0.1.GA/android/native/include/AndroidUtil.h:14:74: note: expanded from macro 'LOG',#define LOG(level, tag, ...) __android_log_print(_LOG_LEVEL(level), tag, __VA_ARGS__),                                                                         ^~~~~~~~~~~,In file included from jni/../AndroidBluetoothIronstrongBootstrap.cpp:19:,/Users/devtest/Documents/Appcelerator_Studio_Workspace/unedited-test-module/android/build/generated/KrollGeneratedBindings.gperf:14:8: error: forward declaration of struct cannot have a nested name specifier,struct titanium::bindings::BindEntry;,       ^~~~~~~~~~~~~~~~~~~~,/Users/devtest/Documents/Appcelerator_Studio_Workspace/unedited-test-module/android/build/generated/KrollGeneratedBindings.gperf:25:11: warning: 'register' storage class specifier is deprecated and incompatible with C++1z [-Wdeprecated-register],          register const char *s = wordlist[key].name;,          ^~~~~~~~~,3 warnings and 1 error generated.,make: *** [/Users/devtest/Documents/Appcelerator_Studio_Workspace/unedited-test-module/android/build/generated/obj/local/armeabi-v7a/objs/com.ironstrong.bt.android/__/AndroidBluetoothIronstrongBootstrap.o] Error 1\"\r\n{code}",
		"attachment": [
			{
				"id": "61238",
				"filename": "info-log.rtf",
				"author": {
					"name": "webtys",
					"key": "webtys",
					"displayName": "Bryant T.",
					"active": true,
					"timeZone": "America/New_York"
				},
				"created": "2017-01-11T13:50:02.000+0000",
				"size": 59752,
				"mimeType": "text/rtf"
			},
			{
				"id": "61179",
				"filename": "log.rtf",
				"author": {
					"name": "webtys",
					"key": "webtys",
					"displayName": "Bryant T.",
					"active": true,
					"timeZone": "America/New_York"
				},
				"created": "2017-01-05T16:49:19.000+0000",
				"size": 34244,
				"mimeType": "text/rtf"
			}
		],
		"flagged": false,
		"summary": "Android native modules build is getting failed with Android NDK r13b",
		"creator": {
			"name": "webtys",
			"key": "webtys",
			"displayName": "Bryant T.",
			"active": true,
			"timeZone": "America/New_York"
		},
		"subtasks": [],
		"reporter": {
			"name": "webtys",
			"key": "webtys",
			"displayName": "Bryant T.",
			"active": true,
			"timeZone": "America/New_York"
		},
		"environment": "Appcelerator Studio, build: 4.8.1.201612050850\r\n(c) Copyright 2012-2016 by Appcelerator, Inc.  All rights reserved.\r\nBuild: jenkins-appcelerator-rcp-master-371 (origin/master)\r\nDate: 05 December 2016, 08:51:55\r\n\r\nTitanium Studio\r\nVersion: 4.8.1.201612050850-8k9iFNRFT6e5O-XsWq7Uu7ESQDTs\r\nVersion: 4.8.1.1480394157-7v7d7y9Sfvz-z-wFMBL\r\n\r\nAndroid Development Toolkit\r\nVersion: 23.0.7.2120684\r\n\r\nHierarchy Viewer\r\nVersion: 23.0.7.2120684\r\n\r\nEclipse Java Development Tools\r\nVersion: 3.10.1.v20150204-1700\r\nBuild id: M20150204-1700\r\n\r\nEclipse Platform\r\nVersion: 4.4.2.v20150204-1700\r\nBuild id: M20150204-1700\r\n\r\nEclipse RCP\r\nVersion: 4.4.2.v20150204-1700\r\nBuild id: M20150204-1700\r\n\r\nEclipse Modeling Framework Core Runtime\r\nVersion: 2.10.2.v20150123-0348\r\nBuild id: S201501230348\r\n\r\nEMF Common\r\nVersion: 2.10.1.v20150123-0348\r\nBuild id: S201501230348\r\n\r\nDalvik Debug Monitor Service\r\nVersion: 23.0.7.2120684\r\n",
		"closedSprints": [
			{
				"id": 883,
				"state": "closed",
				"name": "2017 Sprint 09 SDK",
				"startDate": "2017-04-23T21:46:54.309Z",
				"endDate": "2017-05-07T21:46:00.000Z",
				"completeDate": "2017-05-08T00:25:44.276Z",
				"originBoardId": 114
			}
		],
		"comment": {
			"comments": [
				{
					"id": "404159",
					"author": {
						"name": "sdarda",
						"key": "sdarda",
						"displayName": "Sharif AbuDarda",
						"active": false,
						"timeZone": "Asia/Dhaka"
					},
					"body": "Hello, Did you just updated your NDK from a lower version where module building was working?. Please do the following:\r\n\r\n1: Downgrade your node from 4.7.1 download from here https://platform.appcelerator.com/#/product/cli.\r\n2: Upgraded java to 1.8.0_111. \r\n\r\nNow, try building. If the issue still happens.\r\n\r\n3: Downgrade NDK to r12b. Let us know. Thanks.",
					"updateAuthor": {
						"name": "sdarda",
						"key": "sdarda",
						"displayName": "Sharif AbuDarda",
						"active": false,
						"timeZone": "Asia/Dhaka"
					},
					"created": "2017-01-05T19:27:31.000+0000",
					"updated": "2017-01-05T19:27:31.000+0000"
				},
				{
					"id": "404179",
					"author": {
						"name": "webtys",
						"key": "webtys",
						"displayName": "Bryant T.",
						"active": true,
						"timeZone": "America/New_York"
					},
					"body": "Before all this started, I was not able to build a fresh android module. My original NDK was r9d, which I then upgraded to r13b. I also checked for all pre-requisites before coming here. Here are the results of your suggestions:\r\n\r\n1. Downgraded to Node to 4.7.1. Re-built. Same fail message.\r\n\r\n2. Upgraded Java to 1.8.0_111. Re-built. Same fail message.\r\n\r\n3. Downgraded NDK to r12b.  Re-built. Same fail message.\r\n\r\n---\r\n\r\n[INFO] : \b\b \b Running the Android NDK ndk-build\r\n[ERROR] : \b\b \bFailed to run ndk-build\r\n[ERROR] : \b\b \b\r\n[ERROR] : \b\b \bjni/Android.mk:35: warning: overriding commands for target `/Users/devtest/Documents/Appcelerator_Studio_Workspace/unedited-test-module/android/build/generated/KrollGeneratedBindings.cpp'\r\n[ERROR] : \b\b \bjni/Android.mk:35: warning: ignoring old commands for target `/Users/devtest/Documents/Appcelerator_Studio_Workspace/unedited-test-module/android/build/generated/KrollGeneratedBindings.cpp'\r\n[ERROR] : \b\b \bwarning: unknown warning option '-Wno-psabi' [-Wunknown-warning-option]\r\n[ERROR] : \b\b \bIn file included from jni/com.ironstrong.bt.android.AndroidBluetoothIronstrongModule.cpp:12:\r\n[ERROR] : \b\b \b/Users/devtest/Library/Application Support/Titanium/mobilesdk/osx/6.0.1.GA/android/native/include/AndroidUtil.h:57:49: warning: format specifies type 'int' but the argument has type 'long' [-Wformat]\r\n2017-01-05T22:43:31.969Z | ERROR  | An uncaught exception was thrown!",
					"updateAuthor": {
						"name": "webtys",
						"key": "webtys",
						"displayName": "Bryant T.",
						"active": true,
						"timeZone": "America/New_York"
					},
					"created": "2017-01-05T22:47:36.000+0000",
					"updated": "2017-01-05T22:52:37.000+0000"
				},
				{
					"id": "404215",
					"author": {
						"name": "sdarda",
						"key": "sdarda",
						"displayName": "Sharif AbuDarda",
						"active": false,
						"timeZone": "Asia/Dhaka"
					},
					"updateAuthor": {
						"name": "sdarda",
						"key": "sdarda",
						"displayName": "Sharif AbuDarda",
						"active": false,
						"timeZone": "Asia/Dhaka"
					},
					"created": "2017-01-06T14:28:40.000+0000",
					"updated": "2017-01-06T14:28:40.000+0000"
				},
				{
					"id": "404249",
					"author": {
						"name": "webtys",
						"key": "webtys",
						"displayName": "Bryant T.",
						"active": true,
						"timeZone": "America/New_York"
					},
					"body": "1. Downgraded NDK back to r9b. Re-built. Failed again. Different log though.\r\n\r\n2. Downgraded to Node to 4.6.0. Re-built. Failed again. New abbreviated log:\r\n\r\n------\r\n\r\n{{Operating System\r\n  Name                        = Mac OS X\r\n  Version                     = 10.11.4\r\n  Architecture                = 64bit\r\n  # CPUs                      = 4\r\n  Memory                      = 17179869184\r\n\r\nNode.js\r\n  Node.js Version             = 4.6.0\r\n  npm Version                 = 2.15.9\r\n\r\nTitanium CLI\r\n  CLI Version                 = 5.0.11\r\n\r\nTitanium SDK\r\n  SDK Version                 = 6.0.1.GA\r\n  SDK Path                    = /Users/devtest/Library/Application Support/Titanium/mobilesdk/osx/6.0.1.GA\r\n  Target Platform             = android\r\n\r\n[...]\r\n\r\n[INFO] : \b\b \b Running the Android NDK ndk-build\r\n[ERROR] : \b\b \bFailed to run ndk-build\r\n[ERROR] : \b\b \b\r\n[ERROR] : \b\b \bjni/Android.mk:35: warning: overriding commands for target `/Users/devtest/Documents/Appcelerator_Studio_Workspace/unedited-test-module/android/build/generated/KrollGeneratedBindings.cpp'\r\n[ERROR] : \b\b \bjni/Android.mk:35: warning: ignoring old commands for target `/Users/devtest/Documents/Appcelerator_Studio_Workspace/unedited-test-module/android/build/generated/KrollGeneratedBindings.cpp'\r\n[ERROR] : \b\b \bIn file included from /Users/devtest/Library/Application Support/Titanium/mobilesdk/osx/6.0.1.GA/android/native/include/Proxy.h:11:0,\r\n[ERROR] : \b\b \b                 from jni/com.ironstrong.bt.android.AndroidBluetoothIronstrongModule.h:12,\r\n[ERROR] : \b\b \b                 from jni/com.ironstrong.bt.android.AndroidBluetoothIronstrongModule.cpp:10:\r\n[ERROR] : \b\b \b/Users/devtest/Library/Application Support/Titanium/mobilesdk/osx/6.0.1.GA/android/native/include/v8.h:345:1: error: expected unqualified-id before 'using'\r\n[ERROR] : \b\b \b/Users/devtest/Library/Application Support/Titanium/mobilesdk/osx/6.0.1.GA/android/native/include/v8.h:481:1: error: expected unqualified-id before 'using'\r\n[ERROR] : \b\b \b/Users/devtest/Library/Application Support/Titanium/mobilesdk/osx/6.0.1.GA/android/native/include/v8.h:882:1: error: expected unqualified-id before 'using'\r\n[ERROR] : \b\b \b/Users/devtest/Library/Application Support/Titanium/mobilesdk/osx/6.0.1.GA/android/native/include/v8.h:5424:35: error: 'virtual v8::EmbedderHeapTracer::~EmbedderHeapTracer()' declared virtual cannot be defaulted in the class body\r\n[ERROR] : \b\b \bmake: *** [/Users/devtest/Documents/Appcelerator_Studio_Workspace/unedited-test-module/android/build/generated/obj/local/armeabi-v7a/objs/com.ironstrong.bt.android/com.ironstrong.bt.android.AndroidBluetoothIronstrongModule.o] Error 1}}\r\n ",
					"updateAuthor": {
						"name": "webtys",
						"key": "webtys",
						"displayName": "Bryant T.",
						"active": true,
						"timeZone": "America/New_York"
					},
					"created": "2017-01-08T22:05:19.000+0000",
					"updated": "2017-01-08T22:05:19.000+0000"
				},
				{
					"id": "404365",
					"author": {
						"name": "sdarda",
						"key": "sdarda",
						"displayName": "Sharif AbuDarda",
						"active": false,
						"timeZone": "Asia/Dhaka"
					},
					"body": "Hello, does it work on previous SDK 6.0.0.GA? Can you run \"appc ti info\" and send the log as an attached file? Thanks.",
					"updateAuthor": {
						"name": "sdarda",
						"key": "sdarda",
						"displayName": "Sharif AbuDarda",
						"active": false,
						"timeZone": "Asia/Dhaka"
					},
					"created": "2017-01-10T16:52:36.000+0000",
					"updated": "2017-01-10T16:52:36.000+0000"
				},
				{
					"id": "404454",
					"author": {
						"name": "webtys",
						"key": "webtys",
						"displayName": "Bryant T.",
						"active": true,
						"timeZone": "America/New_York"
					},
					"body": "Requested \"appc ti info\" log.",
					"updateAuthor": {
						"name": "webtys",
						"key": "webtys",
						"displayName": "Bryant T.",
						"active": true,
						"timeZone": "America/New_York"
					},
					"created": "2017-01-11T13:50:17.000+0000",
					"updated": "2017-01-11T13:50:17.000+0000"
				},
				{
					"id": "404455",
					"author": {
						"name": "webtys",
						"key": "webtys",
						"displayName": "Bryant T.",
						"active": true,
						"timeZone": "America/New_York"
					},
					"body": "So this is strange. I created a blank android module template and indicated that I wanted to use 6.0.0GA. Then I tried to build it, and it ignored my GA request, opting to use 6.0.1 instead. Also attaching info log.\r\n\r\n----\r\n\r\n[INFO] : \b\b \b Running the Android NDK ndk-build\r\n[ERROR] : \b\b \bFailed to run ndk-build\r\n[ERROR] : \b\b \b\r\n[ERROR] : \b\b \bjni/Android.mk:35: warning: overriding commands for target `/Users/devtest/Documents/Appcelerator_Studio_Workspace/blank-6-0-0-ga/android/build/generated/KrollGeneratedBindings.cpp'\r\n[ERROR] : \b\b \bjni/Android.mk:35: warning: ignoring old commands for target `/Users/devtest/Documents/Appcelerator_Studio_Workspace/blank-6-0-0-ga/android/build/generated/KrollGeneratedBindings.cpp'\r\n[ERROR] : \b\b \bIn file included from /Users/devtest/Library/Application Support/Titanium/mobilesdk/osx/6.0.1.GA/android/native/include/Proxy.h:11:0,\r\n[ERROR] : \b\b \b                 from jni/com.moduletest.android.Blank600GaModule.h:12,\r\n[ERROR] : \b\b \b                 from jni/com.moduletest.android.Blank600GaModule.cpp:10:\r\n[ERROR] : \b\b \b/Users/devtest/Library/Application Support/Titanium/mobilesdk/osx/6.0.1.GA/android/native/include/v8.h:345:1: error: expected unqualified-id before 'using'\r\n[ERROR] : \b\b \b/Users/devtest/Library/Application Support/Titanium/mobilesdk/osx/6.0.1.GA/android/native/include/v8.h:481:1: error: expected unqualified-id before 'using'\r\n[ERROR] : \b\b \b/Users/devtest/Library/Application Support/Titanium/mobilesdk/osx/6.0.1.GA/android/native/include/v8.h:882:1: error: expected unqualified-id before 'using'\r\n[ERROR] : \b\b \b/Users/devtest/Library/Application Support/Titanium/mobilesdk/osx/6.0.1.GA/android/native/include/v8.h:5424:35: error: 'virtual v8::EmbedderHeapTracer::~EmbedderHeapTracer()' declared virtual cannot be defaulted in the class body\r\n[ERROR] : \b\b \bmake: *** [/Users/devtest/Documents/Appcelerator_Studio_Workspace/blank-6-0-0-ga/android/build/generated/obj/local/armeabi-v7a/objs/com.moduletest.android/com.moduletest.android.Blank600GaModule.o] Error 1\r\n \r\n",
					"updateAuthor": {
						"name": "webtys",
						"key": "webtys",
						"displayName": "Bryant T.",
						"active": true,
						"timeZone": "America/New_York"
					},
					"created": "2017-01-11T13:50:35.000+0000",
					"updated": "2017-01-11T13:50:35.000+0000"
				},
				{
					"id": "418311",
					"author": {
						"name": "gmathews",
						"key": "gmathews",
						"displayName": "Gary Mathews",
						"active": true,
						"timeZone": "America/Los_Angeles"
					},
					"body": "titanium_mobile: https://github.com/appcelerator/titanium_mobile/pull/9003\r\nv8_titanium: https://github.com/appcelerator/v8_titanium/pull/19",
					"updateAuthor": {
						"name": "gmathews",
						"key": "gmathews",
						"displayName": "Gary Mathews",
						"active": true,
						"timeZone": "America/Los_Angeles"
					},
					"created": "2017-05-01T13:49:58.000+0000",
					"updated": "2017-05-01T13:49:58.000+0000"
				},
				{
					"id": "418316",
					"author": {
						"name": "michael",
						"key": "michael",
						"displayName": "Michael Gangolf",
						"active": true,
						"timeZone": "Europe/Berlin"
					},
					"body": "[~gmathews]: \"Bump V8 version to 5.8.283.35\" Does this force us to recompile Android modules again? Any speed improvements?",
					"updateAuthor": {
						"name": "michael",
						"key": "michael",
						"displayName": "Michael Gangolf",
						"active": true,
						"timeZone": "Europe/Berlin"
					},
					"created": "2017-05-01T15:05:44.000+0000",
					"updated": "2017-05-01T15:05:44.000+0000"
				},
				{
					"id": "418337",
					"author": {
						"name": "gmathews",
						"key": "gmathews",
						"displayName": "Gary Mathews",
						"active": true,
						"timeZone": "America/Los_Angeles"
					},
					"body": "[~michael] Yes this will require modules to be re-compiled. Since the current V8 as of {{6.0.4}} is {{5.1}} I would assume there will be performance gains moving to a later version, although I have not tested any benchmarks yet.",
					"updateAuthor": {
						"name": "gmathews",
						"key": "gmathews",
						"displayName": "Gary Mathews",
						"active": true,
						"timeZone": "America/Los_Angeles"
					},
					"created": "2017-05-01T18:57:10.000+0000",
					"updated": "2017-05-01T18:57:10.000+0000"
				},
				{
					"id": "427249",
					"author": {
						"name": "gmathews",
						"key": "gmathews",
						"displayName": "Gary Mathews",
						"active": true,
						"timeZone": "America/Los_Angeles"
					},
					"body": "[~eharris] You're right, bumped to {{7.0.0}}",
					"updateAuthor": {
						"name": "gmathews",
						"key": "gmathews",
						"displayName": "Gary Mathews",
						"active": true,
						"timeZone": "America/Los_Angeles"
					},
					"created": "2017-08-25T12:18:33.000+0000",
					"updated": "2017-08-25T12:18:33.000+0000"
				},
				{
					"id": "430847",
					"author": {
						"name": "lchoudhary",
						"key": "lchoudhary",
						"displayName": "Lokesh Choudhary",
						"active": true,
						"timeZone": "America/Los_Angeles"
					},
					"body": "Verified the fix with SDK 7.0.0.v20171116084813.\r\nClosing.",
					"updateAuthor": {
						"name": "lchoudhary",
						"key": "lchoudhary",
						"displayName": "Lokesh Choudhary",
						"active": true,
						"timeZone": "America/Los_Angeles"
					},
					"created": "2017-11-16T19:31:22.000+0000",
					"updated": "2017-11-16T19:31:22.000+0000"
				}
			],
			"maxResults": 15,
			"total": 15,
			"startAt": 0
		}
	}
}