---
title: "[TIMOB-8351] Android: Module: Cannot build module on Linux platform"
---
<table>
<tr><th>Type</th><td>Bug</td></tr>
<tr><th>Priority</th><td>High</td></tr>
<tr><th>Status</th><td>Closed</td></tr>
<tr><th>Resolution</th><td>Duplicate</td></tr>
<tr><th>Resolution Date</th><td>2012-03-28T13:15:51.000+0000</td></tr>
<tr><th>Affected Version/s</th><td>Release 2.0.0</td></tr>
<tr><th>Fix Version/s</th><td>n/a</td></tr>
<tr><th>Components</th><td>Android</td></tr>
<tr><th>Labels</th><td>qe-and031912</td></tr>
<tr><th>Reporter</th><td>Natalie Huynh</td></tr>
<tr><th>Assignee</th><td>Marshall Culpepper</td></tr>
<tr><th>Created</th><td>2012-03-28T11:06:02.000+0000</td></tr>
<tr><th>Updated</th><td>2014-06-19T12:43:12.000+0000</td></tr>
</table>

<h3>Description</h3>

Steps to Reproduce:
1. Create an android module titanium.py create --platform=android --type=module --name=TEST --id=com.test --android=/path/to/android/sdk
2. Go into the newly created module project, and build it by typing 'ant

Actual: 
ndk.build:
     [exec] Compile++ thumb  : com.test <= com.test.ExampleProxy.cpp
     [exec] jni/Android.mk:24: warning: overriding commands for target <code>/home/tester/.titanium/mobilesdk/linux/2.0.0.v20120328000206/TEST/build/generated/KrollGeneratedBindings.cpp'
     [exec] jni/Android.mk:24: warning: ignoring old commands for target </code>/home/tester/.titanium/mobilesdk/linux/2.0.0.v20120328000206/TEST/build/generated/KrollGeneratedBindings.cpp'
     [exec] jni/Android.mk:27: warning: overriding commands for target <code>/home/tester/.titanium/mobilesdk/linux/2.0.0.v20120328000206/TEST/build/generated/BootstrapJS.cpp'
     [exec] jni/Android.mk:27: warning: ignoring old commands for target </code>/home/tester/.titanium/mobilesdk/linux/2.0.0.v20120328000206/TEST/build/generated/BootstrapJS.cpp'
     [exec] Compile++ thumb  : com.test <= com.test.TestModule.cpp
     [exec] Compile++ thumb  : com.test <= TestBootstrap.cpp
     [exec] jni/../TestBootstrap.cpp: In function 'v8::Handle<v8::Value> Test_getBinding(const v8::Arguments&)':
     [exec] jni/../TestBootstrap.cpp:47: error: '::TestBindings' has not been declared
     [exec] jni/../TestBootstrap.cpp: In function 'void Test_dispose()':
     [exec] jni/../TestBootstrap.cpp:92: error: '::TestBindings' has not been declared
     [exec] jni/../TestBootstrap.cpp: In function 'void Java_com_test_TestBootstrap_nativeBootstrap(JNIEnv*, _jobject*)':
     [exec] jni/../TestBootstrap.cpp:115: error: '::TestBindings' has not been declared
     [exec] make: *** [/home/tester/.titanium/mobilesdk/linux/2.0.0.v20120328000206/TEST/build/generated/obj/local/armeabi/objs/com.test/__/TestBootstrap.o] Error 1

BUILD FAILED
/home/tester/.titanium/mobilesdk/linux/2.0.0.v20120328000206/module/android/build.xml:228: exec returned: 2

Total time: 4 seconds

Expected: To build the module without error

<h3>Comments</h3>

<ol>
<li>Natalie Huynh 2012-03-28

   Duplicate of TIMOB-8056. When compiling a module with all lower case, the problem does not exist</li>
</ol>


<p><a href="/TIMOB/TIMOB-8351.json">JSON Source</a></p>