{
	"id": "89937",
	"key": "TIMOB-8703",
	"fields": {
		"issuetype": {
			"id": "1",
			"description": "A problem which impairs or prevents the functions of the product.",
			"name": "Bug",
			"subtask": false
		},
		"project": {
			"id": "10153",
			"key": "TIMOB",
			"name": "Titanium SDK/CLI",
			"projectCategory": {
				"id": "10100",
				"description": "Titanium and related SDKs used in application development",
				"name": "Client"
			}
		},
		"fixVersions": [],
		"resolution": null,
		"resolutiondate": null,
		"created": "2012-04-12T14:17:40.000+0000",
		"priority": {
			"name": "Low",
			"id": "4"
		},
		"labels": [
			"cb-tooling",
			"core",
			"module_build",
			"qe-3.1.1",
			"qe-4.0.1",
			"qe-ios040912",
			"qe-review",
			"qe-testadded",
			"supportTeam"
		],
		"versions": [
			{
				"id": "13272",
				"description": "Release 2.0.1",
				"name": "Release 2.0.1",
				"archived": true,
				"released": true,
				"releaseDate": "2012-04-16"
			},
			{
				"id": "16593",
				"description": "Release 4.0.0",
				"name": "Release 4.0.0",
				"archived": false,
				"released": true,
				"releaseDate": "2015-05-21"
			}
		],
		"issuelinks": [
			{
				"id": "18058",
				"type": {
					"id": "10003",
					"name": "Relates",
					"inward": "relates to",
					"outward": "relates to"
				},
				"inwardIssue": {
					"id": "93905",
					"key": "TISTUD-1819",
					"fields": {
						"summary": "Prevent creation of projects with \"Titanium\" in the name",
						"status": {
							"description": "The issue is considered finished, the resolution is correct. Issues which are closed can be reopened.",
							"name": "Closed",
							"id": "6",
							"statusCategory": {
								"id": 3,
								"key": "done",
								"colorName": "green",
								"name": "Done"
							}
						},
						"priority": {
							"name": "Medium",
							"id": "3"
						},
						"issuetype": {
							"id": "4",
							"description": "An improvement or enhancement to an existing feature or task.",
							"name": "Improvement",
							"subtask": false
						}
					}
				}
			}
		],
		"assignee": null,
		"updated": "2018-02-28T20:03:44.000+0000",
		"status": {
			"description": "This issue was once resolved, but the resolution was deemed incorrect. From here issues are either marked assigned or resolved.",
			"name": "Reopened",
			"id": "4",
			"statusCategory": {
				"id": 2,
				"key": "new",
				"colorName": "blue-gray",
				"name": "To Do"
			}
		},
		"components": [
			{
				"id": "10207",
				"name": "Tooling"
			}
		],
		"description": "Steps To Reproduce:\r\n1. Create a new Mobile Project name: TitaniumOnly\r\n2. Compile the project to device\r\n\r\nActual:\r\n[ERROR] xcodebuild: error: The project 'TitaniumOnly50000.xcodeproj' does not contain a target named 'TitaniumOnly50000-universal'.\r\n[ERROR] \r\n[ERROR] Error: Traceback (most recent call last):\r\n  File \"/Library/Application Support/Titanium/mobilesdk/osx/2.0.1.v20120410103239/iphone/builder.py\", line 1465, in main\r\n    execute_xcode(\"iphoneos%s\" % iphone_version,args,False)\r\n  File \"/Library/Application Support/Titanium/mobilesdk/osx/2.0.1.v20120410103239/iphone/builder.py\", line 1224, in execute_xcode\r\n    output = run.run(args,False,False,o)\r\n  File \"/Library/Application Support/Titanium/mobilesdk/osx/2.0.1.v20120410103239/iphone/run.py\", line 41, in run\r\n    sys.exit(rc)\r\nSystemExit: 65\r\n\r\nExpected:\r\nShould compile without error, or don't allow user to create app called Titanium",
		"attachment": [],
		"flagged": false,
		"summary": "iOS: Build: Cannot compile project names that contain \"Titanium\"",
		"creator": {
			"name": "nhuynh",
			"key": "nhuynh",
			"displayName": "Natalie Huynh",
			"active": true,
			"timeZone": "America/Los_Angeles"
		},
		"subtasks": [],
		"reporter": {
			"name": "nhuynh",
			"key": "nhuynh",
			"displayName": "Natalie Huynh",
			"active": true,
			"timeZone": "America/Los_Angeles"
		},
		"environment": "Mac 10.6.8\r\nStudio: Titanium Studio, build: 2.0.1.201204111749\r\nSDK: 2.0.1.v20120410103239",
		"comment": {
			"comments": [
				{
					"id": "191300",
					"author": {
						"name": "huang.c.sam@gmail.com",
						"key": "huang.c.sam@gmail.com",
						"displayName": "Sam Huang",
						"active": true,
						"timeZone": "America/Los_Angeles"
					},
					"body": "My project does not have the word \"Titanium\" at all, same issue. Could not run even in iPhone emulator.\r\n\r\nSwitched back to 1.8.2 everything is fine.\r\n\r\n\r\n\r\n[ERROR] Error: Traceback (most recent call last):\r\n  File \"/Users/xxxx/Library/Application Support/Titanium/mobilesdk/osx/2.0.1.GA/iphone/builder.py\", line 1318, in main\r\n    execute_xcode(\"iphonesimulator%s\" % link_version,[\"GCC_PREPROCESSOR_DEFINITIONS=__LOG__ID__=%s DEPLOYTYPE=development TI_DEVELOPMENT=1 DEBUG=1 TI_VERSION=%s %s %s\" % (log_id,sdk_version,debugstr,kroll_coverage)],False)\r\n  File \"/Users/xxxx/Library/Application Support/Titanium/mobilesdk/osx/2.0.1.GA/iphone/builder.py\", line 1224, in execute_xcode\r\n    output = run.run(args,False,False,o)\r\n  File \"/Users/xxxx/Library/Application Support/Titanium/mobilesdk/osx/2.0.1.GA/iphone/run.py\", line 41, in run\r\n    sys.exit(rc)\r\nSystemExit: 65",
					"updateAuthor": {
						"name": "huang.c.sam@gmail.com",
						"key": "huang.c.sam@gmail.com",
						"displayName": "Sam Huang",
						"active": true,
						"timeZone": "America/Los_Angeles"
					},
					"created": "2012-04-17T01:27:39.000+0000",
					"updated": "2012-04-17T01:29:55.000+0000"
				},
				{
					"id": "191527",
					"author": {
						"name": "demogar",
						"key": "demogar",
						"displayName": "Demostenes Garcia",
						"active": true,
						"timeZone": "America/Bogota"
					},
					"body": "I'm facing the same problem after updating to SDK 2.0.1 (also tried with an ealier build, like 2.0.2.v20120417133255 and same issue).\r\n\r\nThings to keep in mind or details:\r\n- This was a 1.8.2 application. Just upgraded to 2.0.1.GA and tried to use it with no luck.\r\n- This *only* happens when trying to compile for iOS. Android works as expected.\r\n- If I go back to 1.8.x it works fine.\r\n\r\nHere is the backtrace (with 2.0.2):\r\n[INFO] Performing clean build\r\n[ERROR] /Users/demogar/Documents/Titanium Studio Workspace/CarteleraPanama/build/iphone/Classes/NetworkModule.m:252:44: error: use of undeclared identifier 'UIRemoteNotificationTypeNewsstandContentAvailability' [3]\r\n[ERROR] /Users/demogar/Documents/Titanium Studio Workspace/CarteleraPanama/build/iphone/Classes/NetworkModule.m:304:33: error: use of undeclared identifier 'UIRemoteNotificationTypeNewsstandContentAvailability' [3]\r\n[ERROR] \r\n[ERROR] Error: Traceback (most recent call last):\r\n  File \"/Users/demogar/Library/Application Support/Titanium/mobilesdk/osx/2.0.2.v20120417133255/iphone/builder.py\", line 1318, in main\r\n    execute_xcode(\"iphonesimulator%s\" % link_version,[\"GCC_PREPROCESSOR_DEFINITIONS=__LOG__ID__=%s DEPLOYTYPE=development TI_DEVELOPMENT=1 DEBUG=1 TI_VERSION=%s %s %s\" % (log_id,sdk_version,debugstr,kroll_coverage)],False)\r\n  File \"/Users/demogar/Library/Application Support/Titanium/mobilesdk/osx/2.0.2.v20120417133255/iphone/builder.py\", line 1224, in execute_xcode\r\n    output = run.run(args,False,False,o)\r\n  File \"/Users/demogar/Library/Application Support/Titanium/mobilesdk/osx/2.0.2.v20120417133255/iphone/run.py\", line 41, in run\r\n    sys.exit(rc)\r\nSystemExit: 65",
					"updateAuthor": {
						"name": "demogar",
						"key": "demogar",
						"displayName": "Demostenes Garcia",
						"active": true,
						"timeZone": "America/Bogota"
					},
					"created": "2012-04-17T19:26:38.000+0000",
					"updated": "2012-04-17T19:26:38.000+0000"
				},
				{
					"id": "191528",
					"author": {
						"name": "huang.c.sam@gmail.com",
						"key": "huang.c.sam@gmail.com",
						"displayName": "Sam Huang",
						"active": true,
						"timeZone": "America/Los_Angeles"
					},
					"body": "I am suspecting it's due to the 3rd party modules I purchased and am using in the project. Maybe they are mostly 1.8.x compatible and not ready for 2.0?\r\n",
					"updateAuthor": {
						"name": "huang.c.sam@gmail.com",
						"key": "huang.c.sam@gmail.com",
						"displayName": "Sam Huang",
						"active": true,
						"timeZone": "America/Los_Angeles"
					},
					"created": "2012-04-17T20:21:24.000+0000",
					"updated": "2012-04-17T20:21:24.000+0000"
				},
				{
					"id": "191551",
					"author": {
						"name": "riyuk",
						"key": "riyuk",
						"displayName": "colin boettcher",
						"active": true,
						"timeZone": "America/Los_Angeles"
					},
					"body": "I get the Same Error. I just created *a new _blank_ Mobile Project* with a \"Single Window\"-Template.\r\nTried to compile&run that for iOS without any changes. (and without any Modules)\r\n\r\nError Message:\r\n\r\n>>>\r\n[ERROR] /Users/riyuk/Development/titaniumapps/Testproject/build/iphone/Classes/NetworkModule.m:252:44: error: use of undeclared identifier 'UIRemoteNotificationTypeNewsstandContentAvailability' [3]\r\n[ERROR] /Users/riyuk/Development/titaniumapps/Testproject/build/iphone/Classes/NetworkModule.m:304:33: error: use of undeclared identifier 'UIRemoteNotificationTypeNewsstandContentAvailability' [3]\r\n[ERROR] \r\n[ERROR] Error: Traceback (most recent call last):\r\n  File \"/Users/riyuk/Library/Application Support/Titanium/mobilesdk/osx/2.0.1.GA2/iphone/builder.py\", line 1318, in main\r\n    execute_xcode(\"iphonesimulator%s\" % link_version,[\"GCC_PREPROCESSOR_DEFINITIONS=__LOG__ID__=%s DEPLOYTYPE=development TI_DEVELOPMENT=1 DEBUG=1 TI_VERSION=%s %s %s\" % (log_id,sdk_version,debugstr,kroll_coverage)],False)\r\n  File \"/Users/riyuk/Library/Application Support/Titanium/mobilesdk/osx/2.0.1.GA2/iphone/builder.py\", line 1224, in execute_xcode\r\n    output = run.run(args,False,False,o)\r\n  File \"/Users/riyuk/Library/Application Support/Titanium/mobilesdk/osx/2.0.1.GA2/iphone/run.py\", line 41, in run\r\n    sys.exit(rc)\r\nSystemExit: 65\r\n<<<",
					"updateAuthor": {
						"name": "riyuk",
						"key": "riyuk",
						"displayName": "colin boettcher",
						"active": true,
						"timeZone": "America/Los_Angeles"
					},
					"created": "2012-04-18T05:40:58.000+0000",
					"updated": "2012-04-18T05:40:58.000+0000"
				},
				{
					"id": "191552",
					"author": {
						"name": "riyuk",
						"key": "riyuk",
						"displayName": "colin boettcher",
						"active": true,
						"timeZone": "America/Los_Angeles"
					},
					"body": "i just forgot to mention the SDK Details - sorry.\r\n\r\n[INFO] Titanium SDK version: 2.0.1 (04/12/12 16:33 999c68a) [I selected Version: 2.0.1.GA2]\r\n[INFO] iPhone Device family: iphone\r\n[INFO] iPhone SDK version: 4.3\r\n\r\n~# xcodebuild -version\r\nXcode 4.3.2\r\nBuild version 4E2002\r\n\r\nEdit:\r\nSame Error with Version 2.0.1.GA(1)\r\n\r\nEdit 2:\r\nNo Error with Framework Version 1.8.2 (02/23/12 17:46 59b3a90)\r\n\r\nEdit 3:\r\nUsed Titanium Studio, build: 2.0.1.201204132053\r\nBuild: jenkins-titanium-rcp-master-185 (origin/master)\r\n",
					"updateAuthor": {
						"name": "riyuk",
						"key": "riyuk",
						"displayName": "colin boettcher",
						"active": true,
						"timeZone": "America/Los_Angeles"
					},
					"created": "2012-04-18T05:43:27.000+0000",
					"updated": "2012-04-18T05:48:20.000+0000"
				},
				{
					"id": "197275",
					"author": {
						"name": "ecreatures",
						"key": "ecreatures",
						"displayName": "Michel Perrin",
						"active": true,
						"timeZone": "America/Los_Angeles"
					},
					"body": "Got exactly the same error since using 2.01 GA2 SDK\r\nI'm also using XCode 4.3.2 on Lion\r\nCannot compile to iOS device with exactly the same log",
					"updateAuthor": {
						"name": "ecreatures",
						"key": "ecreatures",
						"displayName": "Michel Perrin",
						"active": true,
						"timeZone": "America/Los_Angeles"
					},
					"created": "2012-06-05T09:22:07.000+0000",
					"updated": "2012-06-05T09:22:07.000+0000"
				},
				{
					"id": "201346",
					"author": {
						"name": "stephentramer",
						"key": "stephentramer",
						"displayName": "Stephen Tramer",
						"active": true,
						"timeZone": "America/Los_Angeles"
					},
					"body": "h4. TESTING\r\n----\r\n\r\n# Create a project in Studio which contains (but is NOT) the word \"Titanium\"\r\n# Build + run on Simulator\r\n\r\nSUCCESS: Runs in simulator",
					"updateAuthor": {
						"name": "stephentramer",
						"key": "stephentramer",
						"displayName": "Stephen Tramer",
						"active": true,
						"timeZone": "America/Los_Angeles"
					},
					"created": "2012-07-03T09:49:42.000+0000",
					"updated": "2012-07-03T09:49:42.000+0000"
				},
				{
					"id": "214751",
					"author": {
						"name": "amittal",
						"key": "amittal",
						"displayName": "Anshu Mittal",
						"active": true,
						"timeZone": "America/Los_Angeles"
					},
					"body": "Verified on:\r\nSDK:v20120815194913\r\nStudio:2.1.1.201207271312\r\nDevices: iOS simulator, Android Emulator\r\n\r\nAble to build project successfully with name as 'Titaniumonly'",
					"updateAuthor": {
						"name": "amittal",
						"key": "amittal",
						"displayName": "Anshu Mittal",
						"active": true,
						"timeZone": "America/Los_Angeles"
					},
					"created": "2012-08-16T03:12:51.000+0000",
					"updated": "2012-08-16T03:12:51.000+0000"
				},
				{
					"id": "218623",
					"author": {
						"name": "amittal",
						"key": "amittal",
						"displayName": "Anshu Mittal",
						"active": true,
						"timeZone": "America/Los_Angeles"
					},
					"body": "Reopening to update labels",
					"updateAuthor": {
						"name": "amittal",
						"key": "amittal",
						"displayName": "Anshu Mittal",
						"active": true,
						"timeZone": "America/Los_Angeles"
					},
					"created": "2012-09-12T04:50:40.000+0000",
					"updated": "2012-09-12T04:50:40.000+0000"
				},
				{
					"id": "238288",
					"author": {
						"name": "oromero",
						"key": "oromero",
						"displayName": "Olga Romero",
						"active": true,
						"timeZone": "America/Los_Angeles"
					},
					"body": "Tested with:\r\nTitanium Studio, build: 3.0.2.201302041757\r\nTitanium SDK, build: 3.0.2.v20130207164659 \r\nXcode 4.6\r\nCLI 3.0.24\r\niOS 6.0 Simulator\r\nActual result:\r\nRunning from CLI:\r\n\r\n[ERROR] xcodebuild: error: The project 'vivaTitanium.xcodeproj' does not contain a target named 'vivaTitanium-universal'.\r\n\r\nfrom Studio:\r\n[ERROR] : \b\b \bxcodebuild: error: The project 'vivaTitanium.xcodeproj' does not contain a target named 'vivaTitanium'.",
					"updateAuthor": {
						"name": "oromero",
						"key": "oromero",
						"displayName": "Olga Romero",
						"active": true,
						"timeZone": "America/Los_Angeles"
					},
					"created": "2013-02-13T00:11:45.000+0000",
					"updated": "2013-02-13T00:11:45.000+0000"
				},
				{
					"id": "264787",
					"author": {
						"name": "cbarber",
						"key": "cbarber",
						"displayName": "Chris Barber",
						"active": true,
						"timeZone": "America/Chicago"
					},
					"body": "Confirmed this does NOT work for iOS on 3.1.1.GA. It does work for Android and Mobile Web.",
					"updateAuthor": {
						"name": "cbarber",
						"key": "cbarber",
						"displayName": "Chris Barber",
						"active": true,
						"timeZone": "America/Chicago"
					},
					"created": "2013-08-02T20:36:19.000+0000",
					"updated": "2013-08-02T20:36:19.000+0000"
				},
				{
					"id": "282231",
					"author": {
						"name": "wluu",
						"key": "wluu",
						"displayName": "Wilson Luu",
						"active": false,
						"timeZone": "America/Los_Angeles"
					},
					"body": "Bug still persists on:\r\n\r\nAppcelerator Studio, build: 3.2.0.201311272052\r\nSDK 3.2.0.v20131203104847\r\nCLI: 3.2.0-beta\r\nAlloy: 1.3.0-beta\r\nXcode: 5.0.2\r\nDevice: iphone 5 (7.0.2), iphone 5 (6.1.3)\r\n\r\nBut, still works with Android.",
					"updateAuthor": {
						"name": "wluu",
						"key": "wluu",
						"displayName": "Wilson Luu",
						"active": false,
						"timeZone": "America/Los_Angeles"
					},
					"created": "2013-12-03T22:44:29.000+0000",
					"updated": "2013-12-03T22:44:46.000+0000"
				},
				{
					"id": "299469",
					"author": {
						"name": "pagarwal",
						"key": "pagarwal",
						"displayName": "Priya Agarwal",
						"active": true,
						"timeZone": "America/Los_Angeles"
					},
					"body": "Not working on:\nAppc Studio: 3.2.3.201403271839\nSdk:3.2.3.v20140328110916\nalloy:1.3.1\ntitanium:3.2.3-alpha2\ntitanium-code-processor:1.1.1-alpha\nOsx: Maverick(10.9.2)\nDevice:iPhone 5s(v7.1)\n\nHave also checked with 3.2.2.GA,3.2.1.GA,3.2.0.GA also and its not working.",
					"updateAuthor": {
						"name": "pagarwal",
						"key": "pagarwal",
						"displayName": "Priya Agarwal",
						"active": true,
						"timeZone": "America/Los_Angeles"
					},
					"created": "2014-04-01T06:08:47.000+0000",
					"updated": "2014-04-01T06:08:47.000+0000"
				},
				{
					"id": "353707",
					"author": {
						"name": "eharris",
						"key": "eharris",
						"displayName": "Ewan Harris",
						"active": true,
						"timeZone": "Europe/Dublin"
					},
					"body": "Issue still occurs using:\r\n\r\nMac OSX 10.10.3\r\nAppc Studio: 4.0.0.201505161338\r\nTitanium SDK build:  4.0.1.v20150527105813\r\nAppc CLI (NPM): 4.0.0\r\nAppc CLI (Registry): 4.0.1-0\r\n\r\nCreating a project with a name such as test_end2endTitanium, causes iOS builds to fail with the below. Android build pass however\r\n\r\n{code}\r\n[ERROR] 2015-05-27 13:34:35.491 xcodebuild[39242:441299] [MT] iPhoneSimulator: SimVerifier returned: Error Domain=NSPOSIXErrorDomain Code=53 \"Simulator verification failed.\" UserInfo=0x7fda00619330 {NSLocalizedFailureReason=A connection to the simulator verification service could not be established., NSLocalizedRecoverySuggestion=Ensure that Xcode.app is installed on a volume with ownership enabled., NSLocalizedDescription=Simulator verification failed.}\r\n[ERROR] xcodebuild: error: The project 'test_end2endTitanium.xcodeproj' does not contain a target named 'test_end2endTitanium-universal'.\r\n{code}",
					"updateAuthor": {
						"name": "eharris",
						"key": "eharris",
						"displayName": "Ewan Harris",
						"active": true,
						"timeZone": "Europe/Dublin"
					},
					"created": "2015-05-27T21:01:59.000+0000",
					"updated": "2015-05-27T21:01:59.000+0000"
				},
				{
					"id": "354152",
					"author": {
						"name": "ewieber",
						"key": "ewieber",
						"displayName": "Eric Wieber",
						"active": false,
						"timeZone": "America/Los_Angeles"
					},
					"body": "This also occurs with projects that have \"Alloy\" in the name. Attempting to build them for iOS Sim gives the following:\r\n{code}\r\n[TRACE] :  GenerateDSYMFile build/Debug-iphonesimulator/Alloy.app.dSYM build/Debug-iphonesimulator/Alloy.app/Alloy\r\n[TRACE] :      cd /Users/eharris/Documents/Appcelerator_Studio_Workspace/Alloy/build/iphone\r\n[TRACE] :      export PATH=\"/Applications/Xcode.app/Contents/Developer/Platforms/iPhoneSimulator.platform/Developer/usr/bin:/Applications/Xcode.app/Contents/Developer/usr/bin:/Library/Java/JavaVirtualMachines/jdk1.7.0_80.jdk/Contents/Home/bin:/usr/local/bin:/usr/bin:/bin:/usr/sbin:/sbin:/usr/local/git/bin:/Users/eharris/Library/android-sdk-macosx/tools:/Users/eharris/Library/android-sdk-macosx/platform-tools\"\r\n[TRACE] :      /Applications/Xcode.app/Contents/Developer/Toolchains/XcodeDefault.xctoolchain/usr/bin/dsymutil /Users/eharris/Documents/Appcelerator_Studio_Workspace/Alloy/build/iphone/build/Debug-iphonesimulator/Alloy.app/Alloy -o /Users/eharris/Documents/Appcelerator_Studio_Workspace/Alloy/build/iphone/build/Debug-iphonesimulator/Alloy.app.dSYM\r\n[TRACE] :  error: unable to open executable '': Is a directory\r\n[ERROR] :  ** BUILD FAILED **\r\n[ERROR] :  The following build commands failed:\r\n[ERROR] :      GenerateDSYMFile build/Debug-iphonesimulator/Alloy.app.dSYM build/Debug-iphonesimulator/Alloy.app/Alloy\r\n[ERROR] :  (1 failure)\r\nTRACE  | titanium exited with exit code 1\r\nERROR  | Error: ti run exited with error code 1\r\nat ChildProcess.<anonymous> (/Users/eharris/.appcelerator/install/4.0.1/package/node_modules/appc-cli-titanium/plugins/run.js:84:66)\r\nat ChildProcess.emit (events.js:98:17)\r\nat Process.ChildProcess._handle.onexit (child_process.js:820:12)\r\n{code}",
					"updateAuthor": {
						"name": "ewieber",
						"key": "ewieber",
						"displayName": "Eric Wieber",
						"active": false,
						"timeZone": "America/Los_Angeles"
					},
					"created": "2015-06-02T21:07:45.000+0000",
					"updated": "2015-06-02T21:08:09.000+0000"
				},
				{
					"id": "389826",
					"author": {
						"name": "hknoechel",
						"key": "hansknoechel",
						"displayName": "Hans Knöchel",
						"active": true,
						"timeZone": "Europe/Berlin"
					},
					"body": "Tested \"TitaniumTest\" and \"AlloyTest\". Both are running fine on the Simulator. Can one of the QE verify?",
					"updateAuthor": {
						"name": "hknoechel",
						"key": "hansknoechel",
						"displayName": "Hans Knöchel",
						"active": true,
						"timeZone": "Europe/Berlin"
					},
					"created": "2016-07-02T06:14:46.000+0000",
					"updated": "2016-07-02T06:14:46.000+0000"
				},
				{
					"id": "389830",
					"author": {
						"name": "cbarber",
						"key": "cbarber",
						"displayName": "Chris Barber",
						"active": true,
						"timeZone": "America/Chicago"
					},
					"updateAuthor": {
						"name": "cbarber",
						"key": "cbarber",
						"displayName": "Chris Barber",
						"active": true,
						"timeZone": "America/Chicago"
					},
					"created": "2016-07-02T06:46:06.000+0000",
					"updated": "2016-07-02T06:46:06.000+0000"
				}
			],
			"maxResults": 18,
			"total": 18,
			"startAt": 0
		}
	}
}