{
	"id": "89036",
	"key": "TIMOB-8351",
	"fields": {
		"issuetype": {
			"id": "1",
			"description": "A problem which impairs or prevents the functions of the product.",
			"name": "Bug",
			"subtask": false
		},
		"project": {
			"id": "10153",
			"key": "TIMOB",
			"name": "Titanium SDK/CLI",
			"projectCategory": {
				"id": "10100",
				"description": "Titanium and related SDKs used in application development",
				"name": "Client"
			}
		},
		"fixVersions": [],
		"resolution": {
			"id": "3",
			"description": "The problem is a duplicate of an existing issue.",
			"name": "Duplicate"
		},
		"resolutiondate": "2012-03-28T13:15:51.000+0000",
		"created": "2012-03-28T11:06:02.000+0000",
		"priority": {
			"name": "High",
			"id": "2"
		},
		"labels": [
			"qe-and031912"
		],
		"versions": [
			{
				"id": "12593",
				"name": "Release 2.0.0",
				"archived": false,
				"released": true,
				"releaseDate": "2012-03-30"
			}
		],
		"issuelinks": [
			{
				"id": "17204",
				"type": {
					"id": "10002",
					"name": "Duplicate",
					"inward": "is duplicated by",
					"outward": "duplicates"
				},
				"outwardIssue": {
					"id": "88077",
					"key": "TIMOB-8056",
					"fields": {
						"summary": "Android: Error when resolving modules in Linux",
						"status": {
							"description": "The issue is considered finished, the resolution is correct. Issues which are closed can be reopened.",
							"name": "Closed",
							"id": "6",
							"statusCategory": {
								"id": 3,
								"key": "done",
								"colorName": "green",
								"name": "Done"
							}
						},
						"priority": {
							"name": "High",
							"id": "2"
						},
						"issuetype": {
							"id": "1",
							"description": "A problem which impairs or prevents the functions of the product.",
							"name": "Bug",
							"subtask": false
						}
					}
				}
			}
		],
		"assignee": {
			"name": "mculpepper",
			"key": "mculpepper",
			"displayName": "Marshall Culpepper",
			"active": true,
			"timeZone": "America/Los_Angeles"
		},
		"updated": "2014-06-19T12:43:12.000+0000",
		"status": {
			"description": "The issue is considered finished, the resolution is correct. Issues which are closed can be reopened.",
			"name": "Closed",
			"id": "6",
			"statusCategory": {
				"id": 3,
				"key": "done",
				"colorName": "green",
				"name": "Done"
			}
		},
		"components": [
			{
				"id": "10202",
				"name": "Android",
				"description": "Android Platform"
			}
		],
		"description": "Steps to Reproduce:\r\n1. Create an android module titanium.py create --platform=android --type=module --name=TEST --id=com.test --android=/path/to/android/sdk\r\n2. Go into the newly created module project, and build it by typing 'ant\r\n\r\nActual: \r\nndk.build:\r\n     [exec] Compile++ thumb  : com.test <= com.test.ExampleProxy.cpp\r\n     [exec] jni/Android.mk:24: warning: overriding commands for target `/home/tester/.titanium/mobilesdk/linux/2.0.0.v20120328000206/TEST/build/generated/KrollGeneratedBindings.cpp'\r\n     [exec] jni/Android.mk:24: warning: ignoring old commands for target `/home/tester/.titanium/mobilesdk/linux/2.0.0.v20120328000206/TEST/build/generated/KrollGeneratedBindings.cpp'\r\n     [exec] jni/Android.mk:27: warning: overriding commands for target `/home/tester/.titanium/mobilesdk/linux/2.0.0.v20120328000206/TEST/build/generated/BootstrapJS.cpp'\r\n     [exec] jni/Android.mk:27: warning: ignoring old commands for target `/home/tester/.titanium/mobilesdk/linux/2.0.0.v20120328000206/TEST/build/generated/BootstrapJS.cpp'\r\n     [exec] Compile++ thumb  : com.test <= com.test.TestModule.cpp\r\n     [exec] Compile++ thumb  : com.test <= TestBootstrap.cpp\r\n     [exec] jni/../TestBootstrap.cpp: In function 'v8::Handle<v8::Value> Test_getBinding(const v8::Arguments&)':\r\n     [exec] jni/../TestBootstrap.cpp:47: error: '::TestBindings' has not been declared\r\n     [exec] jni/../TestBootstrap.cpp: In function 'void Test_dispose()':\r\n     [exec] jni/../TestBootstrap.cpp:92: error: '::TestBindings' has not been declared\r\n     [exec] jni/../TestBootstrap.cpp: In function 'void Java_com_test_TestBootstrap_nativeBootstrap(JNIEnv*, _jobject*)':\r\n     [exec] jni/../TestBootstrap.cpp:115: error: '::TestBindings' has not been declared\r\n     [exec] make: *** [/home/tester/.titanium/mobilesdk/linux/2.0.0.v20120328000206/TEST/build/generated/obj/local/armeabi/objs/com.test/__/TestBootstrap.o] Error 1\r\n\r\nBUILD FAILED\r\n/home/tester/.titanium/mobilesdk/linux/2.0.0.v20120328000206/module/android/build.xml:228: exec returned: 2\r\n\r\nTotal time: 4 seconds\r\n\r\nExpected: To build the module without error",
		"attachment": [],
		"flagged": false,
		"summary": "Android: Module: Cannot build module on Linux platform",
		"creator": {
			"name": "nhuynh",
			"key": "nhuynh",
			"displayName": "Natalie Huynh",
			"active": true,
			"timeZone": "America/Los_Angeles"
		},
		"subtasks": [],
		"reporter": {
			"name": "nhuynh",
			"key": "nhuynh",
			"displayName": "Natalie Huynh",
			"active": true,
			"timeZone": "America/Los_Angeles"
		},
		"environment": "SDK: 2.0.0.v201203280000206\r\nLinux 11.10\r\nTitanium Studio, build: 2.0.0.201203271933\r\n",
		"comment": {
			"comments": [
				{
					"id": "189042",
					"author": {
						"name": "nhuynh",
						"key": "nhuynh",
						"displayName": "Natalie Huynh",
						"active": true,
						"timeZone": "America/Los_Angeles"
					},
					"body": "Duplicate of TIMOB-8056. When compiling a module with all lower case, the problem does not exist",
					"updateAuthor": {
						"name": "nhuynh",
						"key": "nhuynh",
						"displayName": "Natalie Huynh",
						"active": true,
						"timeZone": "America/Los_Angeles"
					},
					"created": "2012-03-28T13:15:51.000+0000",
					"updated": "2012-03-28T13:15:51.000+0000"
				}
			],
			"maxResults": 1,
			"total": 1,
			"startAt": 0
		}
	}
}