{
	"id": "99649",
	"key": "ALOY-200",
	"fields": {
		"issuetype": {
			"id": "1",
			"description": "A problem which impairs or prevents the functions of the product.",
			"name": "Bug",
			"subtask": false
		},
		"project": {
			"id": "11113",
			"key": "ALOY",
			"name": "Alloy",
			"projectCategory": {
				"id": "10400",
				"description": "Tools for developing applications",
				"name": "Tooling"
			}
		},
		"fixVersions": [],
		"resolution": {
			"id": "1",
			"description": "A fix for this issue is checked into the tree and tested.",
			"name": "Fixed"
		},
		"resolutiondate": "2012-09-24T19:00:49.000+0000",
		"created": "2012-08-23T07:43:44.000+0000",
		"priority": {
			"name": "Low",
			"id": "4"
		},
		"labels": [],
		"versions": [],
		"issuelinks": [],
		"assignee": null,
		"updated": "2018-03-07T22:25:51.000+0000",
		"status": {
			"description": "A resolution has been taken, and it is awaiting verification by reporter. From here issues are either reopened, or are closed.",
			"name": "Resolved",
			"id": "5",
			"statusCategory": {
				"id": 3,
				"key": "done",
				"colorName": "green",
				"name": "Done"
			}
		},
		"components": [
			{
				"id": "12326",
				"name": "XML",
				"description": "View XML and parsing"
			}
		],
		"description": "Recent changes to the assembling of widget dependencies have broken all apps that do not contain a {{config.json}} file. The error thrown looks like this:\r\n\r\n{code}\r\n2012-08-23 10:34:41 -- [INFO ]  Copying /usr/local/lib/node_modules/alloy/Alloy/lib/alloy.js to /Users/tlukasavage/Development/alloy/test/projects/Harness/Resources\r\n2012-08-23 10:34:41 -- [INFO ]  Creating directory: /Users/tlukasavage/Development/alloy/test/projects/Harness/app/models\r\n2012-08-23 10:34:41 -- [INFO ] node.js:201\r\n2012-08-23 10:34:41 -- [INFO ] throw e; // process.nextTick error, or 'error' event on first tick\r\n2012-08-23 10:34:41 -- [INFO ] ^\r\n2012-08-23 10:34:41 -- [INFO ] Error: ENOENT, no such file or directory '/Users/tlukasavage/Development/alloy/test/projects/Harness/app/config.json'\r\n2012-08-23 10:34:41 -- [INFO ] at Object.openSync (fs.js:230:18)\r\n2012-08-23 10:34:41 -- [INFO ] at Object.readFileSync (fs.js:120:15)\r\n2012-08-23 10:34:41 -- [INFO ] at Object.getWidgetDirectories (/usr/local/lib/node_modules/alloy/Alloy/utils.js:129:19)\r\n2012-08-23 10:34:41 -- [INFO ] at /usr/local/lib/node_modules/alloy/Alloy/commands/compile/index.js:112:25\r\n2012-08-23 10:34:41 -- [INFO ] at Object.<anonymous> (/usr/local/lib/node_modules/alloy/Alloy/alloy.js:102:44)\r\n2012-08-23 10:34:41 -- [INFO ] at Module._compile (module.js:441:26)\r\n2012-08-23 10:34:41 -- [INFO ] at Object..js (module.js:459:10)\r\n2012-08-23 10:34:41 -- [INFO ] at Module.load (module.js:348:31)\r\n2012-08-23 10:34:41 -- [INFO ] at Function._load (module.js:308:12)\r\n2012-08-23 10:34:41 -- [INFO ] at Module.require (module.js:354:17)\r\n2012-08-23 10:34:41 -- [INFO ] at require (module.js:370:17)\r\n2012-08-23 10:34:41 -- [INFO ] at Object.<anonymous> (/usr/local/lib/node_modules/alloy/bin/alloy:3:1)\r\n2012-08-23 10:34:41 -- [INFO ] at Module._compile (module.js:441:26)\r\n2012-08-23 10:34:41 -- [INFO ] at Object..js (module.js:459:10)\r\n2012-08-23 10:34:41 -- [INFO ] at Module.load (module.js:348:31)\r\n2012-08-23 10:34:41 -- [INFO ] at Function._load (module.js:308:12)\r\n2012-08-23 10:34:41 -- [INFO ] at Array.0 (module.js:479:10)\r\n2012-08-23 10:34:41 -- [INFO ] at EventEmitter._tickCallback (node.js:192:40)\r\n2012-08-23 10:34:41 -- [ERROR] Alloy compile failed\r\n2012-08-23 10:34:41 -- [ERROR] Error: Traceback (most recent call last):\r\n2012-08-23 10:34:41 -- [INFO ] File \"/Users/tlukasavage/Library/Application Support/Titanium/mobilesdk/osx/2.1.1.GA/iphone/builder.py\", line 1115, in main\r\n2012-08-23 10:34:41 -- [INFO ] p.compile(compiler_config)\r\n2012-08-23 10:34:41 -- [INFO ] File \"/Users/tlukasavage/Development/alloy/test/projects/Harness/plugins/ti.alloy/plugin.py\", line 46, in compile\r\n2012-08-23 10:34:41 -- [INFO ] sys.exit(retcode)\r\n2012-08-23 10:34:41 -- [INFO ] SystemExit: 1\r\n{code}",
		"attachment": [],
		"flagged": false,
		"summary": "All apps without config.json fail at compile",
		"creator": {
			"name": "tlukasavage",
			"key": "tlukasavage",
			"displayName": "Tony Lukasavage",
			"active": true,
			"timeZone": "America/Los_Angeles"
		},
		"subtasks": [],
		"reporter": {
			"name": "tlukasavage",
			"key": "tlukasavage",
			"displayName": "Tony Lukasavage",
			"active": true,
			"timeZone": "America/Los_Angeles"
		},
		"environment": null,
		"comment": {
			"comments": [],
			"maxResults": 0,
			"total": 0,
			"startAt": 0
		}
	}
}