---
title: "[ALOY-200] All apps without config.json fail at compile"
---
<table>
<tr><th>GitHub Issue</th><td>n/a</td></tr>
<tr><th>Type</th><td>Bug</td></tr>
<tr><th>Priority</th><td>Low</td></tr>
<tr><th>Status</th><td>Resolved</td></tr>
<tr><th>Resolution</th><td>Fixed</td></tr>
<tr><th>Resolution Date</th><td>2012-09-24T19:00:49.000+0000</td></tr>
<tr><th>Affected Version/s</th><td>n/a</td></tr>
<tr><th>Fix Version/s</th><td>n/a</td></tr>
<tr><th>Components</th><td>XML</td></tr>
<tr><th>Labels</th><td>n/a</td></tr>
<tr><th>Reporter</th><td>Tony Lukasavage</td></tr>
<tr><th>Assignee</th><td>Unknown</td></tr>
<tr><th>Created</th><td>2012-08-23T07:43:44.000+0000</td></tr>
<tr><th>Updated</th><td>2018-03-07T22:25:51.000+0000</td></tr>
</table>

<h3>Description</h3>

Recent changes to the assembling of widget dependencies have broken all apps that do not contain a <code>config.json</code> file. The error thrown looks like this:

<code><pre>
2012-08-23 10:34:41 -- [INFO ]  Copying /usr/local/lib/node_modules/alloy/Alloy/lib/alloy.js to /Users/tlukasavage/Development/alloy/test/projects/Harness/Resources
2012-08-23 10:34:41 -- [INFO ]  Creating directory: /Users/tlukasavage/Development/alloy/test/projects/Harness/app/models
2012-08-23 10:34:41 -- [INFO ] node.js:201
2012-08-23 10:34:41 -- [INFO ] throw e; // process.nextTick error, or 'error' event on first tick
2012-08-23 10:34:41 -- [INFO ] ^
2012-08-23 10:34:41 -- [INFO ] Error: ENOENT, no such file or directory '/Users/tlukasavage/Development/alloy/test/projects/Harness/app/config.json'
2012-08-23 10:34:41 -- [INFO ] at Object.openSync (fs.js:230:18)
2012-08-23 10:34:41 -- [INFO ] at Object.readFileSync (fs.js:120:15)
2012-08-23 10:34:41 -- [INFO ] at Object.getWidgetDirectories (/usr/local/lib/node_modules/alloy/Alloy/utils.js:129:19)
2012-08-23 10:34:41 -- [INFO ] at /usr/local/lib/node_modules/alloy/Alloy/commands/compile/index.js:112:25
2012-08-23 10:34:41 -- [INFO ] at Object.&lt;anonymous&gt; (/usr/local/lib/node_modules/alloy/Alloy/alloy.js:102:44)
2012-08-23 10:34:41 -- [INFO ] at Module._compile (module.js:441:26)
2012-08-23 10:34:41 -- [INFO ] at Object..js (module.js:459:10)
2012-08-23 10:34:41 -- [INFO ] at Module.load (module.js:348:31)
2012-08-23 10:34:41 -- [INFO ] at Function._load (module.js:308:12)
2012-08-23 10:34:41 -- [INFO ] at Module.require (module.js:354:17)
2012-08-23 10:34:41 -- [INFO ] at require (module.js:370:17)
2012-08-23 10:34:41 -- [INFO ] at Object.&lt;anonymous&gt; (/usr/local/lib/node_modules/alloy/bin/alloy:3:1)
2012-08-23 10:34:41 -- [INFO ] at Module._compile (module.js:441:26)
2012-08-23 10:34:41 -- [INFO ] at Object..js (module.js:459:10)
2012-08-23 10:34:41 -- [INFO ] at Module.load (module.js:348:31)
2012-08-23 10:34:41 -- [INFO ] at Function._load (module.js:308:12)
2012-08-23 10:34:41 -- [INFO ] at Array.0 (module.js:479:10)
2012-08-23 10:34:41 -- [INFO ] at EventEmitter._tickCallback (node.js:192:40)
2012-08-23 10:34:41 -- [ERROR] Alloy compile failed
2012-08-23 10:34:41 -- [ERROR] Error: Traceback (most recent call last):
2012-08-23 10:34:41 -- [INFO ] File "/Users/tlukasavage/Library/Application Support/Titanium/mobilesdk/osx/2.1.1.GA/iphone/builder.py", line 1115, in main
2012-08-23 10:34:41 -- [INFO ] p.compile(compiler_config)
2012-08-23 10:34:41 -- [INFO ] File "/Users/tlukasavage/Development/alloy/test/projects/Harness/plugins/ti.alloy/plugin.py", line 46, in compile
2012-08-23 10:34:41 -- [INFO ] sys.exit(retcode)
2012-08-23 10:34:41 -- [INFO ] SystemExit: 1
</pre></code>

<h3>Comments</h3>

<p>No comments</p>

<p><a href="/ALOY/ALOY-200.json">JSON Source</a></p>