---
title: "[TIMOB-18168] iOS: Module - Cannot build 32-bit module urlSession and coremotion with SDK 3.5.0 "
---
<table>
<tr><th>GitHub Issue</th><td>n/a</td></tr>
<tr><th>Type</th><td>Bug</td></tr>
<tr><th>Priority</th><td>High</td></tr>
<tr><th>Status</th><td>Closed</td></tr>
<tr><th>Resolution</th><td>Fixed</td></tr>
<tr><th>Resolution Date</th><td>2015-11-13T05:32:45.000+0000</td></tr>
<tr><th>Affected Version/s</th><td>Release 3.5.0</td></tr>
<tr><th>Fix Version/s</th><td>Release 5.2.0</td></tr>
<tr><th>Components</th><td>iOS</td></tr>
<tr><th>Labels</th><td>qe-3.5.0, qe-nfc</td></tr>
<tr><th>Reporter</th><td>Wilson Luu</td></tr>
<tr><th>Assignee</th><td>Chee Kiat Ng</td></tr>
<tr><th>Created</th><td>2014-12-09T22:27:38.000+0000</td></tr>
<tr><th>Updated</th><td>2016-02-21T20:14:56.000+0000</td></tr>
</table>

<h3>Description</h3>

*Details:* If you try to build a project with both 32-bit modules urlSession and coremotion with SDK 3.5.0, then you will get build failures.

*Note:* Was not able to reproduce this issue with the following 32-bit modules:
||module||version||
|com.appcelerator.apm|1.0.10|
|facebook|3.1.1|
|ti.geofence|1.1.2|
|ti.map|2.0.6|
|ti.touchid|1.0.1|

*Steps to reproduce:*
1. Create a Titanium project 
2. Include both com.appcelerator.urlSession (1.0.1) and ti.coremotion (1.0.1) modules in the tiapp.xml; do not need to require them into your app.js

3. Install app to device
*Actual:* On first build failure, you will get this urlSession build error:
<code><pre>
[ERROR] :  Error Command failed: fatal error: /Applications/Xcode.app/Contents/Developer/Toolchains/XcodeDefault.xctoolchain/usr/bin/lipo: fat input file (/Users/wluu/Library/Application Support/Titanium/modules/iphone/com.appcelerator.urlSession/1.0.1/libcom.appcelerator.urlsession.a) does not contain the specified architecture (x86_64) to thin it to
    at exithandler (child_process.js:648:15)
    at ChildProcess.emit (events.js:98:17)
    at maybeClose (child_process.js:756:16)
    at Socket.&lt;anonymous&gt; (child_process.js:969:11)
    at Socket.emit (events.js:95:17)
    at Pipe.close (net.js:465:12)
---------------------------------------------
    at exports.execFile (child_process.js:702:9)
    at exports.exec (child_process.js:589:18)
    at processNextCommand (/Users/wluu/Library/Application Support/Titanium/mobilesdk/osx/3.5.0.v20141208122514/iphone/cli/hooks/hyperloop.js:119:7)
    at exithandler (child_process.js:646:7)
    at ChildProcess.emit (events.js:98:17)
    at maybeClose (child_process.js:756:16)
    at Socket.&lt;anonymous&gt; (child_process.js:969:11)
</pre></code>

4. Use change the urlSession version module to latest (1.1.0)

5. Save changes and install to device
*Actual:*  On second build failure, you will get this coremotion build error:
<code><pre>
[ERROR] :  Error Command failed: fatal error: /Applications/Xcode.app/Contents/Developer/Toolchains/XcodeDefault.xctoolchain/usr/bin/lipo: fat input file (/Users/wluu/Library/Application Support/Titanium/modules/iphone/ti.coremotion/1.0.1/libti.coremotion.a) does not contain the specified architecture (x86_64) to thin it to
    at exithandler (child_process.js:648:15)
    at ChildProcess.emit (events.js:98:17)
    at maybeClose (child_process.js:756:16)
    at Socket.&lt;anonymous&gt; (child_process.js:969:11)
    at Socket.emit (events.js:95:17)
    at Pipe.close (net.js:465:12)
---------------------------------------------
    at exports.execFile (child_process.js:702:9)
    at exports.exec (child_process.js:589:18)
    at processNextCommand (/Users/wluu/Library/Application Support/Titanium/mobilesdk/osx/3.5.0.v20141208122514/iphone/cli/hooks/hyperloop.js:119:7)
    at exithandler (child_process.js:646:7)
    at ChildProcess.emit (events.js:98:17)
    at maybeClose (child_process.js:756:16)
    at Socket.&lt;anonymous&gt; (child_process.js:969:11)
</pre></code>

*Expected:* Should fail gracefully with warning indicating to the user that they should use the latest modules or build fine like the other specified 32-bit modules.

<h3>Comments</h3>

<ol>
<li>Ingo Muschenetz 2014-12-10

   Should I read this ticket as "make the build failure more obvious"?</li>
<li>Wilson Luu 2014-12-10

   Only if that is the expected behavior because the other 32-bit modules are able to build fine together.</li>
<li>Jon Alter 2014-12-10

   Created ticket for CLI to fail build with a list of modules and the architectures they are missing. TIMOB-18176</li>
<li>Tim Poulsen 2014-12-12

   [~jalter] Why can’t this be resolved using the same sort of technique I proposed for TIMOB-18176? (I get hyperloop errors when attempting to compile the coremotion module. And unlike our other module repos, neither urlsession nor coremotion includes a dist folder with compiled versions. So I can't test this directly myself.) But the plug-in check I wrote would run before the build gets to the stage throwing the errors shown above. </li>
<li>Hans Knöchel 2015-11-13

   Fixed in TIMOB-19386 and MOD-2150 as part of the module refactoring.</li>
<li>Eric Wieber 2016-02-21

   Verified fixed, using:
   
   MacOS 10.11.3 (15D21)
   Studio 4.5.0.201602170821
   Ti SDK 5.2.0.v20160220080449
   Appc NPM 4.2.3-2
   Appc CLI 5.2.0-269
   Alloy 1.7.33
   Xcode 7.2 (7C68)
   
   APM 1.1.5
   URLSession 2.0.0
   Facebook 5.0.1
   ti.coremotion 2.0.0
   ti.map 2.5.2
   ti.safaridialog 1.0.5
   ti.touchid 1.2.0
   
   Project including the above modules successfully builds, without issue.</li>
</ol>


<p><a href="/TIMOB/TIMOB-18168.json">JSON Source</a></p>