---
title: "[AC-5450] Trouble updating Studio to v5 and SDK 7"
---
<table>
<tr><th>GitHub Issue</th><td>n/a</td></tr>
<tr><th>Type</th><td>Bug</td></tr>
<tr><th>Priority</th><td>n/a</td></tr>
<tr><th>Status</th><td>Resolved</td></tr>
<tr><th>Resolution</th><td>Done</td></tr>
<tr><th>Resolution Date</th><td>2017-12-19T18:24:11.000+0000</td></tr>
<tr><th>Affected Version/s</th><td>n/a</td></tr>
<tr><th>Fix Version/s</th><td>n/a</td></tr>
<tr><th>Components</th><td>Studio</td></tr>
<tr><th>Labels</th><td>n/a</td></tr>
<tr><th>Reporter</th><td>eric harms</td></tr>
<tr><th>Assignee</th><td>Shak Hossain</td></tr>
<tr><th>Created</th><td>2017-12-13T00:25:11.000+0000</td></tr>
<tr><th>Updated</th><td>2017-12-19T18:24:11.000+0000</td></tr>
</table>

<h3>Description</h3>

Hello,

Im having some major issues trying to upgrade one of my laptops to Studio 5 / SDK 7

Biggest issue is that Studio refuses to recognize my Xcode installation.  on the IOS Home screen in preferences, refreshing does nothing, update opens the app store updates window.

ive uninstalled node, appcelerator a few times now, let studio install node, nothing works.

Ive included the studio log report as well as other installation information for your review. 

Please advise.

Thanks,
Eric

<h3>Attachments</h3>

<table>
<thead>
<tr><th>File</th><th>Date</th><th>Size</th></tr><thead>
<tbody>
<tr><td><a href="https://jira-attachments.titaniumsdk.com/AC/AC-5450_63831/2017-12-18T21_24_02_490Z-debug.log">2017-12-18T21_24_02_490Z-debug.log</td></td><td>2017-12-18T21:32:20.000+0000</td><td>419366</td></tr>
<tr><td><a href="https://jira-attachments.titaniumsdk.com/AC/AC-5450_63832/2017-12-18T21_51_11_267Z-debug.log">2017-12-18T21_51_11_267Z-debug.log</td></td><td>2017-12-18T21:57:57.000+0000</td><td>571182</td></tr>
<tr><td><a href="https://jira-attachments.titaniumsdk.com/AC/AC-5450_63817/appcTiSetupCheck.txt">appcTiSetupCheck.txt</td></td><td>2017-12-15T02:27:33.000+0000</td><td>4517</td></tr>
<tr><td><a href="https://jira-attachments.titaniumsdk.com/AC/AC-5450_63788/environment.txt">environment.txt</td></td><td>2017-12-13T00:22:11.000+0000</td><td>3413</td></tr>
<tr><td><a href="https://jira-attachments.titaniumsdk.com/AC/AC-5450_63802/logFileNew.txt">logFileNew.txt</td></td><td>2017-12-13T21:51:43.000+0000</td><td>15885</td></tr>
<tr><td><a href="https://jira-attachments.titaniumsdk.com/AC/AC-5450_63816/Screen Shot 2017-12-14 at 10.11.41 AM.png">Screen Shot 2017-12-14 at 10.11.41 AM.png</td></td><td>2017-12-14T18:13:07.000+0000</td><td>597685</td></tr>
<tr><td><a href="https://jira-attachments.titaniumsdk.com/AC/AC-5450_63800/ss1.png">ss1.png</td></td><td>2017-12-13T21:49:23.000+0000</td><td>541163</td></tr>
<tr><td><a href="https://jira-attachments.titaniumsdk.com/AC/AC-5450_63801/ss2.png">ss2.png</td></td><td>2017-12-13T21:49:22.000+0000</td><td>190176</td></tr>
<tr><td><a href="https://jira-attachments.titaniumsdk.com/AC/AC-5450_63790/studioLog.txt">studioLog.txt</td></td><td>2017-12-13T00:01:41.000+0000</td><td>1410319</td></tr>
<tr><td><a href="https://jira-attachments.titaniumsdk.com/AC/AC-5450_63789/ticonfig.txt">ticonfig.txt</td></td><td>2017-12-13T00:20:04.000+0000</td><td>847</td></tr>
<tr><td><a href="https://jira-attachments.titaniumsdk.com/AC/AC-5450_63787/tiInfoXcodeInformation.txt">tiInfoXcodeInformation.txt</td></td><td>2017-12-13T00:23:40.000+0000</td><td>377</td></tr>
</tbody>
<table>

<h3>Comments</h3>

<ol>
<li>Mostafizur Rahman 2017-12-13

   Hello [~eric.harms@gmail.com],
   
   Thanks for sharing with us. Do you have latest CLI installed on your end? What's your xcode version? If not please try the following command: 
   *appc use latest.* 
   *appc login*
   
   Then check if the issue occurs again please let us know.
   
   Best</li>
<li>eric harms 2017-12-13

   hi, both appc use latest and appc login return the following error.
   
   i am using the latest cli as installed by studio.  xcode 9.2.
   
   Thanks,
   Eric
   
   
   ➜ ~ appc use latest
   undefined:30
   }  "lastUpdateCheck": 1513121275986
      ^
   
   SyntaxError: Unexpected string in JSON at position 1274
       at JSON.parse (<anonymous>)
       at Object.readConfig (/usr/local/lib/node_modules/appcelerator/lib/util.js:728:30)
       at Object.<anonymous> (/usr/local/lib/node_modules/appcelerator/bin/appc:96:23)
       at Module._compile (module.js:635:30)
       at Object.Module._extensions..js (module.js:646:10)
       at Module.load (module.js:554:32)
       at tryModuleLoad (module.js:497:12)
       at Function.Module._load (module.js:489:3)
       at Function.Module.runMain (module.js:676:10)
       at startup (bootstrap_node.js:187:16)
   </li>
<li>eric harms 2017-12-13

   i followed these instructions to uninstall everything -- please let me know if Im missing any steps, maybe I didnt clear out something that is holding a cache of data somewhere?
   
   <a href="https://medium.com/all-titanium/reinstalling-appcelerator-titanium-on-mac-from-scratch-9a2bb6b9b629" rel="nofollow" target="_blank">https://medium.com/all-titanium/reinstalling-appcelerator-titanium-on-mac-from-scratch-9a2bb6b9b629</a>
   
   thanks</li>
<li>Sharif AbuDarda 2017-12-13

   Hello, Please try the follow commands below
   
   sudo rm -rf ~/.appcelerator
   sudo rm -rf ~/.titanium
   sudo npm uninstall -g titanium
   sudo npm uninstall -g appcelerator
   sudo npm install -g appcelerator
   appc use latest
   appc setup
   
   Send the full log in here. Thanks.</li>
<li>eric harms 2017-12-13

   Hi Sharif,
   
   Heres what Ive done.
   
   - Cleared studio log file
   - trashed appc folder from applications
   - ran the commands you provided, in order.  positive results from the use latest and setup
   - ran the studio installer, was provided the attached errors
   
   ss1.png opens, says ios is not configured.  when i hit configure, it spins and is waiting for xcode.  
   
   when i close that, i get error message from ss2.png.
   
   attached the new log file here as well (logFileNew.txt)
   
   Thanks,
   Eric</li>
<li>Mostafizur Rahman 2017-12-14

   </li>
<li>eric harms 2017-12-14

   Hi,
   
   It never completes, just keeps spinning.
   
   Thanks
   Eric</li>
<li>eric harms 2017-12-14

   I uploaded a screenshot of what Im seeing - it errors out then stalls.
   
   the following is produced in the log file
   
   
   !ENTRY org.eclipse.core.jobs 4 2 2017-12-14 10:11:30.432
   !MESSAGE An internal error occurred during: "Configuring SDK".
   !STACK 0
   java.lang.NullPointerException
   	at com.appcelerator.titanium.ios.ui.configuration.IOSSDKConfigurer.doConfigure(IOSSDKConfigurer.java:115)
   	at com.appcelerator.titanium.ui.mobile.BaseMobilePlatformConfigurer.configure(BaseMobilePlatformConfigurer.java:44)
   	at com.appcelerator.titanium.ui.mobile.PlatformsInstallManager$3.run(PlatformsInstallManager.java:172)
   	at org.eclipse.core.internal.jobs.Worker.run(Worker.java:54)
   </li>
<li>eric harms 2017-12-14

   I can build my project from the command line -- however live view does not fire when saving a file.</li>
<li>Ryan Gartin 2017-12-14

    I too am getting <code>java.lang.NullPointerException</code>. I'm upgrading from 5.5.1.</li>
<li>Sharif AbuDarda 2017-12-15

    Hello, Can you run "appc ti setup check" and send the log as a text file in here? Thanks.</li>
<li>eric harms 2017-12-15

    Hi,
    
    attached here - appcTiSetupCheck.txt
    
    Thanks
    Eric</li>
<li>Luis Galhardo 2017-12-15

    I have the same problem :(</li>
<li>eric harms 2017-12-18

    Hi -- has there been any progress on this ticket?  
    
    thanks
    </li>
<li>Sharif AbuDarda 2017-12-18

    Hello, Run the following commands and let us know how it goes.
    
    Close Appcelerator Studio
    Open the terminal
    Stop the daemon: appc appcd stop
    cd into the appcelerator package: cd ~/.appcelerator/install/7.0.0/package
    Install the update: npm install ioslib@next
    Reopen Studio
    
    
    Hope this helps. Let us know. Thanks.</li>
<li>eric harms 2017-12-18

    Hi Sharif,
    
    Please see the terminal output error log, and Ive attached the referenced log file to this ticket.
    
    i do have node v8.9.1 installed
    
    Thanks,
    Eric
    
    <code><pre>
    ➜ ~/.appcelerator/install/7.0.0/package sudo npm install ioslib@next
    
    &gt; node-ios-device@1.5.0 install /Users/eharms/.appcelerator/install/7.0.0/package/node_modules/ioslib/node_modules/node-ios-device
    &gt; node ./bin/run.js node-pre-gyp install --fallback-to-build
    
    node-pre-gyp ERR! Tried to download(undefined): <a href="https://appc-node-binaries.s3.amazonaws.com/node-ios-device/v1.5.0/node_ios_device-v1.5.0-node-v57-darwin-x64.tar.gz" rel="nofollow" target="_blank">https://appc-node-binaries.s3.amazonaws.com/node-ios-device/v1.5.0/node_ios_device-v1.5.0-node-v57-darwin-x64.tar.gz</a>
    node-pre-gyp ERR! Pre-built binaries not found for node-ios-device@1.5.0 and node@8.9.1 (node-v57 ABI, unknown) (falling back to source compile with node-gyp)
    gyp ERR! configure error
    gyp ERR! stack Error: EACCES: permission denied, mkdir '/Users/eharms/.appcelerator/install/7.0.0/package/node_modules/ioslib/node_modules/node-ios-device/build'
    gyp ERR! System Darwin 16.7.0
    gyp ERR! command "/usr/local/bin/node" "/usr/local/lib/node_modules/npm/node_modules/node-gyp/bin/node-gyp.js" "configure" "--fallback-to-build" "--module=/Users/eharms/.appcelerator/install/7.0.0/package/node_modules/ioslib/node_modules/node-ios-device/binding/node-v57-darwin-x64/node_ios_device.node" "--module_name=node_ios_device" "--module_path=/Users/eharms/.appcelerator/install/7.0.0/package/node_modules/ioslib/node_modules/node-ios-device/binding/node-v57-darwin-x64"
    gyp ERR! cwd /Users/eharms/.appcelerator/install/7.0.0/package/node_modules/ioslib/node_modules/node-ios-device
    gyp ERR! node -v v8.9.1
    gyp ERR! node-gyp -v v3.6.2
    gyp ERR! not ok
    node-pre-gyp ERR! build error
    node-pre-gyp ERR! stack Error: Failed to execute '/usr/local/bin/node /usr/local/lib/node_modules/npm/node_modules/node-gyp/bin/node-gyp.js configure --fallback-to-build --module=/Users/eharms/.appcelerator/install/7.0.0/package/node_modules/ioslib/node_modules/node-ios-device/binding/node-v57-darwin-x64/node_ios_device.node --module_name=node_ios_device --module_path=/Users/eharms/.appcelerator/install/7.0.0/package/node_modules/ioslib/node_modules/node-ios-device/binding/node-v57-darwin-x64' (1)
    node-pre-gyp ERR! stack     at ChildProcess.&lt;anonymous&gt; (/Users/eharms/.appcelerator/install/7.0.0/package/node_modules/ioslib/node_modules/node-ios-device/node_modules/node-pre-gyp/lib/util/compile.js:83:29)
    node-pre-gyp ERR! stack     at emitTwo (events.js:126:13)
    node-pre-gyp ERR! stack     at ChildProcess.emit (events.js:214:7)
    node-pre-gyp ERR! stack     at maybeClose (internal/child_process.js:925:16)
    node-pre-gyp ERR! stack     at Process.ChildProcess._handle.onexit (internal/child_process.js:209:5)
    node-pre-gyp ERR! System Darwin 16.7.0
    node-pre-gyp ERR! command "/usr/local/bin/node" "/Users/eharms/.appcelerator/install/7.0.0/package/node_modules/ioslib/node_modules/node-ios-device/node_modules/.bin/node-pre-gyp" "install" "--fallback-to-build"
    node-pre-gyp ERR! cwd /Users/eharms/.appcelerator/install/7.0.0/package/node_modules/ioslib/node_modules/node-ios-device
    node-pre-gyp ERR! node -v v8.9.1
    node-pre-gyp ERR! node-pre-gyp -v v0.6.39
    node-pre-gyp ERR! not ok
    Failed to execute '/usr/local/bin/node /usr/local/lib/node_modules/npm/node_modules/node-gyp/bin/node-gyp.js configure --fallback-to-build --module=/Users/eharms/.appcelerator/install/7.0.0/package/node_modules/ioslib/node_modules/node-ios-device/binding/node-v57-darwin-x64/node_ios_device.node --module_name=node_ios_device --module_path=/Users/eharms/.appcelerator/install/7.0.0/package/node_modules/ioslib/node_modules/node-ios-device/binding/node-v57-darwin-x64' (1)
    npm ERR! code ELIFECYCLE
    npm ERR! errno 1
    npm ERR! node-ios-device@1.5.0 install: <code>node ./bin/run.js node-pre-gyp install --fallback-to-build</code>
    npm ERR! Exit status 1
    npm ERR!
    npm ERR! Failed at the node-ios-device@1.5.0 install script.
    npm ERR! This is probably not a problem with npm. There is likely additional logging output above.
    
    npm ERR! A complete log of this run can be found in:
    npm ERR!     /Users/eharms/.npm/_logs/2017-12-18T21_24_02_490Z-debug.log
    </pre></code>
    
    </li>
<li>Luis Galhardo 2017-12-18

    The above solution did not work for me.
    This is what I did to get Appcelerator to recognize Xcode 
    
    
    <code><pre>
    cd ~/.appcelerator/install/7.0.0/package 
    sudo rm -Rfv node_modules
     sudo chown -R $(whoami):staff *
    npm install
    </pre></code>
    
    
    After npm install
    
    
    <code><pre>
    &gt; deasync@0.1.11 install /Users/taruga/.appcelerator/install/7.0.0/package/node_modules/alloy/node_modules/deasync
    &gt; node ./build.js
    
    <code>darwin-x64-node-8</code> exists; testing
    Binary is fine; exiting
    
    &gt; dtrace-provider@0.8.5 install /Users/taruga/.appcelerator/install/7.0.0/package/node_modules/appc-logger/node_modules/bunyan/node_modules/dtrace-provider
    &gt; node scripts/install.js
    
    
    &gt; dtrace-provider@0.8.5 install /Users/taruga/.appcelerator/install/7.0.0/package/node_modules/arrow/node_modules/appc-logger/node_modules/bunyan/node_modules/dtrace-provider
    &gt; node scripts/install.js
    
    
    &gt; dtrace-provider@0.8.5 install /Users/taruga/.appcelerator/install/7.0.0/package/node_modules/arrow/node_modules/ldapauth-fork/node_modules/ldapjs/node_modules/bunyan/node_modules/dtrace-provider
    &gt; node scripts/install.js
    
    
    &gt; dtrace-provider@0.7.1 install /Users/taruga/.appcelerator/install/7.0.0/package/node_modules/arrow/node_modules/ldapauth-fork/node_modules/ldapjs/node_modules/dtrace-provider
    &gt; node scripts/install.js
    
    
    &gt; fsevents@1.1.3 install /Users/taruga/.appcelerator/install/7.0.0/package/node_modules/fsevents
    &gt; node install
    
    [fsevents] Success: "/Users/taruga/.appcelerator/install/7.0.0/package/node_modules/fsevents/lib/binding/Release/node-v57-darwin-x64/fse.node" already installed
    Pass --update-binary to reinstall or --build-from-source to recompile
    
    &gt; node-ios-device@1.5.0 install /Users/taruga/.appcelerator/install/7.0.0/package/node_modules/ioslib/node_modules/node-ios-device
    &gt; node ./bin/run.js node-pre-gyp install --fallback-to-build
    
    [node-ios-device] Success: "/Users/taruga/.appcelerator/install/7.0.0/package/node_modules/ioslib/node_modules/node-ios-device/binding/node-v57-darwin-x64/node_ios_device.node" is installed via remote
    
    &gt; node-ios-device@1.5.0 install /Users/taruga/.appcelerator/install/7.0.0/package/node_modules/node-ios-device
    &gt; node ./bin/run.js node-pre-gyp install --fallback-to-build
    
    [node-ios-device] Success: "/Users/taruga/.appcelerator/install/7.0.0/package/node_modules/node-ios-device/binding/node-v57-darwin-x64/node_ios_device.node" is installed via remote
    
    &gt; spawn-sync@1.0.15 postinstall /Users/taruga/.appcelerator/install/7.0.0/package/node_modules/appc-inquirer/node_modules/inquirer/node_modules/external-editor/node_modules/spawn-sync
    &gt; node postinstall
    
    
    &gt; jsonpath@1.0.0 postinstall /Users/taruga/.appcelerator/install/7.0.0/package/node_modules/arrow/node_modules/axway-flow/node_modules/jsonpath
    &gt; node lib/aesprim.js &gt; generated/aesprim-browser.js
    
    (node:29521) MaxListenersExceededWarning: Possible EventEmitter memory leak detected. 11 SIGINT listeners added. Use emitter.setMaxListeners() to increase limit
    
    &gt; appcd@1.0.0 postinstall /Users/taruga/.appcelerator/install/7.0.0/package/node_modules/appcd
    &gt; node bin/appcd stop || node -e true
    
    Appcelerator Daemon, version 1.0.0
    Copyright (c) 2016-2017, Axway, Inc. All Rights Reserved.
    
    Appc Daemon stopped
    added 2600 packages in 51.167s
    Taruga:package taruga$ 
    
    </pre></code>
    </li>
<li>eric harms 2017-12-18

    Thanks Luis,
    
    Unfortunately that's not working for me either.  Terminal output here, referenced log attached.
    
    Eric
    
    <code><pre>
    ➜ ~/.appcelerator/install/7.0.0/package sudo npm install
    
    &gt; deasync@0.1.11 install /Users/eharms/.appcelerator/install/7.0.0/package/node_modules/alloy/node_modules/deasync
    &gt; node ./build.js
    
    <code>darwin-x64-node-8</code> exists; testing
    Binary is fine; exiting
    
    &gt; dtrace-provider@0.8.5 install /Users/eharms/.appcelerator/install/7.0.0/package/node_modules/appc-logger/node_modules/bunyan/node_modules/dtrace-provider
    &gt; node scripts/install.js
    
    fs.js:766
      return binding.rename(pathModule._makeLong(oldPath),
                     ^
    
    Error: EACCES: permission denied, rename '/Users/eharms/.appcelerator/install/7.0.0/package/node_modules/appc-logger/node_modules/bunyan/node_modules/dtrace-provider/compile.py' -&gt; '/Users/eharms/.appcelerator/install/7.0.0/package/node_modules/appc-logger/node_modules/bunyan/node_modules/dtrace-provider/binding.gyp'
        at Object.fs.renameSync (fs.js:766:18)
        at Object.&lt;anonymous&gt; (/Users/eharms/.appcelerator/install/7.0.0/package/node_modules/appc-logger/node_modules/bunyan/node_modules/dtrace-provider/scripts/install.js:14:4)
        at Module._compile (module.js:635:30)
        at Object.Module._extensions..js (module.js:646:10)
        at Module.load (module.js:554:32)
        at tryModuleLoad (module.js:497:12)
        at Function.Module._load (module.js:489:3)
        at Function.Module.runMain (module.js:676:10)
        at startup (bootstrap_node.js:187:16)
        at bootstrap_node.js:608:3
    
    &gt; dtrace-provider@0.8.5 install /Users/eharms/.appcelerator/install/7.0.0/package/node_modules/arrow/node_modules/appc-logger/node_modules/bunyan/node_modules/dtrace-provider
    &gt; node scripts/install.js
    
    fs.js:766
      return binding.rename(pathModule._makeLong(oldPath),
                     ^
    
    Error: EACCES: permission denied, rename '/Users/eharms/.appcelerator/install/7.0.0/package/node_modules/arrow/node_modules/appc-logger/node_modules/bunyan/node_modules/dtrace-provider/compile.py' -&gt; '/Users/eharms/.appcelerator/install/7.0.0/package/node_modules/arrow/node_modules/appc-logger/node_modules/bunyan/node_modules/dtrace-provider/binding.gyp'
        at Object.fs.renameSync (fs.js:766:18)
        at Object.&lt;anonymous&gt; (/Users/eharms/.appcelerator/install/7.0.0/package/node_modules/arrow/node_modules/appc-logger/node_modules/bunyan/node_modules/dtrace-provider/scripts/install.js:14:4)
        at Module._compile (module.js:635:30)
        at Object.Module._extensions..js (module.js:646:10)
        at Module.load (module.js:554:32)
        at tryModuleLoad (module.js:497:12)
        at Function.Module._load (module.js:489:3)
        at Function.Module.runMain (module.js:676:10)
        at startup (bootstrap_node.js:187:16)
        at bootstrap_node.js:608:3
    
    &gt; dtrace-provider@0.8.5 install /Users/eharms/.appcelerator/install/7.0.0/package/node_modules/arrow/node_modules/ldapauth-fork/node_modules/ldapjs/node_modules/bunyan/node_modules/dtrace-provider
    &gt; node scripts/install.js
    
    fs.js:766
      return binding.rename(pathModule._makeLong(oldPath),
                     ^
    
    Error: EACCES: permission denied, rename '/Users/eharms/.appcelerator/install/7.0.0/package/node_modules/arrow/node_modules/ldapauth-fork/node_modules/ldapjs/node_modules/bunyan/node_modules/dtrace-provider/compile.py' -&gt; '/Users/eharms/.appcelerator/install/7.0.0/package/node_modules/arrow/node_modules/ldapauth-fork/node_modules/ldapjs/node_modules/bunyan/node_modules/dtrace-provider/binding.gyp'
        at Object.fs.renameSync (fs.js:766:18)
        at Object.&lt;anonymous&gt; (/Users/eharms/.appcelerator/install/7.0.0/package/node_modules/arrow/node_modules/ldapauth-fork/node_modules/ldapjs/node_modules/bunyan/node_modules/dtrace-provider/scripts/install.js:14:4)
        at Module._compile (module.js:635:30)
        at Object.Module._extensions..js (module.js:646:10)
        at Module.load (module.js:554:32)
        at tryModuleLoad (module.js:497:12)
        at Function.Module._load (module.js:489:3)
        at Function.Module.runMain (module.js:676:10)
        at startup (bootstrap_node.js:187:16)
        at bootstrap_node.js:608:3
    
    &gt; dtrace-provider@0.7.1 install /Users/eharms/.appcelerator/install/7.0.0/package/node_modules/arrow/node_modules/ldapauth-fork/node_modules/ldapjs/node_modules/dtrace-provider
    &gt; node scripts/install.js
    
    fs.js:766
      return binding.rename(pathModule._makeLong(oldPath),
                     ^
    
    Error: EACCES: permission denied, rename '/Users/eharms/.appcelerator/install/7.0.0/package/node_modules/arrow/node_modules/ldapauth-fork/node_modules/ldapjs/node_modules/dtrace-provider/compile.py' -&gt; '/Users/eharms/.appcelerator/install/7.0.0/package/node_modules/arrow/node_modules/ldapauth-fork/node_modules/ldapjs/node_modules/dtrace-provider/binding.gyp'
        at Object.fs.renameSync (fs.js:766:18)
        at Object.&lt;anonymous&gt; (/Users/eharms/.appcelerator/install/7.0.0/package/node_modules/arrow/node_modules/ldapauth-fork/node_modules/ldapjs/node_modules/dtrace-provider/scripts/install.js:14:4)
        at Module._compile (module.js:635:30)
        at Object.Module._extensions..js (module.js:646:10)
        at Module.load (module.js:554:32)
        at tryModuleLoad (module.js:497:12)
        at Function.Module._load (module.js:489:3)
        at Function.Module.runMain (module.js:676:10)
        at startup (bootstrap_node.js:187:16)
        at bootstrap_node.js:608:3
    
    &gt; fsevents@1.1.3 install /Users/eharms/.appcelerator/install/7.0.0/package/node_modules/fsevents
    &gt; node install
    
    [fsevents] Success: "/Users/eharms/.appcelerator/install/7.0.0/package/node_modules/fsevents/lib/binding/Release/node-v57-darwin-x64/fse.node" already installed
    Pass --update-binary to reinstall or --build-from-source to recompile
    
    &gt; node-ios-device@1.4.0 install /Users/eharms/.appcelerator/install/7.0.0/package/node_modules/node-ios-device
    &gt; node ./bin/run.js node-pre-gyp install --fallback-to-build
    
    node-pre-gyp ERR! Tried to download(undefined): <a href="https://appc-node-binaries.s3.amazonaws.com/node-ios-device/v1.4.0/node_ios_device-v1.4.0-node-v57-darwin-x64.tar.gz" rel="nofollow" target="_blank">https://appc-node-binaries.s3.amazonaws.com/node-ios-device/v1.4.0/node_ios_device-v1.4.0-node-v57-darwin-x64.tar.gz</a>
    node-pre-gyp ERR! Pre-built binaries not found for node-ios-device@1.4.0 and node@8.9.1 (node-v57 ABI) (falling back to source compile with node-gyp)
    gyp ERR! configure error
    gyp ERR! stack Error: EACCES: permission denied, mkdir '/Users/eharms/.appcelerator/install/7.0.0/package/node_modules/node-ios-device/build'
    gyp ERR! System Darwin 16.7.0
    gyp ERR! command "/usr/local/bin/node" "/usr/local/lib/node_modules/npm/node_modules/node-gyp/bin/node-gyp.js" "configure" "--fallback-to-build" "--module=/Users/eharms/.appcelerator/install/7.0.0/package/node_modules/node-ios-device/binding/node-v57-darwin-x64/node_ios_device.node" "--module_name=node_ios_device" "--module_path=/Users/eharms/.appcelerator/install/7.0.0/package/node_modules/node-ios-device/binding/node-v57-darwin-x64"
    gyp ERR! cwd /Users/eharms/.appcelerator/install/7.0.0/package/node_modules/node-ios-device
    gyp ERR! node -v v8.9.1
    gyp ERR! node-gyp -v v3.6.2
    gyp ERR! not ok
    node-pre-gyp ERR! build error
    node-pre-gyp ERR! stack Error: Failed to execute '/usr/local/bin/node /usr/local/lib/node_modules/npm/node_modules/node-gyp/bin/node-gyp.js configure --fallback-to-build --module=/Users/eharms/.appcelerator/install/7.0.0/package/node_modules/node-ios-device/binding/node-v57-darwin-x64/node_ios_device.node --module_name=node_ios_device --module_path=/Users/eharms/.appcelerator/install/7.0.0/package/node_modules/node-ios-device/binding/node-v57-darwin-x64' (1)
    node-pre-gyp ERR! stack     at ChildProcess.&lt;anonymous&gt; (/Users/eharms/.appcelerator/install/7.0.0/package/node_modules/node-ios-device/node_modules/node-pre-gyp/lib/util/compile.js:83:29)
    node-pre-gyp ERR! stack     at emitTwo (events.js:126:13)
    node-pre-gyp ERR! stack     at ChildProcess.emit (events.js:214:7)
    node-pre-gyp ERR! stack     at maybeClose (internal/child_process.js:925:16)
    node-pre-gyp ERR! stack     at Process.ChildProcess._handle.onexit (internal/child_process.js:209:5)
    node-pre-gyp ERR! System Darwin 16.7.0
    node-pre-gyp ERR! command "/usr/local/bin/node" "/Users/eharms/.appcelerator/install/7.0.0/package/node_modules/node-ios-device/node_modules/.bin/node-pre-gyp" "install" "--fallback-to-build"
    node-pre-gyp ERR! cwd /Users/eharms/.appcelerator/install/7.0.0/package/node_modules/node-ios-device
    node-pre-gyp ERR! node -v v8.9.1
    node-pre-gyp ERR! node-pre-gyp -v v0.6.36
    node-pre-gyp ERR! not ok
    Failed to execute '/usr/local/bin/node /usr/local/lib/node_modules/npm/node_modules/node-gyp/bin/node-gyp.js configure --fallback-to-build --module=/Users/eharms/.appcelerator/install/7.0.0/package/node_modules/node-ios-device/binding/node-v57-darwin-x64/node_ios_device.node --module_name=node_ios_device --module_path=/Users/eharms/.appcelerator/install/7.0.0/package/node_modules/node-ios-device/binding/node-v57-darwin-x64' (1)
    npm WARN optional SKIPPING OPTIONAL DEPENDENCY: dtrace-provider@0.8.5 (node_modules/appc-logger/node_modules/bunyan/node_modules/dtrace-provider):
    npm WARN optional SKIPPING OPTIONAL DEPENDENCY: dtrace-provider@0.8.5 install: <code>node scripts/install.js</code>
    npm WARN optional SKIPPING OPTIONAL DEPENDENCY: Exit status 1
    npm WARN optional SKIPPING OPTIONAL DEPENDENCY: dtrace-provider@0.8.5 (node_modules/arrow/node_modules/appc-logger/node_modules/bunyan/node_modules/dtrace-provider):
    npm WARN optional SKIPPING OPTIONAL DEPENDENCY: dtrace-provider@0.8.5 install: <code>node scripts/install.js</code>
    npm WARN optional SKIPPING OPTIONAL DEPENDENCY: Exit status 1
    npm WARN optional SKIPPING OPTIONAL DEPENDENCY: dtrace-provider@0.8.5 (node_modules/arrow/node_modules/ldapauth-fork/node_modules/ldapjs/node_modules/bunyan/node_modules/dtrace-provider):
    npm WARN optional SKIPPING OPTIONAL DEPENDENCY: dtrace-provider@0.8.5 install: <code>node scripts/install.js</code>
    npm WARN optional SKIPPING OPTIONAL DEPENDENCY: Exit status 1
    npm WARN optional SKIPPING OPTIONAL DEPENDENCY: dtrace-provider@0.7.1 (node_modules/arrow/node_modules/ldapauth-fork/node_modules/ldapjs/node_modules/dtrace-provider):
    npm WARN optional SKIPPING OPTIONAL DEPENDENCY: dtrace-provider@0.7.1 install: <code>node scripts/install.js</code>
    npm WARN optional SKIPPING OPTIONAL DEPENDENCY: Exit status 1
    
    npm ERR! code ELIFECYCLE
    npm ERR! errno 1
    npm ERR! node-ios-device@1.4.0 install: <code>node ./bin/run.js node-pre-gyp install --fallback-to-build</code>
    npm ERR! Exit status 1
    npm ERR!
    npm ERR! Failed at the node-ios-device@1.4.0 install script.
    npm ERR! This is probably not a problem with npm. There is likely additional logging output above.
    
    npm ERR! A complete log of this run can be found in:
    npm ERR!     /Users/eharms/.npm/_logs/2017-12-18T21_51_11_267Z-debug.log
    </pre></code>
    
    
    </li>
<li>Luis Galhardo 2017-12-18

    Make sure the node_modules folder is deleted:
    
    After this command:
    
    <code><pre>
    sudo rm -Rfv node_modules
    </pre></code>
    
    You should see a long list of files being deleted then when you get to the 'npm install' command the node_modules folder will be created again with correct permissions
    </li>
<li>eric harms 2017-12-18

    Thanks Luis --
    
    After running your example, yes it did do what you said.  
    
    Now that my install was probably a total mess, i thew out the application and installed a fresh version -- it now recognizes Xcode. 
    
    Thanks!
    Eric</li>
<li>Luis Galhardo 2017-12-18

    I'm glad it worked :)
    </li>
<li>eric harms 2017-12-18

    Thanks for your help guys -- this one was a doozie!
    
    </li>
<li>eric harms 2017-12-18

    Hey guys --
    
    looked like I spoke too soon -- I noticed this last week and Im just being reminded as I test things, but liveview is not rebuilding the app as expected when saving project files.
    
    it doesnt work in Studio or via the CLI.
    
    let me know if you need any logs from me, or any suggestions as to what might be causing the issue.
    
    Thanks
    Eric</li>
<li>Luis Galhardo 2017-12-18

    Well, that is another issue. But I don't have that one
    Do you see any visual error ?</li>
<li>eric harms 2017-12-18

    I created a clean test project, cleared the log file and ran the project via Studio with the liveview button toggled on.  I then saved a file, expecting a reload but nothing happens in terminal.  
    
    Log details below, Ive confirmed both of the references directories do exist.
    
    Thanks
    Eric
    
    <code><pre>
    
    !ENTRY com.aptana.core 1 0 2017-12-18 15:42:27.363
    !MESSAGE (Build 5.0.0.201712081732) [INFO] com.aptana.core/debug/builder Performing incremental unified build on project 'test'
    
    !ENTRY com.aptana.core 1 0 2017-12-18 15:42:27.556
    !MESSAGE (Build 5.0.0.201712081732) [INFO] com.aptana.core/debug/builder Finished unified build of 'test'. Took 193.929 ms.
    
    !ENTRY com.aptana.core 1 0 2017-12-18 15:42:44.792
    !MESSAGE (Build 5.0.0.201712081732) [INFO] com.aptana.core/debug/builder Performing incremental unified build on project 'test'
    
    !ENTRY com.aptana.buildpath.core 1 0 2017-12-18 15:42:44.995
    !MESSAGE (Build 5.0.0.201712081732) [INFO] com.aptana.core/debug/builder/participants Executed build participant 'Index Build Participant' on 'file:/Users/eharms/Documents/Appcelerator_Studio_Workspace/test/i18n/alloy_generated' in 0.065 ms.
    
    !ENTRY com.aptana.buildpath.core 1 0 2017-12-18 15:42:44.995
    !MESSAGE (Build 5.0.0.201712081732) [INFO] com.aptana.core/debug/builder/participants Executed build participant 'Index Build Participant' on 'file:/Users/eharms/Documents/Appcelerator_Studio_Workspace/test/platform/ios/alloy_generated' in 0.046 ms.
    
    !ENTRY com.aptana.core 1 0 2017-12-18 15:42:44.997
    !MESSAGE (Build 5.0.0.201712081732) [INFO] com.aptana.core/debug/builder Finished unified build of 'test'. Took 206.862 ms.
    
    !ENTRY com.aptana.core 1 0 2017-12-18 15:42:52.398
    !MESSAGE (Build 5.0.0.201712081732) [INFO] com.aptana.core/debug/builder Performing incremental unified build on project 'test'
    
    !ENTRY com.appcelerator.titanium.core 1 0 2017-12-18 15:42:54.290
    !MESSAGE (Build 5.0.0.201712081732) [INFO]  Location to be watched doesn't exist: /Library/Application Support/Titanium/mobilesdk/osx
    
    !ENTRY com.appcelerator.titanium.core 1 0 2017-12-18 15:42:54.290
    !MESSAGE (Build 5.0.0.201712081732) [INFO]  Location to be watched doesn't exist: /Library/Application Support/Titanium/modules
    
    !ENTRY com.aptana.core 1 0 2017-12-18 15:42:54.901
    !MESSAGE (Build 5.0.0.201712081732) [INFO] com.aptana.core/debug/builder Finished unified build of 'test'. Took 2,504.244 ms.
    
    </pre></code>
    </li>
<li>Luis Galhardo 2017-12-18

    Do you see anything like this on Appcelerator Console ?
    
    
    <code><pre>
    [INFO] :   Launching iOS Simulator
    [LiveView] version 1.2.1
    [LiveView] Alloy project monitor started
    [LiveView] File Server Started on 0.0.0.0:8324
    [LiveView] Event Server Started on 0.0.0.0:8323
    [INFO] :   HyperloopTest/1.0 (7.0.0.f09dec4)
    </pre></code>
    
    In Appcelerator Studio Preferences -> Studio -> Liveview I don't have any info filled on the 3 fields and liveview works fine with me</li>
<li>eric harms 2017-12-18

    I just did a hard reboot of my machine and now liveview is running.
    
    hopefully it cleared out whatever it was and Im good.
    
    Thanks again for your help
    
    Eric</li>
<li>eric harms 2017-12-18

    just to confirm those 3 fields are empty for me as well.  I do see the logs in terminal running the local ips with the proper ports.
    
    Thanks
    Eric</li>
</ol>


<p><a href="/AC/AC-5450.json">JSON Source</a></p>