---
title: "[AC-5308] Error sdk 6.2.2.GA"
---
<table>
<tr><th>Type</th><td>Bug</td></tr>
<tr><th>Priority</th><td>n/a</td></tr>
<tr><th>Status</th><td>Closed</td></tr>
<tr><th>Resolution</th><td>Invalid</td></tr>
<tr><th>Resolution Date</th><td>2017-10-28T19:22:14.000+0000</td></tr>
<tr><th>Affected Version/s</th><td>n/a</td></tr>
<tr><th>Fix Version/s</th><td>n/a</td></tr>
<tr><th>Components</th><td>Hyperloop</td></tr>
<tr><th>Labels</th><td>android, cli, hyperloop, java, ubuntu</td></tr>
<tr><th>Reporter</th><td>knd_rt@hotmail.com</td></tr>
<tr><th>Assignee</th><td>Shak Hossain</td></tr>
<tr><th>Created</th><td>2017-10-25T03:24:46.000+0000</td></tr>
<tr><th>Updated</th><td>2017-10-28T19:22:14.000+0000</td></tr>
</table>

<h3>Description</h3>

<h4>*I got error cannot find symbol in hyperloop module, this is the log:</h4>
<h4>*</h4>

[INFO]  Running AAPT: /home/knd/Android/Sdk/build-tools/26.0.0/aapt "package" "-f" "-m" "-J" "/home/knd/ventasapp/build/android/gen" "-M" "/home/knd/ventasapp/build/android/AndroidManifest.xml" "-A" "/home/knd/ventasapp/build/android/bin/assets" "-S" "/home/knd/ventasapp/build/android/res" "-I" "/home/knd/Android/Sdk/platforms/android-26/android.jar" "-F" "/home/knd/ventasapp/build/android/bin/app.ap_" "--output-text-symbols" "/home/knd/ventasapp/build/android/intermediates/bundles" "--no-version-vectors" "--auto-add-overlay" "--extra-packages" "ti.modules.titanium.ui:android.support.v7.appcompat:android.support.v7.cardview:android.support.design:android.support.compat"
[INFO]  Building Java source files: /usr/lib/jvm/java-8-oracle/bin/javac "-J-Xmx1024M" "-encoding" "utf8" "-bootclasspath" "/home/knd/Android/Sdk/platforms/android-26/android.jar:/home/knd/.titanium/mobilesdk/linux/6.2.2.GA/android/kroll-v8.jar:/home/knd/.titanium/mobilesdk/linux/6.2.2.GA/android/modules/titanium-analytics.jar:/home/knd/.titanium/mobilesdk/linux/6.2.2.GA/android/aps-analytics.jar:/home/knd/.titanium/mobilesdk/linux/6.2.2.GA/android/modules/titanium-android.jar:/home/knd/.titanium/mobilesdk/linux/6.2.2.GA/android/jaxen-1.1.1.jar:/home/knd/.titanium/mobilesdk/linux/6.2.2.GA/android/ti-commons-codec-1.3.jar:/home/knd/.titanium/mobilesdk/linux/6.2.2.GA/android/kroll-common.jar:/home/knd/.titanium/mobilesdk/linux/6.2.2.GA/android/titanium.jar:/home/knd/.titanium/mobilesdk/linux/6.2.2.GA/android/android-support-multidex.jar:/home/knd/.titanium/mobilesdk/linux/6.2.2.GA/android/modules/titanium-filesystem.jar:/home/knd/.titanium/mobilesdk/linux/6.2.2.GA/android/modules/titanium-app.jar:/home/knd/.titanium/mobilesdk/linux/6.2.2.GA/android/modules/titanium-ui.jar:/home/knd/.titanium/mobilesdk/linux/6.2.2.GA/android/nineoldandroids-appc-2.4.0.jar:/home/knd/.titanium/mobilesdk/linux/6.2.2.GA/android/modules/titanium-media.jar:/home/knd/.titanium/mobilesdk/linux/6.2.2.GA/android/modules/titanium-appcompat.jar:/home/knd/.titanium/mobilesdk/linux/6.2.2.GA/android/android-support-v4.jar:/home/knd/.titanium/mobilesdk/linux/6.2.2.GA/android/android-support-v7-appcompat.jar:/home/knd/.titanium/mobilesdk/linux/6.2.2.GA/android/android-support-animated-vector-drawable.jar:/home/knd/.titanium/mobilesdk/linux/6.2.2.GA/android/android-support-annotations.jar:/home/knd/.titanium/mobilesdk/linux/6.2.2.GA/android/android-support-core-ui.jar:/home/knd/.titanium/mobilesdk/linux/6.2.2.GA/android/android-support-core-utils.jar:/home/knd/.titanium/mobilesdk/linux/6.2.2.GA/android/android-support-fragment.jar:/home/knd/.titanium/mobilesdk/linux/6.2.2.GA/android/android-support-media-compat.jar:/home/knd/.titanium/mobilesdk/linux/6.2.2.GA/android/android-support-vector-drawable.jar:/home/knd/.titanium/mobilesdk/linux/6.2.2.GA/android/android-support-transition.jar:/home/knd/.titanium/mobilesdk/linux/6.2.2.GA/android/android-support-v7-recyclerview.jar:/home/knd/.titanium/mobilesdk/linux/6.2.2.GA/android/modules/titanium-cardview.jar:/home/knd/.titanium/mobilesdk/linux/6.2.2.GA/android/android-support-v7-cardview.jar:/home/knd/.titanium/mobilesdk/linux/6.2.2.GA/android/modules/titanium-design.jar:/home/knd/.titanium/mobilesdk/linux/6.2.2.GA/android/android-support-design.jar:/home/knd/.titanium/mobilesdk/linux/6.2.2.GA/android/modules/titanium-compat.jar:/home/knd/.titanium/mobilesdk/linux/6.2.2.GA/android/android-support-compat.jar:/home/knd/.titanium/mobilesdk/linux/6.2.2.GA/android/modules/titanium-locale.jar:/home/knd/.titanium/mobilesdk/linux/6.2.2.GA/android/modules/titanium-network.jar:/home/knd/.titanium/mobilesdk/linux/6.2.2.GA/android/modules/titanium-xml.jar:/home/knd/.titanium/mobilesdk/linux/6.2.2.GA/android/modules/titanium-platform.jar:/home/knd/.titanium/mobilesdk/linux/6.2.2.GA/android/modules/titanium-database.jar:/home/knd/.titanium/modules/android/hyperloop/2.2.0/hyperloop-android.jar:/home/knd/.titanium/modules/android/hyperloop/2.2.0/lib/dexmaker-1.4.jar:/home/knd/.titanium/modules/android/hyperloop/2.2.0/lib/dexmaker-dx-1.4.jar:/home/knd/.titanium/mobilesdk/linux/6.2.2.GA/android/kroll-apt.jar:/home/knd/.titanium/mobilesdk/linux/6.2.2.GA/android/lib/titanium-verify.jar:R.class:AssetCryptImpl.class:BebimexActivity.class:BebimexAppInfo.class:BebimexApplication.class:VentasActivity.class:VentasAppInfo.class:VentasApplication.class" "-d" "/home/knd/ventasapp/build/android/bin/classes" "-proc:none" "-target" "1.8" "-source" "1.8" "@/home/knd/ventasapp/build/android/java-sources.txt"
[ERROR] Failed to compile Java source files:
[ERROR]   
[ERROR] /home/knd/ventasapp/build/android/gen/com/ventas/knd/VentasApplication.java:83: error: cannot find symbol
[ERROR]         	hyperloop.HyperloopModule.onAppCreate(this);
[ERROR]         	                                             ^
[ERROR]   symbol:   method onAppCreate(VentasApplication)
[ERROR]   location: class HyperloopModule
[ERROR] Note: Some input files use unchecked or unsafe operations.
[ERROR] Note: Recompile with -Xlint:unchecked for details.
[ERROR] 1 error


<h3>Comments</h3>

<ol>
<li>knd_rt@hotmail.com 2017-10-26

   If there is not fix posible at the moment, there is a way to select previous version of hyperloop? I canÂ´t compile, Tested also in manjaro linux.
   </li>
<li>knd_rt@hotmail.com 2017-10-27

   UPDATE
   I deleted the /build/ folder, now the compiler skipes the hyperloop assembly, proyect compiles but it does not import hyperloop in app</li>
<li>knd_rt@hotmail.com 2017-10-27

   I removed everything, uninstalled all, reinstalled again but used sdk 6.1.2 hyperloop 2.2.1 and it works again..
   
   P.D. when I create a new proyect to enable hyperloop it got installed wrong, instead of add the hyperloop folder in modules and plugin folder, it creates a hyperloop-2.2.1 folder in root of .titanium folder. So I moved manually folders accordingly.
   
   This ticket can be closed as I fixed by reinstalling and cleaning build folder</li>
</ol>


<p><a href="/AC/AC-5308.json">JSON Source</a></p>