---
title: "[TIMOB-25031] Windows: Unable to build a module when using SDK 10.0.15063.0 and VS 2015"
---
<table>
<tr><th>Type</th><td>Bug</td></tr>
<tr><th>Priority</th><td>Medium</td></tr>
<tr><th>Status</th><td>Closed</td></tr>
<tr><th>Resolution</th><td>Fixed</td></tr>
<tr><th>Resolution Date</th><td>2017-08-22T01:55:17.000+0000</td></tr>
<tr><th>Affected Version/s</th><td>Release 6.1.0, Release 6.1.1</td></tr>
<tr><th>Fix Version/s</th><td>n/a</td></tr>
<tr><th>Components</th><td>Windows</td></tr>
<tr><th>Labels</th><td>n/a</td></tr>
<tr><th>Reporter</th><td>Ewan Harris</td></tr>
<tr><th>Assignee</th><td>Kota Iguchi</td></tr>
<tr><th>Created</th><td>2017-07-27T13:48:04.000+0000</td></tr>
<tr><th>Updated</th><td>2019-05-09T06:53:23.000+0000</td></tr>
</table>

<h3>Description</h3>

<h4>Description</h4>

When building a module with 10.0.15063 the module build process will error out with the below

<code><pre>
[WARN]  C:\Program Files (x86)\Microsoft Visual Studio 14.0\VC\include\vccorlib.h(348): error C3940: 'EventRegistrationToken': identifier not found - possible mismatch between compiler and library versions. Please ensure vccorlib.h/.lib, vccorlib120.dll and c1xx.dll match [C:\Users\ewan\Documents\Appcelerator_Studio_Workspace\myawesomemod\windows\Windows10.ARM\ComFoo.vcxproj]
[WARN]  C:\Program Files (x86)\Microsoft Visual Studio 14.0\VC\include\vccorlib.h(348): fatal error C1903: unable to recover from previous error(s); stopping compilation [C:\Users\ewan\Documents\Appcelerator_Studio_Workspace\myawesomemod\windows\Windows10.ARM\ComFoo.vcxproj]
[TRACE] Done Building Project "C:\Users\ewan\Documents\Appcelerator_Studio_Workspace\myawesomemod\windows\Windows10.ARM\ComFoo.vcxproj" (default targets) -- FAILED.
[TRACE] Done Building Project "C:\Users\ewan\Documents\Appcelerator_Studio_Workspace\myawesomemod\windows\Windows10.ARM\ComFoo.vcxproj.metaproj" (default targets) -- FAILED.
[TRACE] Done Building Project "C:\Users\ewan\Documents\Appcelerator_Studio_Workspace\myawesomemod\windows\Windows10.ARM\ALL_BUILD.vcxproj.metaproj" (default targets) -- FAILED.
Done Building Project "C:\Users\ewan\Documents\Appcelerator_Studio_Workspace\myawesomemod\windows\Windows10.ARM\ComFoo.sln" (default targets) -- FAILED.
[DEBUG] Build FAILED.
[WARN]  "C:\Users\ewan\Documents\Appcelerator_Studio_Workspace\myawesomemod\windows\Windows10.ARM\ComFoo.sln" (default target) (1) -&gt;
"C:\Users\ewan\Documents\Appcelerator_Studio_Workspace\myawesomemod\windows\Windows10.ARM\ALL_BUILD.vcxproj.metaproj" (default target) (2) -&gt;
"C:\Users\ewan\Documents\Appcelerator_Studio_Workspace\myawesomemod\windows\Windows10.ARM\ComFoo.vcxproj.metaproj" (default target) (3) -&gt;
"C:\Users\ewan\Documents\Appcelerator_Studio_Workspace\myawesomemod\windows\Windows10.ARM\ComFoo.vcxproj" (default target) (5) -&gt;
(ClCompile target) -&gt;
  C:\Program Files (x86)\Microsoft Visual Studio 14.0\VC\include\vccorlib.h(348): error C3940: 'EventRegistrationToken': identifier not found - possible mismatch between compiler and library versions. Please ensure vccorlib.h/.lib, vccorlib120.dll and c1xx.dll match [C:\Users\ewan\Documents\Appcelerator_Studio_Workspace\myawesomemod\windows\Windows10.ARM\ComFoo.vcxproj]
  C:\Program Files (x86)\Microsoft Visual Studio 14.0\VC\include\vccorlib.h(348): fatal error C1903: unable to recover from previous error(s); stopping compilation [C:\Users\ewan\Documents\Appcelerator_Studio_Workspace\myawesomemod\windows\Windows10.ARM\ComFoo.vcxproj]

    0 Warning(s)
    2 Error(s)

Time Elapsed 00:00:00.66
</pre></code>

Unlike TIMOB-24908 this issue is not resolved by setting a targetsdkversion

<h4>Steps to reproduce</h4>

<h4>Install SDK 10.0.15063 <a href="https://developer.microsoft.com/en-us/windows/downloads/windows-10-sdk" rel="nofollow" target="_blank">https://developer.microsoft.com/en-us/windows/downloads/windows-10-sdk</a></h4>
<h4>Run <code>appc new -t timodule --id com.foo -n myawesomemodule</code></h4>
<h4><code>cd myawesomemodule/windows</code></h4>
<h4><code>appc run -p windows --build-only</code></h4>

<h4>Actual</h4>

Error above is thrown

<h4>Expected</h4>

Should be able to build module

<h3>Comments</h3>

<ol>
<li>Kota Iguchi 2017-08-16

   This one is fixed for now, along with TIMOB-25166. If I remember correctly original issue was fixed [since I updated nuget.exe](<a href="https://github.com/appcelerator/titanium_mobile_windows/commit/43d6b4a0332b59bbc36efb5f23567d8b4591dc6f)." rel="nofollow" target="_blank">https://github.com/appcelerator/titanium_mobile_windows/commit/43d6b4a0332b59bbc36efb5f23567d8b4591dc6f).</a></li>
<li>Kota Iguchi 2017-08-17

   <a href="https://github.com/appcelerator/titanium_mobile_windows/pull/1077" rel="nofollow" target="_blank">https://github.com/appcelerator/titanium_mobile_windows/pull/1077</a></li>
<li>Samir Mohammed 2017-08-21

   [~kiguchi] [~eharris] Merged for master. Does it need a backport for 6_2_X?</li>
<li>Kota Iguchi 2017-08-22

   Merged to 6_2_X: <a href="https://github.com/appcelerator/titanium_mobile_windows/pull/1082" rel="nofollow" target="_blank">https://github.com/appcelerator/titanium_mobile_windows/pull/1082</a></li>
</ol>


<p><a href="/TIMOB/TIMOB-25031.json">JSON Source</a></p>