---
title: "[AC-3060] TypeError: argument of type 'NoneType' is not iterable"
---
<table>
<tr><th>GitHub Issue</th><td>n/a</td></tr>
<tr><th>Type</th><td>Bug</td></tr>
<tr><th>Priority</th><td>n/a</td></tr>
<tr><th>Status</th><td>Closed</td></tr>
<tr><th>Resolution</th><td>Invalid</td></tr>
<tr><th>Resolution Date</th><td>2012-01-12T04:39:29.000+0000</td></tr>
<tr><th>Affected Version/s</th><td>n/a</td></tr>
<tr><th>Fix Version/s</th><td>n/a</td></tr>
<tr><th>Components</th><td>Titanium SDK & CLI</td></tr>
<tr><th>Labels</th><td>n/a</td></tr>
<tr><th>Reporter</th><td>Balaji V</td></tr>
<tr><th>Assignee</th><td>Paul Dowsett</td></tr>
<tr><th>Created</th><td>2012-01-07T10:18:07.000+0000</td></tr>
<tr><th>Updated</th><td>2016-03-08T07:48:06.000+0000</td></tr>
</table>

<h3>Description</h3>



<h3>Comments</h3>

<ol>
<li>Paul Dowsett 2012-01-10

   Thanks for raising this ticket.
   
   In order for me to escalate it to the core team, all the fields must be complete. Please check it against the [JIRA Ticket Checklist](<a href="https://wiki.appcelerator.org/display/guides/How+to+Submit+a+Bug+Report#HowtoSubmitaBugReport-JIRATicketChecklist)" rel="nofollow" target="_blank">https://wiki.appcelerator.org/display/guides/How+to+Submit+a+Bug+Report#HowtoSubmitaBugReport-JIRATicketChecklist)</a>, and add any missing information.  For the description field, you can use [this template](<a href="https://wiki.appcelerator.org/display/guides/JIRA+Ticket+Template)" rel="nofollow" target="_blank">https://wiki.appcelerator.org/display/guides/JIRA+Ticket+Template)</a> as a starting point (simply copy and paste it).
   
   Furthermore, we must be able to reproduce the issue in order to accept it, and so a test case must be included and run without modification, as per the [Creating a Test Case](<a href="https://wiki.appcelerator.org/display/guides/How+to+Submit+a+Bug+Report#HowtoSubmitaBugReport-CreatingaTestCase)" rel="nofollow" target="_blank">https://wiki.appcelerator.org/display/guides/How+to+Submit+a+Bug+Report#HowtoSubmitaBugReport-CreatingaTestCase)</a> section.
   
   Thanks in advance for your cooperation.
   
   Cheers</li>
<li>Paul Dowsett 2012-01-10

   Balaji
   
   I note the use of an apostrophe in the following command:
   
   <code><pre>
   [DEBUG] C:\Users\shrb\AppData\Roaming\Titanium\mobilesdk\win32\1.8.0.1\android\builder.py simulator ABC's Writer C:\Program Files\Android\android-sdk C:\Shrb\Titanium Studio Workspace\abc com.project.abc 2 HVGA
   [INFO] Building ABC's Writer for Android ... one moment
   </pre></code>
   
   Where have you used this apostrophe?  Is it in the project name, or the directory tree? Would you please try removing any special characters from the directory tree, including spaces, and then recreating the project using a name also without special characters.
   
   Let me know if that works.
   
   Thanks</li>
<li>Balaji V 2012-01-10

   I removed the "spaces" in the workspace path and apostrophe .. but that did not help.
   
   * This was the msg in Console window (this has 'emulator' param) : 
   <h4>Logs</h4>
   <code><pre>
   Logfile initialized
   [INFO] logfile = C:\shrb\Titanium-Studio-Workspace\abc2\build.log
   [DEBUG] C:\Users\shrb\AppData\Roaming\Titanium\mobilesdk\win32\1.8.0.1\android\builder.py emulator abc2 C:\Program Files\Android\android-sdk C:\shrb\Titanium-Studio-Workspace\abc2 com.project.abc2 2 HVGA
   [INFO] Launching Android emulator...one moment
   [DEBUG] From: C:\Program Files\Android\android-sdk\tools\emulator.exe
   [DEBUG] SDCard: C:\Users\shrb\.titanium\android2.sdcard
   [DEBUG] AVD ID: 2
   [DEBUG] AVD Skin: HVGA
   [DEBUG] SDK: C:\Program Files\Android\android-sdk
   [ERROR] Exception occured while building Android project:
   [ERROR] Traceback (most recent call last):
   [ERROR]   File "C:\Users\shrb\AppData\Roaming\Titanium\mobilesdk\win32\1.8.0.1\android\builder.py", line 2032, in &lt;module&gt;
   [ERROR]     s.run_emulator(avd_id, avd_skin)
   [ERROR]   File "C:\Users\shrb\AppData\Roaming\Titanium\mobilesdk\win32\1.8.0.1\android\builder.py", line 401, in run_emulator
   [ERROR]     run.run([self.sdk.get_adb(), "start-server"], True, ignore_output=True)
   [ERROR]   File "C:\Users\shrb\AppData\Roaming\Titanium\mobilesdk\win32\1.8.0.1\android\run.py", line 30, in run
   [ERROR]     print "[DEBUG] %s" % (subprocess.list2cmdline(args))
   [ERROR]   File "C:\Users\shrb\AppData\Local\Titanium Studio\plugins\com.appcelerator.titanium.python.win32_1.0.0.1313011725\python\lib\subprocess.py", line 503, in list2cmdline
   [ERROR]     needquote = (" " in arg) or ("\t" in arg) or arg == ""
   [ERROR] TypeError: argument of type 'NoneType' is not iterable
   </pre></code>
   
   * This was the msg in build.log (this has 'simulator' param):
   <h4>Logs</h4>
   <code><pre>
   [INFO] logfile = C:\shrb\Titanium-Studio-Workspace\abc2\build.log
   [DEBUG] C:\Users\shrb\AppData\Roaming\Titanium\mobilesdk\win32\1.8.0.1\android\builder.py simulator abc2 C:\Program Files\Android\android-sdk C:\shrb\Titanium-Studio-Workspace\abc2 com.project.abc2 2 HVGA
   [INFO] Building abc2 for Android ... one moment
   [ERROR] Exception occured while building Android project:
   [ERROR] Traceback (most recent call last):
   [ERROR]   File "C:\Users\shrb\AppData\Roaming\Titanium\mobilesdk\win32\1.8.0.1\android\builder.py", line 2039, in &lt;module&gt;
   [ERROR]     s.build_and_run(False, avd_id, debugger_host=debugger_host)
   [ERROR]   File "C:\Users\shrb\AppData\Roaming\Titanium\mobilesdk\win32\1.8.0.1\android\builder.py", line 1677, in build_and_run
   [ERROR]     run.run([self.sdk.get_adb(), "start-server"], True, ignore_output=True)
   [ERROR]   File "C:\Users\shrb\AppData\Roaming\Titanium\mobilesdk\win32\1.8.0.1\android\run.py", line 30, in run
   [ERROR]     print "[DEBUG] %s" % (subprocess.list2cmdline(args))
   [ERROR]   File "C:\Users\shrb\AppData\Local\Titanium Studio\plugins\com.appcelerator.titanium.python.win32_1.0.0.1313011725\python\lib\subprocess.py", line 503, in list2cmdline
   [ERROR]     needquote = (" " in arg) or ("\t" in arg) or arg == ""
   [ERROR] TypeError: argument of type 'NoneType' is not iterable
   </pre></code>
   
   I don't know whether I am doing something wrong here..
   </li>
<li>Balaji V 2012-01-10

   When I created a new workspace and tried to import this same project to the new workspace, I got this msg:
   <code><pre>
   The following warnings were detected:
   * The project contains an iOS deploy target, which is only supported on MacOSX.
   Some of the problems may be resolved through the Titanium Mobile preferences.
   </pre></code>
   
   Where is it getting this iOS deploy target from?</li>
<li>Paul Dowsett 2012-01-11

   To resolve that issue, open <code>tiapp.xml</code> in the root of the project, untick iphone and ipad and save.
   
   Let me know how you get on.
   
   Thanks</li>
<li>Balaji V 2012-01-11

   this is the tiapp.xml under "Resources"
   
   <code><pre>
   &lt;?xml version="1.0" encoding="UTF-8"?&gt;
   &lt;ti:app xmlns:ti="<a href="http://ti.appcelerator.org" rel="nofollow" target="_blank">http://ti.appcelerator.org</a>"&gt;
       &lt;deployment-targets&gt;
           &lt;target device="mobileweb"&gt;true&lt;/target&gt;
           &lt;target device="iphone"&gt;false&lt;/target&gt;
           &lt;target device="ipad"&gt;false&lt;/target&gt;
           &lt;target device="android"&gt;true&lt;/target&gt;
           &lt;target device="blackberry"&gt;false&lt;/target&gt;
       &lt;/deployment-targets&gt;
       &lt;sdk-version&gt;1.8.0.1&lt;/sdk-version&gt;
       &lt;id&gt;com.project.abc2&lt;/id&gt;
       &lt;name&gt;abc2&lt;/name&gt;
       &lt;version&gt;1.0&lt;/version&gt;
       &lt;publisher&gt;shrb&lt;/publisher&gt;
       &lt;url&gt;http://&lt;/url&gt;
       &lt;description&gt;not specified&lt;/description&gt;
       &lt;copyright&gt;2012 by shrb&lt;/copyright&gt;
       &lt;icon&gt;appicon.png&lt;/icon&gt;
       &lt;persistent-wifi&gt;false&lt;/persistent-wifi&gt;
       &lt;prerendered-icon&gt;false&lt;/prerendered-icon&gt;
       &lt;statusbar-style&gt;default&lt;/statusbar-style&gt;
       &lt;statusbar-hidden&gt;false&lt;/statusbar-hidden&gt;
       &lt;fullscreen&gt;false&lt;/fullscreen&gt;
       &lt;navbar-hidden&gt;false&lt;/navbar-hidden&gt;
       &lt;analytics&gt;true&lt;/analytics&gt;
       &lt;guid&gt;359836dc-fac9-4279-a617-f7582b1a0d38&lt;/guid&gt;
       &lt;android xmlns:android="<a href="http://schemas.android.com/apk/res/android" rel="nofollow" target="_blank">http://schemas.android.com/apk/res/android</a>"/&gt;
       &lt;modules&gt;
           &lt;module version="1.0" platform="android"&gt;ti.paint&lt;/module&gt;
       &lt;/modules&gt;
   &lt;/ti:app&gt;
   </pre></code></li>
<li>Balaji V 2012-01-11

   I will reinstall Titanium and try again.</li>
<li>Paul Dowsett 2012-01-11

   The warning is not important, as it won't cause any problems.
   It would be better if you did not reinstall yet, as you may completely change the situation.
   Are you able to launch the abcwriter app yet?
   If not, are you able to launch a default project?
   
   Thanks</li>
<li>Balaji V 2012-01-11

   Does this ABC Writer sample work only with iOS?
   
   <code><pre>
   ABC's Writer
   
       ABC's Writer on Github
   
   ABCâ€™s Writer is a simple project that utilizes the Paint for iOS module to help teach the alphabet on iPad.
   </pre></code></li>
<li>Paul Dowsett 2012-01-12

    Yes - thank you for updating this ticket.
    Closing as invalid.</li>
</ol>


<p><a href="/AC/AC-3060.json">JSON Source</a></p>